[2025-03-31T06:45:25.545+0000] {local_task_job_runner.py:123} INFO - ::group::Pre task execution logs
[2025-03-31T06:45:25.594+0000] {taskinstance.py:2613} INFO - Dependencies all met for dep_context=non-requeueable deps ti=<TaskInstance: aqi_etl_pipeline.aqi_tasks_group.get_aqi_data_Bangkok manual__2025-03-31T06:45:18.564132+00:00 [queued]>
[2025-03-31T06:45:25.638+0000] {taskinstance.py:2613} INFO - Dependencies all met for dep_context=requeueable deps ti=<TaskInstance: aqi_etl_pipeline.aqi_tasks_group.get_aqi_data_Bangkok manual__2025-03-31T06:45:18.564132+00:00 [queued]>
[2025-03-31T06:45:25.639+0000] {taskinstance.py:2866} INFO - Starting attempt 1 of 4
[2025-03-31T06:45:25.681+0000] {taskinstance.py:2889} INFO - Executing <Task(PythonOperator): aqi_tasks_group.get_aqi_data_Bangkok> on 2025-03-31 06:45:18.564132+00:00
[2025-03-31T06:45:25.815+0000] {standard_task_runner.py:104} INFO - Running: ['***', 'tasks', 'run', 'aqi_etl_pipeline', 'aqi_tasks_group.get_aqi_data_Bangkok', 'manual__2025-03-31T06:45:18.564132+00:00', '--job-id', '883', '--raw', '--subdir', 'DAGS_FOLDER/api_etl_pipeline.py', '--cfg-path', '/tmp/tmphulqutpc']
[2025-03-31T06:45:25.846+0000] {standard_task_runner.py:105} INFO - Job 883: Subtask aqi_tasks_group.get_aqi_data_Bangkok
[2025-03-31T06:45:25.896+0000] {logging_mixin.py:190} WARNING - /home/***/.local/lib/python3.12/site-packages/***/task/task_runner/standard_task_runner.py:70 DeprecationWarning: This process (pid=11516) is multi-threaded, use of fork() may lead to deadlocks in the child.
[2025-03-31T06:45:25.904+0000] {standard_task_runner.py:72} INFO - Started process 11552 to run task
[2025-03-31T06:45:26.042+0000] {task_command.py:467} INFO - Running <TaskInstance: aqi_etl_pipeline.aqi_tasks_group.get_aqi_data_Bangkok manual__2025-03-31T06:45:18.564132+00:00 [running]> on host daf74ef548f3
[2025-03-31T06:45:26.358+0000] {taskinstance.py:3132} INFO - Exporting env vars: AIRFLOW_CTX_DAG_OWNER='***' AIRFLOW_CTX_DAG_ID='aqi_etl_pipeline' AIRFLOW_CTX_TASK_ID='aqi_tasks_group.get_aqi_data_Bangkok' AIRFLOW_CTX_EXECUTION_DATE='2025-03-31T06:45:18.564132+00:00' AIRFLOW_CTX_TRY_NUMBER='1' AIRFLOW_CTX_DAG_RUN_ID='manual__2025-03-31T06:45:18.564132+00:00'
[2025-03-31T06:45:26.361+0000] {logging_mixin.py:190} INFO - Task instance is in running state
[2025-03-31T06:45:26.364+0000] {logging_mixin.py:190} INFO -  Previous state of the Task instance: queued
[2025-03-31T06:45:26.364+0000] {logging_mixin.py:190} INFO - Current task name:aqi_tasks_group.get_aqi_data_Bangkok state:running start_date:2025-03-31 06:45:25.596988+00:00
[2025-03-31T06:45:26.365+0000] {logging_mixin.py:190} INFO - Dag name:aqi_etl_pipeline and current dag run status:running
[2025-03-31T06:45:26.366+0000] {taskinstance.py:731} INFO - ::endgroup::
[2025-03-31T06:45:26.370+0000] {api_etl_pipeline.py:28} INFO - Fetching AQI data with params: {'city': 'Bangkok', 'state': 'Bangkok', 'country': 'Thailand', 'key': '***'}
[2025-03-31T06:45:26.734+0000] {python.py:240} INFO - Done. Returned value was: None
[2025-03-31T06:45:26.777+0000] {taskinstance.py:340} INFO - ::group::Post task execution logs
[2025-03-31T06:45:26.781+0000] {taskinstance.py:352} INFO - Marking task as SUCCESS. dag_id=aqi_etl_pipeline, task_id=aqi_tasks_group.get_aqi_data_Bangkok, run_id=manual__2025-03-31T06:45:18.564132+00:00, execution_date=20250331T064518, start_date=20250331T064525, end_date=20250331T064526
[2025-03-31T06:45:26.803+0000] {logging_mixin.py:190} INFO - Task instance in success state
[2025-03-31T06:45:26.804+0000] {logging_mixin.py:190} INFO -  Previous state of the Task instance: running
[2025-03-31T06:45:26.806+0000] {logging_mixin.py:190} INFO - Dag name:aqi_etl_pipeline queued_at:2025-03-31 06:45:18.584099+00:00
[2025-03-31T06:45:26.807+0000] {logging_mixin.py:190} INFO - Task hostname:daf74ef548f3 operator:PythonOperator
[2025-03-31T06:45:26.873+0000] {local_task_job_runner.py:266} INFO - Task exited with return code 0
[2025-03-31T06:45:26.899+0000] {local_task_job_runner.py:245} INFO - ::endgroup::
