[2025-03-30T12:58:56.170+0000] {local_task_job_runner.py:123} INFO - ::group::Pre task execution logs
[2025-03-30T12:58:56.312+0000] {taskinstance.py:2613} INFO - Dependencies all met for dep_context=non-requeueable deps ti=<TaskInstance: aqi_etl_pipeline.get_aqi_data_Nakhon_Pathom manual__2025-03-30T12:58:44.664039+00:00 [queued]>
[2025-03-30T12:58:56.389+0000] {taskinstance.py:2613} INFO - Dependencies all met for dep_context=requeueable deps ti=<TaskInstance: aqi_etl_pipeline.get_aqi_data_Nakhon_Pathom manual__2025-03-30T12:58:44.664039+00:00 [queued]>
[2025-03-30T12:58:56.398+0000] {taskinstance.py:2866} INFO - Starting attempt 1 of 4
[2025-03-30T12:58:56.611+0000] {taskinstance.py:2889} INFO - Executing <Task(PythonOperator): get_aqi_data_Nakhon_Pathom> on 2025-03-30 12:58:44.664039+00:00
[2025-03-30T12:58:56.910+0000] {standard_task_runner.py:104} INFO - Running: ['***', 'tasks', 'run', 'aqi_etl_pipeline', 'get_aqi_data_Nakhon_Pathom', 'manual__2025-03-30T12:58:44.664039+00:00', '--job-id', '647', '--raw', '--subdir', 'DAGS_FOLDER/api_etl_pipeline.py', '--cfg-path', '/tmp/tmpp7z46l9e']
[2025-03-30T12:58:56.933+0000] {standard_task_runner.py:105} INFO - Job 647: Subtask get_aqi_data_Nakhon_Pathom
[2025-03-30T12:58:56.928+0000] {logging_mixin.py:190} WARNING - /home/***/.local/lib/python3.12/site-packages/***/task/task_runner/standard_task_runner.py:70 DeprecationWarning: This process (pid=47475) is multi-threaded, use of fork() may lead to deadlocks in the child.
[2025-03-30T12:58:56.983+0000] {standard_task_runner.py:72} INFO - Started process 47525 to run task
[2025-03-30T12:58:57.405+0000] {task_command.py:467} INFO - Running <TaskInstance: aqi_etl_pipeline.get_aqi_data_Nakhon_Pathom manual__2025-03-30T12:58:44.664039+00:00 [running]> on host 58b9640d9ecf
[2025-03-30T12:58:58.127+0000] {taskinstance.py:3132} INFO - Exporting env vars: AIRFLOW_CTX_DAG_OWNER='***' AIRFLOW_CTX_DAG_ID='aqi_etl_pipeline' AIRFLOW_CTX_TASK_ID='get_aqi_data_Nakhon_Pathom' AIRFLOW_CTX_EXECUTION_DATE='2025-03-30T12:58:44.664039+00:00' AIRFLOW_CTX_TRY_NUMBER='1' AIRFLOW_CTX_DAG_RUN_ID='manual__2025-03-30T12:58:44.664039+00:00'
[2025-03-30T12:58:58.132+0000] {logging_mixin.py:190} INFO - Task instance is in running state
[2025-03-30T12:58:58.135+0000] {logging_mixin.py:190} INFO -  Previous state of the Task instance: queued
[2025-03-30T12:58:58.135+0000] {logging_mixin.py:190} INFO - Current task name:get_aqi_data_Nakhon_Pathom state:running start_date:2025-03-30 12:58:56.320632+00:00
[2025-03-30T12:58:58.136+0000] {logging_mixin.py:190} INFO - Dag name:aqi_etl_pipeline and current dag run status:running
[2025-03-30T12:58:58.137+0000] {taskinstance.py:731} INFO - ::endgroup::
[2025-03-30T12:59:31.434+0000] {python.py:240} INFO - Done. Returned value was: None
[2025-03-30T12:59:31.448+0000] {taskinstance.py:340} INFO - ::group::Post task execution logs
[2025-03-30T12:59:31.451+0000] {taskinstance.py:352} INFO - Marking task as SUCCESS. dag_id=aqi_etl_pipeline, task_id=get_aqi_data_Nakhon_Pathom, run_id=manual__2025-03-30T12:58:44.664039+00:00, execution_date=20250330T125844, start_date=20250330T125856, end_date=20250330T125931
[2025-03-30T12:59:31.466+0000] {logging_mixin.py:190} INFO - Task instance in success state
[2025-03-30T12:59:31.468+0000] {logging_mixin.py:190} INFO -  Previous state of the Task instance: running
[2025-03-30T12:59:31.471+0000] {logging_mixin.py:190} INFO - Dag name:aqi_etl_pipeline queued_at:2025-03-30 12:58:44.671033+00:00
[2025-03-30T12:59:31.477+0000] {logging_mixin.py:190} INFO - Task hostname:58b9640d9ecf operator:PythonOperator
[2025-03-30T12:59:31.557+0000] {local_task_job_runner.py:266} INFO - Task exited with return code 0
[2025-03-30T12:59:31.765+0000] {taskinstance.py:3895} INFO - 1 downstream tasks scheduled from follow-on schedule check
[2025-03-30T12:59:31.782+0000] {local_task_job_runner.py:245} INFO - ::endgroup::
