[2025-03-30T09:41:25.665+0000] {local_task_job_runner.py:123} INFO - ::group::Pre task execution logs
[2025-03-30T09:41:25.677+0000] {taskinstance.py:2613} INFO - Dependencies all met for dep_context=non-requeueable deps ti=<TaskInstance: aqi_etl_pipeline.create_aqi_table manual__2025-03-30T09:41:23.377955+00:00 [queued]>
[2025-03-30T09:41:25.683+0000] {taskinstance.py:2613} INFO - Dependencies all met for dep_context=requeueable deps ti=<TaskInstance: aqi_etl_pipeline.create_aqi_table manual__2025-03-30T09:41:23.377955+00:00 [queued]>
[2025-03-30T09:41:25.684+0000] {taskinstance.py:2866} INFO - Starting attempt 1 of 1
[2025-03-30T09:41:25.693+0000] {taskinstance.py:2889} INFO - Executing <Task(PythonOperator): create_aqi_table> on 2025-03-30 09:41:23.377955+00:00
[2025-03-30T09:41:25.704+0000] {logging_mixin.py:190} WARNING - /home/***/.local/lib/python3.12/site-packages/***/task/task_runner/standard_task_runner.py:70 DeprecationWarning: This process (pid=19130) is multi-threaded, use of fork() may lead to deadlocks in the child.
[2025-03-30T09:41:25.704+0000] {standard_task_runner.py:104} INFO - Running: ['***', 'tasks', 'run', 'aqi_etl_pipeline', 'create_aqi_table', 'manual__2025-03-30T09:41:23.377955+00:00', '--job-id', '390', '--raw', '--subdir', 'DAGS_FOLDER/api_etl_pipeline.py', '--cfg-path', '/tmp/tmpnkqio6va']
[2025-03-30T09:41:25.705+0000] {standard_task_runner.py:105} INFO - Job 390: Subtask create_aqi_table
[2025-03-30T09:41:25.705+0000] {standard_task_runner.py:72} INFO - Started process 19131 to run task
[2025-03-30T09:41:25.738+0000] {task_command.py:467} INFO - Running <TaskInstance: aqi_etl_pipeline.create_aqi_table manual__2025-03-30T09:41:23.377955+00:00 [running]> on host 58b9640d9ecf
[2025-03-30T09:41:25.844+0000] {taskinstance.py:3132} INFO - Exporting env vars: AIRFLOW_CTX_DAG_OWNER='***' AIRFLOW_CTX_DAG_ID='aqi_etl_pipeline' AIRFLOW_CTX_TASK_ID='create_aqi_table' AIRFLOW_CTX_EXECUTION_DATE='2025-03-30T09:41:23.377955+00:00' AIRFLOW_CTX_TRY_NUMBER='1' AIRFLOW_CTX_DAG_RUN_ID='manual__2025-03-30T09:41:23.377955+00:00'
[2025-03-30T09:41:25.846+0000] {logging_mixin.py:190} INFO - Task instance is in running state
[2025-03-30T09:41:25.846+0000] {logging_mixin.py:190} INFO -  Previous state of the Task instance: queued
[2025-03-30T09:41:25.846+0000] {logging_mixin.py:190} INFO - Current task name:create_aqi_table state:running start_date:2025-03-30 09:41:25.678142+00:00
[2025-03-30T09:41:25.847+0000] {logging_mixin.py:190} INFO - Dag name:aqi_etl_pipeline and current dag run status:running
[2025-03-30T09:41:25.848+0000] {taskinstance.py:731} INFO - ::endgroup::
[2025-03-30T09:41:25.858+0000] {base.py:84} INFO - Retrieving connection '***_default'
[2025-03-30T09:41:25.865+0000] {python.py:240} INFO - Done. Returned value was: None
[2025-03-30T09:41:25.872+0000] {taskinstance.py:340} INFO - ::group::Post task execution logs
[2025-03-30T09:41:25.873+0000] {taskinstance.py:352} INFO - Marking task as SUCCESS. dag_id=aqi_etl_pipeline, task_id=create_aqi_table, run_id=manual__2025-03-30T09:41:23.377955+00:00, execution_date=20250330T094123, start_date=20250330T094125, end_date=20250330T094125
[2025-03-30T09:41:25.879+0000] {logging_mixin.py:190} INFO - Task instance in success state
[2025-03-30T09:41:25.879+0000] {logging_mixin.py:190} INFO -  Previous state of the Task instance: running
[2025-03-30T09:41:25.879+0000] {logging_mixin.py:190} INFO - Dag name:aqi_etl_pipeline queued_at:2025-03-30 09:41:23.384515+00:00
[2025-03-30T09:41:25.880+0000] {logging_mixin.py:190} INFO - Task hostname:58b9640d9ecf operator:PythonOperator
[2025-03-30T09:41:25.921+0000] {local_task_job_runner.py:266} INFO - Task exited with return code 0
[2025-03-30T09:41:25.945+0000] {taskinstance.py:3895} INFO - 5 downstream tasks scheduled from follow-on schedule check
[2025-03-30T09:41:25.946+0000] {local_task_job_runner.py:245} INFO - ::endgroup::
