[2025-03-30T10:39:37.312+0000] {local_task_job_runner.py:123} INFO - ::group::Pre task execution logs
[2025-03-30T10:39:37.411+0000] {taskinstance.py:2613} INFO - Dependencies all met for dep_context=non-requeueable deps ti=<TaskInstance: aqi_etl_pipeline.get_aqi_data_Samut_Prakan manual__2025-03-30T10:39:26.348292+00:00 [queued]>
[2025-03-30T10:39:37.501+0000] {taskinstance.py:2613} INFO - Dependencies all met for dep_context=requeueable deps ti=<TaskInstance: aqi_etl_pipeline.get_aqi_data_Samut_Prakan manual__2025-03-30T10:39:26.348292+00:00 [queued]>
[2025-03-30T10:39:37.502+0000] {taskinstance.py:2866} INFO - Starting attempt 1 of 1
[2025-03-30T10:39:37.631+0000] {taskinstance.py:2889} INFO - Executing <Task(PythonOperator): get_aqi_data_Samut_Prakan> on 2025-03-30 10:39:26.348292+00:00
[2025-03-30T10:39:37.719+0000] {standard_task_runner.py:104} INFO - Running: ['***', 'tasks', 'run', 'aqi_etl_pipeline', 'get_aqi_data_Samut_Prakan', 'manual__2025-03-30T10:39:26.348292+00:00', '--job-id', '506', '--raw', '--subdir', 'DAGS_FOLDER/api_etl_pipeline.py', '--cfg-path', '/tmp/tmpwlygppkq']
[2025-03-30T10:39:37.721+0000] {standard_task_runner.py:105} INFO - Job 506: Subtask get_aqi_data_Samut_Prakan
[2025-03-30T10:39:37.745+0000] {logging_mixin.py:190} WARNING - /home/***/.local/lib/python3.12/site-packages/***/task/task_runner/standard_task_runner.py:70 DeprecationWarning: This process (pid=52979) is multi-threaded, use of fork() may lead to deadlocks in the child.
[2025-03-30T10:39:37.754+0000] {standard_task_runner.py:72} INFO - Started process 53064 to run task
[2025-03-30T10:39:37.972+0000] {task_command.py:467} INFO - Running <TaskInstance: aqi_etl_pipeline.get_aqi_data_Samut_Prakan manual__2025-03-30T10:39:26.348292+00:00 [running]> on host 58b9640d9ecf
[2025-03-30T10:39:38.347+0000] {taskinstance.py:3132} INFO - Exporting env vars: AIRFLOW_CTX_DAG_OWNER='***' AIRFLOW_CTX_DAG_ID='aqi_etl_pipeline' AIRFLOW_CTX_TASK_ID='get_aqi_data_Samut_Prakan' AIRFLOW_CTX_EXECUTION_DATE='2025-03-30T10:39:26.348292+00:00' AIRFLOW_CTX_TRY_NUMBER='1' AIRFLOW_CTX_DAG_RUN_ID='manual__2025-03-30T10:39:26.348292+00:00'
[2025-03-30T10:39:38.350+0000] {logging_mixin.py:190} INFO - Task instance is in running state
[2025-03-30T10:39:38.351+0000] {logging_mixin.py:190} INFO -  Previous state of the Task instance: queued
[2025-03-30T10:39:38.352+0000] {logging_mixin.py:190} INFO - Current task name:get_aqi_data_Samut_Prakan state:running start_date:2025-03-30 10:39:37.426492+00:00
[2025-03-30T10:39:38.352+0000] {logging_mixin.py:190} INFO - Dag name:aqi_etl_pipeline and current dag run status:running
[2025-03-30T10:39:38.352+0000] {taskinstance.py:731} INFO - ::endgroup::
[2025-03-30T10:39:38.847+0000] {logging_mixin.py:190} INFO - ❌ Error 400: {"status":"fail","data":{"message":"city_not_found"}}
[2025-03-30T10:39:38.853+0000] {python.py:240} INFO - Done. Returned value was: None
[2025-03-30T10:39:38.999+0000] {taskinstance.py:340} INFO - ::group::Post task execution logs
[2025-03-30T10:39:39.010+0000] {taskinstance.py:352} INFO - Marking task as SUCCESS. dag_id=aqi_etl_pipeline, task_id=get_aqi_data_Samut_Prakan, run_id=manual__2025-03-30T10:39:26.348292+00:00, execution_date=20250330T103926, start_date=20250330T103937, end_date=20250330T103939
[2025-03-30T10:39:39.069+0000] {logging_mixin.py:190} INFO - Task instance in success state
[2025-03-30T10:39:39.069+0000] {logging_mixin.py:190} INFO -  Previous state of the Task instance: running
[2025-03-30T10:39:39.073+0000] {logging_mixin.py:190} INFO - Dag name:aqi_etl_pipeline queued_at:2025-03-30 10:39:26.372196+00:00
[2025-03-30T10:39:39.074+0000] {logging_mixin.py:190} INFO - Task hostname:58b9640d9ecf operator:PythonOperator
[2025-03-30T10:39:39.298+0000] {local_task_job_runner.py:266} INFO - Task exited with return code 0
[2025-03-30T10:39:39.535+0000] {taskinstance.py:3895} INFO - 0 downstream tasks scheduled from follow-on schedule check
[2025-03-30T10:39:39.539+0000] {local_task_job_runner.py:245} INFO - ::endgroup::
