[2025-03-31T07:39:38.601+0000] {local_task_job_runner.py:123} INFO - ::group::Pre task execution logs
[2025-03-31T07:39:38.662+0000] {taskinstance.py:2613} INFO - Dependencies all met for dep_context=non-requeueable deps ti=<TaskInstance: aqi_etl_pipeline.aqi_tasks_group.get_aqi_data_Bangkok manual__2025-03-31T07:39:31.535547+00:00 [queued]>
[2025-03-31T07:39:38.701+0000] {taskinstance.py:2613} INFO - Dependencies all met for dep_context=requeueable deps ti=<TaskInstance: aqi_etl_pipeline.aqi_tasks_group.get_aqi_data_Bangkok manual__2025-03-31T07:39:31.535547+00:00 [queued]>
[2025-03-31T07:39:38.704+0000] {taskinstance.py:2866} INFO - Starting attempt 1 of 4
[2025-03-31T07:39:38.743+0000] {taskinstance.py:2889} INFO - Executing <Task(PythonOperator): aqi_tasks_group.get_aqi_data_Bangkok> on 2025-03-31 07:39:31.535547+00:00
[2025-03-31T07:39:38.769+0000] {logging_mixin.py:190} WARNING - /home/***/.local/lib/python3.12/site-packages/***/task/task_runner/standard_task_runner.py:70 DeprecationWarning: This process (pid=13186) is multi-threaded, use of fork() may lead to deadlocks in the child.
[2025-03-31T07:39:38.770+0000] {standard_task_runner.py:72} INFO - Started process 13220 to run task
[2025-03-31T07:39:38.767+0000] {standard_task_runner.py:104} INFO - Running: ['***', 'tasks', 'run', 'aqi_etl_pipeline', 'aqi_tasks_group.get_aqi_data_Bangkok', 'manual__2025-03-31T07:39:31.535547+00:00', '--job-id', '945', '--raw', '--subdir', 'DAGS_FOLDER/api_etl_pipeline.py', '--cfg-path', '/tmp/tmp_bv_ek37']
[2025-03-31T07:39:38.773+0000] {standard_task_runner.py:105} INFO - Job 945: Subtask aqi_tasks_group.get_aqi_data_Bangkok
[2025-03-31T07:39:38.855+0000] {task_command.py:467} INFO - Running <TaskInstance: aqi_etl_pipeline.aqi_tasks_group.get_aqi_data_Bangkok manual__2025-03-31T07:39:31.535547+00:00 [running]> on host 0c0dca5804dc
[2025-03-31T07:39:38.949+0000] {taskinstance.py:3132} INFO - Exporting env vars: AIRFLOW_CTX_DAG_OWNER='***' AIRFLOW_CTX_DAG_ID='aqi_etl_pipeline' AIRFLOW_CTX_TASK_ID='aqi_tasks_group.get_aqi_data_Bangkok' AIRFLOW_CTX_EXECUTION_DATE='2025-03-31T07:39:31.535547+00:00' AIRFLOW_CTX_TRY_NUMBER='1' AIRFLOW_CTX_DAG_RUN_ID='manual__2025-03-31T07:39:31.535547+00:00'
[2025-03-31T07:39:38.950+0000] {logging_mixin.py:190} INFO - Task instance is in running state
[2025-03-31T07:39:38.951+0000] {logging_mixin.py:190} INFO -  Previous state of the Task instance: queued
[2025-03-31T07:39:38.951+0000] {logging_mixin.py:190} INFO - Current task name:aqi_tasks_group.get_aqi_data_Bangkok state:running start_date:2025-03-31 07:39:38.664220+00:00
[2025-03-31T07:39:38.951+0000] {logging_mixin.py:190} INFO - Dag name:aqi_etl_pipeline and current dag run status:running
[2025-03-31T07:39:38.952+0000] {taskinstance.py:731} INFO - ::endgroup::
[2025-03-31T07:39:38.953+0000] {api_etl_pipeline.py:28} INFO - Fetching AQI data with params: {'city': 'Bangkok', 'state': 'Bangkok', 'country': 'Thailand', 'key': '***'}
[2025-03-31T07:39:39.461+0000] {python.py:240} INFO - Done. Returned value was: None
[2025-03-31T07:39:39.471+0000] {taskinstance.py:340} INFO - ::group::Post task execution logs
[2025-03-31T07:39:39.474+0000] {taskinstance.py:352} INFO - Marking task as SUCCESS. dag_id=aqi_etl_pipeline, task_id=aqi_tasks_group.get_aqi_data_Bangkok, run_id=manual__2025-03-31T07:39:31.535547+00:00, execution_date=20250331T073931, start_date=20250331T073938, end_date=20250331T073939
[2025-03-31T07:39:39.486+0000] {logging_mixin.py:190} INFO - Task instance in success state
[2025-03-31T07:39:39.486+0000] {logging_mixin.py:190} INFO -  Previous state of the Task instance: running
[2025-03-31T07:39:39.487+0000] {logging_mixin.py:190} INFO - Dag name:aqi_etl_pipeline queued_at:2025-03-31 07:39:31.549241+00:00
[2025-03-31T07:39:39.487+0000] {logging_mixin.py:190} INFO - Task hostname:0c0dca5804dc operator:PythonOperator
[2025-03-31T07:39:39.514+0000] {local_task_job_runner.py:266} INFO - Task exited with return code 0
[2025-03-31T07:39:39.544+0000] {taskinstance.py:3895} INFO - 1 downstream tasks scheduled from follow-on schedule check
[2025-03-31T07:39:39.546+0000] {local_task_job_runner.py:245} INFO - ::endgroup::
