[2025-03-23T08:11:21.353+0000] {local_task_job_runner.py:123} INFO - ::group::Pre task execution logs
[2025-03-23T08:11:21.646+0000] {taskinstance.py:2613} INFO - Dependencies all met for dep_context=non-requeueable deps ti=<TaskInstance: aqi_etl_pipeline.get_aqi_data scheduled__2025-02-04T00:00:00+00:00 [queued]>
[2025-03-23T08:11:21.862+0000] {taskinstance.py:2613} INFO - Dependencies all met for dep_context=requeueable deps ti=<TaskInstance: aqi_etl_pipeline.get_aqi_data scheduled__2025-02-04T00:00:00+00:00 [queued]>
[2025-03-23T08:11:21.864+0000] {taskinstance.py:2866} INFO - Starting attempt 1 of 1
[2025-03-23T08:11:22.227+0000] {taskinstance.py:2889} INFO - Executing <Task(PythonOperator): get_aqi_data> on 2025-02-04 00:00:00+00:00
[2025-03-23T08:11:22.534+0000] {standard_task_runner.py:104} INFO - Running: ['***', 'tasks', 'run', 'aqi_etl_pipeline', 'get_aqi_data', 'scheduled__2025-02-04T00:00:00+00:00', '--job-id', '110', '--raw', '--subdir', 'DAGS_FOLDER/api_etl_pipeline.py', '--cfg-path', '/tmp/tmpqp_8c2fv']
[2025-03-23T08:11:22.547+0000] {standard_task_runner.py:105} INFO - Job 110: Subtask get_aqi_data
[2025-03-23T08:11:22.590+0000] {logging_mixin.py:190} WARNING - /home/***/.local/lib/python3.12/site-packages/***/task/task_runner/standard_task_runner.py:70 DeprecationWarning: This process (pid=28723) is multi-threaded, use of fork() may lead to deadlocks in the child.
[2025-03-23T08:11:22.597+0000] {standard_task_runner.py:72} INFO - Started process 28790 to run task
[2025-03-23T08:11:22.974+0000] {task_command.py:467} INFO - Running <TaskInstance: aqi_etl_pipeline.get_aqi_data scheduled__2025-02-04T00:00:00+00:00 [running]> on host ed55a332e3f9
[2025-03-23T08:11:24.068+0000] {taskinstance.py:3132} INFO - Exporting env vars: AIRFLOW_CTX_DAG_OWNER='***' AIRFLOW_CTX_DAG_ID='aqi_etl_pipeline' AIRFLOW_CTX_TASK_ID='get_aqi_data' AIRFLOW_CTX_EXECUTION_DATE='2025-02-04T00:00:00+00:00' AIRFLOW_CTX_TRY_NUMBER='1' AIRFLOW_CTX_DAG_RUN_ID='scheduled__2025-02-04T00:00:00+00:00'
[2025-03-23T08:11:24.069+0000] {logging_mixin.py:190} INFO - Task instance is in running state
[2025-03-23T08:11:24.084+0000] {logging_mixin.py:190} INFO -  Previous state of the Task instance: queued
[2025-03-23T08:11:24.085+0000] {logging_mixin.py:190} INFO - Current task name:get_aqi_data state:running start_date:2025-03-23 08:11:21.695613+00:00
[2025-03-23T08:11:24.085+0000] {logging_mixin.py:190} INFO - Dag name:aqi_etl_pipeline and current dag run status:running
[2025-03-23T08:11:24.086+0000] {taskinstance.py:731} INFO - ::endgroup::
[2025-03-23T08:11:25.255+0000] {logging_mixin.py:190} INFO - https://api.airvisual.com/v2/city?city=Bangkok&state=Bangkok&country=Thailand&key=***
[2025-03-23T08:11:25.287+0000] {logging_mixin.py:190} INFO - {'status': 'success', 'data': {'city': 'Bangkok', 'state': 'Bangkok', 'country': 'Thailand', 'location': {'type': 'Point', 'coordinates': [100.4888394, 13.7292915]}, 'current': {'pollution': {'ts': '2025-03-23T08:00:00.000Z', 'aqius': 157, 'mainus': 'p2', 'aqicn': 86, 'maincn': 'p2'}, 'weather': {'ts': '2025-03-23T08:00:00.000Z', 'tp': 35, 'pr': 1009, 'hu': 38, 'ws': 1.56, 'wd': 190, 'ic': '03d'}}}}
[2025-03-23T08:11:25.333+0000] {python.py:240} INFO - Done. Returned value was: None
[2025-03-23T08:11:25.391+0000] {taskinstance.py:340} INFO - ::group::Post task execution logs
[2025-03-23T08:11:25.400+0000] {taskinstance.py:352} INFO - Marking task as SUCCESS. dag_id=aqi_etl_pipeline, task_id=get_aqi_data, run_id=scheduled__2025-02-04T00:00:00+00:00, execution_date=20250204T000000, start_date=20250323T081121, end_date=20250323T081125
[2025-03-23T08:11:25.447+0000] {logging_mixin.py:190} INFO - Task instance in success state
[2025-03-23T08:11:25.448+0000] {logging_mixin.py:190} INFO -  Previous state of the Task instance: running
[2025-03-23T08:11:25.451+0000] {logging_mixin.py:190} INFO - Dag name:aqi_etl_pipeline queued_at:2025-03-23 08:11:07.824431+00:00
[2025-03-23T08:11:25.452+0000] {logging_mixin.py:190} INFO - Task hostname:ed55a332e3f9 operator:PythonOperator
[2025-03-23T08:11:25.633+0000] {local_task_job_runner.py:266} INFO - Task exited with return code 0
[2025-03-23T08:11:25.728+0000] {local_task_job_runner.py:245} INFO - ::endgroup::
