[2025-03-23T08:11:39.635+0000] {local_task_job_runner.py:123} INFO - ::group::Pre task execution logs
[2025-03-23T08:11:39.830+0000] {taskinstance.py:2613} INFO - Dependencies all met for dep_context=non-requeueable deps ti=<TaskInstance: aqi_etl_pipeline.get_aqi_data scheduled__2025-02-09T00:00:00+00:00 [queued]>
[2025-03-23T08:11:39.971+0000] {taskinstance.py:2613} INFO - Dependencies all met for dep_context=requeueable deps ti=<TaskInstance: aqi_etl_pipeline.get_aqi_data scheduled__2025-02-09T00:00:00+00:00 [queued]>
[2025-03-23T08:11:39.971+0000] {taskinstance.py:2866} INFO - Starting attempt 1 of 1
[2025-03-23T08:11:40.071+0000] {taskinstance.py:2889} INFO - Executing <Task(PythonOperator): get_aqi_data> on 2025-02-09 00:00:00+00:00
[2025-03-23T08:11:40.175+0000] {standard_task_runner.py:104} INFO - Running: ['***', 'tasks', 'run', 'aqi_etl_pipeline', 'get_aqi_data', 'scheduled__2025-02-09T00:00:00+00:00', '--job-id', '122', '--raw', '--subdir', 'DAGS_FOLDER/api_etl_pipeline.py', '--cfg-path', '/tmp/tmp8dipxi6p']
[2025-03-23T08:11:40.182+0000] {standard_task_runner.py:105} INFO - Job 122: Subtask get_aqi_data
[2025-03-23T08:11:40.202+0000] {logging_mixin.py:190} WARNING - /home/***/.local/lib/python3.12/site-packages/***/task/task_runner/standard_task_runner.py:70 DeprecationWarning: This process (pid=28817) is multi-threaded, use of fork() may lead to deadlocks in the child.
[2025-03-23T08:11:40.213+0000] {standard_task_runner.py:72} INFO - Started process 28959 to run task
[2025-03-23T08:11:40.591+0000] {task_command.py:467} INFO - Running <TaskInstance: aqi_etl_pipeline.get_aqi_data scheduled__2025-02-09T00:00:00+00:00 [running]> on host ed55a332e3f9
[2025-03-23T08:11:41.861+0000] {taskinstance.py:3132} INFO - Exporting env vars: AIRFLOW_CTX_DAG_OWNER='***' AIRFLOW_CTX_DAG_ID='aqi_etl_pipeline' AIRFLOW_CTX_TASK_ID='get_aqi_data' AIRFLOW_CTX_EXECUTION_DATE='2025-02-09T00:00:00+00:00' AIRFLOW_CTX_TRY_NUMBER='1' AIRFLOW_CTX_DAG_RUN_ID='scheduled__2025-02-09T00:00:00+00:00'
[2025-03-23T08:11:41.866+0000] {logging_mixin.py:190} INFO - Task instance is in running state
[2025-03-23T08:11:41.866+0000] {logging_mixin.py:190} INFO -  Previous state of the Task instance: queued
[2025-03-23T08:11:41.868+0000] {logging_mixin.py:190} INFO - Current task name:get_aqi_data state:running start_date:2025-03-23 08:11:39.854166+00:00
[2025-03-23T08:11:41.868+0000] {logging_mixin.py:190} INFO - Dag name:aqi_etl_pipeline and current dag run status:running
[2025-03-23T08:11:41.870+0000] {taskinstance.py:731} INFO - ::endgroup::
[2025-03-23T08:11:43.011+0000] {logging_mixin.py:190} INFO - https://api.airvisual.com/v2/city?city=Bangkok&state=Bangkok&country=Thailand&key=***
[2025-03-23T08:11:43.026+0000] {logging_mixin.py:190} INFO - {'status': 'fail', 'data': {'message': 'Too Many Requests'}}
[2025-03-23T08:11:43.050+0000] {python.py:240} INFO - Done. Returned value was: None
[2025-03-23T08:11:43.110+0000] {taskinstance.py:340} INFO - ::group::Post task execution logs
[2025-03-23T08:11:43.115+0000] {taskinstance.py:352} INFO - Marking task as SUCCESS. dag_id=aqi_etl_pipeline, task_id=get_aqi_data, run_id=scheduled__2025-02-09T00:00:00+00:00, execution_date=20250209T000000, start_date=20250323T081139, end_date=20250323T081143
[2025-03-23T08:11:43.197+0000] {logging_mixin.py:190} INFO - Task instance in success state
[2025-03-23T08:11:43.197+0000] {logging_mixin.py:190} INFO -  Previous state of the Task instance: running
[2025-03-23T08:11:43.200+0000] {logging_mixin.py:190} INFO - Dag name:aqi_etl_pipeline queued_at:2025-03-23 08:11:11.635241+00:00
[2025-03-23T08:11:43.203+0000] {logging_mixin.py:190} INFO - Task hostname:ed55a332e3f9 operator:PythonOperator
[2025-03-23T08:11:43.517+0000] {local_task_job_runner.py:266} INFO - Task exited with return code 0
[2025-03-23T08:11:43.587+0000] {local_task_job_runner.py:245} INFO - ::endgroup::
