[2025-03-23T08:13:47.707+0000] {local_task_job_runner.py:123} INFO - ::group::Pre task execution logs
[2025-03-23T08:13:47.928+0000] {taskinstance.py:2613} INFO - Dependencies all met for dep_context=non-requeueable deps ti=<TaskInstance: aqi_etl_pipeline.get_aqi_data scheduled__2025-03-15T00:00:00+00:00 [queued]>
[2025-03-23T08:13:48.032+0000] {taskinstance.py:2613} INFO - Dependencies all met for dep_context=requeueable deps ti=<TaskInstance: aqi_etl_pipeline.get_aqi_data scheduled__2025-03-15T00:00:00+00:00 [queued]>
[2025-03-23T08:13:48.032+0000] {taskinstance.py:2866} INFO - Starting attempt 1 of 1
[2025-03-23T08:13:48.823+0000] {taskinstance.py:2889} INFO - Executing <Task(PythonOperator): get_aqi_data> on 2025-03-15 00:00:00+00:00
[2025-03-23T08:13:48.923+0000] {standard_task_runner.py:104} INFO - Running: ['***', 'tasks', 'run', 'aqi_etl_pipeline', 'get_aqi_data', 'scheduled__2025-03-15T00:00:00+00:00', '--job-id', '232', '--raw', '--subdir', 'DAGS_FOLDER/api_etl_pipeline.py', '--cfg-path', '/tmp/tmp1axxyfyg']
[2025-03-23T08:13:48.937+0000] {standard_task_runner.py:105} INFO - Job 232: Subtask get_aqi_data
[2025-03-23T08:13:48.948+0000] {logging_mixin.py:190} WARNING - /home/***/.local/lib/python3.12/site-packages/***/task/task_runner/standard_task_runner.py:70 DeprecationWarning: This process (pid=29956) is multi-threaded, use of fork() may lead to deadlocks in the child.
[2025-03-23T08:13:48.968+0000] {standard_task_runner.py:72} INFO - Started process 30101 to run task
[2025-03-23T08:13:49.650+0000] {task_command.py:467} INFO - Running <TaskInstance: aqi_etl_pipeline.get_aqi_data scheduled__2025-03-15T00:00:00+00:00 [running]> on host ed55a332e3f9
[2025-03-23T08:13:50.320+0000] {taskinstance.py:3132} INFO - Exporting env vars: AIRFLOW_CTX_DAG_OWNER='***' AIRFLOW_CTX_DAG_ID='aqi_etl_pipeline' AIRFLOW_CTX_TASK_ID='get_aqi_data' AIRFLOW_CTX_EXECUTION_DATE='2025-03-15T00:00:00+00:00' AIRFLOW_CTX_TRY_NUMBER='1' AIRFLOW_CTX_DAG_RUN_ID='scheduled__2025-03-15T00:00:00+00:00'
[2025-03-23T08:13:50.331+0000] {logging_mixin.py:190} INFO - Task instance is in running state
[2025-03-23T08:13:50.335+0000] {logging_mixin.py:190} INFO -  Previous state of the Task instance: queued
[2025-03-23T08:13:50.344+0000] {logging_mixin.py:190} INFO - Current task name:get_aqi_data state:running start_date:2025-03-23 08:13:47.929882+00:00
[2025-03-23T08:13:50.344+0000] {logging_mixin.py:190} INFO - Dag name:aqi_etl_pipeline and current dag run status:running
[2025-03-23T08:13:50.344+0000] {taskinstance.py:731} INFO - ::endgroup::
[2025-03-23T08:13:51.208+0000] {logging_mixin.py:190} INFO - https://api.airvisual.com/v2/city?city=Bangkok&state=Bangkok&country=Thailand&key=***
[2025-03-23T08:13:51.219+0000] {logging_mixin.py:190} INFO - {'status': 'success', 'data': {'city': 'Bangkok', 'state': 'Bangkok', 'country': 'Thailand', 'location': {'type': 'Point', 'coordinates': [100.4888394, 13.7292915]}, 'current': {'pollution': {'ts': '2025-03-23T08:00:00.000Z', 'aqius': 156, 'mainus': 'p2', 'aqicn': 84, 'maincn': 'p2'}, 'weather': {'ts': '2025-03-23T08:00:00.000Z', 'tp': 35, 'pr': 1009, 'hu': 38, 'ws': 1.56, 'wd': 190, 'ic': '03d'}}}}
[2025-03-23T08:13:51.240+0000] {python.py:240} INFO - Done. Returned value was: None
[2025-03-23T08:13:51.312+0000] {taskinstance.py:340} INFO - ::group::Post task execution logs
[2025-03-23T08:13:51.314+0000] {taskinstance.py:352} INFO - Marking task as SUCCESS. dag_id=aqi_etl_pipeline, task_id=get_aqi_data, run_id=scheduled__2025-03-15T00:00:00+00:00, execution_date=20250315T000000, start_date=20250323T081347, end_date=20250323T081351
[2025-03-23T08:13:51.547+0000] {logging_mixin.py:190} INFO - Task instance in success state
[2025-03-23T08:13:51.547+0000] {logging_mixin.py:190} INFO -  Previous state of the Task instance: running
[2025-03-23T08:13:51.547+0000] {logging_mixin.py:190} INFO - Dag name:aqi_etl_pipeline queued_at:2025-03-23 08:13:32.444712+00:00
[2025-03-23T08:13:51.554+0000] {logging_mixin.py:190} INFO - Task hostname:ed55a332e3f9 operator:PythonOperator
[2025-03-23T08:13:51.709+0000] {local_task_job_runner.py:266} INFO - Task exited with return code 0
[2025-03-23T08:13:52.058+0000] {taskinstance.py:3895} INFO - 1 downstream tasks scheduled from follow-on schedule check
[2025-03-23T08:13:52.076+0000] {local_task_job_runner.py:245} INFO - ::endgroup::
