[2025-03-31T01:45:52.845+0000] {local_task_job_runner.py:123} INFO - ::group::Pre task execution logs
[2025-03-31T01:45:53.092+0000] {taskinstance.py:2613} INFO - Dependencies all met for dep_context=non-requeueable deps ti=<TaskInstance: aqi_etl_pipeline.create_aqi_table scheduled__2025-03-30T00:00:00+00:00 [queued]>
[2025-03-31T01:45:53.149+0000] {taskinstance.py:2613} INFO - Dependencies all met for dep_context=requeueable deps ti=<TaskInstance: aqi_etl_pipeline.create_aqi_table scheduled__2025-03-30T00:00:00+00:00 [queued]>
[2025-03-31T01:45:53.149+0000] {taskinstance.py:2866} INFO - Starting attempt 1 of 4
[2025-03-31T01:45:53.286+0000] {taskinstance.py:2889} INFO - Executing <Task(PythonOperator): create_aqi_table> on 2025-03-30 00:00:00+00:00
[2025-03-31T01:45:53.370+0000] {standard_task_runner.py:104} INFO - Running: ['***', 'tasks', 'run', 'aqi_etl_pipeline', 'create_aqi_table', 'scheduled__2025-03-30T00:00:00+00:00', '--job-id', '692', '--raw', '--subdir', 'DAGS_FOLDER/api_etl_pipeline.py', '--cfg-path', '/tmp/tmpyv929pd1']
[2025-03-31T01:45:53.391+0000] {standard_task_runner.py:105} INFO - Job 692: Subtask create_aqi_table
[2025-03-31T01:45:53.482+0000] {logging_mixin.py:190} WARNING - /home/***/.local/lib/python3.12/site-packages/***/task/task_runner/standard_task_runner.py:70 DeprecationWarning: This process (pid=200) is multi-threaded, use of fork() may lead to deadlocks in the child.
[2025-03-31T01:45:53.483+0000] {standard_task_runner.py:72} INFO - Started process 321 to run task
[2025-03-31T01:45:53.719+0000] {task_command.py:467} INFO - Running <TaskInstance: aqi_etl_pipeline.create_aqi_table scheduled__2025-03-30T00:00:00+00:00 [running]> on host 34bd8b30e513
[2025-03-31T01:45:54.329+0000] {taskinstance.py:3132} INFO - Exporting env vars: AIRFLOW_CTX_DAG_OWNER='***' AIRFLOW_CTX_DAG_ID='aqi_etl_pipeline' AIRFLOW_CTX_TASK_ID='create_aqi_table' AIRFLOW_CTX_EXECUTION_DATE='2025-03-30T00:00:00+00:00' AIRFLOW_CTX_TRY_NUMBER='1' AIRFLOW_CTX_DAG_RUN_ID='scheduled__2025-03-30T00:00:00+00:00'
[2025-03-31T01:45:54.330+0000] {logging_mixin.py:190} INFO - Task instance is in running state
[2025-03-31T01:45:54.330+0000] {logging_mixin.py:190} INFO -  Previous state of the Task instance: queued
[2025-03-31T01:45:54.334+0000] {logging_mixin.py:190} INFO - Current task name:create_aqi_table state:running start_date:2025-03-31 01:45:53.092661+00:00
[2025-03-31T01:45:54.334+0000] {logging_mixin.py:190} INFO - Dag name:aqi_etl_pipeline and current dag run status:running
[2025-03-31T01:45:54.335+0000] {taskinstance.py:731} INFO - ::endgroup::
[2025-03-31T01:45:54.353+0000] {base.py:84} INFO - Retrieving connection '***_default'
[2025-03-31T01:45:54.419+0000] {python.py:240} INFO - Done. Returned value was: None
[2025-03-31T01:45:54.461+0000] {taskinstance.py:340} INFO - ::group::Post task execution logs
[2025-03-31T01:45:54.464+0000] {taskinstance.py:352} INFO - Marking task as SUCCESS. dag_id=aqi_etl_pipeline, task_id=create_aqi_table, run_id=scheduled__2025-03-30T00:00:00+00:00, execution_date=20250330T000000, start_date=20250331T014553, end_date=20250331T014554
[2025-03-31T01:45:54.486+0000] {logging_mixin.py:190} INFO - Task instance in success state
[2025-03-31T01:45:54.487+0000] {logging_mixin.py:190} INFO -  Previous state of the Task instance: running
[2025-03-31T01:45:54.489+0000] {logging_mixin.py:190} INFO - Dag name:aqi_etl_pipeline queued_at:2025-03-31 01:45:37.384098+00:00
[2025-03-31T01:45:54.493+0000] {logging_mixin.py:190} INFO - Task hostname:34bd8b30e513 operator:PythonOperator
[2025-03-31T01:45:54.559+0000] {local_task_job_runner.py:266} INFO - Task exited with return code 0
[2025-03-31T01:45:54.665+0000] {taskinstance.py:3895} INFO - 3 downstream tasks scheduled from follow-on schedule check
[2025-03-31T01:45:54.671+0000] {local_task_job_runner.py:245} INFO - ::endgroup::
[2025-03-31T07:19:56.088+0000] {local_task_job_runner.py:123} INFO - ::group::Pre task execution logs
[2025-03-31T07:19:56.105+0000] {taskinstance.py:2613} INFO - Dependencies all met for dep_context=non-requeueable deps ti=<TaskInstance: aqi_etl_pipeline.create_aqi_table scheduled__2025-03-30T00:00:00+00:00 [queued]>
[2025-03-31T07:19:56.111+0000] {taskinstance.py:2613} INFO - Dependencies all met for dep_context=requeueable deps ti=<TaskInstance: aqi_etl_pipeline.create_aqi_table scheduled__2025-03-30T00:00:00+00:00 [queued]>
[2025-03-31T07:19:56.112+0000] {taskinstance.py:2866} INFO - Starting attempt 1 of 4
[2025-03-31T07:19:56.126+0000] {taskinstance.py:2889} INFO - Executing <Task(PythonOperator): create_aqi_table> on 2025-03-30 00:00:00+00:00
[2025-03-31T07:19:56.136+0000] {standard_task_runner.py:104} INFO - Running: ['***', 'tasks', 'run', 'aqi_etl_pipeline', 'create_aqi_table', 'scheduled__2025-03-30T00:00:00+00:00', '--job-id', '921', '--raw', '--subdir', 'DAGS_FOLDER/api_etl_pipeline.py', '--cfg-path', '/tmp/tmpiueydkry']
[2025-03-31T07:19:56.138+0000] {standard_task_runner.py:105} INFO - Job 921: Subtask create_aqi_table
[2025-03-31T07:19:56.143+0000] {logging_mixin.py:190} WARNING - /home/***/.local/lib/python3.12/site-packages/***/task/task_runner/standard_task_runner.py:70 DeprecationWarning: This process (pid=1694) is multi-threaded, use of fork() may lead to deadlocks in the child.
[2025-03-31T07:19:56.144+0000] {standard_task_runner.py:72} INFO - Started process 1730 to run task
[2025-03-31T07:19:56.177+0000] {task_command.py:467} INFO - Running <TaskInstance: aqi_etl_pipeline.create_aqi_table scheduled__2025-03-30T00:00:00+00:00 [running]> on host 0c0dca5804dc
[2025-03-31T07:19:56.247+0000] {taskinstance.py:3132} INFO - Exporting env vars: AIRFLOW_CTX_DAG_OWNER='***' AIRFLOW_CTX_DAG_ID='aqi_etl_pipeline' AIRFLOW_CTX_TASK_ID='create_aqi_table' AIRFLOW_CTX_EXECUTION_DATE='2025-03-30T00:00:00+00:00' AIRFLOW_CTX_TRY_NUMBER='1' AIRFLOW_CTX_DAG_RUN_ID='scheduled__2025-03-30T00:00:00+00:00'
[2025-03-31T07:19:56.249+0000] {logging_mixin.py:190} INFO - Task instance is in running state
[2025-03-31T07:19:56.249+0000] {logging_mixin.py:190} INFO -  Previous state of the Task instance: queued
[2025-03-31T07:19:56.249+0000] {logging_mixin.py:190} INFO - Current task name:create_aqi_table state:running start_date:2025-03-31 07:19:56.105927+00:00
[2025-03-31T07:19:56.250+0000] {logging_mixin.py:190} INFO - Dag name:aqi_etl_pipeline and current dag run status:running
[2025-03-31T07:19:56.250+0000] {taskinstance.py:731} INFO - ::endgroup::
[2025-03-31T07:19:56.259+0000] {base.py:84} INFO - Retrieving connection '***_default'
[2025-03-31T07:19:56.281+0000] {python.py:240} INFO - Done. Returned value was: None
[2025-03-31T07:19:56.292+0000] {taskinstance.py:340} INFO - ::group::Post task execution logs
[2025-03-31T07:19:56.292+0000] {taskinstance.py:352} INFO - Marking task as SUCCESS. dag_id=aqi_etl_pipeline, task_id=create_aqi_table, run_id=scheduled__2025-03-30T00:00:00+00:00, execution_date=20250330T000000, start_date=20250331T071956, end_date=20250331T071956
[2025-03-31T07:19:56.301+0000] {logging_mixin.py:190} INFO - Task instance in success state
[2025-03-31T07:19:56.304+0000] {logging_mixin.py:190} INFO -  Previous state of the Task instance: running
[2025-03-31T07:19:56.304+0000] {logging_mixin.py:190} INFO - Dag name:aqi_etl_pipeline queued_at:2025-03-31 07:19:53.335868+00:00
[2025-03-31T07:19:56.305+0000] {logging_mixin.py:190} INFO - Task hostname:0c0dca5804dc operator:PythonOperator
[2025-03-31T07:19:56.319+0000] {local_task_job_runner.py:266} INFO - Task exited with return code 0
[2025-03-31T07:19:56.342+0000] {taskinstance.py:3895} INFO - 3 downstream tasks scheduled from follow-on schedule check
[2025-03-31T07:19:56.344+0000] {local_task_job_runner.py:245} INFO - ::endgroup::
