[2025-03-31T03:39:36.350+0000] {local_task_job_runner.py:123} INFO - ::group::Pre task execution logs
[2025-03-31T03:39:36.432+0000] {taskinstance.py:2613} INFO - Dependencies all met for dep_context=non-requeueable deps ti=<TaskInstance: aqi_etl_pipeline.aqi_tasks_group.get_aqi_data_Bangkok manual__2025-03-31T03:39:29.928991+00:00 [queued]>
[2025-03-31T03:39:36.461+0000] {taskinstance.py:2613} INFO - Dependencies all met for dep_context=requeueable deps ti=<TaskInstance: aqi_etl_pipeline.aqi_tasks_group.get_aqi_data_Bangkok manual__2025-03-31T03:39:29.928991+00:00 [queued]>
[2025-03-31T03:39:36.463+0000] {taskinstance.py:2866} INFO - Starting attempt 1 of 4
[2025-03-31T03:39:36.511+0000] {taskinstance.py:2889} INFO - Executing <Task(PythonOperator): aqi_tasks_group.get_aqi_data_Bangkok> on 2025-03-31 03:39:29.928991+00:00
[2025-03-31T03:39:36.543+0000] {standard_task_runner.py:104} INFO - Running: ['***', 'tasks', 'run', 'aqi_etl_pipeline', 'aqi_tasks_group.get_aqi_data_Bangkok', 'manual__2025-03-31T03:39:29.928991+00:00', '--job-id', '790', '--raw', '--subdir', 'DAGS_FOLDER/api_etl_pipeline.py', '--cfg-path', '/tmp/tmpu4cxlxw5']
[2025-03-31T03:39:36.548+0000] {standard_task_runner.py:105} INFO - Job 790: Subtask aqi_tasks_group.get_aqi_data_Bangkok
[2025-03-31T03:39:36.566+0000] {logging_mixin.py:190} WARNING - /home/***/.local/lib/python3.12/site-packages/***/task/task_runner/standard_task_runner.py:70 DeprecationWarning: This process (pid=10601) is multi-threaded, use of fork() may lead to deadlocks in the child.
[2025-03-31T03:39:36.569+0000] {standard_task_runner.py:72} INFO - Started process 10633 to run task
[2025-03-31T03:39:36.690+0000] {task_command.py:467} INFO - Running <TaskInstance: aqi_etl_pipeline.aqi_tasks_group.get_aqi_data_Bangkok manual__2025-03-31T03:39:29.928991+00:00 [running]> on host 51caa80cc31e
[2025-03-31T03:39:36.864+0000] {taskinstance.py:3132} INFO - Exporting env vars: AIRFLOW_CTX_DAG_OWNER='***' AIRFLOW_CTX_DAG_ID='aqi_etl_pipeline' AIRFLOW_CTX_TASK_ID='aqi_tasks_group.get_aqi_data_Bangkok' AIRFLOW_CTX_EXECUTION_DATE='2025-03-31T03:39:29.928991+00:00' AIRFLOW_CTX_TRY_NUMBER='1' AIRFLOW_CTX_DAG_RUN_ID='manual__2025-03-31T03:39:29.928991+00:00'
[2025-03-31T03:39:36.868+0000] {logging_mixin.py:190} INFO - Task instance is in running state
[2025-03-31T03:39:36.870+0000] {logging_mixin.py:190} INFO -  Previous state of the Task instance: queued
[2025-03-31T03:39:36.871+0000] {logging_mixin.py:190} INFO - Current task name:aqi_tasks_group.get_aqi_data_Bangkok state:running start_date:2025-03-31 03:39:36.433686+00:00
[2025-03-31T03:39:36.871+0000] {logging_mixin.py:190} INFO - Dag name:aqi_etl_pipeline and current dag run status:running
[2025-03-31T03:39:36.872+0000] {taskinstance.py:731} INFO - ::endgroup::
[2025-03-31T03:39:37.236+0000] {python.py:240} INFO - Done. Returned value was: None
[2025-03-31T03:39:37.244+0000] {taskinstance.py:340} INFO - ::group::Post task execution logs
[2025-03-31T03:39:37.245+0000] {taskinstance.py:352} INFO - Marking task as SUCCESS. dag_id=aqi_etl_pipeline, task_id=aqi_tasks_group.get_aqi_data_Bangkok, run_id=manual__2025-03-31T03:39:29.928991+00:00, execution_date=20250331T033929, start_date=20250331T033936, end_date=20250331T033937
[2025-03-31T03:39:37.253+0000] {logging_mixin.py:190} INFO - Task instance in success state
[2025-03-31T03:39:37.253+0000] {logging_mixin.py:190} INFO -  Previous state of the Task instance: running
[2025-03-31T03:39:37.254+0000] {logging_mixin.py:190} INFO - Dag name:aqi_etl_pipeline queued_at:2025-03-31 03:39:29.940604+00:00
[2025-03-31T03:39:37.254+0000] {logging_mixin.py:190} INFO - Task hostname:51caa80cc31e operator:PythonOperator
[2025-03-31T03:39:37.281+0000] {local_task_job_runner.py:266} INFO - Task exited with return code 0
[2025-03-31T03:39:37.305+0000] {taskinstance.py:3895} INFO - 1 downstream tasks scheduled from follow-on schedule check
[2025-03-31T03:39:37.307+0000] {local_task_job_runner.py:245} INFO - ::endgroup::
