[2025-03-31T09:02:05.332+0000] {local_task_job_runner.py:123} INFO - ::group::Pre task execution logs
[2025-03-31T09:02:05.356+0000] {taskinstance.py:2613} INFO - Dependencies all met for dep_context=non-requeueable deps ti=<TaskInstance: aqi_etl_pipeline.aqi_tasks_group.load_aqi_to_postgres_Nakhon_Pathom manual__2025-03-31T09:01:52.616009+00:00 [queued]>
[2025-03-31T09:02:05.368+0000] {taskinstance.py:2613} INFO - Dependencies all met for dep_context=requeueable deps ti=<TaskInstance: aqi_etl_pipeline.aqi_tasks_group.load_aqi_to_postgres_Nakhon_Pathom manual__2025-03-31T09:01:52.616009+00:00 [queued]>
[2025-03-31T09:02:05.369+0000] {taskinstance.py:2866} INFO - Starting attempt 1 of 4
[2025-03-31T09:02:05.384+0000] {taskinstance.py:2889} INFO - Executing <Task(PythonOperator): aqi_tasks_group.load_aqi_to_postgres_Nakhon_Pathom> on 2025-03-31 09:01:52.616009+00:00
[2025-03-31T09:02:05.403+0000] {logging_mixin.py:190} WARNING - /home/***/.local/lib/python3.12/site-packages/***/task/task_runner/standard_task_runner.py:70 DeprecationWarning: This process (pid=61011) is multi-threaded, use of fork() may lead to deadlocks in the child.
[2025-03-31T09:02:05.401+0000] {standard_task_runner.py:104} INFO - Running: ['***', 'tasks', 'run', 'aqi_etl_pipeline', 'aqi_tasks_group.load_aqi_to_postgres_Nakhon_Pathom', 'manual__2025-03-31T09:01:52.616009+00:00', '--job-id', '961', '--raw', '--subdir', 'DAGS_FOLDER/api_etl_pipeline.py', '--cfg-path', '/tmp/tmpxd484r8h']
[2025-03-31T09:02:05.407+0000] {standard_task_runner.py:105} INFO - Job 961: Subtask aqi_tasks_group.load_aqi_to_postgres_Nakhon_Pathom
[2025-03-31T09:02:05.408+0000] {standard_task_runner.py:72} INFO - Started process 61015 to run task
[2025-03-31T09:02:05.462+0000] {task_command.py:467} INFO - Running <TaskInstance: aqi_etl_pipeline.aqi_tasks_group.load_aqi_to_postgres_Nakhon_Pathom manual__2025-03-31T09:01:52.616009+00:00 [running]> on host 0c0dca5804dc
[2025-03-31T09:02:05.578+0000] {taskinstance.py:3132} INFO - Exporting env vars: AIRFLOW_CTX_DAG_OWNER='***' AIRFLOW_CTX_DAG_ID='aqi_etl_pipeline' AIRFLOW_CTX_TASK_ID='aqi_tasks_group.load_aqi_to_postgres_Nakhon_Pathom' AIRFLOW_CTX_EXECUTION_DATE='2025-03-31T09:01:52.616009+00:00' AIRFLOW_CTX_TRY_NUMBER='1' AIRFLOW_CTX_DAG_RUN_ID='manual__2025-03-31T09:01:52.616009+00:00'
[2025-03-31T09:02:05.580+0000] {logging_mixin.py:190} INFO - Task instance is in running state
[2025-03-31T09:02:05.581+0000] {logging_mixin.py:190} INFO -  Previous state of the Task instance: queued
[2025-03-31T09:02:05.581+0000] {logging_mixin.py:190} INFO - Current task name:aqi_tasks_group.load_aqi_to_postgres_Nakhon_Pathom state:running start_date:2025-03-31 09:02:05.356453+00:00
[2025-03-31T09:02:05.582+0000] {logging_mixin.py:190} INFO - Dag name:aqi_etl_pipeline and current dag run status:running
[2025-03-31T09:02:05.582+0000] {taskinstance.py:731} INFO - ::endgroup::
[2025-03-31T09:02:05.595+0000] {base.py:84} INFO - Retrieving connection '***_default'
[2025-03-31T09:02:05.603+0000] {python.py:240} INFO - Done. Returned value was: None
[2025-03-31T09:02:05.611+0000] {taskinstance.py:340} INFO - ::group::Post task execution logs
[2025-03-31T09:02:05.612+0000] {taskinstance.py:352} INFO - Marking task as SUCCESS. dag_id=aqi_etl_pipeline, task_id=aqi_tasks_group.load_aqi_to_***_Nakhon_Pathom, run_id=manual__2025-03-31T09:01:52.616009+00:00, execution_date=20250331T090152, start_date=20250331T090205, end_date=20250331T090205
[2025-03-31T09:02:05.619+0000] {logging_mixin.py:190} INFO - Task instance in success state
[2025-03-31T09:02:05.621+0000] {logging_mixin.py:190} INFO -  Previous state of the Task instance: running
[2025-03-31T09:02:05.622+0000] {logging_mixin.py:190} INFO - Dag name:aqi_etl_pipeline queued_at:2025-03-31 09:01:52.623473+00:00
[2025-03-31T09:02:05.622+0000] {logging_mixin.py:190} INFO - Task hostname:0c0dca5804dc operator:PythonOperator
[2025-03-31T09:02:05.668+0000] {local_task_job_runner.py:266} INFO - Task exited with return code 0
[2025-03-31T09:02:05.699+0000] {taskinstance.py:3895} INFO - 0 downstream tasks scheduled from follow-on schedule check
[2025-03-31T09:02:05.708+0000] {local_task_job_runner.py:245} INFO - ::endgroup::
