[2025-03-31T03:28:31.342+0000] {local_task_job_runner.py:123} INFO - ::group::Pre task execution logs
[2025-03-31T03:28:31.363+0000] {taskinstance.py:2613} INFO - Dependencies all met for dep_context=non-requeueable deps ti=<TaskInstance: aqi_etl_pipeline.aqi_tasks_group.load_aqi_to_postgres_Bangkok manual__2025-03-31T03:28:16.190494+00:00 [queued]>
[2025-03-31T03:28:31.372+0000] {taskinstance.py:2613} INFO - Dependencies all met for dep_context=requeueable deps ti=<TaskInstance: aqi_etl_pipeline.aqi_tasks_group.load_aqi_to_postgres_Bangkok manual__2025-03-31T03:28:16.190494+00:00 [queued]>
[2025-03-31T03:28:31.373+0000] {taskinstance.py:2866} INFO - Starting attempt 1 of 4
[2025-03-31T03:28:31.392+0000] {taskinstance.py:2889} INFO - Executing <Task(PythonOperator): aqi_tasks_group.load_aqi_to_postgres_Bangkok> on 2025-03-31 03:28:16.190494+00:00
[2025-03-31T03:28:31.414+0000] {standard_task_runner.py:104} INFO - Running: ['***', 'tasks', 'run', 'aqi_etl_pipeline', 'aqi_tasks_group.load_aqi_to_postgres_Bangkok', 'manual__2025-03-31T03:28:16.190494+00:00', '--job-id', '783', '--raw', '--subdir', 'DAGS_FOLDER/api_etl_pipeline.py', '--cfg-path', '/tmp/tmp2k6a7d71']
[2025-03-31T03:28:31.419+0000] {standard_task_runner.py:105} INFO - Job 783: Subtask aqi_tasks_group.load_aqi_to_postgres_Bangkok
[2025-03-31T03:28:31.421+0000] {logging_mixin.py:190} WARNING - /home/***/.local/lib/python3.12/site-packages/***/task/task_runner/standard_task_runner.py:70 DeprecationWarning: This process (pid=4160) is multi-threaded, use of fork() may lead to deadlocks in the child.
[2025-03-31T03:28:31.424+0000] {standard_task_runner.py:72} INFO - Started process 4187 to run task
[2025-03-31T03:28:31.477+0000] {task_command.py:467} INFO - Running <TaskInstance: aqi_etl_pipeline.aqi_tasks_group.load_aqi_to_postgres_Bangkok manual__2025-03-31T03:28:16.190494+00:00 [running]> on host 51caa80cc31e
[2025-03-31T03:28:31.622+0000] {taskinstance.py:3132} INFO - Exporting env vars: AIRFLOW_CTX_DAG_OWNER='***' AIRFLOW_CTX_DAG_ID='aqi_etl_pipeline' AIRFLOW_CTX_TASK_ID='aqi_tasks_group.load_aqi_to_postgres_Bangkok' AIRFLOW_CTX_EXECUTION_DATE='2025-03-31T03:28:16.190494+00:00' AIRFLOW_CTX_TRY_NUMBER='1' AIRFLOW_CTX_DAG_RUN_ID='manual__2025-03-31T03:28:16.190494+00:00'
[2025-03-31T03:28:31.624+0000] {logging_mixin.py:190} INFO - Task instance is in running state
[2025-03-31T03:28:31.625+0000] {logging_mixin.py:190} INFO -  Previous state of the Task instance: queued
[2025-03-31T03:28:31.626+0000] {logging_mixin.py:190} INFO - Current task name:aqi_tasks_group.load_aqi_to_postgres_Bangkok state:running start_date:2025-03-31 03:28:31.363571+00:00
[2025-03-31T03:28:31.627+0000] {logging_mixin.py:190} INFO - Dag name:aqi_etl_pipeline and current dag run status:running
[2025-03-31T03:28:31.628+0000] {taskinstance.py:731} INFO - ::endgroup::
[2025-03-31T03:28:31.654+0000] {base.py:84} INFO - Retrieving connection '***_default'
[2025-03-31T03:28:31.673+0000] {python.py:240} INFO - Done. Returned value was: None
[2025-03-31T03:28:31.695+0000] {taskinstance.py:340} INFO - ::group::Post task execution logs
[2025-03-31T03:28:31.697+0000] {taskinstance.py:352} INFO - Marking task as SUCCESS. dag_id=aqi_etl_pipeline, task_id=aqi_tasks_group.load_aqi_to_***_Bangkok, run_id=manual__2025-03-31T03:28:16.190494+00:00, execution_date=20250331T032816, start_date=20250331T032831, end_date=20250331T032831
[2025-03-31T03:28:31.732+0000] {logging_mixin.py:190} INFO - Task instance in success state
[2025-03-31T03:28:31.734+0000] {logging_mixin.py:190} INFO -  Previous state of the Task instance: running
[2025-03-31T03:28:31.734+0000] {logging_mixin.py:190} INFO - Dag name:aqi_etl_pipeline queued_at:2025-03-31 03:28:16.202910+00:00
[2025-03-31T03:28:31.735+0000] {logging_mixin.py:190} INFO - Task hostname:51caa80cc31e operator:PythonOperator
[2025-03-31T03:28:31.765+0000] {local_task_job_runner.py:266} INFO - Task exited with return code 0
[2025-03-31T03:28:31.835+0000] {taskinstance.py:3895} INFO - 0 downstream tasks scheduled from follow-on schedule check
[2025-03-31T03:28:31.846+0000] {local_task_job_runner.py:245} INFO - ::endgroup::
