[2025-03-28T02:39:34.267+0000] {local_task_job_runner.py:123} INFO - ::group::Pre task execution logs
[2025-03-28T02:39:34.358+0000] {taskinstance.py:2613} INFO - Dependencies all met for dep_context=non-requeueable deps ti=<TaskInstance: aqi_etl_pipeline.get_aqi_data scheduled__2025-03-27T00:00:00+00:00 [queued]>
[2025-03-28T02:39:34.413+0000] {taskinstance.py:2613} INFO - Dependencies all met for dep_context=requeueable deps ti=<TaskInstance: aqi_etl_pipeline.get_aqi_data scheduled__2025-03-27T00:00:00+00:00 [queued]>
[2025-03-28T02:39:34.414+0000] {taskinstance.py:2866} INFO - Starting attempt 1 of 1
[2025-03-28T02:39:34.470+0000] {taskinstance.py:2889} INFO - Executing <Task(PythonOperator): get_aqi_data> on 2025-03-27 00:00:00+00:00
[2025-03-28T02:39:34.516+0000] {standard_task_runner.py:104} INFO - Running: ['***', 'tasks', 'run', 'aqi_etl_pipeline', 'get_aqi_data', 'scheduled__2025-03-27T00:00:00+00:00', '--job-id', '306', '--raw', '--subdir', 'DAGS_FOLDER/api_etl_pipeline.py', '--cfg-path', '/tmp/tmpt52nreo2']
[2025-03-28T02:39:34.523+0000] {standard_task_runner.py:105} INFO - Job 306: Subtask get_aqi_data
[2025-03-28T02:39:34.539+0000] {logging_mixin.py:190} WARNING - /home/***/.local/lib/python3.12/site-packages/***/task/task_runner/standard_task_runner.py:70 DeprecationWarning: This process (pid=219) is multi-threaded, use of fork() may lead to deadlocks in the child.
[2025-03-28T02:39:34.548+0000] {standard_task_runner.py:72} INFO - Started process 315 to run task
[2025-03-28T02:39:34.751+0000] {task_command.py:467} INFO - Running <TaskInstance: aqi_etl_pipeline.get_aqi_data scheduled__2025-03-27T00:00:00+00:00 [running]> on host 80ca9269cf79
[2025-03-28T02:39:34.884+0000] {taskinstance.py:3132} INFO - Exporting env vars: AIRFLOW_CTX_DAG_OWNER='***' AIRFLOW_CTX_DAG_ID='aqi_etl_pipeline' AIRFLOW_CTX_TASK_ID='get_aqi_data' AIRFLOW_CTX_EXECUTION_DATE='2025-03-27T00:00:00+00:00' AIRFLOW_CTX_TRY_NUMBER='1' AIRFLOW_CTX_DAG_RUN_ID='scheduled__2025-03-27T00:00:00+00:00'
[2025-03-28T02:39:34.887+0000] {logging_mixin.py:190} INFO - Task instance is in running state
[2025-03-28T02:39:34.887+0000] {logging_mixin.py:190} INFO -  Previous state of the Task instance: queued
[2025-03-28T02:39:34.888+0000] {logging_mixin.py:190} INFO - Current task name:get_aqi_data state:running start_date:2025-03-28 02:39:34.364098+00:00
[2025-03-28T02:39:34.888+0000] {logging_mixin.py:190} INFO - Dag name:aqi_etl_pipeline and current dag run status:running
[2025-03-28T02:39:34.889+0000] {taskinstance.py:731} INFO - ::endgroup::
[2025-03-28T02:39:35.551+0000] {logging_mixin.py:190} INFO - API URL: https://api.airvisual.com/v2/city?city=Bangkok&state=Bangkok&country=Thailand&key=***
[2025-03-28T02:39:35.552+0000] {logging_mixin.py:190} INFO - Response Status Code: 200
[2025-03-28T02:39:35.552+0000] {logging_mixin.py:190} INFO - Response Text: {"status":"success","data":{"city":"Bangkok","state":"Bangkok","country":"Thailand","location":{"type":"Point","coordinates":[100.4888394,13.7292915]},"current":{"pollution":{"ts":"2025-03-28T02:00:00.000Z","aqius":140,"mainus":"p2","aqicn":71,"maincn":"p2"},"weather":{"ts":"2025-03-28T02:00:00.000Z","tp":31,"pr":1008,"hu":66,"ws":1.65,"wd":246,"ic":"04d"}}}}
[2025-03-28T02:39:35.553+0000] {logging_mixin.py:190} INFO - Parsed JSON: {
  "status": "success",
  "data": {
    "city": "Bangkok",
    "state": "Bangkok",
    "country": "Thailand",
    "location": {
      "type": "Point",
      "coordinates": [
        100.4888394,
        13.7292915
      ]
    },
    "current": {
      "pollution": {
        "ts": "2025-03-28T02:00:00.000Z",
        "aqius": 140,
        "mainus": "p2",
        "aqicn": 71,
        "maincn": "p2"
      },
      "weather": {
        "ts": "2025-03-28T02:00:00.000Z",
        "tp": 31,
        "pr": 1008,
        "hu": 66,
        "ws": 1.65,
        "wd": 246,
        "ic": "04d"
      }
    }
  }
}
[2025-03-28T02:39:35.560+0000] {python.py:240} INFO - Done. Returned value was: None
[2025-03-28T02:39:35.581+0000] {taskinstance.py:340} INFO - ::group::Post task execution logs
[2025-03-28T02:39:35.584+0000] {taskinstance.py:352} INFO - Marking task as SUCCESS. dag_id=aqi_etl_pipeline, task_id=get_aqi_data, run_id=scheduled__2025-03-27T00:00:00+00:00, execution_date=20250327T000000, start_date=20250328T023934, end_date=20250328T023935
[2025-03-28T02:39:35.615+0000] {logging_mixin.py:190} INFO - Task instance in success state
[2025-03-28T02:39:35.617+0000] {logging_mixin.py:190} INFO -  Previous state of the Task instance: running
[2025-03-28T02:39:35.619+0000] {logging_mixin.py:190} INFO - Dag name:aqi_etl_pipeline queued_at:2025-03-28 02:39:23.030771+00:00
[2025-03-28T02:39:35.619+0000] {logging_mixin.py:190} INFO - Task hostname:80ca9269cf79 operator:PythonOperator
[2025-03-28T02:39:35.657+0000] {local_task_job_runner.py:266} INFO - Task exited with return code 0
[2025-03-28T02:39:35.750+0000] {taskinstance.py:3895} INFO - 1 downstream tasks scheduled from follow-on schedule check
[2025-03-28T02:39:35.755+0000] {local_task_job_runner.py:245} INFO - ::endgroup::
