[2025-03-28T02:39:45.028+0000] {local_task_job_runner.py:123} INFO - ::group::Pre task execution logs
[2025-03-28T02:39:45.113+0000] {taskinstance.py:2613} INFO - Dependencies all met for dep_context=non-requeueable deps ti=<TaskInstance: aqi_etl_pipeline.load_aqi_to_postgres scheduled__2025-03-27T00:00:00+00:00 [queued]>
[2025-03-28T02:39:45.154+0000] {taskinstance.py:2613} INFO - Dependencies all met for dep_context=requeueable deps ti=<TaskInstance: aqi_etl_pipeline.load_aqi_to_postgres scheduled__2025-03-27T00:00:00+00:00 [queued]>
[2025-03-28T02:39:45.157+0000] {taskinstance.py:2866} INFO - Starting attempt 1 of 1
[2025-03-28T02:39:45.230+0000] {taskinstance.py:2889} INFO - Executing <Task(PythonOperator): load_aqi_to_postgres> on 2025-03-27 00:00:00+00:00
[2025-03-28T02:39:45.272+0000] {standard_task_runner.py:104} INFO - Running: ['***', 'tasks', 'run', 'aqi_etl_pipeline', 'load_aqi_to_postgres', 'scheduled__2025-03-27T00:00:00+00:00', '--job-id', '308', '--raw', '--subdir', 'DAGS_FOLDER/api_etl_pipeline.py', '--cfg-path', '/tmp/tmpcmdr1jo3']
[2025-03-28T02:39:45.286+0000] {standard_task_runner.py:105} INFO - Job 308: Subtask load_aqi_to_postgres
[2025-03-28T02:39:45.319+0000] {logging_mixin.py:190} WARNING - /home/***/.local/lib/python3.12/site-packages/***/task/task_runner/standard_task_runner.py:70 DeprecationWarning: This process (pid=398) is multi-threaded, use of fork() may lead to deadlocks in the child.
[2025-03-28T02:39:45.319+0000] {standard_task_runner.py:72} INFO - Started process 459 to run task
[2025-03-28T02:39:45.427+0000] {task_command.py:467} INFO - Running <TaskInstance: aqi_etl_pipeline.load_aqi_to_postgres scheduled__2025-03-27T00:00:00+00:00 [running]> on host 80ca9269cf79
[2025-03-28T02:39:45.714+0000] {taskinstance.py:3132} INFO - Exporting env vars: AIRFLOW_CTX_DAG_OWNER='***' AIRFLOW_CTX_DAG_ID='aqi_etl_pipeline' AIRFLOW_CTX_TASK_ID='load_aqi_to_postgres' AIRFLOW_CTX_EXECUTION_DATE='2025-03-27T00:00:00+00:00' AIRFLOW_CTX_TRY_NUMBER='1' AIRFLOW_CTX_DAG_RUN_ID='scheduled__2025-03-27T00:00:00+00:00'
[2025-03-28T02:39:45.717+0000] {logging_mixin.py:190} INFO - Task instance is in running state
[2025-03-28T02:39:45.719+0000] {logging_mixin.py:190} INFO -  Previous state of the Task instance: queued
[2025-03-28T02:39:45.719+0000] {logging_mixin.py:190} INFO - Current task name:load_aqi_to_postgres state:running start_date:2025-03-28 02:39:45.120340+00:00
[2025-03-28T02:39:45.720+0000] {logging_mixin.py:190} INFO - Dag name:aqi_etl_pipeline and current dag run status:running
[2025-03-28T02:39:45.721+0000] {taskinstance.py:731} INFO - ::endgroup::
[2025-03-28T02:39:45.754+0000] {base.py:84} INFO - Retrieving connection '***_default'
[2025-03-28T02:39:45.793+0000] {python.py:240} INFO - Done. Returned value was: None
[2025-03-28T02:39:45.832+0000] {taskinstance.py:340} INFO - ::group::Post task execution logs
[2025-03-28T02:39:45.838+0000] {taskinstance.py:352} INFO - Marking task as SUCCESS. dag_id=aqi_etl_pipeline, task_id=load_aqi_to_***, run_id=scheduled__2025-03-27T00:00:00+00:00, execution_date=20250327T000000, start_date=20250328T023945, end_date=20250328T023945
[2025-03-28T02:39:45.884+0000] {logging_mixin.py:190} INFO - Task instance in success state
[2025-03-28T02:39:45.885+0000] {logging_mixin.py:190} INFO -  Previous state of the Task instance: running
[2025-03-28T02:39:45.892+0000] {logging_mixin.py:190} INFO - Dag name:aqi_etl_pipeline queued_at:2025-03-28 02:39:23.030771+00:00
[2025-03-28T02:39:45.893+0000] {logging_mixin.py:190} INFO - Task hostname:80ca9269cf79 operator:PythonOperator
[2025-03-28T02:39:45.995+0000] {local_task_job_runner.py:266} INFO - Task exited with return code 0
[2025-03-28T02:39:46.168+0000] {taskinstance.py:3895} INFO - 0 downstream tasks scheduled from follow-on schedule check
[2025-03-28T02:39:46.181+0000] {local_task_job_runner.py:245} INFO - ::endgroup::
