[2025-03-30T10:10:09.224+0000] {local_task_job_runner.py:123} INFO - ::group::Pre task execution logs
[2025-03-30T10:10:09.263+0000] {taskinstance.py:2613} INFO - Dependencies all met for dep_context=non-requeueable deps ti=<TaskInstance: aqi_etl_pipeline.create_aqi_table manual__2025-03-30T10:10:06.781563+00:00 [queued]>
[2025-03-30T10:10:09.279+0000] {taskinstance.py:2613} INFO - Dependencies all met for dep_context=requeueable deps ti=<TaskInstance: aqi_etl_pipeline.create_aqi_table manual__2025-03-30T10:10:06.781563+00:00 [queued]>
[2025-03-30T10:10:09.281+0000] {taskinstance.py:2866} INFO - Starting attempt 1 of 1
[2025-03-30T10:10:09.308+0000] {taskinstance.py:2889} INFO - Executing <Task(PythonOperator): create_aqi_table> on 2025-03-30 10:10:06.781563+00:00
[2025-03-30T10:10:09.334+0000] {logging_mixin.py:190} WARNING - /home/***/.local/lib/python3.12/site-packages/***/task/task_runner/standard_task_runner.py:70 DeprecationWarning: This process (pid=35877) is multi-threaded, use of fork() may lead to deadlocks in the child.
[2025-03-30T10:10:09.333+0000] {standard_task_runner.py:104} INFO - Running: ['***', 'tasks', 'run', 'aqi_etl_pipeline', 'create_aqi_table', 'manual__2025-03-30T10:10:06.781563+00:00', '--job-id', '435', '--raw', '--subdir', 'DAGS_FOLDER/api_etl_pipeline.py', '--cfg-path', '/tmp/tmp08_jolkg']
[2025-03-30T10:10:09.337+0000] {standard_task_runner.py:105} INFO - Job 435: Subtask create_aqi_table
[2025-03-30T10:10:09.337+0000] {standard_task_runner.py:72} INFO - Started process 35899 to run task
[2025-03-30T10:10:09.417+0000] {task_command.py:467} INFO - Running <TaskInstance: aqi_etl_pipeline.create_aqi_table manual__2025-03-30T10:10:06.781563+00:00 [running]> on host 58b9640d9ecf
[2025-03-30T10:10:09.559+0000] {taskinstance.py:3132} INFO - Exporting env vars: AIRFLOW_CTX_DAG_OWNER='***' AIRFLOW_CTX_DAG_ID='aqi_etl_pipeline' AIRFLOW_CTX_TASK_ID='create_aqi_table' AIRFLOW_CTX_EXECUTION_DATE='2025-03-30T10:10:06.781563+00:00' AIRFLOW_CTX_TRY_NUMBER='1' AIRFLOW_CTX_DAG_RUN_ID='manual__2025-03-30T10:10:06.781563+00:00'
[2025-03-30T10:10:09.561+0000] {logging_mixin.py:190} INFO - Task instance is in running state
[2025-03-30T10:10:09.562+0000] {logging_mixin.py:190} INFO -  Previous state of the Task instance: queued
[2025-03-30T10:10:09.562+0000] {logging_mixin.py:190} INFO - Current task name:create_aqi_table state:running start_date:2025-03-30 10:10:09.265904+00:00
[2025-03-30T10:10:09.562+0000] {logging_mixin.py:190} INFO - Dag name:aqi_etl_pipeline and current dag run status:running
[2025-03-30T10:10:09.563+0000] {taskinstance.py:731} INFO - ::endgroup::
[2025-03-30T10:10:09.579+0000] {base.py:84} INFO - Retrieving connection '***_default'
[2025-03-30T10:10:09.596+0000] {python.py:240} INFO - Done. Returned value was: None
[2025-03-30T10:10:09.624+0000] {taskinstance.py:340} INFO - ::group::Post task execution logs
[2025-03-30T10:10:09.624+0000] {taskinstance.py:352} INFO - Marking task as SUCCESS. dag_id=aqi_etl_pipeline, task_id=create_aqi_table, run_id=manual__2025-03-30T10:10:06.781563+00:00, execution_date=20250330T101006, start_date=20250330T101009, end_date=20250330T101009
[2025-03-30T10:10:09.644+0000] {logging_mixin.py:190} INFO - Task instance in success state
[2025-03-30T10:10:09.644+0000] {logging_mixin.py:190} INFO -  Previous state of the Task instance: running
[2025-03-30T10:10:09.644+0000] {logging_mixin.py:190} INFO - Dag name:aqi_etl_pipeline queued_at:2025-03-30 10:10:06.792647+00:00
[2025-03-30T10:10:09.644+0000] {logging_mixin.py:190} INFO - Task hostname:58b9640d9ecf operator:PythonOperator
[2025-03-30T10:10:09.676+0000] {local_task_job_runner.py:266} INFO - Task exited with return code 0
[2025-03-30T10:10:09.741+0000] {taskinstance.py:3895} INFO - 5 downstream tasks scheduled from follow-on schedule check
[2025-03-30T10:10:09.745+0000] {local_task_job_runner.py:245} INFO - ::endgroup::
