[2025-03-23T11:00:06.471+0000] {local_task_job_runner.py:123} INFO - ::group::Pre task execution logs
[2025-03-23T11:00:06.513+0000] {taskinstance.py:2613} INFO - Dependencies all met for dep_context=non-requeueable deps ti=<TaskInstance: aqi_etl_pipeline.create_aqi_table manual__2025-03-23T11:00:03.218295+00:00 [queued]>
[2025-03-23T11:00:06.544+0000] {taskinstance.py:2613} INFO - Dependencies all met for dep_context=requeueable deps ti=<TaskInstance: aqi_etl_pipeline.create_aqi_table manual__2025-03-23T11:00:03.218295+00:00 [queued]>
[2025-03-23T11:00:06.548+0000] {taskinstance.py:2866} INFO - Starting attempt 1 of 1
[2025-03-23T11:00:06.571+0000] {taskinstance.py:2889} INFO - Executing <Task(PythonOperator): create_aqi_table> on 2025-03-23 11:00:03.218295+00:00
[2025-03-23T11:00:06.602+0000] {standard_task_runner.py:104} INFO - Running: ['***', 'tasks', 'run', 'aqi_etl_pipeline', 'create_aqi_table', 'manual__2025-03-23T11:00:03.218295+00:00', '--job-id', '265', '--raw', '--subdir', 'DAGS_FOLDER/api_etl_pipeline.py', '--cfg-path', '/tmp/tmp1hbkqgon']
[2025-03-23T11:00:06.609+0000] {standard_task_runner.py:105} INFO - Job 265: Subtask create_aqi_table
[2025-03-23T11:00:06.608+0000] {logging_mixin.py:190} WARNING - /home/***/.local/lib/python3.12/site-packages/***/task/task_runner/standard_task_runner.py:70 DeprecationWarning: This process (pid=786) is multi-threaded, use of fork() may lead to deadlocks in the child.
[2025-03-23T11:00:06.611+0000] {standard_task_runner.py:72} INFO - Started process 832 to run task
[2025-03-23T11:00:06.669+0000] {task_command.py:467} INFO - Running <TaskInstance: aqi_etl_pipeline.create_aqi_table manual__2025-03-23T11:00:03.218295+00:00 [running]> on host bc24ef9e914a
[2025-03-23T11:00:06.808+0000] {taskinstance.py:3132} INFO - Exporting env vars: AIRFLOW_CTX_DAG_OWNER='***' AIRFLOW_CTX_DAG_ID='aqi_etl_pipeline' AIRFLOW_CTX_TASK_ID='create_aqi_table' AIRFLOW_CTX_EXECUTION_DATE='2025-03-23T11:00:03.218295+00:00' AIRFLOW_CTX_TRY_NUMBER='1' AIRFLOW_CTX_DAG_RUN_ID='manual__2025-03-23T11:00:03.218295+00:00'
[2025-03-23T11:00:06.811+0000] {logging_mixin.py:190} INFO - Task instance is in running state
[2025-03-23T11:00:06.812+0000] {logging_mixin.py:190} INFO -  Previous state of the Task instance: queued
[2025-03-23T11:00:06.812+0000] {logging_mixin.py:190} INFO - Current task name:create_aqi_table state:running start_date:2025-03-23 11:00:06.517817+00:00
[2025-03-23T11:00:06.813+0000] {logging_mixin.py:190} INFO - Dag name:aqi_etl_pipeline and current dag run status:running
[2025-03-23T11:00:06.814+0000] {taskinstance.py:731} INFO - ::endgroup::
[2025-03-23T11:00:06.828+0000] {base.py:84} INFO - Retrieving connection '***_default'
[2025-03-23T11:00:06.905+0000] {python.py:240} INFO - Done. Returned value was: None
[2025-03-23T11:00:06.921+0000] {taskinstance.py:340} INFO - ::group::Post task execution logs
[2025-03-23T11:00:06.922+0000] {taskinstance.py:352} INFO - Marking task as SUCCESS. dag_id=aqi_etl_pipeline, task_id=create_aqi_table, run_id=manual__2025-03-23T11:00:03.218295+00:00, execution_date=20250323T110003, start_date=20250323T110006, end_date=20250323T110006
[2025-03-23T11:00:06.934+0000] {logging_mixin.py:190} INFO - Task instance in success state
[2025-03-23T11:00:06.934+0000] {logging_mixin.py:190} INFO -  Previous state of the Task instance: running
[2025-03-23T11:00:06.935+0000] {logging_mixin.py:190} INFO - Dag name:aqi_etl_pipeline queued_at:2025-03-23 11:00:03.229744+00:00
[2025-03-23T11:00:06.935+0000] {logging_mixin.py:190} INFO - Task hostname:bc24ef9e914a operator:PythonOperator
[2025-03-23T11:00:06.961+0000] {local_task_job_runner.py:266} INFO - Task exited with return code 0
[2025-03-23T11:00:06.987+0000] {taskinstance.py:3895} INFO - 0 downstream tasks scheduled from follow-on schedule check
[2025-03-23T11:00:06.989+0000] {local_task_job_runner.py:245} INFO - ::endgroup::
