[2025-03-30T10:52:25.202+0000] {local_task_job_runner.py:123} INFO - ::group::Pre task execution logs
[2025-03-30T10:52:25.214+0000] {taskinstance.py:2613} INFO - Dependencies all met for dep_context=non-requeueable deps ti=<TaskInstance: aqi_etl_pipeline.load_aqi_to_postgres_Bangkok manual__2025-03-30T10:52:08.827539+00:00 [queued]>
[2025-03-30T10:52:25.220+0000] {taskinstance.py:2613} INFO - Dependencies all met for dep_context=requeueable deps ti=<TaskInstance: aqi_etl_pipeline.load_aqi_to_postgres_Bangkok manual__2025-03-30T10:52:08.827539+00:00 [queued]>
[2025-03-30T10:52:25.220+0000] {taskinstance.py:2866} INFO - Starting attempt 1 of 4
[2025-03-30T10:52:25.230+0000] {taskinstance.py:2889} INFO - Executing <Task(PythonOperator): load_aqi_to_postgres_Bangkok> on 2025-03-30 10:52:08.827539+00:00
[2025-03-30T10:52:25.241+0000] {logging_mixin.py:190} WARNING - /home/***/.local/lib/python3.12/site-packages/***/task/task_runner/standard_task_runner.py:70 DeprecationWarning: This process (pid=60541) is multi-threaded, use of fork() may lead to deadlocks in the child.
[2025-03-30T10:52:25.240+0000] {standard_task_runner.py:104} INFO - Running: ['***', 'tasks', 'run', 'aqi_etl_pipeline', 'load_aqi_to_postgres_Bangkok', 'manual__2025-03-30T10:52:08.827539+00:00', '--job-id', '526', '--raw', '--subdir', 'DAGS_FOLDER/api_etl_pipeline.py', '--cfg-path', '/tmp/tmp3_k8hb6z']
[2025-03-30T10:52:25.242+0000] {standard_task_runner.py:72} INFO - Started process 60551 to run task
[2025-03-30T10:52:25.242+0000] {standard_task_runner.py:105} INFO - Job 526: Subtask load_aqi_to_postgres_Bangkok
[2025-03-30T10:52:25.276+0000] {task_command.py:467} INFO - Running <TaskInstance: aqi_etl_pipeline.load_aqi_to_postgres_Bangkok manual__2025-03-30T10:52:08.827539+00:00 [running]> on host 58b9640d9ecf
[2025-03-30T10:52:25.342+0000] {taskinstance.py:3132} INFO - Exporting env vars: AIRFLOW_CTX_DAG_OWNER='***' AIRFLOW_CTX_DAG_ID='aqi_etl_pipeline' AIRFLOW_CTX_TASK_ID='load_aqi_to_postgres_Bangkok' AIRFLOW_CTX_EXECUTION_DATE='2025-03-30T10:52:08.827539+00:00' AIRFLOW_CTX_TRY_NUMBER='1' AIRFLOW_CTX_DAG_RUN_ID='manual__2025-03-30T10:52:08.827539+00:00'
[2025-03-30T10:52:25.343+0000] {logging_mixin.py:190} INFO - Task instance is in running state
[2025-03-30T10:52:25.343+0000] {logging_mixin.py:190} INFO -  Previous state of the Task instance: queued
[2025-03-30T10:52:25.343+0000] {logging_mixin.py:190} INFO - Current task name:load_aqi_to_postgres_Bangkok state:running start_date:2025-03-30 10:52:25.214601+00:00
[2025-03-30T10:52:25.343+0000] {logging_mixin.py:190} INFO - Dag name:aqi_etl_pipeline and current dag run status:running
[2025-03-30T10:52:25.344+0000] {taskinstance.py:731} INFO - ::endgroup::
[2025-03-30T10:52:25.350+0000] {base.py:84} INFO - Retrieving connection '***_default'
[2025-03-30T10:52:25.383+0000] {python.py:240} INFO - Done. Returned value was: None
[2025-03-30T10:52:25.393+0000] {taskinstance.py:340} INFO - ::group::Post task execution logs
[2025-03-30T10:52:25.394+0000] {taskinstance.py:352} INFO - Marking task as SUCCESS. dag_id=aqi_etl_pipeline, task_id=load_aqi_to_***_Bangkok, run_id=manual__2025-03-30T10:52:08.827539+00:00, execution_date=20250330T105208, start_date=20250330T105225, end_date=20250330T105225
[2025-03-30T10:52:25.402+0000] {logging_mixin.py:190} INFO - Task instance in success state
[2025-03-30T10:52:25.403+0000] {logging_mixin.py:190} INFO -  Previous state of the Task instance: running
[2025-03-30T10:52:25.403+0000] {logging_mixin.py:190} INFO - Dag name:aqi_etl_pipeline queued_at:2025-03-30 10:52:08.834341+00:00
[2025-03-30T10:52:25.403+0000] {logging_mixin.py:190} INFO - Task hostname:58b9640d9ecf operator:PythonOperator
[2025-03-30T10:52:25.417+0000] {local_task_job_runner.py:266} INFO - Task exited with return code 0
[2025-03-30T10:52:25.439+0000] {taskinstance.py:3895} INFO - 0 downstream tasks scheduled from follow-on schedule check
[2025-03-30T10:52:25.440+0000] {local_task_job_runner.py:245} INFO - ::endgroup::
