[2025-03-30T10:15:21.885+0000] {local_task_job_runner.py:123} INFO - ::group::Pre task execution logs
[2025-03-30T10:15:21.939+0000] {taskinstance.py:2613} INFO - Dependencies all met for dep_context=non-requeueable deps ti=<TaskInstance: aqi_etl_pipeline.get_aqi_data_Bang_Na manual__2025-03-30T10:15:15.399414+00:00 [queued]>
[2025-03-30T10:15:21.964+0000] {taskinstance.py:2613} INFO - Dependencies all met for dep_context=requeueable deps ti=<TaskInstance: aqi_etl_pipeline.get_aqi_data_Bang_Na manual__2025-03-30T10:15:15.399414+00:00 [queued]>
[2025-03-30T10:15:21.965+0000] {taskinstance.py:2866} INFO - Starting attempt 1 of 1
[2025-03-30T10:15:22.006+0000] {taskinstance.py:2889} INFO - Executing <Task(PythonOperator): get_aqi_data_Bang_Na> on 2025-03-30 10:15:15.399414+00:00
[2025-03-30T10:15:22.057+0000] {standard_task_runner.py:104} INFO - Running: ['***', 'tasks', 'run', 'aqi_etl_pipeline', 'get_aqi_data_Bang_Na', 'manual__2025-03-30T10:15:15.399414+00:00', '--job-id', '447', '--raw', '--subdir', 'DAGS_FOLDER/api_etl_pipeline.py', '--cfg-path', '/tmp/tmprml0mdjd']
[2025-03-30T10:15:22.045+0000] {logging_mixin.py:190} WARNING - /home/***/.local/lib/python3.12/site-packages/***/task/task_runner/standard_task_runner.py:70 DeprecationWarning: This process (pid=38890) is multi-threaded, use of fork() may lead to deadlocks in the child.
[2025-03-30T10:15:22.059+0000] {standard_task_runner.py:72} INFO - Started process 38941 to run task
[2025-03-30T10:15:22.058+0000] {standard_task_runner.py:105} INFO - Job 447: Subtask get_aqi_data_Bang_Na
[2025-03-30T10:15:22.194+0000] {task_command.py:467} INFO - Running <TaskInstance: aqi_etl_pipeline.get_aqi_data_Bang_Na manual__2025-03-30T10:15:15.399414+00:00 [running]> on host 58b9640d9ecf
[2025-03-30T10:15:22.467+0000] {taskinstance.py:3132} INFO - Exporting env vars: AIRFLOW_CTX_DAG_OWNER='***' AIRFLOW_CTX_DAG_ID='aqi_etl_pipeline' AIRFLOW_CTX_TASK_ID='get_aqi_data_Bang_Na' AIRFLOW_CTX_EXECUTION_DATE='2025-03-30T10:15:15.399414+00:00' AIRFLOW_CTX_TRY_NUMBER='1' AIRFLOW_CTX_DAG_RUN_ID='manual__2025-03-30T10:15:15.399414+00:00'
[2025-03-30T10:15:22.469+0000] {logging_mixin.py:190} INFO - Task instance is in running state
[2025-03-30T10:15:22.475+0000] {logging_mixin.py:190} INFO -  Previous state of the Task instance: queued
[2025-03-30T10:15:22.476+0000] {logging_mixin.py:190} INFO - Current task name:get_aqi_data_Bang_Na state:running start_date:2025-03-30 10:15:21.940480+00:00
[2025-03-30T10:15:22.477+0000] {logging_mixin.py:190} INFO - Dag name:aqi_etl_pipeline and current dag run status:running
[2025-03-30T10:15:22.481+0000] {taskinstance.py:731} INFO - ::endgroup::
[2025-03-30T10:15:23.176+0000] {logging_mixin.py:190} INFO - API URL: https://api.airvisual.com/v2/city?city=Bang_Na&state=Bangkok&country=Thailand&key=***
[2025-03-30T10:15:23.178+0000] {logging_mixin.py:190} INFO - Response Status Code: 400
[2025-03-30T10:15:23.180+0000] {logging_mixin.py:190} INFO - Response Text: {"status":"fail","data":{"message":"city_not_found"}}
[2025-03-30T10:15:23.180+0000] {logging_mixin.py:190} INFO - Parsed JSON: {
  "status": "fail",
  "data": {
    "message": "city_not_found"
  }
}
[2025-03-30T10:15:23.181+0000] {logging_mixin.py:190} INFO - ❌ City Bang_Na not found in AirVisual API data.
[2025-03-30T10:15:23.183+0000] {python.py:240} INFO - Done. Returned value was: None
[2025-03-30T10:15:23.211+0000] {taskinstance.py:340} INFO - ::group::Post task execution logs
[2025-03-30T10:15:23.212+0000] {taskinstance.py:352} INFO - Marking task as SUCCESS. dag_id=aqi_etl_pipeline, task_id=get_aqi_data_Bang_Na, run_id=manual__2025-03-30T10:15:15.399414+00:00, execution_date=20250330T101515, start_date=20250330T101521, end_date=20250330T101523
[2025-03-30T10:15:23.229+0000] {logging_mixin.py:190} INFO - Task instance in success state
[2025-03-30T10:15:23.229+0000] {logging_mixin.py:190} INFO -  Previous state of the Task instance: running
[2025-03-30T10:15:23.229+0000] {logging_mixin.py:190} INFO - Dag name:aqi_etl_pipeline queued_at:2025-03-30 10:15:15.406219+00:00
[2025-03-30T10:15:23.229+0000] {logging_mixin.py:190} INFO - Task hostname:58b9640d9ecf operator:PythonOperator
[2025-03-30T10:15:23.250+0000] {local_task_job_runner.py:266} INFO - Task exited with return code 0
[2025-03-30T10:15:23.271+0000] {local_task_job_runner.py:245} INFO - ::endgroup::
