[2025-03-31T03:21:54.580+0000] {local_task_job_runner.py:123} INFO - ::group::Pre task execution logs
[2025-03-31T03:21:54.670+0000] {taskinstance.py:2613} INFO - Dependencies all met for dep_context=non-requeueable deps ti=<TaskInstance: aqi_etl_pipeline.aqi_tasks_group.get_aqi_data_Bangkok manual__2025-03-31T03:15:29.253189+00:00 [queued]>
[2025-03-31T03:21:54.751+0000] {taskinstance.py:2613} INFO - Dependencies all met for dep_context=requeueable deps ti=<TaskInstance: aqi_etl_pipeline.aqi_tasks_group.get_aqi_data_Bangkok manual__2025-03-31T03:15:29.253189+00:00 [queued]>
[2025-03-31T03:21:54.756+0000] {taskinstance.py:2866} INFO - Starting attempt 3 of 4
[2025-03-31T03:21:54.835+0000] {taskinstance.py:2889} INFO - Executing <Task(PythonOperator): aqi_tasks_group.get_aqi_data_Bangkok> on 2025-03-31 03:15:29.253189+00:00
[2025-03-31T03:21:54.906+0000] {standard_task_runner.py:104} INFO - Running: ['***', 'tasks', 'run', 'aqi_etl_pipeline', 'aqi_tasks_group.get_aqi_data_Bangkok', 'manual__2025-03-31T03:15:29.253189+00:00', '--job-id', '771', '--raw', '--subdir', 'DAGS_FOLDER/api_etl_pipeline.py', '--cfg-path', '/tmp/tmpphydnqet']
[2025-03-31T03:21:54.912+0000] {standard_task_runner.py:105} INFO - Job 771: Subtask aqi_tasks_group.get_aqi_data_Bangkok
[2025-03-31T03:21:54.960+0000] {logging_mixin.py:190} WARNING - /home/***/.local/lib/python3.12/site-packages/***/task/task_runner/standard_task_runner.py:70 DeprecationWarning: This process (pid=200) is multi-threaded, use of fork() may lead to deadlocks in the child.
[2025-03-31T03:21:54.973+0000] {standard_task_runner.py:72} INFO - Started process 299 to run task
[2025-03-31T03:21:55.061+0000] {task_command.py:467} INFO - Running <TaskInstance: aqi_etl_pipeline.aqi_tasks_group.get_aqi_data_Bangkok manual__2025-03-31T03:15:29.253189+00:00 [running]> on host 51caa80cc31e
[2025-03-31T03:21:55.493+0000] {taskinstance.py:3132} INFO - Exporting env vars: AIRFLOW_CTX_DAG_OWNER='***' AIRFLOW_CTX_DAG_ID='aqi_etl_pipeline' AIRFLOW_CTX_TASK_ID='aqi_tasks_group.get_aqi_data_Bangkok' AIRFLOW_CTX_EXECUTION_DATE='2025-03-31T03:15:29.253189+00:00' AIRFLOW_CTX_TRY_NUMBER='3' AIRFLOW_CTX_DAG_RUN_ID='manual__2025-03-31T03:15:29.253189+00:00'
[2025-03-31T03:21:55.508+0000] {logging_mixin.py:190} INFO - Task instance is in running state
[2025-03-31T03:21:55.509+0000] {logging_mixin.py:190} INFO -  Previous state of the Task instance: queued
[2025-03-31T03:21:55.517+0000] {logging_mixin.py:190} INFO - Current task name:aqi_tasks_group.get_aqi_data_Bangkok state:running start_date:2025-03-31 03:21:54.687330+00:00
[2025-03-31T03:21:55.518+0000] {logging_mixin.py:190} INFO - Dag name:aqi_etl_pipeline and current dag run status:running
[2025-03-31T03:21:55.519+0000] {taskinstance.py:731} INFO - ::endgroup::
[2025-03-31T03:21:55.924+0000] {python.py:240} INFO - Done. Returned value was: None
[2025-03-31T03:21:55.997+0000] {taskinstance.py:340} INFO - ::group::Post task execution logs
[2025-03-31T03:21:56.002+0000] {taskinstance.py:352} INFO - Marking task as SUCCESS. dag_id=aqi_etl_pipeline, task_id=aqi_tasks_group.get_aqi_data_Bangkok, run_id=manual__2025-03-31T03:15:29.253189+00:00, execution_date=20250331T031529, start_date=20250331T032154, end_date=20250331T032156
[2025-03-31T03:21:56.127+0000] {logging_mixin.py:190} INFO - Task instance in success state
[2025-03-31T03:21:56.131+0000] {logging_mixin.py:190} INFO -  Previous state of the Task instance: running
[2025-03-31T03:21:56.133+0000] {logging_mixin.py:190} INFO - Dag name:aqi_etl_pipeline queued_at:2025-03-31 03:15:29.264995+00:00
[2025-03-31T03:21:56.134+0000] {logging_mixin.py:190} INFO - Task hostname:51caa80cc31e operator:PythonOperator
[2025-03-31T03:21:56.231+0000] {local_task_job_runner.py:266} INFO - Task exited with return code 0
[2025-03-31T03:21:56.262+0000] {local_task_job_runner.py:245} INFO - ::endgroup::
