[2025-03-31T01:56:14.197+0000] {local_task_job_runner.py:123} INFO - ::group::Pre task execution logs
[2025-03-31T01:56:14.219+0000] {taskinstance.py:2613} INFO - Dependencies all met for dep_context=non-requeueable deps ti=<TaskInstance: optimized_aqi_etl_pipeline.create_aqi_table scheduled__2025-03-30T00:00:00+00:00 [queued]>
[2025-03-31T01:56:14.228+0000] {taskinstance.py:2613} INFO - Dependencies all met for dep_context=requeueable deps ti=<TaskInstance: optimized_aqi_etl_pipeline.create_aqi_table scheduled__2025-03-30T00:00:00+00:00 [queued]>
[2025-03-31T01:56:14.228+0000] {taskinstance.py:2866} INFO - Starting attempt 1 of 4
[2025-03-31T01:56:14.245+0000] {taskinstance.py:2889} INFO - Executing <Task(PythonOperator): create_aqi_table> on 2025-03-30 00:00:00+00:00
[2025-03-31T01:56:14.263+0000] {standard_task_runner.py:104} INFO - Running: ['***', 'tasks', 'run', 'optimized_aqi_etl_pipeline', 'create_aqi_table', 'scheduled__2025-03-30T00:00:00+00:00', '--job-id', '701', '--raw', '--subdir', 'DAGS_FOLDER/api_etl_pipeline.py', '--cfg-path', '/tmp/tmpjl67cyov']
[2025-03-31T01:56:14.266+0000] {standard_task_runner.py:105} INFO - Job 701: Subtask create_aqi_table
[2025-03-31T01:56:14.268+0000] {logging_mixin.py:190} WARNING - /home/***/.local/lib/python3.12/site-packages/***/task/task_runner/standard_task_runner.py:70 DeprecationWarning: This process (pid=6350) is multi-threaded, use of fork() may lead to deadlocks in the child.
[2025-03-31T01:56:14.270+0000] {standard_task_runner.py:72} INFO - Started process 6365 to run task
[2025-03-31T01:56:14.323+0000] {task_command.py:467} INFO - Running <TaskInstance: optimized_aqi_etl_pipeline.create_aqi_table scheduled__2025-03-30T00:00:00+00:00 [running]> on host 34bd8b30e513
[2025-03-31T01:56:14.516+0000] {taskinstance.py:3132} INFO - Exporting env vars: AIRFLOW_CTX_DAG_OWNER='***' AIRFLOW_CTX_DAG_ID='optimized_aqi_etl_pipeline' AIRFLOW_CTX_TASK_ID='create_aqi_table' AIRFLOW_CTX_EXECUTION_DATE='2025-03-30T00:00:00+00:00' AIRFLOW_CTX_TRY_NUMBER='1' AIRFLOW_CTX_DAG_RUN_ID='scheduled__2025-03-30T00:00:00+00:00'
[2025-03-31T01:56:14.521+0000] {logging_mixin.py:190} INFO - Task instance is in running state
[2025-03-31T01:56:14.522+0000] {logging_mixin.py:190} INFO -  Previous state of the Task instance: queued
[2025-03-31T01:56:14.523+0000] {logging_mixin.py:190} INFO - Current task name:create_aqi_table state:running start_date:2025-03-31 01:56:14.220581+00:00
[2025-03-31T01:56:14.523+0000] {logging_mixin.py:190} INFO - Dag name:optimized_aqi_etl_pipeline and current dag run status:running
[2025-03-31T01:56:14.524+0000] {taskinstance.py:731} INFO - ::endgroup::
[2025-03-31T01:56:14.551+0000] {base.py:84} INFO - Retrieving connection '***_default'
[2025-03-31T01:56:14.575+0000] {python.py:240} INFO - Done. Returned value was: None
[2025-03-31T01:56:14.598+0000] {taskinstance.py:340} INFO - ::group::Post task execution logs
[2025-03-31T01:56:14.599+0000] {taskinstance.py:352} INFO - Marking task as SUCCESS. dag_id=optimized_aqi_etl_pipeline, task_id=create_aqi_table, run_id=scheduled__2025-03-30T00:00:00+00:00, execution_date=20250330T000000, start_date=20250331T015614, end_date=20250331T015614
[2025-03-31T01:56:14.611+0000] {logging_mixin.py:190} INFO - Task instance in success state
[2025-03-31T01:56:14.614+0000] {logging_mixin.py:190} INFO -  Previous state of the Task instance: running
[2025-03-31T01:56:14.614+0000] {logging_mixin.py:190} INFO - Dag name:optimized_aqi_etl_pipeline queued_at:2025-03-31 01:56:11.889685+00:00
[2025-03-31T01:56:14.616+0000] {logging_mixin.py:190} INFO - Task hostname:34bd8b30e513 operator:PythonOperator
[2025-03-31T01:56:14.659+0000] {local_task_job_runner.py:266} INFO - Task exited with return code 0
[2025-03-31T01:56:14.692+0000] {taskinstance.py:3895} INFO - 3 downstream tasks scheduled from follow-on schedule check
[2025-03-31T01:56:14.694+0000] {local_task_job_runner.py:245} INFO - ::endgroup::
