[2025-03-23T08:12:15.884+0000] {local_task_job_runner.py:123} INFO - ::group::Pre task execution logs
[2025-03-23T08:12:15.969+0000] {taskinstance.py:2613} INFO - Dependencies all met for dep_context=non-requeueable deps ti=<TaskInstance: aqi_etl_pipeline.get_aqi_data scheduled__2025-02-20T00:00:00+00:00 [queued]>
[2025-03-23T08:12:16.085+0000] {taskinstance.py:2613} INFO - Dependencies all met for dep_context=requeueable deps ti=<TaskInstance: aqi_etl_pipeline.get_aqi_data scheduled__2025-02-20T00:00:00+00:00 [queued]>
[2025-03-23T08:12:16.085+0000] {taskinstance.py:2866} INFO - Starting attempt 1 of 1
[2025-03-23T08:12:16.436+0000] {taskinstance.py:2889} INFO - Executing <Task(PythonOperator): get_aqi_data> on 2025-02-20 00:00:00+00:00
[2025-03-23T08:12:16.554+0000] {standard_task_runner.py:104} INFO - Running: ['***', 'tasks', 'run', 'aqi_etl_pipeline', 'get_aqi_data', 'scheduled__2025-02-20T00:00:00+00:00', '--job-id', '157', '--raw', '--subdir', 'DAGS_FOLDER/api_etl_pipeline.py', '--cfg-path', '/tmp/tmpe_dz8m_t']
[2025-03-23T08:12:16.576+0000] {standard_task_runner.py:105} INFO - Job 157: Subtask get_aqi_data
[2025-03-23T08:12:16.559+0000] {logging_mixin.py:190} WARNING - /home/***/.local/lib/python3.12/site-packages/***/task/task_runner/standard_task_runner.py:70 DeprecationWarning: This process (pid=29149) is multi-threaded, use of fork() may lead to deadlocks in the child.
[2025-03-23T08:12:16.588+0000] {standard_task_runner.py:72} INFO - Started process 29199 to run task
[2025-03-23T08:12:16.823+0000] {task_command.py:467} INFO - Running <TaskInstance: aqi_etl_pipeline.get_aqi_data scheduled__2025-02-20T00:00:00+00:00 [running]> on host ed55a332e3f9
[2025-03-23T08:12:17.373+0000] {taskinstance.py:3132} INFO - Exporting env vars: AIRFLOW_CTX_DAG_OWNER='***' AIRFLOW_CTX_DAG_ID='aqi_etl_pipeline' AIRFLOW_CTX_TASK_ID='get_aqi_data' AIRFLOW_CTX_EXECUTION_DATE='2025-02-20T00:00:00+00:00' AIRFLOW_CTX_TRY_NUMBER='1' AIRFLOW_CTX_DAG_RUN_ID='scheduled__2025-02-20T00:00:00+00:00'
[2025-03-23T08:12:17.374+0000] {logging_mixin.py:190} INFO - Task instance is in running state
[2025-03-23T08:12:17.374+0000] {logging_mixin.py:190} INFO -  Previous state of the Task instance: queued
[2025-03-23T08:12:17.375+0000] {logging_mixin.py:190} INFO - Current task name:get_aqi_data state:running start_date:2025-03-23 08:12:15.981177+00:00
[2025-03-23T08:12:17.380+0000] {logging_mixin.py:190} INFO - Dag name:aqi_etl_pipeline and current dag run status:running
[2025-03-23T08:12:17.380+0000] {taskinstance.py:731} INFO - ::endgroup::
[2025-03-23T08:12:18.034+0000] {logging_mixin.py:190} INFO - https://api.airvisual.com/v2/city?city=Bangkok&state=Bangkok&country=Thailand&key=***
[2025-03-23T08:12:18.048+0000] {logging_mixin.py:190} INFO - {'status': 'fail', 'data': {'message': 'Too Many Requests'}}
[2025-03-23T08:12:18.068+0000] {python.py:240} INFO - Done. Returned value was: None
[2025-03-23T08:12:18.106+0000] {taskinstance.py:340} INFO - ::group::Post task execution logs
[2025-03-23T08:12:18.107+0000] {taskinstance.py:352} INFO - Marking task as SUCCESS. dag_id=aqi_etl_pipeline, task_id=get_aqi_data, run_id=scheduled__2025-02-20T00:00:00+00:00, execution_date=20250220T000000, start_date=20250323T081215, end_date=20250323T081218
[2025-03-23T08:12:18.168+0000] {logging_mixin.py:190} INFO - Task instance in success state
[2025-03-23T08:12:18.168+0000] {logging_mixin.py:190} INFO -  Previous state of the Task instance: running
[2025-03-23T08:12:18.169+0000] {logging_mixin.py:190} INFO - Dag name:aqi_etl_pipeline queued_at:2025-03-23 08:11:59.851398+00:00
[2025-03-23T08:12:18.174+0000] {logging_mixin.py:190} INFO - Task hostname:ed55a332e3f9 operator:PythonOperator
[2025-03-23T08:12:18.374+0000] {local_task_job_runner.py:266} INFO - Task exited with return code 0
[2025-03-23T08:12:18.439+0000] {taskinstance.py:3895} INFO - 1 downstream tasks scheduled from follow-on schedule check
[2025-03-23T08:12:18.444+0000] {local_task_job_runner.py:245} INFO - ::endgroup::
