[2025-03-23T08:12:02.012+0000] {local_task_job_runner.py:123} INFO - ::group::Pre task execution logs
[2025-03-23T08:12:02.206+0000] {taskinstance.py:2613} INFO - Dependencies all met for dep_context=non-requeueable deps ti=<TaskInstance: aqi_etl_pipeline.create_aqi_table scheduled__2025-02-14T00:00:00+00:00 [queued]>
[2025-03-23T08:12:02.380+0000] {taskinstance.py:2613} INFO - Dependencies all met for dep_context=requeueable deps ti=<TaskInstance: aqi_etl_pipeline.create_aqi_table scheduled__2025-02-14T00:00:00+00:00 [queued]>
[2025-03-23T08:12:02.380+0000] {taskinstance.py:2866} INFO - Starting attempt 1 of 1
[2025-03-23T08:12:03.341+0000] {taskinstance.py:2889} INFO - Executing <Task(PythonOperator): create_aqi_table> on 2025-02-14 00:00:00+00:00
[2025-03-23T08:12:03.595+0000] {logging_mixin.py:190} WARNING - /home/***/.local/lib/python3.12/site-packages/***/task/task_runner/standard_task_runner.py:70 DeprecationWarning: This process (pid=29039) is multi-threaded, use of fork() may lead to deadlocks in the child.
[2025-03-23T08:12:03.615+0000] {standard_task_runner.py:72} INFO - Started process 29143 to run task
[2025-03-23T08:12:03.649+0000] {standard_task_runner.py:104} INFO - Running: ['***', 'tasks', 'run', 'aqi_etl_pipeline', 'create_aqi_table', 'scheduled__2025-02-14T00:00:00+00:00', '--job-id', '144', '--raw', '--subdir', 'DAGS_FOLDER/api_etl_pipeline.py', '--cfg-path', '/tmp/tmp2q3wyxjh']
[2025-03-23T08:12:03.687+0000] {standard_task_runner.py:105} INFO - Job 144: Subtask create_aqi_table
[2025-03-23T08:12:04.274+0000] {task_command.py:467} INFO - Running <TaskInstance: aqi_etl_pipeline.create_aqi_table scheduled__2025-02-14T00:00:00+00:00 [running]> on host ed55a332e3f9
[2025-03-23T08:12:05.015+0000] {taskinstance.py:3132} INFO - Exporting env vars: AIRFLOW_CTX_DAG_OWNER='***' AIRFLOW_CTX_DAG_ID='aqi_etl_pipeline' AIRFLOW_CTX_TASK_ID='create_aqi_table' AIRFLOW_CTX_EXECUTION_DATE='2025-02-14T00:00:00+00:00' AIRFLOW_CTX_TRY_NUMBER='1' AIRFLOW_CTX_DAG_RUN_ID='scheduled__2025-02-14T00:00:00+00:00'
[2025-03-23T08:12:05.017+0000] {logging_mixin.py:190} INFO - Task instance is in running state
[2025-03-23T08:12:05.034+0000] {logging_mixin.py:190} INFO -  Previous state of the Task instance: queued
[2025-03-23T08:12:05.034+0000] {logging_mixin.py:190} INFO - Current task name:create_aqi_table state:running start_date:2025-03-23 08:12:02.227489+00:00
[2025-03-23T08:12:05.037+0000] {logging_mixin.py:190} INFO - Dag name:aqi_etl_pipeline and current dag run status:running
[2025-03-23T08:12:05.040+0000] {taskinstance.py:731} INFO - ::endgroup::
[2025-03-23T08:12:05.113+0000] {base.py:84} INFO - Retrieving connection '***_default'
[2025-03-23T08:12:05.201+0000] {python.py:240} INFO - Done. Returned value was: None
[2025-03-23T08:12:05.272+0000] {taskinstance.py:340} INFO - ::group::Post task execution logs
[2025-03-23T08:12:05.279+0000] {taskinstance.py:352} INFO - Marking task as SUCCESS. dag_id=aqi_etl_pipeline, task_id=create_aqi_table, run_id=scheduled__2025-02-14T00:00:00+00:00, execution_date=20250214T000000, start_date=20250323T081202, end_date=20250323T081205
[2025-03-23T08:12:05.392+0000] {logging_mixin.py:190} INFO - Task instance in success state
[2025-03-23T08:12:05.392+0000] {logging_mixin.py:190} INFO -  Previous state of the Task instance: running
[2025-03-23T08:12:05.392+0000] {logging_mixin.py:190} INFO - Dag name:aqi_etl_pipeline queued_at:2025-03-23 08:11:20.831895+00:00
[2025-03-23T08:12:05.393+0000] {logging_mixin.py:190} INFO - Task hostname:ed55a332e3f9 operator:PythonOperator
[2025-03-23T08:12:05.536+0000] {local_task_job_runner.py:266} INFO - Task exited with return code 0
[2025-03-23T08:12:05.854+0000] {taskinstance.py:3895} INFO - 0 downstream tasks scheduled from follow-on schedule check
[2025-03-23T08:12:05.905+0000] {local_task_job_runner.py:245} INFO - ::endgroup::
