[2025-03-31T01:56:17.842+0000] {local_task_job_runner.py:123} INFO - ::group::Pre task execution logs
[2025-03-31T01:56:17.891+0000] {taskinstance.py:2613} INFO - Dependencies all met for dep_context=non-requeueable deps ti=<TaskInstance: optimized_aqi_etl_pipeline.aqi_tasks_group.get_aqi_data_Nonthaburi scheduled__2025-03-30T00:00:00+00:00 [queued]>
[2025-03-31T01:56:17.927+0000] {taskinstance.py:2613} INFO - Dependencies all met for dep_context=requeueable deps ti=<TaskInstance: optimized_aqi_etl_pipeline.aqi_tasks_group.get_aqi_data_Nonthaburi scheduled__2025-03-30T00:00:00+00:00 [queued]>
[2025-03-31T01:56:17.927+0000] {taskinstance.py:2866} INFO - Starting attempt 1 of 4
[2025-03-31T01:56:17.973+0000] {taskinstance.py:2889} INFO - Executing <Task(PythonOperator): aqi_tasks_group.get_aqi_data_Nonthaburi> on 2025-03-30 00:00:00+00:00
[2025-03-31T01:56:17.998+0000] {standard_task_runner.py:104} INFO - Running: ['***', 'tasks', 'run', 'optimized_aqi_etl_pipeline', 'aqi_tasks_group.get_aqi_data_Nonthaburi', 'scheduled__2025-03-30T00:00:00+00:00', '--job-id', '704', '--raw', '--subdir', 'DAGS_FOLDER/api_etl_pipeline.py', '--cfg-path', '/tmp/tmpea3a558w']
[2025-03-31T01:56:18.002+0000] {standard_task_runner.py:105} INFO - Job 704: Subtask aqi_tasks_group.get_aqi_data_Nonthaburi
[2025-03-31T01:56:18.004+0000] {logging_mixin.py:190} WARNING - /home/***/.local/lib/python3.12/site-packages/***/task/task_runner/standard_task_runner.py:70 DeprecationWarning: This process (pid=6370) is multi-threaded, use of fork() may lead to deadlocks in the child.
[2025-03-31T01:56:18.006+0000] {standard_task_runner.py:72} INFO - Started process 6396 to run task
[2025-03-31T01:56:18.101+0000] {task_command.py:467} INFO - Running <TaskInstance: optimized_aqi_etl_pipeline.aqi_tasks_group.get_aqi_data_Nonthaburi scheduled__2025-03-30T00:00:00+00:00 [running]> on host 34bd8b30e513
[2025-03-31T01:56:18.196+0000] {taskinstance.py:3132} INFO - Exporting env vars: AIRFLOW_CTX_DAG_OWNER='***' AIRFLOW_CTX_DAG_ID='optimized_aqi_etl_pipeline' AIRFLOW_CTX_TASK_ID='aqi_tasks_group.get_aqi_data_Nonthaburi' AIRFLOW_CTX_EXECUTION_DATE='2025-03-30T00:00:00+00:00' AIRFLOW_CTX_TRY_NUMBER='1' AIRFLOW_CTX_DAG_RUN_ID='scheduled__2025-03-30T00:00:00+00:00'
[2025-03-31T01:56:18.198+0000] {logging_mixin.py:190} INFO - Task instance is in running state
[2025-03-31T01:56:18.198+0000] {logging_mixin.py:190} INFO -  Previous state of the Task instance: queued
[2025-03-31T01:56:18.199+0000] {logging_mixin.py:190} INFO - Current task name:aqi_tasks_group.get_aqi_data_Nonthaburi state:running start_date:2025-03-31 01:56:17.898493+00:00
[2025-03-31T01:56:18.199+0000] {logging_mixin.py:190} INFO - Dag name:optimized_aqi_etl_pipeline and current dag run status:running
[2025-03-31T01:56:18.199+0000] {taskinstance.py:731} INFO - ::endgroup::
[2025-03-31T01:56:18.541+0000] {taskinstance.py:3311} ERROR - Task failed with exception
Traceback (most recent call last):
  File "/home/airflow/.local/lib/python3.12/site-packages/airflow/models/taskinstance.py", line 767, in _execute_task
    result = _execute_callable(context=context, **execute_callable_kwargs)
             ^^^^^^^^^^^^^^^^^^^^^^^^^^^^^^^^^^^^^^^^^^^^^^^^^^^^^^^^^^^^^
  File "/home/airflow/.local/lib/python3.12/site-packages/airflow/models/taskinstance.py", line 733, in _execute_callable
    return ExecutionCallableRunner(
           ^^^^^^^^^^^^^^^^^^^^^^^^
  File "/home/airflow/.local/lib/python3.12/site-packages/airflow/utils/operator_helpers.py", line 252, in run
    return self.func(*args, **kwargs)
           ^^^^^^^^^^^^^^^^^^^^^^^^^^
  File "/home/airflow/.local/lib/python3.12/site-packages/airflow/models/baseoperator.py", line 422, in wrapper
    return func(self, *args, **kwargs)
           ^^^^^^^^^^^^^^^^^^^^^^^^^^^
  File "/home/airflow/.local/lib/python3.12/site-packages/airflow/operators/python.py", line 238, in execute
    return_value = self.execute_callable()
                   ^^^^^^^^^^^^^^^^^^^^^^^
  File "/home/airflow/.local/lib/python3.12/site-packages/airflow/operators/python.py", line 256, in execute_callable
    return runner.run(*self.op_args, **self.op_kwargs)
           ^^^^^^^^^^^^^^^^^^^^^^^^^^^^^^^^^^^^^^^^^^^
  File "/home/airflow/.local/lib/python3.12/site-packages/airflow/utils/operator_helpers.py", line 252, in run
    return self.func(*args, **kwargs)
           ^^^^^^^^^^^^^^^^^^^^^^^^^^
  File "/opt/airflow/dags/api_etl_pipeline.py", line 34, in _get_aqi_data
    raise ValueError(f"API Error {response.status_code}: {response.text}")
ValueError: API Error 403: {"status":"fail","data":{"message":"Forbidden"}}
[2025-03-31T01:56:18.558+0000] {logging_mixin.py:190} INFO - Task instance in failure state
[2025-03-31T01:56:18.558+0000] {logging_mixin.py:190} INFO - Task start:2025-03-31 01:56:17.898493+00:00 end:2025-03-31 01:56:18.557003+00:00 duration:0.65851
[2025-03-31T01:56:18.559+0000] {logging_mixin.py:190} INFO - Task:<Task(PythonOperator): aqi_tasks_group.get_aqi_data_Nonthaburi> dag:<DAG: optimized_aqi_etl_pipeline> dagrun:<DagRun optimized_aqi_etl_pipeline @ 2025-03-30 00:00:00+00:00: scheduled__2025-03-30T00:00:00+00:00, state:running, queued_at: 2025-03-31 01:56:11.889685+00:00. externally triggered: False>
[2025-03-31T01:56:18.560+0000] {logging_mixin.py:190} INFO - Failure caused by API Error 403: {"status":"fail","data":{"message":"Forbidden"}}
[2025-03-31T01:56:18.560+0000] {taskinstance.py:1225} INFO - Marking task as UP_FOR_RETRY. dag_id=optimized_aqi_etl_pipeline, task_id=aqi_tasks_group.get_aqi_data_Nonthaburi, run_id=scheduled__2025-03-30T00:00:00+00:00, execution_date=20250330T000000, start_date=20250331T015617, end_date=20250331T015618
[2025-03-31T01:56:18.593+0000] {taskinstance.py:340} INFO - ::group::Post task execution logs
[2025-03-31T01:56:18.594+0000] {standard_task_runner.py:124} ERROR - Failed to execute job 704 for task aqi_tasks_group.get_aqi_data_Nonthaburi (API Error 403: {"status":"fail","data":{"message":"Forbidden"}}; 6396)
Traceback (most recent call last):
  File "/home/airflow/.local/lib/python3.12/site-packages/airflow/task/task_runner/standard_task_runner.py", line 117, in _start_by_fork
    ret = args.func(args, dag=self.dag)
          ^^^^^^^^^^^^^^^^^^^^^^^^^^^^^
  File "/home/airflow/.local/lib/python3.12/site-packages/airflow/cli/cli_config.py", line 49, in command
    return func(*args, **kwargs)
           ^^^^^^^^^^^^^^^^^^^^^
  File "/home/airflow/.local/lib/python3.12/site-packages/airflow/utils/cli.py", line 116, in wrapper
    return f(*args, **kwargs)
           ^^^^^^^^^^^^^^^^^^
  File "/home/airflow/.local/lib/python3.12/site-packages/airflow/cli/commands/task_command.py", line 483, in task_run
    task_return_code = _run_task_by_selected_method(args, _dag, ti)
                       ^^^^^^^^^^^^^^^^^^^^^^^^^^^^^^^^^^^^^^^^^^^^
  File "/home/airflow/.local/lib/python3.12/site-packages/airflow/cli/commands/task_command.py", line 256, in _run_task_by_selected_method
    return _run_raw_task(args, ti)
           ^^^^^^^^^^^^^^^^^^^^^^^
  File "/home/airflow/.local/lib/python3.12/site-packages/airflow/cli/commands/task_command.py", line 341, in _run_raw_task
    return ti._run_raw_task(
           ^^^^^^^^^^^^^^^^^
  File "/home/airflow/.local/lib/python3.12/site-packages/airflow/utils/session.py", line 97, in wrapper
    return func(*args, session=session, **kwargs)
           ^^^^^^^^^^^^^^^^^^^^^^^^^^^^^^^^^^^^^^
  File "/home/airflow/.local/lib/python3.12/site-packages/airflow/models/taskinstance.py", line 3005, in _run_raw_task
    return _run_raw_task(
           ^^^^^^^^^^^^^^
  File "/home/airflow/.local/lib/python3.12/site-packages/airflow/models/taskinstance.py", line 273, in _run_raw_task
    TaskInstance._execute_task_with_callbacks(
  File "/home/airflow/.local/lib/python3.12/site-packages/airflow/models/taskinstance.py", line 3159, in _execute_task_with_callbacks
    result = self._execute_task(context, task_orig)
             ^^^^^^^^^^^^^^^^^^^^^^^^^^^^^^^^^^^^^^
  File "/home/airflow/.local/lib/python3.12/site-packages/airflow/models/taskinstance.py", line 3183, in _execute_task
    return _execute_task(self, context, task_orig)
           ^^^^^^^^^^^^^^^^^^^^^^^^^^^^^^^^^^^^^^^
  File "/home/airflow/.local/lib/python3.12/site-packages/airflow/models/taskinstance.py", line 767, in _execute_task
    result = _execute_callable(context=context, **execute_callable_kwargs)
             ^^^^^^^^^^^^^^^^^^^^^^^^^^^^^^^^^^^^^^^^^^^^^^^^^^^^^^^^^^^^^
  File "/home/airflow/.local/lib/python3.12/site-packages/airflow/models/taskinstance.py", line 733, in _execute_callable
    return ExecutionCallableRunner(
           ^^^^^^^^^^^^^^^^^^^^^^^^
  File "/home/airflow/.local/lib/python3.12/site-packages/airflow/utils/operator_helpers.py", line 252, in run
    return self.func(*args, **kwargs)
           ^^^^^^^^^^^^^^^^^^^^^^^^^^
  File "/home/airflow/.local/lib/python3.12/site-packages/airflow/models/baseoperator.py", line 422, in wrapper
    return func(self, *args, **kwargs)
           ^^^^^^^^^^^^^^^^^^^^^^^^^^^
  File "/home/airflow/.local/lib/python3.12/site-packages/airflow/operators/python.py", line 238, in execute
    return_value = self.execute_callable()
                   ^^^^^^^^^^^^^^^^^^^^^^^
  File "/home/airflow/.local/lib/python3.12/site-packages/airflow/operators/python.py", line 256, in execute_callable
    return runner.run(*self.op_args, **self.op_kwargs)
           ^^^^^^^^^^^^^^^^^^^^^^^^^^^^^^^^^^^^^^^^^^^
  File "/home/airflow/.local/lib/python3.12/site-packages/airflow/utils/operator_helpers.py", line 252, in run
    return self.func(*args, **kwargs)
           ^^^^^^^^^^^^^^^^^^^^^^^^^^
  File "/opt/airflow/dags/api_etl_pipeline.py", line 34, in _get_aqi_data
    raise ValueError(f"API Error {response.status_code}: {response.text}")
ValueError: API Error 403: {"status":"fail","data":{"message":"Forbidden"}}
[2025-03-31T01:56:18.632+0000] {local_task_job_runner.py:266} INFO - Task exited with return code 1
[2025-03-31T01:56:18.665+0000] {taskinstance.py:3895} INFO - 0 downstream tasks scheduled from follow-on schedule check
[2025-03-31T01:56:18.670+0000] {local_task_job_runner.py:245} INFO - ::endgroup::
