[2025-03-20T07:50:40.595+0000] {local_task_job_runner.py:123} INFO - ::group::Pre task execution logs
[2025-03-20T07:50:40.614+0000] {taskinstance.py:2613} INFO - Dependencies all met for dep_context=non-requeueable deps ti=<TaskInstance: aqi_etl_pipeline.get_aqi_data manual__2025-03-20T07:50:36.622990+00:00 [queued]>
[2025-03-20T07:50:40.625+0000] {taskinstance.py:2613} INFO - Dependencies all met for dep_context=requeueable deps ti=<TaskInstance: aqi_etl_pipeline.get_aqi_data manual__2025-03-20T07:50:36.622990+00:00 [queued]>
[2025-03-20T07:50:40.627+0000] {taskinstance.py:2866} INFO - Starting attempt 1 of 1
[2025-03-20T07:50:40.654+0000] {taskinstance.py:2889} INFO - Executing <Task(PythonOperator): get_aqi_data> on 2025-03-20 07:50:36.622990+00:00
[2025-03-20T07:50:40.679+0000] {standard_task_runner.py:104} INFO - Running: ['***', 'tasks', 'run', 'aqi_etl_pipeline', 'get_aqi_data', 'manual__2025-03-20T07:50:36.622990+00:00', '--job-id', '23', '--raw', '--subdir', 'DAGS_FOLDER/api_etl_pipeline.py', '--cfg-path', '/tmp/tmpbo248s4q']
[2025-03-20T07:50:40.681+0000] {standard_task_runner.py:105} INFO - Job 23: Subtask get_aqi_data
[2025-03-20T07:50:40.685+0000] {logging_mixin.py:190} WARNING - /home/***/.local/lib/python3.12/site-packages/***/task/task_runner/standard_task_runner.py:70 DeprecationWarning: This process (pid=706) is multi-threaded, use of fork() may lead to deadlocks in the child.
[2025-03-20T07:50:40.686+0000] {standard_task_runner.py:72} INFO - Started process 772 to run task
[2025-03-20T07:50:40.744+0000] {task_command.py:467} INFO - Running <TaskInstance: aqi_etl_pipeline.get_aqi_data manual__2025-03-20T07:50:36.622990+00:00 [running]> on host b07fc0dab10d
[2025-03-20T07:50:40.854+0000] {taskinstance.py:3132} INFO - Exporting env vars: AIRFLOW_CTX_DAG_OWNER='***' AIRFLOW_CTX_DAG_ID='aqi_etl_pipeline' AIRFLOW_CTX_TASK_ID='get_aqi_data' AIRFLOW_CTX_EXECUTION_DATE='2025-03-20T07:50:36.622990+00:00' AIRFLOW_CTX_TRY_NUMBER='1' AIRFLOW_CTX_DAG_RUN_ID='manual__2025-03-20T07:50:36.622990+00:00'
[2025-03-20T07:50:40.855+0000] {logging_mixin.py:190} INFO - Task instance is in running state
[2025-03-20T07:50:40.856+0000] {logging_mixin.py:190} INFO -  Previous state of the Task instance: queued
[2025-03-20T07:50:40.857+0000] {logging_mixin.py:190} INFO - Current task name:get_aqi_data state:running start_date:2025-03-20 07:50:40.614969+00:00
[2025-03-20T07:50:40.857+0000] {logging_mixin.py:190} INFO - Dag name:aqi_etl_pipeline and current dag run status:running
[2025-03-20T07:50:40.857+0000] {taskinstance.py:731} INFO - ::endgroup::
[2025-03-20T07:50:41.320+0000] {logging_mixin.py:190} INFO - https://api.airvisual.com/v2/city?city=Bangkok&state=Bangkok&country=Thailand&key=***
[2025-03-20T07:50:41.322+0000] {logging_mixin.py:190} INFO - {'status': 'success', 'data': {'city': 'Bangkok', 'state': 'Bangkok', 'country': 'Thailand', 'location': {'type': 'Point', 'coordinates': [100.4888394, 13.7292915]}, 'current': {'pollution': {'ts': '2025-03-20T07:00:00.000Z', 'aqius': 110, 'mainus': 'p2', 'aqicn': 70, 'maincn': 'p1'}, 'weather': {'ts': '2025-03-20T07:00:00.000Z', 'tp': 34, 'pr': 1013, 'hu': 37, 'ws': 2.65, 'wd': 58, 'ic': '04d'}}}}
[2025-03-20T07:50:41.325+0000] {python.py:240} INFO - Done. Returned value was: None
[2025-03-20T07:50:41.338+0000] {taskinstance.py:340} INFO - ::group::Post task execution logs
[2025-03-20T07:50:41.338+0000] {taskinstance.py:352} INFO - Marking task as SUCCESS. dag_id=aqi_etl_pipeline, task_id=get_aqi_data, run_id=manual__2025-03-20T07:50:36.622990+00:00, execution_date=20250320T075036, start_date=20250320T075040, end_date=20250320T075041
[2025-03-20T07:50:41.354+0000] {logging_mixin.py:190} INFO - Task instance in success state
[2025-03-20T07:50:41.355+0000] {logging_mixin.py:190} INFO -  Previous state of the Task instance: running
[2025-03-20T07:50:41.356+0000] {logging_mixin.py:190} INFO - Dag name:aqi_etl_pipeline queued_at:2025-03-20 07:50:36.666599+00:00
[2025-03-20T07:50:41.357+0000] {logging_mixin.py:190} INFO - Task hostname:b07fc0dab10d operator:PythonOperator
[2025-03-20T07:50:41.385+0000] {local_task_job_runner.py:266} INFO - Task exited with return code 0
[2025-03-20T07:50:41.446+0000] {taskinstance.py:3895} INFO - 0 downstream tasks scheduled from follow-on schedule check
[2025-03-20T07:50:41.473+0000] {local_task_job_runner.py:245} INFO - ::endgroup::
