[2025-03-23T08:13:47.887+0000] {local_task_job_runner.py:123} INFO - ::group::Pre task execution logs
[2025-03-23T08:13:48.051+0000] {taskinstance.py:2613} INFO - Dependencies all met for dep_context=non-requeueable deps ti=<TaskInstance: aqi_etl_pipeline.create_aqi_table scheduled__2025-03-16T00:00:00+00:00 [queued]>
[2025-03-23T08:13:48.274+0000] {taskinstance.py:2613} INFO - Dependencies all met for dep_context=requeueable deps ti=<TaskInstance: aqi_etl_pipeline.create_aqi_table scheduled__2025-03-16T00:00:00+00:00 [queued]>
[2025-03-23T08:13:48.275+0000] {taskinstance.py:2866} INFO - Starting attempt 1 of 1
[2025-03-23T08:13:48.854+0000] {taskinstance.py:2889} INFO - Executing <Task(PythonOperator): create_aqi_table> on 2025-03-16 00:00:00+00:00
[2025-03-23T08:13:48.985+0000] {standard_task_runner.py:104} INFO - Running: ['***', 'tasks', 'run', 'aqi_etl_pipeline', 'create_aqi_table', 'scheduled__2025-03-16T00:00:00+00:00', '--job-id', '233', '--raw', '--subdir', 'DAGS_FOLDER/api_etl_pipeline.py', '--cfg-path', '/tmp/tmpq12pxbql']
[2025-03-23T08:13:49.016+0000] {standard_task_runner.py:105} INFO - Job 233: Subtask create_aqi_table
[2025-03-23T08:13:48.984+0000] {logging_mixin.py:190} WARNING - /home/***/.local/lib/python3.12/site-packages/***/task/task_runner/standard_task_runner.py:70 DeprecationWarning: This process (pid=29962) is multi-threaded, use of fork() may lead to deadlocks in the child.
[2025-03-23T08:13:49.025+0000] {standard_task_runner.py:72} INFO - Started process 30102 to run task
[2025-03-23T08:13:49.633+0000] {task_command.py:467} INFO - Running <TaskInstance: aqi_etl_pipeline.create_aqi_table scheduled__2025-03-16T00:00:00+00:00 [running]> on host ed55a332e3f9
[2025-03-23T08:13:50.365+0000] {taskinstance.py:3132} INFO - Exporting env vars: AIRFLOW_CTX_DAG_OWNER='***' AIRFLOW_CTX_DAG_ID='aqi_etl_pipeline' AIRFLOW_CTX_TASK_ID='create_aqi_table' AIRFLOW_CTX_EXECUTION_DATE='2025-03-16T00:00:00+00:00' AIRFLOW_CTX_TRY_NUMBER='1' AIRFLOW_CTX_DAG_RUN_ID='scheduled__2025-03-16T00:00:00+00:00'
[2025-03-23T08:13:50.368+0000] {logging_mixin.py:190} INFO - Task instance is in running state
[2025-03-23T08:13:50.391+0000] {logging_mixin.py:190} INFO -  Previous state of the Task instance: queued
[2025-03-23T08:13:50.392+0000] {logging_mixin.py:190} INFO - Current task name:create_aqi_table state:running start_date:2025-03-23 08:13:48.077656+00:00
[2025-03-23T08:13:50.392+0000] {logging_mixin.py:190} INFO - Dag name:aqi_etl_pipeline and current dag run status:running
[2025-03-23T08:13:50.396+0000] {taskinstance.py:731} INFO - ::endgroup::
[2025-03-23T08:13:50.447+0000] {base.py:84} INFO - Retrieving connection '***_default'
[2025-03-23T08:13:50.525+0000] {python.py:240} INFO - Done. Returned value was: None
[2025-03-23T08:13:50.617+0000] {taskinstance.py:340} INFO - ::group::Post task execution logs
[2025-03-23T08:13:50.626+0000] {taskinstance.py:352} INFO - Marking task as SUCCESS. dag_id=aqi_etl_pipeline, task_id=create_aqi_table, run_id=scheduled__2025-03-16T00:00:00+00:00, execution_date=20250316T000000, start_date=20250323T081348, end_date=20250323T081350
[2025-03-23T08:13:50.746+0000] {logging_mixin.py:190} INFO - Task instance in success state
[2025-03-23T08:13:50.748+0000] {logging_mixin.py:190} INFO -  Previous state of the Task instance: running
[2025-03-23T08:13:50.748+0000] {logging_mixin.py:190} INFO - Dag name:aqi_etl_pipeline queued_at:2025-03-23 08:13:32.833779+00:00
[2025-03-23T08:13:50.752+0000] {logging_mixin.py:190} INFO - Task hostname:ed55a332e3f9 operator:PythonOperator
[2025-03-23T08:13:50.989+0000] {local_task_job_runner.py:266} INFO - Task exited with return code 0
[2025-03-23T08:13:51.057+0000] {local_task_job_runner.py:245} INFO - ::endgroup::
