[2025-03-31T07:39:45.629+0000] {local_task_job_runner.py:123} INFO - ::group::Pre task execution logs
[2025-03-31T07:39:45.661+0000] {taskinstance.py:2613} INFO - Dependencies all met for dep_context=non-requeueable deps ti=<TaskInstance: aqi_etl_pipeline.aqi_tasks_group.load_aqi_to_postgres_Bangkok manual__2025-03-31T07:39:31.535547+00:00 [queued]>
[2025-03-31T07:39:45.698+0000] {taskinstance.py:2613} INFO - Dependencies all met for dep_context=requeueable deps ti=<TaskInstance: aqi_etl_pipeline.aqi_tasks_group.load_aqi_to_postgres_Bangkok manual__2025-03-31T07:39:31.535547+00:00 [queued]>
[2025-03-31T07:39:45.702+0000] {taskinstance.py:2866} INFO - Starting attempt 1 of 4
[2025-03-31T07:39:45.747+0000] {taskinstance.py:2889} INFO - Executing <Task(PythonOperator): aqi_tasks_group.load_aqi_to_postgres_Bangkok> on 2025-03-31 07:39:31.535547+00:00
[2025-03-31T07:39:45.781+0000] {standard_task_runner.py:104} INFO - Running: ['***', 'tasks', 'run', 'aqi_etl_pipeline', 'aqi_tasks_group.load_aqi_to_postgres_Bangkok', 'manual__2025-03-31T07:39:31.535547+00:00', '--job-id', '950', '--raw', '--subdir', 'DAGS_FOLDER/api_etl_pipeline.py', '--cfg-path', '/tmp/tmp3_b2n7hl']
[2025-03-31T07:39:45.791+0000] {standard_task_runner.py:105} INFO - Job 950: Subtask aqi_tasks_group.load_aqi_to_postgres_Bangkok
[2025-03-31T07:39:45.804+0000] {logging_mixin.py:190} WARNING - /home/***/.local/lib/python3.12/site-packages/***/task/task_runner/standard_task_runner.py:70 DeprecationWarning: This process (pid=13246) is multi-threaded, use of fork() may lead to deadlocks in the child.
[2025-03-31T07:39:45.809+0000] {standard_task_runner.py:72} INFO - Started process 13261 to run task
[2025-03-31T07:39:46.002+0000] {task_command.py:467} INFO - Running <TaskInstance: aqi_etl_pipeline.aqi_tasks_group.load_aqi_to_postgres_Bangkok manual__2025-03-31T07:39:31.535547+00:00 [running]> on host 0c0dca5804dc
[2025-03-31T07:39:46.257+0000] {taskinstance.py:3132} INFO - Exporting env vars: AIRFLOW_CTX_DAG_OWNER='***' AIRFLOW_CTX_DAG_ID='aqi_etl_pipeline' AIRFLOW_CTX_TASK_ID='aqi_tasks_group.load_aqi_to_postgres_Bangkok' AIRFLOW_CTX_EXECUTION_DATE='2025-03-31T07:39:31.535547+00:00' AIRFLOW_CTX_TRY_NUMBER='1' AIRFLOW_CTX_DAG_RUN_ID='manual__2025-03-31T07:39:31.535547+00:00'
[2025-03-31T07:39:46.260+0000] {logging_mixin.py:190} INFO - Task instance is in running state
[2025-03-31T07:39:46.263+0000] {logging_mixin.py:190} INFO -  Previous state of the Task instance: queued
[2025-03-31T07:39:46.265+0000] {logging_mixin.py:190} INFO - Current task name:aqi_tasks_group.load_aqi_to_postgres_Bangkok state:running start_date:2025-03-31 07:39:45.662907+00:00
[2025-03-31T07:39:46.268+0000] {logging_mixin.py:190} INFO - Dag name:aqi_etl_pipeline and current dag run status:running
[2025-03-31T07:39:46.270+0000] {taskinstance.py:731} INFO - ::endgroup::
[2025-03-31T07:39:46.310+0000] {base.py:84} INFO - Retrieving connection '***_default'
[2025-03-31T07:39:46.333+0000] {python.py:240} INFO - Done. Returned value was: None
[2025-03-31T07:39:46.374+0000] {taskinstance.py:340} INFO - ::group::Post task execution logs
[2025-03-31T07:39:46.382+0000] {taskinstance.py:352} INFO - Marking task as SUCCESS. dag_id=aqi_etl_pipeline, task_id=aqi_tasks_group.load_aqi_to_***_Bangkok, run_id=manual__2025-03-31T07:39:31.535547+00:00, execution_date=20250331T073931, start_date=20250331T073945, end_date=20250331T073946
[2025-03-31T07:39:46.424+0000] {logging_mixin.py:190} INFO - Task instance in success state
[2025-03-31T07:39:46.425+0000] {logging_mixin.py:190} INFO -  Previous state of the Task instance: running
[2025-03-31T07:39:46.426+0000] {logging_mixin.py:190} INFO - Dag name:aqi_etl_pipeline queued_at:2025-03-31 07:39:31.549241+00:00
[2025-03-31T07:39:46.427+0000] {logging_mixin.py:190} INFO - Task hostname:0c0dca5804dc operator:PythonOperator
[2025-03-31T07:39:46.456+0000] {local_task_job_runner.py:266} INFO - Task exited with return code 0
[2025-03-31T07:39:46.502+0000] {taskinstance.py:3895} INFO - 0 downstream tasks scheduled from follow-on schedule check
[2025-03-31T07:39:46.506+0000] {local_task_job_runner.py:245} INFO - ::endgroup::
