[2025-03-30T10:10:14.484+0000] {local_task_job_runner.py:123} INFO - ::group::Pre task execution logs
[2025-03-30T10:10:14.546+0000] {taskinstance.py:2613} INFO - Dependencies all met for dep_context=non-requeueable deps ti=<TaskInstance: aqi_etl_pipeline.get_aqi_data_Bang_Na manual__2025-03-30T10:10:06.781563+00:00 [queued]>
[2025-03-30T10:10:14.588+0000] {taskinstance.py:2613} INFO - Dependencies all met for dep_context=requeueable deps ti=<TaskInstance: aqi_etl_pipeline.get_aqi_data_Bang_Na manual__2025-03-30T10:10:06.781563+00:00 [queued]>
[2025-03-30T10:10:14.588+0000] {taskinstance.py:2866} INFO - Starting attempt 1 of 1
[2025-03-30T10:10:14.657+0000] {taskinstance.py:2889} INFO - Executing <Task(PythonOperator): get_aqi_data_Bang_Na> on 2025-03-30 10:10:06.781563+00:00
[2025-03-30T10:10:14.721+0000] {standard_task_runner.py:104} INFO - Running: ['***', 'tasks', 'run', 'aqi_etl_pipeline', 'get_aqi_data_Bang_Na', 'manual__2025-03-30T10:10:06.781563+00:00', '--job-id', '437', '--raw', '--subdir', 'DAGS_FOLDER/api_etl_pipeline.py', '--cfg-path', '/tmp/tmpsu8myzpx']
[2025-03-30T10:10:14.730+0000] {standard_task_runner.py:105} INFO - Job 437: Subtask get_aqi_data_Bang_Na
[2025-03-30T10:10:14.725+0000] {logging_mixin.py:190} WARNING - /home/***/.local/lib/python3.12/site-packages/***/task/task_runner/standard_task_runner.py:70 DeprecationWarning: This process (pid=35901) is multi-threaded, use of fork() may lead to deadlocks in the child.
[2025-03-30T10:10:14.739+0000] {standard_task_runner.py:72} INFO - Started process 35978 to run task
[2025-03-30T10:10:15.132+0000] {task_command.py:467} INFO - Running <TaskInstance: aqi_etl_pipeline.get_aqi_data_Bang_Na manual__2025-03-30T10:10:06.781563+00:00 [running]> on host 58b9640d9ecf
[2025-03-30T10:10:15.545+0000] {taskinstance.py:3132} INFO - Exporting env vars: AIRFLOW_CTX_DAG_OWNER='***' AIRFLOW_CTX_DAG_ID='aqi_etl_pipeline' AIRFLOW_CTX_TASK_ID='get_aqi_data_Bang_Na' AIRFLOW_CTX_EXECUTION_DATE='2025-03-30T10:10:06.781563+00:00' AIRFLOW_CTX_TRY_NUMBER='1' AIRFLOW_CTX_DAG_RUN_ID='manual__2025-03-30T10:10:06.781563+00:00'
[2025-03-30T10:10:15.550+0000] {logging_mixin.py:190} INFO - Task instance is in running state
[2025-03-30T10:10:15.553+0000] {logging_mixin.py:190} INFO -  Previous state of the Task instance: queued
[2025-03-30T10:10:15.553+0000] {logging_mixin.py:190} INFO - Current task name:get_aqi_data_Bang_Na state:running start_date:2025-03-30 10:10:14.546605+00:00
[2025-03-30T10:10:15.554+0000] {logging_mixin.py:190} INFO - Dag name:aqi_etl_pipeline and current dag run status:running
[2025-03-30T10:10:15.554+0000] {taskinstance.py:731} INFO - ::endgroup::
[2025-03-30T10:10:16.145+0000] {logging_mixin.py:190} INFO - API URL: https://api.airvisual.com/v2/city?city=Bang_Na&state=Bangkok&country=Thailand&key=***
[2025-03-30T10:10:16.146+0000] {logging_mixin.py:190} INFO - Response Status Code: 400
[2025-03-30T10:10:16.146+0000] {logging_mixin.py:190} INFO - Response Text: {"status":"fail","data":{"message":"city_not_found"}}
[2025-03-30T10:10:16.147+0000] {logging_mixin.py:190} INFO - Parsed JSON: {
  "status": "fail",
  "data": {
    "message": "city_not_found"
  }
}
[2025-03-30T10:10:16.153+0000] {python.py:240} INFO - Done. Returned value was: None
[2025-03-30T10:10:16.178+0000] {taskinstance.py:340} INFO - ::group::Post task execution logs
[2025-03-30T10:10:16.179+0000] {taskinstance.py:352} INFO - Marking task as SUCCESS. dag_id=aqi_etl_pipeline, task_id=get_aqi_data_Bang_Na, run_id=manual__2025-03-30T10:10:06.781563+00:00, execution_date=20250330T101006, start_date=20250330T101014, end_date=20250330T101016
[2025-03-30T10:10:16.196+0000] {logging_mixin.py:190} INFO - Task instance in success state
[2025-03-30T10:10:16.198+0000] {logging_mixin.py:190} INFO -  Previous state of the Task instance: running
[2025-03-30T10:10:16.199+0000] {logging_mixin.py:190} INFO - Dag name:aqi_etl_pipeline queued_at:2025-03-30 10:10:06.792647+00:00
[2025-03-30T10:10:16.199+0000] {logging_mixin.py:190} INFO - Task hostname:58b9640d9ecf operator:PythonOperator
[2025-03-30T10:10:16.242+0000] {local_task_job_runner.py:266} INFO - Task exited with return code 0
[2025-03-30T10:10:16.266+0000] {local_task_job_runner.py:245} INFO - ::endgroup::
