[2025-03-23T06:45:44.146+0000] {local_task_job_runner.py:123} INFO - ::group::Pre task execution logs
[2025-03-23T06:45:44.402+0000] {taskinstance.py:2613} INFO - Dependencies all met for dep_context=non-requeueable deps ti=<TaskInstance: aqi_etl_pipeline.get_aqi_data scheduled__2025-03-22T00:00:00+00:00 [queued]>
[2025-03-23T06:45:44.580+0000] {taskinstance.py:2613} INFO - Dependencies all met for dep_context=requeueable deps ti=<TaskInstance: aqi_etl_pipeline.get_aqi_data scheduled__2025-03-22T00:00:00+00:00 [queued]>
[2025-03-23T06:45:44.585+0000] {taskinstance.py:2866} INFO - Starting attempt 1 of 1
[2025-03-23T06:45:44.913+0000] {taskinstance.py:2889} INFO - Executing <Task(PythonOperator): get_aqi_data> on 2025-03-22 00:00:00+00:00
[2025-03-23T06:45:45.029+0000] {standard_task_runner.py:104} INFO - Running: ['***', 'tasks', 'run', 'aqi_etl_pipeline', 'get_aqi_data', 'scheduled__2025-03-22T00:00:00+00:00', '--job-id', '95', '--raw', '--subdir', 'DAGS_FOLDER/api_etl_pipeline.py', '--cfg-path', '/tmp/tmphjl9zhh3']
[2025-03-23T06:45:45.046+0000] {standard_task_runner.py:105} INFO - Job 95: Subtask get_aqi_data
[2025-03-23T06:45:45.074+0000] {logging_mixin.py:190} WARNING - /home/***/.local/lib/python3.12/site-packages/***/task/task_runner/standard_task_runner.py:70 DeprecationWarning: This process (pid=224) is multi-threaded, use of fork() may lead to deadlocks in the child.
[2025-03-23T06:45:45.080+0000] {standard_task_runner.py:72} INFO - Started process 321 to run task
[2025-03-23T06:45:45.539+0000] {task_command.py:467} INFO - Running <TaskInstance: aqi_etl_pipeline.get_aqi_data scheduled__2025-03-22T00:00:00+00:00 [running]> on host 786551ffa427
[2025-03-23T06:45:46.030+0000] {taskinstance.py:3132} INFO - Exporting env vars: AIRFLOW_CTX_DAG_OWNER='***' AIRFLOW_CTX_DAG_ID='aqi_etl_pipeline' AIRFLOW_CTX_TASK_ID='get_aqi_data' AIRFLOW_CTX_EXECUTION_DATE='2025-03-22T00:00:00+00:00' AIRFLOW_CTX_TRY_NUMBER='1' AIRFLOW_CTX_DAG_RUN_ID='scheduled__2025-03-22T00:00:00+00:00'
[2025-03-23T06:45:46.033+0000] {logging_mixin.py:190} INFO - Task instance is in running state
[2025-03-23T06:45:46.033+0000] {logging_mixin.py:190} INFO -  Previous state of the Task instance: queued
[2025-03-23T06:45:46.033+0000] {logging_mixin.py:190} INFO - Current task name:get_aqi_data state:running start_date:2025-03-23 06:45:44.415928+00:00
[2025-03-23T06:45:46.034+0000] {logging_mixin.py:190} INFO - Dag name:aqi_etl_pipeline and current dag run status:running
[2025-03-23T06:45:46.034+0000] {taskinstance.py:731} INFO - ::endgroup::
[2025-03-23T06:45:46.705+0000] {logging_mixin.py:190} INFO - https://api.airvisual.com/v2/city?city=Bangkok&state=Bangkok&country=Thailand&key=***
[2025-03-23T06:45:46.708+0000] {logging_mixin.py:190} INFO - {'status': 'success', 'data': {'city': 'Bangkok', 'state': 'Bangkok', 'country': 'Thailand', 'location': {'type': 'Point', 'coordinates': [100.4888394, 13.7292915]}, 'current': {'pollution': {'ts': '2025-03-23T06:00:00.000Z', 'aqius': 155, 'mainus': 'p2', 'aqicn': 83, 'maincn': 'p2'}, 'weather': {'ts': '2025-03-23T06:00:00.000Z', 'tp': 34, 'pr': 1011, 'hu': 41, 'ws': 1.13, 'wd': 113, 'ic': '01d'}}}}
[2025-03-23T06:45:46.713+0000] {python.py:240} INFO - Done. Returned value was: None
[2025-03-23T06:45:46.747+0000] {taskinstance.py:340} INFO - ::group::Post task execution logs
[2025-03-23T06:45:46.748+0000] {taskinstance.py:352} INFO - Marking task as SUCCESS. dag_id=aqi_etl_pipeline, task_id=get_aqi_data, run_id=scheduled__2025-03-22T00:00:00+00:00, execution_date=20250322T000000, start_date=20250323T064544, end_date=20250323T064546
[2025-03-23T06:45:46.805+0000] {logging_mixin.py:190} INFO - Task instance in success state
[2025-03-23T06:45:46.808+0000] {logging_mixin.py:190} INFO -  Previous state of the Task instance: running
[2025-03-23T06:45:46.808+0000] {logging_mixin.py:190} INFO - Dag name:aqi_etl_pipeline queued_at:2025-03-23 06:45:26.384021+00:00
[2025-03-23T06:45:46.811+0000] {logging_mixin.py:190} INFO - Task hostname:786551ffa427 operator:PythonOperator
[2025-03-23T06:45:46.898+0000] {local_task_job_runner.py:266} INFO - Task exited with return code 0
[2025-03-23T06:45:47.182+0000] {taskinstance.py:3895} INFO - 1 downstream tasks scheduled from follow-on schedule check
[2025-03-23T06:45:47.242+0000] {local_task_job_runner.py:245} INFO - ::endgroup::
[2025-03-23T08:13:58.954+0000] {local_task_job_runner.py:123} INFO - ::group::Pre task execution logs
[2025-03-23T08:13:59.118+0000] {taskinstance.py:2613} INFO - Dependencies all met for dep_context=non-requeueable deps ti=<TaskInstance: aqi_etl_pipeline.get_aqi_data scheduled__2025-03-22T00:00:00+00:00 [queued]>
[2025-03-23T08:13:59.258+0000] {taskinstance.py:2613} INFO - Dependencies all met for dep_context=requeueable deps ti=<TaskInstance: aqi_etl_pipeline.get_aqi_data scheduled__2025-03-22T00:00:00+00:00 [queued]>
[2025-03-23T08:13:59.261+0000] {taskinstance.py:2866} INFO - Starting attempt 1 of 1
[2025-03-23T08:14:00.095+0000] {taskinstance.py:2889} INFO - Executing <Task(PythonOperator): get_aqi_data> on 2025-03-22 00:00:00+00:00
[2025-03-23T08:14:00.219+0000] {logging_mixin.py:190} WARNING - /home/***/.local/lib/python3.12/site-packages/***/task/task_runner/standard_task_runner.py:70 DeprecationWarning: This process (pid=30076) is multi-threaded, use of fork() may lead to deadlocks in the child.
[2025-03-23T08:14:00.238+0000] {standard_task_runner.py:72} INFO - Started process 30149 to run task
[2025-03-23T08:14:00.241+0000] {standard_task_runner.py:104} INFO - Running: ['***', 'tasks', 'run', 'aqi_etl_pipeline', 'get_aqi_data', 'scheduled__2025-03-22T00:00:00+00:00', '--job-id', '239', '--raw', '--subdir', 'DAGS_FOLDER/api_etl_pipeline.py', '--cfg-path', '/tmp/tmp5rumk6gq']
[2025-03-23T08:14:00.262+0000] {standard_task_runner.py:105} INFO - Job 239: Subtask get_aqi_data
[2025-03-23T08:14:00.701+0000] {task_command.py:467} INFO - Running <TaskInstance: aqi_etl_pipeline.get_aqi_data scheduled__2025-03-22T00:00:00+00:00 [running]> on host ed55a332e3f9
[2025-03-23T08:14:01.797+0000] {taskinstance.py:3132} INFO - Exporting env vars: AIRFLOW_CTX_DAG_OWNER='***' AIRFLOW_CTX_DAG_ID='aqi_etl_pipeline' AIRFLOW_CTX_TASK_ID='get_aqi_data' AIRFLOW_CTX_EXECUTION_DATE='2025-03-22T00:00:00+00:00' AIRFLOW_CTX_TRY_NUMBER='1' AIRFLOW_CTX_DAG_RUN_ID='scheduled__2025-03-22T00:00:00+00:00'
[2025-03-23T08:14:01.798+0000] {logging_mixin.py:190} INFO - Task instance is in running state
[2025-03-23T08:14:01.802+0000] {logging_mixin.py:190} INFO -  Previous state of the Task instance: queued
[2025-03-23T08:14:01.802+0000] {logging_mixin.py:190} INFO - Current task name:get_aqi_data state:running start_date:2025-03-23 08:13:59.136161+00:00
[2025-03-23T08:14:01.803+0000] {logging_mixin.py:190} INFO - Dag name:aqi_etl_pipeline and current dag run status:running
[2025-03-23T08:14:01.804+0000] {taskinstance.py:731} INFO - ::endgroup::
[2025-03-23T08:14:02.716+0000] {logging_mixin.py:190} INFO - https://api.airvisual.com/v2/city?city=Bangkok&state=Bangkok&country=Thailand&key=***
[2025-03-23T08:14:02.754+0000] {logging_mixin.py:190} INFO - {'status': 'fail', 'data': {'message': 'Too Many Requests'}}
[2025-03-23T08:14:02.787+0000] {python.py:240} INFO - Done. Returned value was: None
[2025-03-23T08:14:02.847+0000] {taskinstance.py:340} INFO - ::group::Post task execution logs
[2025-03-23T08:14:02.855+0000] {taskinstance.py:352} INFO - Marking task as SUCCESS. dag_id=aqi_etl_pipeline, task_id=get_aqi_data, run_id=scheduled__2025-03-22T00:00:00+00:00, execution_date=20250322T000000, start_date=20250323T081359, end_date=20250323T081402
[2025-03-23T08:14:02.978+0000] {logging_mixin.py:190} INFO - Task instance in success state
[2025-03-23T08:14:02.978+0000] {logging_mixin.py:190} INFO -  Previous state of the Task instance: running
[2025-03-23T08:14:02.978+0000] {logging_mixin.py:190} INFO - Dag name:aqi_etl_pipeline queued_at:2025-03-23 08:13:40.148455+00:00
[2025-03-23T08:14:02.979+0000] {logging_mixin.py:190} INFO - Task hostname:ed55a332e3f9 operator:PythonOperator
[2025-03-23T08:14:03.146+0000] {local_task_job_runner.py:266} INFO - Task exited with return code 0
[2025-03-23T08:14:03.407+0000] {taskinstance.py:3895} INFO - 1 downstream tasks scheduled from follow-on schedule check
[2025-03-23T08:14:03.411+0000] {local_task_job_runner.py:245} INFO - ::endgroup::
