[2025-03-23T06:45:43.833+0000] {local_task_job_runner.py:123} INFO - ::group::Pre task execution logs
[2025-03-23T06:45:43.952+0000] {taskinstance.py:2613} INFO - Dependencies all met for dep_context=non-requeueable deps ti=<TaskInstance: aqi_etl_pipeline.get_aqi_data scheduled__2025-03-21T00:00:00+00:00 [queued]>
[2025-03-23T06:45:44.007+0000] {taskinstance.py:2613} INFO - Dependencies all met for dep_context=requeueable deps ti=<TaskInstance: aqi_etl_pipeline.get_aqi_data scheduled__2025-03-21T00:00:00+00:00 [queued]>
[2025-03-23T06:45:44.010+0000] {taskinstance.py:2866} INFO - Starting attempt 1 of 1
[2025-03-23T06:45:44.128+0000] {taskinstance.py:2889} INFO - Executing <Task(PythonOperator): get_aqi_data> on 2025-03-21 00:00:00+00:00
[2025-03-23T06:45:44.302+0000] {standard_task_runner.py:104} INFO - Running: ['***', 'tasks', 'run', 'aqi_etl_pipeline', 'get_aqi_data', 'scheduled__2025-03-21T00:00:00+00:00', '--job-id', '94', '--raw', '--subdir', 'DAGS_FOLDER/api_etl_pipeline.py', '--cfg-path', '/tmp/tmpmw8srvb9']
[2025-03-23T06:45:44.316+0000] {standard_task_runner.py:105} INFO - Job 94: Subtask get_aqi_data
[2025-03-23T06:45:44.308+0000] {logging_mixin.py:190} WARNING - /home/***/.local/lib/python3.12/site-packages/***/task/task_runner/standard_task_runner.py:70 DeprecationWarning: This process (pid=222) is multi-threaded, use of fork() may lead to deadlocks in the child.
[2025-03-23T06:45:44.318+0000] {standard_task_runner.py:72} INFO - Started process 315 to run task
[2025-03-23T06:45:44.868+0000] {task_command.py:467} INFO - Running <TaskInstance: aqi_etl_pipeline.get_aqi_data scheduled__2025-03-21T00:00:00+00:00 [running]> on host 786551ffa427
[2025-03-23T06:45:45.657+0000] {taskinstance.py:3132} INFO - Exporting env vars: AIRFLOW_CTX_DAG_OWNER='***' AIRFLOW_CTX_DAG_ID='aqi_etl_pipeline' AIRFLOW_CTX_TASK_ID='get_aqi_data' AIRFLOW_CTX_EXECUTION_DATE='2025-03-21T00:00:00+00:00' AIRFLOW_CTX_TRY_NUMBER='1' AIRFLOW_CTX_DAG_RUN_ID='scheduled__2025-03-21T00:00:00+00:00'
[2025-03-23T06:45:45.666+0000] {logging_mixin.py:190} INFO - Task instance is in running state
[2025-03-23T06:45:45.667+0000] {logging_mixin.py:190} INFO -  Previous state of the Task instance: queued
[2025-03-23T06:45:45.668+0000] {logging_mixin.py:190} INFO - Current task name:get_aqi_data state:running start_date:2025-03-23 06:45:43.956477+00:00
[2025-03-23T06:45:45.672+0000] {logging_mixin.py:190} INFO - Dag name:aqi_etl_pipeline and current dag run status:running
[2025-03-23T06:45:45.672+0000] {taskinstance.py:731} INFO - ::endgroup::
[2025-03-23T06:45:46.772+0000] {logging_mixin.py:190} INFO - https://api.airvisual.com/v2/city?city=Bangkok&state=Bangkok&country=Thailand&key=***
[2025-03-23T06:45:46.776+0000] {logging_mixin.py:190} INFO - {'status': 'success', 'data': {'city': 'Bangkok', 'state': 'Bangkok', 'country': 'Thailand', 'location': {'type': 'Point', 'coordinates': [100.4888394, 13.7292915]}, 'current': {'pollution': {'ts': '2025-03-23T06:00:00.000Z', 'aqius': 155, 'mainus': 'p2', 'aqicn': 83, 'maincn': 'p2'}, 'weather': {'ts': '2025-03-23T06:00:00.000Z', 'tp': 34, 'pr': 1011, 'hu': 41, 'ws': 1.13, 'wd': 113, 'ic': '01d'}}}}
[2025-03-23T06:45:46.791+0000] {python.py:240} INFO - Done. Returned value was: None
[2025-03-23T06:45:46.869+0000] {taskinstance.py:340} INFO - ::group::Post task execution logs
[2025-03-23T06:45:46.872+0000] {taskinstance.py:352} INFO - Marking task as SUCCESS. dag_id=aqi_etl_pipeline, task_id=get_aqi_data, run_id=scheduled__2025-03-21T00:00:00+00:00, execution_date=20250321T000000, start_date=20250323T064543, end_date=20250323T064546
[2025-03-23T06:45:47.062+0000] {logging_mixin.py:190} INFO - Task instance in success state
[2025-03-23T06:45:47.066+0000] {logging_mixin.py:190} INFO -  Previous state of the Task instance: running
[2025-03-23T06:45:47.073+0000] {logging_mixin.py:190} INFO - Dag name:aqi_etl_pipeline queued_at:2025-03-23 06:45:26.135029+00:00
[2025-03-23T06:45:47.089+0000] {logging_mixin.py:190} INFO - Task hostname:786551ffa427 operator:PythonOperator
[2025-03-23T06:45:47.275+0000] {local_task_job_runner.py:266} INFO - Task exited with return code 0
[2025-03-23T06:45:47.452+0000] {taskinstance.py:3895} INFO - 1 downstream tasks scheduled from follow-on schedule check
[2025-03-23T06:45:47.456+0000] {local_task_job_runner.py:245} INFO - ::endgroup::
[2025-03-23T08:13:59.912+0000] {local_task_job_runner.py:123} INFO - ::group::Pre task execution logs
[2025-03-23T08:14:00.033+0000] {taskinstance.py:2613} INFO - Dependencies all met for dep_context=non-requeueable deps ti=<TaskInstance: aqi_etl_pipeline.get_aqi_data scheduled__2025-03-21T00:00:00+00:00 [queued]>
[2025-03-23T08:14:00.121+0000] {taskinstance.py:2613} INFO - Dependencies all met for dep_context=requeueable deps ti=<TaskInstance: aqi_etl_pipeline.get_aqi_data scheduled__2025-03-21T00:00:00+00:00 [queued]>
[2025-03-23T08:14:00.133+0000] {taskinstance.py:2866} INFO - Starting attempt 1 of 1
[2025-03-23T08:14:00.281+0000] {taskinstance.py:2889} INFO - Executing <Task(PythonOperator): get_aqi_data> on 2025-03-21 00:00:00+00:00
[2025-03-23T08:14:00.466+0000] {standard_task_runner.py:104} INFO - Running: ['***', 'tasks', 'run', 'aqi_etl_pipeline', 'get_aqi_data', 'scheduled__2025-03-21T00:00:00+00:00', '--job-id', '241', '--raw', '--subdir', 'DAGS_FOLDER/api_etl_pipeline.py', '--cfg-path', '/tmp/tmpotdj7ll7']
[2025-03-23T08:14:00.485+0000] {standard_task_runner.py:105} INFO - Job 241: Subtask get_aqi_data
[2025-03-23T08:14:00.471+0000] {logging_mixin.py:190} WARNING - /home/***/.local/lib/python3.12/site-packages/***/task/task_runner/standard_task_runner.py:70 DeprecationWarning: This process (pid=30074) is multi-threaded, use of fork() may lead to deadlocks in the child.
[2025-03-23T08:14:00.502+0000] {standard_task_runner.py:72} INFO - Started process 30152 to run task
[2025-03-23T08:14:01.096+0000] {task_command.py:467} INFO - Running <TaskInstance: aqi_etl_pipeline.get_aqi_data scheduled__2025-03-21T00:00:00+00:00 [running]> on host ed55a332e3f9
[2025-03-23T08:14:01.698+0000] {taskinstance.py:3132} INFO - Exporting env vars: AIRFLOW_CTX_DAG_OWNER='***' AIRFLOW_CTX_DAG_ID='aqi_etl_pipeline' AIRFLOW_CTX_TASK_ID='get_aqi_data' AIRFLOW_CTX_EXECUTION_DATE='2025-03-21T00:00:00+00:00' AIRFLOW_CTX_TRY_NUMBER='1' AIRFLOW_CTX_DAG_RUN_ID='scheduled__2025-03-21T00:00:00+00:00'
[2025-03-23T08:14:01.701+0000] {logging_mixin.py:190} INFO - Task instance is in running state
[2025-03-23T08:14:01.704+0000] {logging_mixin.py:190} INFO -  Previous state of the Task instance: queued
[2025-03-23T08:14:01.705+0000] {logging_mixin.py:190} INFO - Current task name:get_aqi_data state:running start_date:2025-03-23 08:14:00.034085+00:00
[2025-03-23T08:14:01.707+0000] {logging_mixin.py:190} INFO - Dag name:aqi_etl_pipeline and current dag run status:running
[2025-03-23T08:14:01.707+0000] {taskinstance.py:731} INFO - ::endgroup::
[2025-03-23T08:14:02.662+0000] {logging_mixin.py:190} INFO - https://api.airvisual.com/v2/city?city=Bangkok&state=Bangkok&country=Thailand&key=***
[2025-03-23T08:14:02.684+0000] {logging_mixin.py:190} INFO - {'status': 'fail', 'data': {'message': 'Too Many Requests'}}
[2025-03-23T08:14:02.727+0000] {python.py:240} INFO - Done. Returned value was: None
[2025-03-23T08:14:02.827+0000] {taskinstance.py:340} INFO - ::group::Post task execution logs
[2025-03-23T08:14:02.831+0000] {taskinstance.py:352} INFO - Marking task as SUCCESS. dag_id=aqi_etl_pipeline, task_id=get_aqi_data, run_id=scheduled__2025-03-21T00:00:00+00:00, execution_date=20250321T000000, start_date=20250323T081400, end_date=20250323T081402
[2025-03-23T08:14:02.926+0000] {logging_mixin.py:190} INFO - Task instance in success state
[2025-03-23T08:14:02.930+0000] {logging_mixin.py:190} INFO -  Previous state of the Task instance: running
[2025-03-23T08:14:02.938+0000] {logging_mixin.py:190} INFO - Dag name:aqi_etl_pipeline queued_at:2025-03-23 08:13:38.446162+00:00
[2025-03-23T08:14:02.938+0000] {logging_mixin.py:190} INFO - Task hostname:ed55a332e3f9 operator:PythonOperator
[2025-03-23T08:14:03.113+0000] {local_task_job_runner.py:266} INFO - Task exited with return code 0
[2025-03-23T08:14:03.201+0000] {local_task_job_runner.py:245} INFO - ::endgroup::
