[2025-03-30T10:05:19.872+0000] {local_task_job_runner.py:123} INFO - ::group::Pre task execution logs
[2025-03-30T10:05:19.896+0000] {taskinstance.py:2613} INFO - Dependencies all met for dep_context=non-requeueable deps ti=<TaskInstance: aqi_etl_pipeline.get_aqi_data_Bangkok_Noi manual__2025-03-30T10:05:12.353134+00:00 [queued]>
[2025-03-30T10:05:19.909+0000] {taskinstance.py:2613} INFO - Dependencies all met for dep_context=requeueable deps ti=<TaskInstance: aqi_etl_pipeline.get_aqi_data_Bangkok_Noi manual__2025-03-30T10:05:12.353134+00:00 [queued]>
[2025-03-30T10:05:19.910+0000] {taskinstance.py:2866} INFO - Starting attempt 1 of 1
[2025-03-30T10:05:19.929+0000] {taskinstance.py:2889} INFO - Executing <Task(PythonOperator): get_aqi_data_Bangkok_Noi> on 2025-03-30 10:05:12.353134+00:00
[2025-03-30T10:05:19.971+0000] {standard_task_runner.py:104} INFO - Running: ['***', 'tasks', 'run', 'aqi_etl_pipeline', 'get_aqi_data_Bangkok_Noi', 'manual__2025-03-30T10:05:12.353134+00:00', '--job-id', '428', '--raw', '--subdir', 'DAGS_FOLDER/api_etl_pipeline.py', '--cfg-path', '/tmp/tmptwu3a7v8']
[2025-03-30T10:05:19.973+0000] {standard_task_runner.py:105} INFO - Job 428: Subtask get_aqi_data_Bangkok_Noi
[2025-03-30T10:05:19.970+0000] {logging_mixin.py:190} WARNING - /home/***/.local/lib/python3.12/site-packages/***/task/task_runner/standard_task_runner.py:70 DeprecationWarning: This process (pid=33075) is multi-threaded, use of fork() may lead to deadlocks in the child.
[2025-03-30T10:05:19.976+0000] {standard_task_runner.py:72} INFO - Started process 33093 to run task
[2025-03-30T10:05:20.095+0000] {task_command.py:467} INFO - Running <TaskInstance: aqi_etl_pipeline.get_aqi_data_Bangkok_Noi manual__2025-03-30T10:05:12.353134+00:00 [running]> on host 58b9640d9ecf
[2025-03-30T10:05:20.310+0000] {taskinstance.py:3132} INFO - Exporting env vars: AIRFLOW_CTX_DAG_OWNER='***' AIRFLOW_CTX_DAG_ID='aqi_etl_pipeline' AIRFLOW_CTX_TASK_ID='get_aqi_data_Bangkok_Noi' AIRFLOW_CTX_EXECUTION_DATE='2025-03-30T10:05:12.353134+00:00' AIRFLOW_CTX_TRY_NUMBER='1' AIRFLOW_CTX_DAG_RUN_ID='manual__2025-03-30T10:05:12.353134+00:00'
[2025-03-30T10:05:20.312+0000] {logging_mixin.py:190} INFO - Task instance is in running state
[2025-03-30T10:05:20.315+0000] {logging_mixin.py:190} INFO -  Previous state of the Task instance: queued
[2025-03-30T10:05:20.315+0000] {logging_mixin.py:190} INFO - Current task name:get_aqi_data_Bangkok_Noi state:running start_date:2025-03-30 10:05:19.897411+00:00
[2025-03-30T10:05:20.315+0000] {logging_mixin.py:190} INFO - Dag name:aqi_etl_pipeline and current dag run status:running
[2025-03-30T10:05:20.316+0000] {taskinstance.py:731} INFO - ::endgroup::
[2025-03-30T10:05:20.862+0000] {logging_mixin.py:190} INFO - API URL: https://api.airvisual.com/v2/city?city=Bangkok_Noi&state=Bangkok&country=Thailand&key=***
[2025-03-30T10:05:20.869+0000] {logging_mixin.py:190} INFO - Response Status Code: 400
[2025-03-30T10:05:20.869+0000] {logging_mixin.py:190} INFO - Response Text: {"status":"fail","data":{"message":"city_not_found"}}
[2025-03-30T10:05:20.869+0000] {logging_mixin.py:190} INFO - Parsed JSON: {
  "status": "fail",
  "data": {
    "message": "city_not_found"
  }
}
[2025-03-30T10:05:20.878+0000] {python.py:240} INFO - Done. Returned value was: None
[2025-03-30T10:05:20.933+0000] {taskinstance.py:340} INFO - ::group::Post task execution logs
[2025-03-30T10:05:20.934+0000] {taskinstance.py:352} INFO - Marking task as SUCCESS. dag_id=aqi_etl_pipeline, task_id=get_aqi_data_Bangkok_Noi, run_id=manual__2025-03-30T10:05:12.353134+00:00, execution_date=20250330T100512, start_date=20250330T100519, end_date=20250330T100520
[2025-03-30T10:05:20.999+0000] {logging_mixin.py:190} INFO - Task instance in success state
[2025-03-30T10:05:21.000+0000] {logging_mixin.py:190} INFO -  Previous state of the Task instance: running
[2025-03-30T10:05:21.000+0000] {logging_mixin.py:190} INFO - Dag name:aqi_etl_pipeline queued_at:2025-03-30 10:05:12.366076+00:00
[2025-03-30T10:05:21.000+0000] {logging_mixin.py:190} INFO - Task hostname:58b9640d9ecf operator:PythonOperator
[2025-03-30T10:05:21.106+0000] {local_task_job_runner.py:266} INFO - Task exited with return code 0
[2025-03-30T10:05:21.215+0000] {taskinstance.py:3895} INFO - 1 downstream tasks scheduled from follow-on schedule check
[2025-03-30T10:05:21.223+0000] {local_task_job_runner.py:245} INFO - ::endgroup::
