[2025-03-31T09:02:03.243+0000] {local_task_job_runner.py:123} INFO - ::group::Pre task execution logs
[2025-03-31T09:02:03.257+0000] {taskinstance.py:2613} INFO - Dependencies all met for dep_context=non-requeueable deps ti=<TaskInstance: aqi_etl_pipeline.aqi_tasks_group.load_aqi_to_postgres_Bangkok manual__2025-03-31T09:01:52.616009+00:00 [queued]>
[2025-03-31T09:02:03.264+0000] {taskinstance.py:2613} INFO - Dependencies all met for dep_context=requeueable deps ti=<TaskInstance: aqi_etl_pipeline.aqi_tasks_group.load_aqi_to_postgres_Bangkok manual__2025-03-31T09:01:52.616009+00:00 [queued]>
[2025-03-31T09:02:03.264+0000] {taskinstance.py:2866} INFO - Starting attempt 1 of 4
[2025-03-31T09:02:03.274+0000] {taskinstance.py:2889} INFO - Executing <Task(PythonOperator): aqi_tasks_group.load_aqi_to_postgres_Bangkok> on 2025-03-31 09:01:52.616009+00:00
[2025-03-31T09:02:03.287+0000] {logging_mixin.py:190} WARNING - /home/***/.local/lib/python3.12/site-packages/***/task/task_runner/standard_task_runner.py:70 DeprecationWarning: This process (pid=61008) is multi-threaded, use of fork() may lead to deadlocks in the child.
[2025-03-31T09:02:03.287+0000] {standard_task_runner.py:104} INFO - Running: ['***', 'tasks', 'run', 'aqi_etl_pipeline', 'aqi_tasks_group.load_aqi_to_postgres_Bangkok', 'manual__2025-03-31T09:01:52.616009+00:00', '--job-id', '959', '--raw', '--subdir', 'DAGS_FOLDER/api_etl_pipeline.py', '--cfg-path', '/tmp/tmpy_x8j8g5']
[2025-03-31T09:02:03.288+0000] {standard_task_runner.py:72} INFO - Started process 61009 to run task
[2025-03-31T09:02:03.288+0000] {standard_task_runner.py:105} INFO - Job 959: Subtask aqi_tasks_group.load_aqi_to_postgres_Bangkok
[2025-03-31T09:02:03.322+0000] {task_command.py:467} INFO - Running <TaskInstance: aqi_etl_pipeline.aqi_tasks_group.load_aqi_to_postgres_Bangkok manual__2025-03-31T09:01:52.616009+00:00 [running]> on host 0c0dca5804dc
[2025-03-31T09:02:03.438+0000] {taskinstance.py:3132} INFO - Exporting env vars: AIRFLOW_CTX_DAG_OWNER='***' AIRFLOW_CTX_DAG_ID='aqi_etl_pipeline' AIRFLOW_CTX_TASK_ID='aqi_tasks_group.load_aqi_to_postgres_Bangkok' AIRFLOW_CTX_EXECUTION_DATE='2025-03-31T09:01:52.616009+00:00' AIRFLOW_CTX_TRY_NUMBER='1' AIRFLOW_CTX_DAG_RUN_ID='manual__2025-03-31T09:01:52.616009+00:00'
[2025-03-31T09:02:03.442+0000] {logging_mixin.py:190} INFO - Task instance is in running state
[2025-03-31T09:02:03.442+0000] {logging_mixin.py:190} INFO -  Previous state of the Task instance: queued
[2025-03-31T09:02:03.442+0000] {logging_mixin.py:190} INFO - Current task name:aqi_tasks_group.load_aqi_to_postgres_Bangkok state:running start_date:2025-03-31 09:02:03.258191+00:00
[2025-03-31T09:02:03.443+0000] {logging_mixin.py:190} INFO - Dag name:aqi_etl_pipeline and current dag run status:running
[2025-03-31T09:02:03.443+0000] {taskinstance.py:731} INFO - ::endgroup::
[2025-03-31T09:02:03.471+0000] {base.py:84} INFO - Retrieving connection '***_default'
[2025-03-31T09:02:03.487+0000] {python.py:240} INFO - Done. Returned value was: None
[2025-03-31T09:02:03.511+0000] {taskinstance.py:340} INFO - ::group::Post task execution logs
[2025-03-31T09:02:03.511+0000] {taskinstance.py:352} INFO - Marking task as SUCCESS. dag_id=aqi_etl_pipeline, task_id=aqi_tasks_group.load_aqi_to_***_Bangkok, run_id=manual__2025-03-31T09:01:52.616009+00:00, execution_date=20250331T090152, start_date=20250331T090203, end_date=20250331T090203
[2025-03-31T09:02:03.538+0000] {logging_mixin.py:190} INFO - Task instance in success state
[2025-03-31T09:02:03.539+0000] {logging_mixin.py:190} INFO -  Previous state of the Task instance: running
[2025-03-31T09:02:03.539+0000] {logging_mixin.py:190} INFO - Dag name:aqi_etl_pipeline queued_at:2025-03-31 09:01:52.623473+00:00
[2025-03-31T09:02:03.540+0000] {logging_mixin.py:190} INFO - Task hostname:0c0dca5804dc operator:PythonOperator
[2025-03-31T09:02:03.588+0000] {local_task_job_runner.py:266} INFO - Task exited with return code 0
[2025-03-31T09:02:03.641+0000] {taskinstance.py:3895} INFO - 0 downstream tasks scheduled from follow-on schedule check
[2025-03-31T09:02:03.647+0000] {local_task_job_runner.py:245} INFO - ::endgroup::
