[2025-03-23T08:11:56.756+0000] {local_task_job_runner.py:123} INFO - ::group::Pre task execution logs
[2025-03-23T08:11:56.917+0000] {taskinstance.py:2613} INFO - Dependencies all met for dep_context=non-requeueable deps ti=<TaskInstance: aqi_etl_pipeline.create_aqi_table scheduled__2025-02-10T00:00:00+00:00 [queued]>
[2025-03-23T08:11:56.996+0000] {taskinstance.py:2613} INFO - Dependencies all met for dep_context=requeueable deps ti=<TaskInstance: aqi_etl_pipeline.create_aqi_table scheduled__2025-02-10T00:00:00+00:00 [queued]>
[2025-03-23T08:11:57.000+0000] {taskinstance.py:2866} INFO - Starting attempt 1 of 1
[2025-03-23T08:11:57.157+0000] {taskinstance.py:2889} INFO - Executing <Task(PythonOperator): create_aqi_table> on 2025-02-10 00:00:00+00:00
[2025-03-23T08:11:57.318+0000] {logging_mixin.py:190} WARNING - /home/***/.local/lib/python3.12/site-packages/***/task/task_runner/standard_task_runner.py:70 DeprecationWarning: This process (pid=28981) is multi-threaded, use of fork() may lead to deadlocks in the child.
[2025-03-23T08:11:57.340+0000] {standard_task_runner.py:72} INFO - Started process 29117 to run task
[2025-03-23T08:11:57.309+0000] {standard_task_runner.py:104} INFO - Running: ['***', 'tasks', 'run', 'aqi_etl_pipeline', 'create_aqi_table', 'scheduled__2025-02-10T00:00:00+00:00', '--job-id', '135', '--raw', '--subdir', 'DAGS_FOLDER/api_etl_pipeline.py', '--cfg-path', '/tmp/tmpbmzimejm']
[2025-03-23T08:11:57.346+0000] {standard_task_runner.py:105} INFO - Job 135: Subtask create_aqi_table
[2025-03-23T08:11:57.787+0000] {task_command.py:467} INFO - Running <TaskInstance: aqi_etl_pipeline.create_aqi_table scheduled__2025-02-10T00:00:00+00:00 [running]> on host ed55a332e3f9
[2025-03-23T08:11:59.007+0000] {taskinstance.py:3132} INFO - Exporting env vars: AIRFLOW_CTX_DAG_OWNER='***' AIRFLOW_CTX_DAG_ID='aqi_etl_pipeline' AIRFLOW_CTX_TASK_ID='create_aqi_table' AIRFLOW_CTX_EXECUTION_DATE='2025-02-10T00:00:00+00:00' AIRFLOW_CTX_TRY_NUMBER='1' AIRFLOW_CTX_DAG_RUN_ID='scheduled__2025-02-10T00:00:00+00:00'
[2025-03-23T08:11:59.008+0000] {logging_mixin.py:190} INFO - Task instance is in running state
[2025-03-23T08:11:59.017+0000] {logging_mixin.py:190} INFO -  Previous state of the Task instance: queued
[2025-03-23T08:11:59.018+0000] {logging_mixin.py:190} INFO - Current task name:create_aqi_table state:running start_date:2025-03-23 08:11:56.923130+00:00
[2025-03-23T08:11:59.018+0000] {logging_mixin.py:190} INFO - Dag name:aqi_etl_pipeline and current dag run status:running
[2025-03-23T08:11:59.020+0000] {taskinstance.py:731} INFO - ::endgroup::
[2025-03-23T08:11:59.069+0000] {base.py:84} INFO - Retrieving connection '***_default'
[2025-03-23T08:11:59.094+0000] {python.py:240} INFO - Done. Returned value was: None
[2025-03-23T08:11:59.104+0000] {taskinstance.py:340} INFO - ::group::Post task execution logs
[2025-03-23T08:11:59.104+0000] {taskinstance.py:352} INFO - Marking task as SUCCESS. dag_id=aqi_etl_pipeline, task_id=create_aqi_table, run_id=scheduled__2025-02-10T00:00:00+00:00, execution_date=20250210T000000, start_date=20250323T081156, end_date=20250323T081159
[2025-03-23T08:11:59.148+0000] {logging_mixin.py:190} INFO - Task instance in success state
[2025-03-23T08:11:59.148+0000] {logging_mixin.py:190} INFO -  Previous state of the Task instance: running
[2025-03-23T08:11:59.149+0000] {logging_mixin.py:190} INFO - Dag name:aqi_etl_pipeline queued_at:2025-03-23 08:11:12.654747+00:00
[2025-03-23T08:11:59.154+0000] {logging_mixin.py:190} INFO - Task hostname:ed55a332e3f9 operator:PythonOperator
[2025-03-23T08:11:59.246+0000] {local_task_job_runner.py:266} INFO - Task exited with return code 0
[2025-03-23T08:11:59.590+0000] {taskinstance.py:3895} INFO - 0 downstream tasks scheduled from follow-on schedule check
[2025-03-23T08:11:59.611+0000] {local_task_job_runner.py:245} INFO - ::endgroup::
