[2025-03-30T10:39:36.851+0000] {local_task_job_runner.py:123} INFO - ::group::Pre task execution logs
[2025-03-30T10:39:36.975+0000] {taskinstance.py:2613} INFO - Dependencies all met for dep_context=non-requeueable deps ti=<TaskInstance: aqi_etl_pipeline.get_aqi_data_Samut_Songkhram manual__2025-03-30T10:39:26.348292+00:00 [queued]>
[2025-03-30T10:39:37.037+0000] {taskinstance.py:2613} INFO - Dependencies all met for dep_context=requeueable deps ti=<TaskInstance: aqi_etl_pipeline.get_aqi_data_Samut_Songkhram manual__2025-03-30T10:39:26.348292+00:00 [queued]>
[2025-03-30T10:39:37.042+0000] {taskinstance.py:2866} INFO - Starting attempt 1 of 1
[2025-03-30T10:39:37.172+0000] {taskinstance.py:2889} INFO - Executing <Task(PythonOperator): get_aqi_data_Samut_Songkhram> on 2025-03-30 10:39:26.348292+00:00
[2025-03-30T10:39:37.287+0000] {standard_task_runner.py:104} INFO - Running: ['***', 'tasks', 'run', 'aqi_etl_pipeline', 'get_aqi_data_Samut_Songkhram', 'manual__2025-03-30T10:39:26.348292+00:00', '--job-id', '501', '--raw', '--subdir', 'DAGS_FOLDER/api_etl_pipeline.py', '--cfg-path', '/tmp/tmpv725t_9v']
[2025-03-30T10:39:37.305+0000] {standard_task_runner.py:105} INFO - Job 501: Subtask get_aqi_data_Samut_Songkhram
[2025-03-30T10:39:37.294+0000] {logging_mixin.py:190} WARNING - /home/***/.local/lib/python3.12/site-packages/***/task/task_runner/standard_task_runner.py:70 DeprecationWarning: This process (pid=52985) is multi-threaded, use of fork() may lead to deadlocks in the child.
[2025-03-30T10:39:37.315+0000] {standard_task_runner.py:72} INFO - Started process 53051 to run task
[2025-03-30T10:39:37.463+0000] {task_command.py:467} INFO - Running <TaskInstance: aqi_etl_pipeline.get_aqi_data_Samut_Songkhram manual__2025-03-30T10:39:26.348292+00:00 [running]> on host 58b9640d9ecf
[2025-03-30T10:39:37.682+0000] {taskinstance.py:3132} INFO - Exporting env vars: AIRFLOW_CTX_DAG_OWNER='***' AIRFLOW_CTX_DAG_ID='aqi_etl_pipeline' AIRFLOW_CTX_TASK_ID='get_aqi_data_Samut_Songkhram' AIRFLOW_CTX_EXECUTION_DATE='2025-03-30T10:39:26.348292+00:00' AIRFLOW_CTX_TRY_NUMBER='1' AIRFLOW_CTX_DAG_RUN_ID='manual__2025-03-30T10:39:26.348292+00:00'
[2025-03-30T10:39:37.686+0000] {logging_mixin.py:190} INFO - Task instance is in running state
[2025-03-30T10:39:37.689+0000] {logging_mixin.py:190} INFO -  Previous state of the Task instance: queued
[2025-03-30T10:39:37.691+0000] {logging_mixin.py:190} INFO - Current task name:get_aqi_data_Samut_Songkhram state:running start_date:2025-03-30 10:39:36.979913+00:00
[2025-03-30T10:39:37.694+0000] {logging_mixin.py:190} INFO - Dag name:aqi_etl_pipeline and current dag run status:running
[2025-03-30T10:39:37.695+0000] {taskinstance.py:731} INFO - ::endgroup::
[2025-03-30T10:39:38.456+0000] {logging_mixin.py:190} INFO - ❌ Error 400: {"status":"fail","data":{"message":"city_not_found"}}
[2025-03-30T10:39:38.463+0000] {python.py:240} INFO - Done. Returned value was: None
[2025-03-30T10:39:38.483+0000] {taskinstance.py:340} INFO - ::group::Post task execution logs
[2025-03-30T10:39:38.484+0000] {taskinstance.py:352} INFO - Marking task as SUCCESS. dag_id=aqi_etl_pipeline, task_id=get_aqi_data_Samut_Songkhram, run_id=manual__2025-03-30T10:39:26.348292+00:00, execution_date=20250330T103926, start_date=20250330T103936, end_date=20250330T103938
[2025-03-30T10:39:38.503+0000] {logging_mixin.py:190} INFO - Task instance in success state
[2025-03-30T10:39:38.505+0000] {logging_mixin.py:190} INFO -  Previous state of the Task instance: running
[2025-03-30T10:39:38.506+0000] {logging_mixin.py:190} INFO - Dag name:aqi_etl_pipeline queued_at:2025-03-30 10:39:26.372196+00:00
[2025-03-30T10:39:38.508+0000] {logging_mixin.py:190} INFO - Task hostname:58b9640d9ecf operator:PythonOperator
[2025-03-30T10:39:38.532+0000] {local_task_job_runner.py:266} INFO - Task exited with return code 0
[2025-03-30T10:39:38.672+0000] {taskinstance.py:3895} INFO - 1 downstream tasks scheduled from follow-on schedule check
[2025-03-30T10:39:38.680+0000] {local_task_job_runner.py:245} INFO - ::endgroup::
