[2025-03-30T07:17:30.260+0000] {local_task_job_runner.py:123} INFO - ::group::Pre task execution logs
[2025-03-30T07:17:30.510+0000] {taskinstance.py:2613} INFO - Dependencies all met for dep_context=non-requeueable deps ti=<TaskInstance: aqi_etl_pipeline.get_aqi_data_Bangkok_Noi manual__2025-03-30T07:17:16.418341+00:00 [queued]>
[2025-03-30T07:17:30.671+0000] {taskinstance.py:2613} INFO - Dependencies all met for dep_context=requeueable deps ti=<TaskInstance: aqi_etl_pipeline.get_aqi_data_Bangkok_Noi manual__2025-03-30T07:17:16.418341+00:00 [queued]>
[2025-03-30T07:17:30.680+0000] {taskinstance.py:2866} INFO - Starting attempt 1 of 1
[2025-03-30T07:17:30.909+0000] {taskinstance.py:2889} INFO - Executing <Task(PythonOperator): get_aqi_data_Bangkok_Noi> on 2025-03-30 07:17:16.418341+00:00
[2025-03-30T07:17:31.112+0000] {standard_task_runner.py:104} INFO - Running: ['***', 'tasks', 'run', 'aqi_etl_pipeline', 'get_aqi_data_Bangkok_Noi', 'manual__2025-03-30T07:17:16.418341+00:00', '--job-id', '350', '--raw', '--subdir', 'DAGS_FOLDER/api_etl_pipeline.py', '--cfg-path', '/tmp/tmp1wxlgz77']
[2025-03-30T07:17:31.140+0000] {standard_task_runner.py:105} INFO - Job 350: Subtask get_aqi_data_Bangkok_Noi
[2025-03-30T07:17:31.171+0000] {logging_mixin.py:190} WARNING - /home/***/.local/lib/python3.12/site-packages/***/task/task_runner/standard_task_runner.py:70 DeprecationWarning: This process (pid=7927) is multi-threaded, use of fork() may lead to deadlocks in the child.
[2025-03-30T07:17:31.210+0000] {standard_task_runner.py:72} INFO - Started process 8030 to run task
[2025-03-30T07:17:31.863+0000] {task_command.py:467} INFO - Running <TaskInstance: aqi_etl_pipeline.get_aqi_data_Bangkok_Noi manual__2025-03-30T07:17:16.418341+00:00 [running]> on host 58b9640d9ecf
[2025-03-30T07:17:33.627+0000] {taskinstance.py:3132} INFO - Exporting env vars: AIRFLOW_CTX_DAG_OWNER='***' AIRFLOW_CTX_DAG_ID='aqi_etl_pipeline' AIRFLOW_CTX_TASK_ID='get_aqi_data_Bangkok_Noi' AIRFLOW_CTX_EXECUTION_DATE='2025-03-30T07:17:16.418341+00:00' AIRFLOW_CTX_TRY_NUMBER='1' AIRFLOW_CTX_DAG_RUN_ID='manual__2025-03-30T07:17:16.418341+00:00'
[2025-03-30T07:17:33.637+0000] {logging_mixin.py:190} INFO - Task instance is in running state
[2025-03-30T07:17:33.670+0000] {logging_mixin.py:190} INFO -  Previous state of the Task instance: queued
[2025-03-30T07:17:33.674+0000] {logging_mixin.py:190} INFO - Current task name:get_aqi_data_Bangkok_Noi state:running start_date:2025-03-30 07:17:30.529588+00:00
[2025-03-30T07:17:33.676+0000] {logging_mixin.py:190} INFO - Dag name:aqi_etl_pipeline and current dag run status:running
[2025-03-30T07:17:33.676+0000] {taskinstance.py:731} INFO - ::endgroup::
[2025-03-30T07:17:34.553+0000] {logging_mixin.py:190} INFO - API URL: https://api.airvisual.com/v2/city?city=Bangkok_Noi&state=Bangkok&country=Thailand&key=***
[2025-03-30T07:17:34.559+0000] {logging_mixin.py:190} INFO - Response Status Code: 400
[2025-03-30T07:17:34.560+0000] {logging_mixin.py:190} INFO - Response Text: {"status":"fail","data":{"message":"city_not_found"}}
[2025-03-30T07:17:34.560+0000] {logging_mixin.py:190} INFO - Parsed JSON: {
  "status": "fail",
  "data": {
    "message": "city_not_found"
  }
}
[2025-03-30T07:17:34.568+0000] {python.py:240} INFO - Done. Returned value was: None
[2025-03-30T07:17:34.601+0000] {taskinstance.py:340} INFO - ::group::Post task execution logs
[2025-03-30T07:17:34.602+0000] {taskinstance.py:352} INFO - Marking task as SUCCESS. dag_id=aqi_etl_pipeline, task_id=get_aqi_data_Bangkok_Noi, run_id=manual__2025-03-30T07:17:16.418341+00:00, execution_date=20250330T071716, start_date=20250330T071730, end_date=20250330T071734
[2025-03-30T07:17:34.729+0000] {logging_mixin.py:190} INFO - Task instance in success state
[2025-03-30T07:17:34.730+0000] {logging_mixin.py:190} INFO -  Previous state of the Task instance: running
[2025-03-30T07:17:34.733+0000] {logging_mixin.py:190} INFO - Dag name:aqi_etl_pipeline queued_at:2025-03-30 07:17:16.429489+00:00
[2025-03-30T07:17:34.733+0000] {logging_mixin.py:190} INFO - Task hostname:58b9640d9ecf operator:PythonOperator
[2025-03-30T07:17:34.861+0000] {local_task_job_runner.py:266} INFO - Task exited with return code 0
[2025-03-30T07:17:34.939+0000] {taskinstance.py:3895} INFO - 0 downstream tasks scheduled from follow-on schedule check
[2025-03-30T07:17:34.949+0000] {local_task_job_runner.py:245} INFO - ::endgroup::
