[2025-03-30T02:07:04.442+0000] {local_task_job_runner.py:123} INFO - ::group::Pre task execution logs
[2025-03-30T02:07:04.713+0000] {taskinstance.py:2613} INFO - Dependencies all met for dep_context=non-requeueable deps ti=<TaskInstance: aqi_etl_pipeline.load_aqi_to_postgres scheduled__2025-03-28T00:00:00+00:00 [queued]>
[2025-03-30T02:07:04.802+0000] {taskinstance.py:2613} INFO - Dependencies all met for dep_context=requeueable deps ti=<TaskInstance: aqi_etl_pipeline.load_aqi_to_postgres scheduled__2025-03-28T00:00:00+00:00 [queued]>
[2025-03-30T02:07:04.802+0000] {taskinstance.py:2866} INFO - Starting attempt 1 of 1
[2025-03-30T02:07:04.940+0000] {taskinstance.py:2889} INFO - Executing <Task(PythonOperator): load_aqi_to_postgres> on 2025-03-28 00:00:00+00:00
[2025-03-30T02:07:05.058+0000] {standard_task_runner.py:104} INFO - Running: ['***', 'tasks', 'run', 'aqi_etl_pipeline', 'load_aqi_to_postgres', 'scheduled__2025-03-28T00:00:00+00:00', '--job-id', '318', '--raw', '--subdir', 'DAGS_FOLDER/api_etl_pipeline.py', '--cfg-path', '/tmp/tmprh46gpmo']
[2025-03-30T02:07:05.076+0000] {standard_task_runner.py:105} INFO - Job 318: Subtask load_aqi_to_postgres
[2025-03-30T02:07:05.107+0000] {logging_mixin.py:190} WARNING - /home/***/.local/lib/python3.12/site-packages/***/task/task_runner/standard_task_runner.py:70 DeprecationWarning: This process (pid=430) is multi-threaded, use of fork() may lead to deadlocks in the child.
[2025-03-30T02:07:05.120+0000] {standard_task_runner.py:72} INFO - Started process 485 to run task
[2025-03-30T02:07:05.552+0000] {task_command.py:467} INFO - Running <TaskInstance: aqi_etl_pipeline.load_aqi_to_postgres scheduled__2025-03-28T00:00:00+00:00 [running]> on host 6a74a784bbec
[2025-03-30T02:07:06.292+0000] {taskinstance.py:3132} INFO - Exporting env vars: AIRFLOW_CTX_DAG_OWNER='***' AIRFLOW_CTX_DAG_ID='aqi_etl_pipeline' AIRFLOW_CTX_TASK_ID='load_aqi_to_postgres' AIRFLOW_CTX_EXECUTION_DATE='2025-03-28T00:00:00+00:00' AIRFLOW_CTX_TRY_NUMBER='1' AIRFLOW_CTX_DAG_RUN_ID='scheduled__2025-03-28T00:00:00+00:00'
[2025-03-30T02:07:06.294+0000] {logging_mixin.py:190} INFO - Task instance is in running state
[2025-03-30T02:07:06.294+0000] {logging_mixin.py:190} INFO -  Previous state of the Task instance: queued
[2025-03-30T02:07:06.294+0000] {logging_mixin.py:190} INFO - Current task name:load_aqi_to_postgres state:running start_date:2025-03-30 02:07:04.717768+00:00
[2025-03-30T02:07:06.296+0000] {logging_mixin.py:190} INFO - Dag name:aqi_etl_pipeline and current dag run status:running
[2025-03-30T02:07:06.297+0000] {taskinstance.py:731} INFO - ::endgroup::
[2025-03-30T02:07:06.318+0000] {base.py:84} INFO - Retrieving connection '***_default'
[2025-03-30T02:07:06.488+0000] {python.py:240} INFO - Done. Returned value was: None
[2025-03-30T02:07:06.522+0000] {taskinstance.py:340} INFO - ::group::Post task execution logs
[2025-03-30T02:07:06.529+0000] {taskinstance.py:352} INFO - Marking task as SUCCESS. dag_id=aqi_etl_pipeline, task_id=load_aqi_to_***, run_id=scheduled__2025-03-28T00:00:00+00:00, execution_date=20250328T000000, start_date=20250330T020704, end_date=20250330T020706
[2025-03-30T02:07:06.579+0000] {logging_mixin.py:190} INFO - Task instance in success state
[2025-03-30T02:07:06.580+0000] {logging_mixin.py:190} INFO -  Previous state of the Task instance: running
[2025-03-30T02:07:06.582+0000] {logging_mixin.py:190} INFO - Dag name:aqi_etl_pipeline queued_at:2025-03-30 02:06:15.735040+00:00
[2025-03-30T02:07:06.583+0000] {logging_mixin.py:190} INFO - Task hostname:6a74a784bbec operator:PythonOperator
[2025-03-30T02:07:06.673+0000] {local_task_job_runner.py:266} INFO - Task exited with return code 0
[2025-03-30T02:07:06.755+0000] {taskinstance.py:3895} INFO - 0 downstream tasks scheduled from follow-on schedule check
[2025-03-30T02:07:06.766+0000] {local_task_job_runner.py:245} INFO - ::endgroup::
