[2025-03-23T08:13:20.438+0000] {local_task_job_runner.py:123} INFO - ::group::Pre task execution logs
[2025-03-23T08:13:20.526+0000] {taskinstance.py:2613} INFO - Dependencies all met for dep_context=non-requeueable deps ti=<TaskInstance: aqi_etl_pipeline.get_aqi_data manual__2025-03-23T08:12:54.925782+00:00 [queued]>
[2025-03-23T08:13:20.569+0000] {taskinstance.py:2613} INFO - Dependencies all met for dep_context=requeueable deps ti=<TaskInstance: aqi_etl_pipeline.get_aqi_data manual__2025-03-23T08:12:54.925782+00:00 [queued]>
[2025-03-23T08:13:20.572+0000] {taskinstance.py:2866} INFO - Starting attempt 1 of 1
[2025-03-23T08:13:20.649+0000] {taskinstance.py:2889} INFO - Executing <Task(PythonOperator): get_aqi_data> on 2025-03-23 08:12:54.925782+00:00
[2025-03-23T08:13:20.765+0000] {logging_mixin.py:190} WARNING - /home/***/.local/lib/python3.12/site-packages/***/task/task_runner/standard_task_runner.py:70 DeprecationWarning: This process (pid=29639) is multi-threaded, use of fork() may lead to deadlocks in the child.
[2025-03-23T08:13:20.771+0000] {standard_task_runner.py:72} INFO - Started process 29761 to run task
[2025-03-23T08:13:20.751+0000] {standard_task_runner.py:104} INFO - Running: ['***', 'tasks', 'run', 'aqi_etl_pipeline', 'get_aqi_data', 'manual__2025-03-23T08:12:54.925782+00:00', '--job-id', '210', '--raw', '--subdir', 'DAGS_FOLDER/api_etl_pipeline.py', '--cfg-path', '/tmp/tmp0241ain9']
[2025-03-23T08:13:20.782+0000] {standard_task_runner.py:105} INFO - Job 210: Subtask get_aqi_data
[2025-03-23T08:13:21.160+0000] {task_command.py:467} INFO - Running <TaskInstance: aqi_etl_pipeline.get_aqi_data manual__2025-03-23T08:12:54.925782+00:00 [running]> on host ed55a332e3f9
[2025-03-23T08:13:21.797+0000] {taskinstance.py:3132} INFO - Exporting env vars: AIRFLOW_CTX_DAG_OWNER='***' AIRFLOW_CTX_DAG_ID='aqi_etl_pipeline' AIRFLOW_CTX_TASK_ID='get_aqi_data' AIRFLOW_CTX_EXECUTION_DATE='2025-03-23T08:12:54.925782+00:00' AIRFLOW_CTX_TRY_NUMBER='1' AIRFLOW_CTX_DAG_RUN_ID='manual__2025-03-23T08:12:54.925782+00:00'
[2025-03-23T08:13:21.811+0000] {logging_mixin.py:190} INFO - Task instance is in running state
[2025-03-23T08:13:21.811+0000] {logging_mixin.py:190} INFO -  Previous state of the Task instance: queued
[2025-03-23T08:13:21.812+0000] {logging_mixin.py:190} INFO - Current task name:get_aqi_data state:running start_date:2025-03-23 08:13:20.528579+00:00
[2025-03-23T08:13:21.812+0000] {logging_mixin.py:190} INFO - Dag name:aqi_etl_pipeline and current dag run status:running
[2025-03-23T08:13:21.815+0000] {taskinstance.py:731} INFO - ::endgroup::
[2025-03-23T08:13:22.513+0000] {logging_mixin.py:190} INFO - https://api.airvisual.com/v2/city?city=Bangkok&state=Bangkok&country=Thailand&key=***
[2025-03-23T08:13:22.513+0000] {logging_mixin.py:190} INFO - {'status': 'fail', 'data': {'message': 'Too Many Requests'}}
[2025-03-23T08:13:22.526+0000] {python.py:240} INFO - Done. Returned value was: None
[2025-03-23T08:13:22.560+0000] {taskinstance.py:340} INFO - ::group::Post task execution logs
[2025-03-23T08:13:22.566+0000] {taskinstance.py:352} INFO - Marking task as SUCCESS. dag_id=aqi_etl_pipeline, task_id=get_aqi_data, run_id=manual__2025-03-23T08:12:54.925782+00:00, execution_date=20250323T081254, start_date=20250323T081320, end_date=20250323T081322
[2025-03-23T08:13:22.630+0000] {logging_mixin.py:190} INFO - Task instance in success state
[2025-03-23T08:13:22.631+0000] {logging_mixin.py:190} INFO -  Previous state of the Task instance: running
[2025-03-23T08:13:22.634+0000] {logging_mixin.py:190} INFO - Dag name:aqi_etl_pipeline queued_at:2025-03-23 08:12:54.947611+00:00
[2025-03-23T08:13:22.636+0000] {logging_mixin.py:190} INFO - Task hostname:ed55a332e3f9 operator:PythonOperator
[2025-03-23T08:13:22.804+0000] {local_task_job_runner.py:266} INFO - Task exited with return code 0
[2025-03-23T08:13:22.970+0000] {taskinstance.py:3895} INFO - 1 downstream tasks scheduled from follow-on schedule check
[2025-03-23T08:13:22.975+0000] {local_task_job_runner.py:245} INFO - ::endgroup::
