[2025-03-31T07:20:08.917+0000] {local_task_job_runner.py:123} INFO - ::group::Pre task execution logs
[2025-03-31T07:20:09.014+0000] {taskinstance.py:2613} INFO - Dependencies all met for dep_context=non-requeueable deps ti=<TaskInstance: aqi_etl_pipeline.aqi_tasks_group.load_aqi_to_postgres_Bangkok scheduled__2025-03-30T00:00:00+00:00 [queued]>
[2025-03-31T07:20:09.058+0000] {taskinstance.py:2613} INFO - Dependencies all met for dep_context=requeueable deps ti=<TaskInstance: aqi_etl_pipeline.aqi_tasks_group.load_aqi_to_postgres_Bangkok scheduled__2025-03-30T00:00:00+00:00 [queued]>
[2025-03-31T07:20:09.061+0000] {taskinstance.py:2866} INFO - Starting attempt 1 of 4
[2025-03-31T07:20:09.119+0000] {taskinstance.py:2889} INFO - Executing <Task(PythonOperator): aqi_tasks_group.load_aqi_to_postgres_Bangkok> on 2025-03-30 00:00:00+00:00
[2025-03-31T07:20:09.177+0000] {standard_task_runner.py:104} INFO - Running: ['***', 'tasks', 'run', 'aqi_etl_pipeline', 'aqi_tasks_group.load_aqi_to_postgres_Bangkok', 'scheduled__2025-03-30T00:00:00+00:00', '--job-id', '929', '--raw', '--subdir', 'DAGS_FOLDER/api_etl_pipeline.py', '--cfg-path', '/tmp/tmpjqrlezev']
[2025-03-31T07:20:09.186+0000] {standard_task_runner.py:105} INFO - Job 929: Subtask aqi_tasks_group.load_aqi_to_postgres_Bangkok
[2025-03-31T07:20:09.209+0000] {logging_mixin.py:190} WARNING - /home/***/.local/lib/python3.12/site-packages/***/task/task_runner/standard_task_runner.py:70 DeprecationWarning: This process (pid=1855) is multi-threaded, use of fork() may lead to deadlocks in the child.
[2025-03-31T07:20:09.211+0000] {standard_task_runner.py:72} INFO - Started process 1911 to run task
[2025-03-31T07:20:09.391+0000] {task_command.py:467} INFO - Running <TaskInstance: aqi_etl_pipeline.aqi_tasks_group.load_aqi_to_postgres_Bangkok scheduled__2025-03-30T00:00:00+00:00 [running]> on host 0c0dca5804dc
[2025-03-31T07:20:09.623+0000] {taskinstance.py:3132} INFO - Exporting env vars: AIRFLOW_CTX_DAG_OWNER='***' AIRFLOW_CTX_DAG_ID='aqi_etl_pipeline' AIRFLOW_CTX_TASK_ID='aqi_tasks_group.load_aqi_to_postgres_Bangkok' AIRFLOW_CTX_EXECUTION_DATE='2025-03-30T00:00:00+00:00' AIRFLOW_CTX_TRY_NUMBER='1' AIRFLOW_CTX_DAG_RUN_ID='scheduled__2025-03-30T00:00:00+00:00'
[2025-03-31T07:20:09.626+0000] {logging_mixin.py:190} INFO - Task instance is in running state
[2025-03-31T07:20:09.628+0000] {logging_mixin.py:190} INFO -  Previous state of the Task instance: queued
[2025-03-31T07:20:09.629+0000] {logging_mixin.py:190} INFO - Current task name:aqi_tasks_group.load_aqi_to_postgres_Bangkok state:running start_date:2025-03-31 07:20:09.015168+00:00
[2025-03-31T07:20:09.630+0000] {logging_mixin.py:190} INFO - Dag name:aqi_etl_pipeline and current dag run status:running
[2025-03-31T07:20:09.632+0000] {taskinstance.py:731} INFO - ::endgroup::
[2025-03-31T07:20:09.664+0000] {base.py:84} INFO - Retrieving connection '***_default'
[2025-03-31T07:20:09.689+0000] {python.py:240} INFO - Done. Returned value was: None
[2025-03-31T07:20:09.714+0000] {taskinstance.py:340} INFO - ::group::Post task execution logs
[2025-03-31T07:20:09.714+0000] {taskinstance.py:352} INFO - Marking task as SUCCESS. dag_id=aqi_etl_pipeline, task_id=aqi_tasks_group.load_aqi_to_***_Bangkok, run_id=scheduled__2025-03-30T00:00:00+00:00, execution_date=20250330T000000, start_date=20250331T072009, end_date=20250331T072009
[2025-03-31T07:20:09.731+0000] {logging_mixin.py:190} INFO - Task instance in success state
[2025-03-31T07:20:09.731+0000] {logging_mixin.py:190} INFO -  Previous state of the Task instance: running
[2025-03-31T07:20:09.733+0000] {logging_mixin.py:190} INFO - Dag name:aqi_etl_pipeline queued_at:2025-03-31 07:19:53.335868+00:00
[2025-03-31T07:20:09.734+0000] {logging_mixin.py:190} INFO - Task hostname:0c0dca5804dc operator:PythonOperator
[2025-03-31T07:20:09.814+0000] {local_task_job_runner.py:266} INFO - Task exited with return code 0
[2025-03-31T07:20:09.906+0000] {taskinstance.py:3895} INFO - 0 downstream tasks scheduled from follow-on schedule check
[2025-03-31T07:20:09.914+0000] {local_task_job_runner.py:245} INFO - ::endgroup::
