[2025-03-23T08:12:36.395+0000] {local_task_job_runner.py:123} INFO - ::group::Pre task execution logs
[2025-03-23T08:12:36.598+0000] {taskinstance.py:2613} INFO - Dependencies all met for dep_context=non-requeueable deps ti=<TaskInstance: aqi_etl_pipeline.create_aqi_table scheduled__2025-02-25T00:00:00+00:00 [queued]>
[2025-03-23T08:12:36.704+0000] {taskinstance.py:2613} INFO - Dependencies all met for dep_context=requeueable deps ti=<TaskInstance: aqi_etl_pipeline.create_aqi_table scheduled__2025-02-25T00:00:00+00:00 [queued]>
[2025-03-23T08:12:36.705+0000] {taskinstance.py:2866} INFO - Starting attempt 1 of 1
[2025-03-23T08:12:36.825+0000] {taskinstance.py:2889} INFO - Executing <Task(PythonOperator): create_aqi_table> on 2025-02-25 00:00:00+00:00
[2025-03-23T08:12:36.978+0000] {standard_task_runner.py:104} INFO - Running: ['***', 'tasks', 'run', 'aqi_etl_pipeline', 'create_aqi_table', 'scheduled__2025-02-25T00:00:00+00:00', '--job-id', '172', '--raw', '--subdir', 'DAGS_FOLDER/api_etl_pipeline.py', '--cfg-path', '/tmp/tmpz5nl56bn']
[2025-03-23T08:12:37.016+0000] {standard_task_runner.py:105} INFO - Job 172: Subtask create_aqi_table
[2025-03-23T08:12:36.988+0000] {logging_mixin.py:190} WARNING - /home/***/.local/lib/python3.12/site-packages/***/task/task_runner/standard_task_runner.py:70 DeprecationWarning: This process (pid=29286) is multi-threaded, use of fork() may lead to deadlocks in the child.
[2025-03-23T08:12:37.023+0000] {standard_task_runner.py:72} INFO - Started process 29398 to run task
[2025-03-23T08:12:37.506+0000] {task_command.py:467} INFO - Running <TaskInstance: aqi_etl_pipeline.create_aqi_table scheduled__2025-02-25T00:00:00+00:00 [running]> on host ed55a332e3f9
[2025-03-23T08:12:38.621+0000] {taskinstance.py:3132} INFO - Exporting env vars: AIRFLOW_CTX_DAG_OWNER='***' AIRFLOW_CTX_DAG_ID='aqi_etl_pipeline' AIRFLOW_CTX_TASK_ID='create_aqi_table' AIRFLOW_CTX_EXECUTION_DATE='2025-02-25T00:00:00+00:00' AIRFLOW_CTX_TRY_NUMBER='1' AIRFLOW_CTX_DAG_RUN_ID='scheduled__2025-02-25T00:00:00+00:00'
[2025-03-23T08:12:38.647+0000] {logging_mixin.py:190} INFO - Task instance is in running state
[2025-03-23T08:12:38.648+0000] {logging_mixin.py:190} INFO -  Previous state of the Task instance: queued
[2025-03-23T08:12:38.649+0000] {logging_mixin.py:190} INFO - Current task name:create_aqi_table state:running start_date:2025-03-23 08:12:36.617159+00:00
[2025-03-23T08:12:38.656+0000] {logging_mixin.py:190} INFO - Dag name:aqi_etl_pipeline and current dag run status:running
[2025-03-23T08:12:38.664+0000] {taskinstance.py:731} INFO - ::endgroup::
[2025-03-23T08:12:38.807+0000] {base.py:84} INFO - Retrieving connection '***_default'
[2025-03-23T08:12:38.899+0000] {python.py:240} INFO - Done. Returned value was: None
[2025-03-23T08:12:38.976+0000] {taskinstance.py:340} INFO - ::group::Post task execution logs
[2025-03-23T08:12:38.978+0000] {taskinstance.py:352} INFO - Marking task as SUCCESS. dag_id=aqi_etl_pipeline, task_id=create_aqi_table, run_id=scheduled__2025-02-25T00:00:00+00:00, execution_date=20250225T000000, start_date=20250323T081236, end_date=20250323T081238
[2025-03-23T08:12:39.343+0000] {logging_mixin.py:190} INFO - Task instance in success state
[2025-03-23T08:12:39.343+0000] {logging_mixin.py:190} INFO -  Previous state of the Task instance: running
[2025-03-23T08:12:39.347+0000] {logging_mixin.py:190} INFO - Dag name:aqi_etl_pipeline queued_at:2025-03-23 08:12:22.009606+00:00
[2025-03-23T08:12:39.347+0000] {logging_mixin.py:190} INFO - Task hostname:ed55a332e3f9 operator:PythonOperator
[2025-03-23T08:12:39.552+0000] {local_task_job_runner.py:266} INFO - Task exited with return code 0
[2025-03-23T08:12:40.032+0000] {taskinstance.py:3895} INFO - 0 downstream tasks scheduled from follow-on schedule check
[2025-03-23T08:12:40.039+0000] {local_task_job_runner.py:245} INFO - ::endgroup::
