[2025-03-23T08:13:05.786+0000] {local_task_job_runner.py:123} INFO - ::group::Pre task execution logs
[2025-03-23T08:13:05.870+0000] {taskinstance.py:2613} INFO - Dependencies all met for dep_context=non-requeueable deps ti=<TaskInstance: aqi_etl_pipeline.get_aqi_data manual__2025-03-23T08:12:46.808005+00:00 [queued]>
[2025-03-23T08:13:05.924+0000] {taskinstance.py:2613} INFO - Dependencies all met for dep_context=requeueable deps ti=<TaskInstance: aqi_etl_pipeline.get_aqi_data manual__2025-03-23T08:12:46.808005+00:00 [queued]>
[2025-03-23T08:13:05.925+0000] {taskinstance.py:2866} INFO - Starting attempt 1 of 1
[2025-03-23T08:13:06.077+0000] {taskinstance.py:2889} INFO - Executing <Task(PythonOperator): get_aqi_data> on 2025-03-23 08:12:46.808005+00:00
[2025-03-23T08:13:06.202+0000] {standard_task_runner.py:104} INFO - Running: ['***', 'tasks', 'run', 'aqi_etl_pipeline', 'get_aqi_data', 'manual__2025-03-23T08:12:46.808005+00:00', '--job-id', '196', '--raw', '--subdir', 'DAGS_FOLDER/api_etl_pipeline.py', '--cfg-path', '/tmp/tmp8kxf5_50']
[2025-03-23T08:13:06.212+0000] {standard_task_runner.py:105} INFO - Job 196: Subtask get_aqi_data
[2025-03-23T08:13:06.243+0000] {logging_mixin.py:190} WARNING - /home/***/.local/lib/python3.12/site-packages/***/task/task_runner/standard_task_runner.py:70 DeprecationWarning: This process (pid=29531) is multi-threaded, use of fork() may lead to deadlocks in the child.
[2025-03-23T08:13:06.271+0000] {standard_task_runner.py:72} INFO - Started process 29622 to run task
[2025-03-23T08:13:06.657+0000] {task_command.py:467} INFO - Running <TaskInstance: aqi_etl_pipeline.get_aqi_data manual__2025-03-23T08:12:46.808005+00:00 [running]> on host ed55a332e3f9
[2025-03-23T08:13:07.535+0000] {taskinstance.py:3132} INFO - Exporting env vars: AIRFLOW_CTX_DAG_OWNER='***' AIRFLOW_CTX_DAG_ID='aqi_etl_pipeline' AIRFLOW_CTX_TASK_ID='get_aqi_data' AIRFLOW_CTX_EXECUTION_DATE='2025-03-23T08:12:46.808005+00:00' AIRFLOW_CTX_TRY_NUMBER='1' AIRFLOW_CTX_DAG_RUN_ID='manual__2025-03-23T08:12:46.808005+00:00'
[2025-03-23T08:13:07.538+0000] {logging_mixin.py:190} INFO - Task instance is in running state
[2025-03-23T08:13:07.551+0000] {logging_mixin.py:190} INFO -  Previous state of the Task instance: queued
[2025-03-23T08:13:07.551+0000] {logging_mixin.py:190} INFO - Current task name:get_aqi_data state:running start_date:2025-03-23 08:13:05.878553+00:00
[2025-03-23T08:13:07.552+0000] {logging_mixin.py:190} INFO - Dag name:aqi_etl_pipeline and current dag run status:running
[2025-03-23T08:13:07.552+0000] {taskinstance.py:731} INFO - ::endgroup::
[2025-03-23T08:13:08.561+0000] {logging_mixin.py:190} INFO - https://api.airvisual.com/v2/city?city=Bangkok&state=Bangkok&country=Thailand&key=***
[2025-03-23T08:13:08.573+0000] {logging_mixin.py:190} INFO - {'status': 'fail', 'data': {'message': 'Too Many Requests'}}
[2025-03-23T08:13:08.590+0000] {python.py:240} INFO - Done. Returned value was: None
[2025-03-23T08:13:08.667+0000] {taskinstance.py:340} INFO - ::group::Post task execution logs
[2025-03-23T08:13:08.675+0000] {taskinstance.py:352} INFO - Marking task as SUCCESS. dag_id=aqi_etl_pipeline, task_id=get_aqi_data, run_id=manual__2025-03-23T08:12:46.808005+00:00, execution_date=20250323T081246, start_date=20250323T081305, end_date=20250323T081308
[2025-03-23T08:13:09.104+0000] {logging_mixin.py:190} INFO - Task instance in success state
[2025-03-23T08:13:09.114+0000] {logging_mixin.py:190} INFO -  Previous state of the Task instance: running
[2025-03-23T08:13:09.116+0000] {logging_mixin.py:190} INFO - Dag name:aqi_etl_pipeline queued_at:2025-03-23 08:12:46.827813+00:00
[2025-03-23T08:13:09.121+0000] {logging_mixin.py:190} INFO - Task hostname:ed55a332e3f9 operator:PythonOperator
[2025-03-23T08:13:09.322+0000] {local_task_job_runner.py:266} INFO - Task exited with return code 0
[2025-03-23T08:13:09.491+0000] {taskinstance.py:3895} INFO - 1 downstream tasks scheduled from follow-on schedule check
[2025-03-23T08:13:09.498+0000] {local_task_job_runner.py:245} INFO - ::endgroup::
