[2025-03-23T08:12:18.708+0000] {local_task_job_runner.py:123} INFO - ::group::Pre task execution logs
[2025-03-23T08:12:18.741+0000] {taskinstance.py:2613} INFO - Dependencies all met for dep_context=non-requeueable deps ti=<TaskInstance: aqi_etl_pipeline.get_aqi_data scheduled__2025-02-22T00:00:00+00:00 [queued]>
[2025-03-23T08:12:18.754+0000] {taskinstance.py:2613} INFO - Dependencies all met for dep_context=requeueable deps ti=<TaskInstance: aqi_etl_pipeline.get_aqi_data scheduled__2025-02-22T00:00:00+00:00 [queued]>
[2025-03-23T08:12:18.755+0000] {taskinstance.py:2866} INFO - Starting attempt 1 of 1
[2025-03-23T08:12:18.783+0000] {taskinstance.py:2889} INFO - Executing <Task(PythonOperator): get_aqi_data> on 2025-02-22 00:00:00+00:00
[2025-03-23T08:12:18.896+0000] {standard_task_runner.py:104} INFO - Running: ['***', 'tasks', 'run', 'aqi_etl_pipeline', 'get_aqi_data', 'scheduled__2025-02-22T00:00:00+00:00', '--job-id', '162', '--raw', '--subdir', 'DAGS_FOLDER/api_etl_pipeline.py', '--cfg-path', '/tmp/tmpx2ed557d']
[2025-03-23T08:12:18.909+0000] {standard_task_runner.py:105} INFO - Job 162: Subtask get_aqi_data
[2025-03-23T08:12:18.966+0000] {logging_mixin.py:190} WARNING - /home/***/.local/lib/python3.12/site-packages/***/task/task_runner/standard_task_runner.py:70 DeprecationWarning: This process (pid=29163) is multi-threaded, use of fork() may lead to deadlocks in the child.
[2025-03-23T08:12:18.974+0000] {standard_task_runner.py:72} INFO - Started process 29230 to run task
[2025-03-23T08:12:19.213+0000] {task_command.py:467} INFO - Running <TaskInstance: aqi_etl_pipeline.get_aqi_data scheduled__2025-02-22T00:00:00+00:00 [running]> on host ed55a332e3f9
[2025-03-23T08:12:19.906+0000] {taskinstance.py:3132} INFO - Exporting env vars: AIRFLOW_CTX_DAG_OWNER='***' AIRFLOW_CTX_DAG_ID='aqi_etl_pipeline' AIRFLOW_CTX_TASK_ID='get_aqi_data' AIRFLOW_CTX_EXECUTION_DATE='2025-02-22T00:00:00+00:00' AIRFLOW_CTX_TRY_NUMBER='1' AIRFLOW_CTX_DAG_RUN_ID='scheduled__2025-02-22T00:00:00+00:00'
[2025-03-23T08:12:19.908+0000] {logging_mixin.py:190} INFO - Task instance is in running state
[2025-03-23T08:12:19.920+0000] {logging_mixin.py:190} INFO -  Previous state of the Task instance: queued
[2025-03-23T08:12:19.923+0000] {logging_mixin.py:190} INFO - Current task name:get_aqi_data state:running start_date:2025-03-23 08:12:18.741855+00:00
[2025-03-23T08:12:19.926+0000] {logging_mixin.py:190} INFO - Dag name:aqi_etl_pipeline and current dag run status:running
[2025-03-23T08:12:19.927+0000] {taskinstance.py:731} INFO - ::endgroup::
[2025-03-23T08:12:20.580+0000] {logging_mixin.py:190} INFO - https://api.airvisual.com/v2/city?city=Bangkok&state=Bangkok&country=Thailand&key=***
[2025-03-23T08:12:20.589+0000] {logging_mixin.py:190} INFO - {'status': 'fail', 'data': {'message': 'Too Many Requests'}}
[2025-03-23T08:12:20.601+0000] {python.py:240} INFO - Done. Returned value was: None
[2025-03-23T08:12:20.635+0000] {taskinstance.py:340} INFO - ::group::Post task execution logs
[2025-03-23T08:12:20.637+0000] {taskinstance.py:352} INFO - Marking task as SUCCESS. dag_id=aqi_etl_pipeline, task_id=get_aqi_data, run_id=scheduled__2025-02-22T00:00:00+00:00, execution_date=20250222T000000, start_date=20250323T081218, end_date=20250323T081220
[2025-03-23T08:12:20.702+0000] {logging_mixin.py:190} INFO - Task instance in success state
[2025-03-23T08:12:20.702+0000] {logging_mixin.py:190} INFO -  Previous state of the Task instance: running
[2025-03-23T08:12:20.702+0000] {logging_mixin.py:190} INFO - Dag name:aqi_etl_pipeline queued_at:2025-03-23 08:12:04.124703+00:00
[2025-03-23T08:12:20.704+0000] {logging_mixin.py:190} INFO - Task hostname:ed55a332e3f9 operator:PythonOperator
[2025-03-23T08:12:20.769+0000] {local_task_job_runner.py:266} INFO - Task exited with return code 0
[2025-03-23T08:12:20.954+0000] {taskinstance.py:3895} INFO - 1 downstream tasks scheduled from follow-on schedule check
[2025-03-23T08:12:20.960+0000] {local_task_job_runner.py:245} INFO - ::endgroup::
