[2025-03-30T07:17:29.395+0000] {local_task_job_runner.py:123} INFO - ::group::Pre task execution logs
[2025-03-30T07:17:29.667+0000] {taskinstance.py:2613} INFO - Dependencies all met for dep_context=non-requeueable deps ti=<TaskInstance: aqi_etl_pipeline.create_aqi_table manual__2025-03-30T07:17:16.418341+00:00 [queued]>
[2025-03-30T07:17:29.817+0000] {taskinstance.py:2613} INFO - Dependencies all met for dep_context=requeueable deps ti=<TaskInstance: aqi_etl_pipeline.create_aqi_table manual__2025-03-30T07:17:16.418341+00:00 [queued]>
[2025-03-30T07:17:29.826+0000] {taskinstance.py:2866} INFO - Starting attempt 1 of 1
[2025-03-30T07:17:30.133+0000] {taskinstance.py:2889} INFO - Executing <Task(PythonOperator): create_aqi_table> on 2025-03-30 07:17:16.418341+00:00
[2025-03-30T07:17:30.180+0000] {standard_task_runner.py:104} INFO - Running: ['***', 'tasks', 'run', 'aqi_etl_pipeline', 'create_aqi_table', 'manual__2025-03-30T07:17:16.418341+00:00', '--job-id', '341', '--raw', '--subdir', 'DAGS_FOLDER/api_etl_pipeline.py', '--cfg-path', '/tmp/tmpu3c_3qb9']
[2025-03-30T07:17:30.194+0000] {standard_task_runner.py:105} INFO - Job 341: Subtask create_aqi_table
[2025-03-30T07:17:30.216+0000] {logging_mixin.py:190} WARNING - /home/***/.local/lib/python3.12/site-packages/***/task/task_runner/standard_task_runner.py:70 DeprecationWarning: This process (pid=7934) is multi-threaded, use of fork() may lead to deadlocks in the child.
[2025-03-30T07:17:30.233+0000] {standard_task_runner.py:72} INFO - Started process 8014 to run task
[2025-03-30T07:17:30.651+0000] {task_command.py:467} INFO - Running <TaskInstance: aqi_etl_pipeline.create_aqi_table manual__2025-03-30T07:17:16.418341+00:00 [running]> on host 58b9640d9ecf
[2025-03-30T07:17:32.452+0000] {taskinstance.py:3132} INFO - Exporting env vars: AIRFLOW_CTX_DAG_OWNER='***' AIRFLOW_CTX_DAG_ID='aqi_etl_pipeline' AIRFLOW_CTX_TASK_ID='create_aqi_table' AIRFLOW_CTX_EXECUTION_DATE='2025-03-30T07:17:16.418341+00:00' AIRFLOW_CTX_TRY_NUMBER='1' AIRFLOW_CTX_DAG_RUN_ID='manual__2025-03-30T07:17:16.418341+00:00'
[2025-03-30T07:17:32.479+0000] {logging_mixin.py:190} INFO - Task instance is in running state
[2025-03-30T07:17:32.480+0000] {logging_mixin.py:190} INFO -  Previous state of the Task instance: queued
[2025-03-30T07:17:32.533+0000] {logging_mixin.py:190} INFO - Current task name:create_aqi_table state:running start_date:2025-03-30 07:17:29.669619+00:00
[2025-03-30T07:17:32.534+0000] {logging_mixin.py:190} INFO - Dag name:aqi_etl_pipeline and current dag run status:running
[2025-03-30T07:17:32.535+0000] {taskinstance.py:731} INFO - ::endgroup::
[2025-03-30T07:17:32.759+0000] {base.py:84} INFO - Retrieving connection '***_default'
[2025-03-30T07:17:32.860+0000] {python.py:240} INFO - Done. Returned value was: None
[2025-03-30T07:17:32.981+0000] {taskinstance.py:340} INFO - ::group::Post task execution logs
[2025-03-30T07:17:32.988+0000] {taskinstance.py:352} INFO - Marking task as SUCCESS. dag_id=aqi_etl_pipeline, task_id=create_aqi_table, run_id=manual__2025-03-30T07:17:16.418341+00:00, execution_date=20250330T071716, start_date=20250330T071729, end_date=20250330T071732
[2025-03-30T07:17:33.151+0000] {logging_mixin.py:190} INFO - Task instance in success state
[2025-03-30T07:17:33.152+0000] {logging_mixin.py:190} INFO -  Previous state of the Task instance: running
[2025-03-30T07:17:33.156+0000] {logging_mixin.py:190} INFO - Dag name:aqi_etl_pipeline queued_at:2025-03-30 07:17:16.429489+00:00
[2025-03-30T07:17:33.156+0000] {logging_mixin.py:190} INFO - Task hostname:58b9640d9ecf operator:PythonOperator
[2025-03-30T07:17:33.390+0000] {local_task_job_runner.py:266} INFO - Task exited with return code 0
[2025-03-30T07:17:33.504+0000] {local_task_job_runner.py:245} INFO - ::endgroup::
