[2025-03-30T07:17:30.518+0000] {local_task_job_runner.py:123} INFO - ::group::Pre task execution logs
[2025-03-30T07:17:30.795+0000] {taskinstance.py:2613} INFO - Dependencies all met for dep_context=non-requeueable deps ti=<TaskInstance: aqi_etl_pipeline.get_aqi_data_Din_Daeng manual__2025-03-30T07:17:16.418341+00:00 [queued]>
[2025-03-30T07:17:30.940+0000] {taskinstance.py:2613} INFO - Dependencies all met for dep_context=requeueable deps ti=<TaskInstance: aqi_etl_pipeline.get_aqi_data_Din_Daeng manual__2025-03-30T07:17:16.418341+00:00 [queued]>
[2025-03-30T07:17:30.951+0000] {taskinstance.py:2866} INFO - Starting attempt 1 of 1
[2025-03-30T07:17:31.185+0000] {taskinstance.py:2889} INFO - Executing <Task(PythonOperator): get_aqi_data_Din_Daeng> on 2025-03-30 07:17:16.418341+00:00
[2025-03-30T07:17:31.380+0000] {standard_task_runner.py:104} INFO - Running: ['***', 'tasks', 'run', 'aqi_etl_pipeline', 'get_aqi_data_Din_Daeng', 'manual__2025-03-30T07:17:16.418341+00:00', '--job-id', '352', '--raw', '--subdir', 'DAGS_FOLDER/api_etl_pipeline.py', '--cfg-path', '/tmp/tmpyt1lp022']
[2025-03-30T07:17:31.427+0000] {standard_task_runner.py:105} INFO - Job 352: Subtask get_aqi_data_Din_Daeng
[2025-03-30T07:17:31.520+0000] {logging_mixin.py:190} WARNING - /home/***/.local/lib/python3.12/site-packages/***/task/task_runner/standard_task_runner.py:70 DeprecationWarning: This process (pid=7929) is multi-threaded, use of fork() may lead to deadlocks in the child.
[2025-03-30T07:17:31.538+0000] {standard_task_runner.py:72} INFO - Started process 8037 to run task
[2025-03-30T07:17:32.112+0000] {task_command.py:467} INFO - Running <TaskInstance: aqi_etl_pipeline.get_aqi_data_Din_Daeng manual__2025-03-30T07:17:16.418341+00:00 [running]> on host 58b9640d9ecf
[2025-03-30T07:17:33.728+0000] {taskinstance.py:3132} INFO - Exporting env vars: AIRFLOW_CTX_DAG_OWNER='***' AIRFLOW_CTX_DAG_ID='aqi_etl_pipeline' AIRFLOW_CTX_TASK_ID='get_aqi_data_Din_Daeng' AIRFLOW_CTX_EXECUTION_DATE='2025-03-30T07:17:16.418341+00:00' AIRFLOW_CTX_TRY_NUMBER='1' AIRFLOW_CTX_DAG_RUN_ID='manual__2025-03-30T07:17:16.418341+00:00'
[2025-03-30T07:17:33.743+0000] {logging_mixin.py:190} INFO - Task instance is in running state
[2025-03-30T07:17:33.744+0000] {logging_mixin.py:190} INFO -  Previous state of the Task instance: queued
[2025-03-30T07:17:33.745+0000] {logging_mixin.py:190} INFO - Current task name:get_aqi_data_Din_Daeng state:running start_date:2025-03-30 07:17:30.812666+00:00
[2025-03-30T07:17:33.746+0000] {logging_mixin.py:190} INFO - Dag name:aqi_etl_pipeline and current dag run status:running
[2025-03-30T07:17:33.749+0000] {taskinstance.py:731} INFO - ::endgroup::
[2025-03-30T07:17:34.621+0000] {logging_mixin.py:190} INFO - API URL: https://api.airvisual.com/v2/city?city=Din_Daeng&state=Bangkok&country=Thailand&key=***
[2025-03-30T07:17:34.640+0000] {logging_mixin.py:190} INFO - Response Status Code: 400
[2025-03-30T07:17:34.640+0000] {logging_mixin.py:190} INFO - Response Text: {"status":"fail","data":{"message":"city_not_found"}}
[2025-03-30T07:17:34.645+0000] {logging_mixin.py:190} INFO - Parsed JSON: {
  "status": "fail",
  "data": {
    "message": "city_not_found"
  }
}
[2025-03-30T07:17:34.652+0000] {python.py:240} INFO - Done. Returned value was: None
[2025-03-30T07:17:34.725+0000] {taskinstance.py:340} INFO - ::group::Post task execution logs
[2025-03-30T07:17:34.730+0000] {taskinstance.py:352} INFO - Marking task as SUCCESS. dag_id=aqi_etl_pipeline, task_id=get_aqi_data_Din_Daeng, run_id=manual__2025-03-30T07:17:16.418341+00:00, execution_date=20250330T071716, start_date=20250330T071730, end_date=20250330T071734
[2025-03-30T07:17:34.789+0000] {logging_mixin.py:190} INFO - Task instance in success state
[2025-03-30T07:17:34.790+0000] {logging_mixin.py:190} INFO -  Previous state of the Task instance: running
[2025-03-30T07:17:34.790+0000] {logging_mixin.py:190} INFO - Dag name:aqi_etl_pipeline queued_at:2025-03-30 07:17:16.429489+00:00
[2025-03-30T07:17:34.793+0000] {logging_mixin.py:190} INFO - Task hostname:58b9640d9ecf operator:PythonOperator
[2025-03-30T07:17:34.878+0000] {local_task_job_runner.py:266} INFO - Task exited with return code 0
[2025-03-30T07:17:34.912+0000] {local_task_job_runner.py:245} INFO - ::endgroup::
