[2025-03-30T10:52:18.974+0000] {local_task_job_runner.py:123} INFO - ::group::Pre task execution logs
[2025-03-30T10:52:19.121+0000] {taskinstance.py:2613} INFO - Dependencies all met for dep_context=non-requeueable deps ti=<TaskInstance: aqi_etl_pipeline.get_aqi_data_Ayutthaya manual__2025-03-30T10:52:08.827539+00:00 [queued]>
[2025-03-30T10:52:19.201+0000] {taskinstance.py:2613} INFO - Dependencies all met for dep_context=requeueable deps ti=<TaskInstance: aqi_etl_pipeline.get_aqi_data_Ayutthaya manual__2025-03-30T10:52:08.827539+00:00 [queued]>
[2025-03-30T10:52:19.202+0000] {taskinstance.py:2866} INFO - Starting attempt 1 of 4
[2025-03-30T10:52:19.310+0000] {taskinstance.py:2889} INFO - Executing <Task(PythonOperator): get_aqi_data_Ayutthaya> on 2025-03-30 10:52:08.827539+00:00
[2025-03-30T10:52:19.360+0000] {logging_mixin.py:190} WARNING - /home/***/.local/lib/python3.12/site-packages/***/task/task_runner/standard_task_runner.py:70 DeprecationWarning: This process (pid=60421) is multi-threaded, use of fork() may lead to deadlocks in the child.
[2025-03-30T10:52:19.366+0000] {standard_task_runner.py:72} INFO - Started process 60481 to run task
[2025-03-30T10:52:19.368+0000] {standard_task_runner.py:104} INFO - Running: ['***', 'tasks', 'run', 'aqi_etl_pipeline', 'get_aqi_data_Ayutthaya', 'manual__2025-03-30T10:52:08.827539+00:00', '--job-id', '524', '--raw', '--subdir', 'DAGS_FOLDER/api_etl_pipeline.py', '--cfg-path', '/tmp/tmpj5o8zcxo']
[2025-03-30T10:52:19.385+0000] {standard_task_runner.py:105} INFO - Job 524: Subtask get_aqi_data_Ayutthaya
[2025-03-30T10:52:19.605+0000] {task_command.py:467} INFO - Running <TaskInstance: aqi_etl_pipeline.get_aqi_data_Ayutthaya manual__2025-03-30T10:52:08.827539+00:00 [running]> on host 58b9640d9ecf
[2025-03-30T10:52:19.916+0000] {taskinstance.py:3132} INFO - Exporting env vars: AIRFLOW_CTX_DAG_OWNER='***' AIRFLOW_CTX_DAG_ID='aqi_etl_pipeline' AIRFLOW_CTX_TASK_ID='get_aqi_data_Ayutthaya' AIRFLOW_CTX_EXECUTION_DATE='2025-03-30T10:52:08.827539+00:00' AIRFLOW_CTX_TRY_NUMBER='1' AIRFLOW_CTX_DAG_RUN_ID='manual__2025-03-30T10:52:08.827539+00:00'
[2025-03-30T10:52:19.918+0000] {logging_mixin.py:190} INFO - Task instance is in running state
[2025-03-30T10:52:19.920+0000] {logging_mixin.py:190} INFO -  Previous state of the Task instance: queued
[2025-03-30T10:52:19.920+0000] {logging_mixin.py:190} INFO - Current task name:get_aqi_data_Ayutthaya state:running start_date:2025-03-30 10:52:19.137937+00:00
[2025-03-30T10:52:19.920+0000] {logging_mixin.py:190} INFO - Dag name:aqi_etl_pipeline and current dag run status:running
[2025-03-30T10:52:19.921+0000] {taskinstance.py:731} INFO - ::endgroup::
[2025-03-30T10:52:53.268+0000] {python.py:240} INFO - Done. Returned value was: None
[2025-03-30T10:52:53.295+0000] {taskinstance.py:340} INFO - ::group::Post task execution logs
[2025-03-30T10:52:53.296+0000] {taskinstance.py:352} INFO - Marking task as SUCCESS. dag_id=aqi_etl_pipeline, task_id=get_aqi_data_Ayutthaya, run_id=manual__2025-03-30T10:52:08.827539+00:00, execution_date=20250330T105208, start_date=20250330T105219, end_date=20250330T105253
[2025-03-30T10:52:53.311+0000] {logging_mixin.py:190} INFO - Task instance in success state
[2025-03-30T10:52:53.313+0000] {logging_mixin.py:190} INFO -  Previous state of the Task instance: running
[2025-03-30T10:52:53.313+0000] {logging_mixin.py:190} INFO - Dag name:aqi_etl_pipeline queued_at:2025-03-30 10:52:08.834341+00:00
[2025-03-30T10:52:53.314+0000] {logging_mixin.py:190} INFO - Task hostname:58b9640d9ecf operator:PythonOperator
[2025-03-30T10:52:53.358+0000] {local_task_job_runner.py:266} INFO - Task exited with return code 0
[2025-03-30T10:52:53.400+0000] {taskinstance.py:3895} INFO - 1 downstream tasks scheduled from follow-on schedule check
[2025-03-30T10:52:53.402+0000] {local_task_job_runner.py:245} INFO - ::endgroup::
