[2025-03-31T07:39:38.414+0000] {local_task_job_runner.py:123} INFO - ::group::Pre task execution logs
[2025-03-31T07:39:38.445+0000] {taskinstance.py:2613} INFO - Dependencies all met for dep_context=non-requeueable deps ti=<TaskInstance: aqi_etl_pipeline.aqi_tasks_group.get_aqi_data_Nakhon_Pathom manual__2025-03-31T07:39:31.535547+00:00 [queued]>
[2025-03-31T07:39:38.466+0000] {taskinstance.py:2613} INFO - Dependencies all met for dep_context=requeueable deps ti=<TaskInstance: aqi_etl_pipeline.aqi_tasks_group.get_aqi_data_Nakhon_Pathom manual__2025-03-31T07:39:31.535547+00:00 [queued]>
[2025-03-31T07:39:38.467+0000] {taskinstance.py:2866} INFO - Starting attempt 1 of 4
[2025-03-31T07:39:38.496+0000] {taskinstance.py:2889} INFO - Executing <Task(PythonOperator): aqi_tasks_group.get_aqi_data_Nakhon_Pathom> on 2025-03-31 07:39:31.535547+00:00
[2025-03-31T07:39:38.522+0000] {standard_task_runner.py:104} INFO - Running: ['***', 'tasks', 'run', 'aqi_etl_pipeline', 'aqi_tasks_group.get_aqi_data_Nakhon_Pathom', 'manual__2025-03-31T07:39:31.535547+00:00', '--job-id', '943', '--raw', '--subdir', 'DAGS_FOLDER/api_etl_pipeline.py', '--cfg-path', '/tmp/tmpzuml5pn8']
[2025-03-31T07:39:38.527+0000] {standard_task_runner.py:105} INFO - Job 943: Subtask aqi_tasks_group.get_aqi_data_Nakhon_Pathom
[2025-03-31T07:39:38.527+0000] {logging_mixin.py:190} WARNING - /home/***/.local/lib/python3.12/site-packages/***/task/task_runner/standard_task_runner.py:70 DeprecationWarning: This process (pid=13188) is multi-threaded, use of fork() may lead to deadlocks in the child.
[2025-03-31T07:39:38.529+0000] {standard_task_runner.py:72} INFO - Started process 13216 to run task
[2025-03-31T07:39:38.624+0000] {task_command.py:467} INFO - Running <TaskInstance: aqi_etl_pipeline.aqi_tasks_group.get_aqi_data_Nakhon_Pathom manual__2025-03-31T07:39:31.535547+00:00 [running]> on host 0c0dca5804dc
[2025-03-31T07:39:38.844+0000] {taskinstance.py:3132} INFO - Exporting env vars: AIRFLOW_CTX_DAG_OWNER='***' AIRFLOW_CTX_DAG_ID='aqi_etl_pipeline' AIRFLOW_CTX_TASK_ID='aqi_tasks_group.get_aqi_data_Nakhon_Pathom' AIRFLOW_CTX_EXECUTION_DATE='2025-03-31T07:39:31.535547+00:00' AIRFLOW_CTX_TRY_NUMBER='1' AIRFLOW_CTX_DAG_RUN_ID='manual__2025-03-31T07:39:31.535547+00:00'
[2025-03-31T07:39:38.846+0000] {logging_mixin.py:190} INFO - Task instance is in running state
[2025-03-31T07:39:38.847+0000] {logging_mixin.py:190} INFO -  Previous state of the Task instance: queued
[2025-03-31T07:39:38.847+0000] {logging_mixin.py:190} INFO - Current task name:aqi_tasks_group.get_aqi_data_Nakhon_Pathom state:running start_date:2025-03-31 07:39:38.446998+00:00
[2025-03-31T07:39:38.849+0000] {logging_mixin.py:190} INFO - Dag name:aqi_etl_pipeline and current dag run status:running
[2025-03-31T07:39:38.850+0000] {taskinstance.py:731} INFO - ::endgroup::
[2025-03-31T07:39:38.854+0000] {api_etl_pipeline.py:28} INFO - Fetching AQI data with params: {'city': 'Nakhon Pathom', 'state': 'Nakhon Pathom', 'country': 'Thailand', 'key': '***'}
[2025-03-31T07:39:39.356+0000] {python.py:240} INFO - Done. Returned value was: None
[2025-03-31T07:39:39.364+0000] {taskinstance.py:340} INFO - ::group::Post task execution logs
[2025-03-31T07:39:39.364+0000] {taskinstance.py:352} INFO - Marking task as SUCCESS. dag_id=aqi_etl_pipeline, task_id=aqi_tasks_group.get_aqi_data_Nakhon_Pathom, run_id=manual__2025-03-31T07:39:31.535547+00:00, execution_date=20250331T073931, start_date=20250331T073938, end_date=20250331T073939
[2025-03-31T07:39:39.371+0000] {logging_mixin.py:190} INFO - Task instance in success state
[2025-03-31T07:39:39.371+0000] {logging_mixin.py:190} INFO -  Previous state of the Task instance: running
[2025-03-31T07:39:39.371+0000] {logging_mixin.py:190} INFO - Dag name:aqi_etl_pipeline queued_at:2025-03-31 07:39:31.549241+00:00
[2025-03-31T07:39:39.372+0000] {logging_mixin.py:190} INFO - Task hostname:0c0dca5804dc operator:PythonOperator
[2025-03-31T07:39:39.394+0000] {local_task_job_runner.py:266} INFO - Task exited with return code 0
[2025-03-31T07:39:39.417+0000] {taskinstance.py:3895} INFO - 1 downstream tasks scheduled from follow-on schedule check
[2025-03-31T07:39:39.418+0000] {local_task_job_runner.py:245} INFO - ::endgroup::
