[2025-03-26T14:31:16.054+0000] {local_task_job_runner.py:123} INFO - ::group::Pre task execution logs
[2025-03-26T14:31:16.096+0000] {taskinstance.py:2613} INFO - Dependencies all met for dep_context=non-requeueable deps ti=<TaskInstance: aqi_etl_pipeline.load_aqi_to_postgres scheduled__2025-03-25T00:00:00+00:00 [queued]>
[2025-03-26T14:31:16.135+0000] {taskinstance.py:2613} INFO - Dependencies all met for dep_context=requeueable deps ti=<TaskInstance: aqi_etl_pipeline.load_aqi_to_postgres scheduled__2025-03-25T00:00:00+00:00 [queued]>
[2025-03-26T14:31:16.137+0000] {taskinstance.py:2866} INFO - Starting attempt 1 of 1
[2025-03-26T14:31:16.180+0000] {taskinstance.py:2889} INFO - Executing <Task(PythonOperator): load_aqi_to_postgres> on 2025-03-25 00:00:00+00:00
[2025-03-26T14:31:16.212+0000] {logging_mixin.py:190} WARNING - /home/***/.local/lib/python3.12/site-packages/***/task/task_runner/standard_task_runner.py:70 DeprecationWarning: This process (pid=446) is multi-threaded, use of fork() may lead to deadlocks in the child.
[2025-03-26T14:31:16.205+0000] {standard_task_runner.py:104} INFO - Running: ['***', 'tasks', 'run', 'aqi_etl_pipeline', 'load_aqi_to_postgres', 'scheduled__2025-03-25T00:00:00+00:00', '--job-id', '280', '--raw', '--subdir', 'DAGS_FOLDER/api_etl_pipeline.py', '--cfg-path', '/tmp/tmpw3udknwl']
[2025-03-26T14:31:16.216+0000] {standard_task_runner.py:105} INFO - Job 280: Subtask load_aqi_to_postgres
[2025-03-26T14:31:16.220+0000] {standard_task_runner.py:72} INFO - Started process 491 to run task
[2025-03-26T14:31:16.453+0000] {task_command.py:467} INFO - Running <TaskInstance: aqi_etl_pipeline.load_aqi_to_postgres scheduled__2025-03-25T00:00:00+00:00 [running]> on host bc76e43d85cd
[2025-03-26T14:31:16.865+0000] {taskinstance.py:3132} INFO - Exporting env vars: AIRFLOW_CTX_DAG_OWNER='***' AIRFLOW_CTX_DAG_ID='aqi_etl_pipeline' AIRFLOW_CTX_TASK_ID='load_aqi_to_postgres' AIRFLOW_CTX_EXECUTION_DATE='2025-03-25T00:00:00+00:00' AIRFLOW_CTX_TRY_NUMBER='1' AIRFLOW_CTX_DAG_RUN_ID='scheduled__2025-03-25T00:00:00+00:00'
[2025-03-26T14:31:16.872+0000] {logging_mixin.py:190} INFO - Task instance is in running state
[2025-03-26T14:31:16.873+0000] {logging_mixin.py:190} INFO -  Previous state of the Task instance: queued
[2025-03-26T14:31:16.875+0000] {logging_mixin.py:190} INFO - Current task name:load_aqi_to_postgres state:running start_date:2025-03-26 14:31:16.103723+00:00
[2025-03-26T14:31:16.879+0000] {logging_mixin.py:190} INFO - Dag name:aqi_etl_pipeline and current dag run status:running
[2025-03-26T14:31:16.879+0000] {taskinstance.py:731} INFO - ::endgroup::
[2025-03-26T14:31:16.920+0000] {base.py:84} INFO - Retrieving connection '***_default'
[2025-03-26T14:31:16.938+0000] {python.py:240} INFO - Done. Returned value was: None
[2025-03-26T14:31:16.958+0000] {taskinstance.py:340} INFO - ::group::Post task execution logs
[2025-03-26T14:31:16.959+0000] {taskinstance.py:352} INFO - Marking task as SUCCESS. dag_id=aqi_etl_pipeline, task_id=load_aqi_to_***, run_id=scheduled__2025-03-25T00:00:00+00:00, execution_date=20250325T000000, start_date=20250326T143116, end_date=20250326T143116
[2025-03-26T14:31:16.975+0000] {logging_mixin.py:190} INFO - Task instance in success state
[2025-03-26T14:31:16.975+0000] {logging_mixin.py:190} INFO -  Previous state of the Task instance: running
[2025-03-26T14:31:16.976+0000] {logging_mixin.py:190} INFO - Dag name:aqi_etl_pipeline queued_at:2025-03-26 14:30:39.752162+00:00
[2025-03-26T14:31:16.976+0000] {logging_mixin.py:190} INFO - Task hostname:bc76e43d85cd operator:PythonOperator
[2025-03-26T14:31:17.018+0000] {local_task_job_runner.py:266} INFO - Task exited with return code 0
[2025-03-26T14:31:17.055+0000] {taskinstance.py:3895} INFO - 0 downstream tasks scheduled from follow-on schedule check
[2025-03-26T14:31:17.056+0000] {local_task_job_runner.py:245} INFO - ::endgroup::
