[2025-03-30T10:39:37.147+0000] {local_task_job_runner.py:123} INFO - ::group::Pre task execution logs
[2025-03-30T10:39:37.283+0000] {taskinstance.py:2613} INFO - Dependencies all met for dep_context=non-requeueable deps ti=<TaskInstance: aqi_etl_pipeline.get_aqi_data_Ayutthaya manual__2025-03-30T10:39:26.348292+00:00 [queued]>
[2025-03-30T10:39:37.363+0000] {taskinstance.py:2613} INFO - Dependencies all met for dep_context=requeueable deps ti=<TaskInstance: aqi_etl_pipeline.get_aqi_data_Ayutthaya manual__2025-03-30T10:39:26.348292+00:00 [queued]>
[2025-03-30T10:39:37.364+0000] {taskinstance.py:2866} INFO - Starting attempt 1 of 1
[2025-03-30T10:39:37.485+0000] {taskinstance.py:2889} INFO - Executing <Task(PythonOperator): get_aqi_data_Ayutthaya> on 2025-03-30 10:39:26.348292+00:00
[2025-03-30T10:39:37.589+0000] {standard_task_runner.py:104} INFO - Running: ['***', 'tasks', 'run', 'aqi_etl_pipeline', 'get_aqi_data_Ayutthaya', 'manual__2025-03-30T10:39:26.348292+00:00', '--job-id', '502', '--raw', '--subdir', 'DAGS_FOLDER/api_etl_pipeline.py', '--cfg-path', '/tmp/tmpnvikesoz']
[2025-03-30T10:39:37.604+0000] {standard_task_runner.py:105} INFO - Job 502: Subtask get_aqi_data_Ayutthaya
[2025-03-30T10:39:37.579+0000] {logging_mixin.py:190} WARNING - /home/***/.local/lib/python3.12/site-packages/***/task/task_runner/standard_task_runner.py:70 DeprecationWarning: This process (pid=52984) is multi-threaded, use of fork() may lead to deadlocks in the child.
[2025-03-30T10:39:37.615+0000] {standard_task_runner.py:72} INFO - Started process 53058 to run task
[2025-03-30T10:39:37.768+0000] {task_command.py:467} INFO - Running <TaskInstance: aqi_etl_pipeline.get_aqi_data_Ayutthaya manual__2025-03-30T10:39:26.348292+00:00 [running]> on host 58b9640d9ecf
[2025-03-30T10:39:38.289+0000] {taskinstance.py:3132} INFO - Exporting env vars: AIRFLOW_CTX_DAG_OWNER='***' AIRFLOW_CTX_DAG_ID='aqi_etl_pipeline' AIRFLOW_CTX_TASK_ID='get_aqi_data_Ayutthaya' AIRFLOW_CTX_EXECUTION_DATE='2025-03-30T10:39:26.348292+00:00' AIRFLOW_CTX_TRY_NUMBER='1' AIRFLOW_CTX_DAG_RUN_ID='manual__2025-03-30T10:39:26.348292+00:00'
[2025-03-30T10:39:38.298+0000] {logging_mixin.py:190} INFO - Task instance is in running state
[2025-03-30T10:39:38.298+0000] {logging_mixin.py:190} INFO -  Previous state of the Task instance: queued
[2025-03-30T10:39:38.300+0000] {logging_mixin.py:190} INFO - Current task name:get_aqi_data_Ayutthaya state:running start_date:2025-03-30 10:39:37.295087+00:00
[2025-03-30T10:39:38.300+0000] {logging_mixin.py:190} INFO - Dag name:aqi_etl_pipeline and current dag run status:running
[2025-03-30T10:39:38.301+0000] {taskinstance.py:731} INFO - ::endgroup::
[2025-03-30T10:40:12.177+0000] {logging_mixin.py:190} INFO - ❌ API request failed for city Ayutthaya. Status code: 429
[2025-03-30T10:40:12.180+0000] {python.py:240} INFO - Done. Returned value was: None
[2025-03-30T10:40:12.190+0000] {taskinstance.py:340} INFO - ::group::Post task execution logs
[2025-03-30T10:40:12.191+0000] {taskinstance.py:352} INFO - Marking task as SUCCESS. dag_id=aqi_etl_pipeline, task_id=get_aqi_data_Ayutthaya, run_id=manual__2025-03-30T10:39:26.348292+00:00, execution_date=20250330T103926, start_date=20250330T103937, end_date=20250330T104012
[2025-03-30T10:40:12.200+0000] {logging_mixin.py:190} INFO - Task instance in success state
[2025-03-30T10:40:12.200+0000] {logging_mixin.py:190} INFO -  Previous state of the Task instance: running
[2025-03-30T10:40:12.200+0000] {logging_mixin.py:190} INFO - Dag name:aqi_etl_pipeline queued_at:2025-03-30 10:39:26.372196+00:00
[2025-03-30T10:40:12.200+0000] {logging_mixin.py:190} INFO - Task hostname:58b9640d9ecf operator:PythonOperator
[2025-03-30T10:40:12.254+0000] {local_task_job_runner.py:266} INFO - Task exited with return code 0
[2025-03-30T10:40:12.282+0000] {taskinstance.py:3895} INFO - 1 downstream tasks scheduled from follow-on schedule check
[2025-03-30T10:40:12.284+0000] {local_task_job_runner.py:245} INFO - ::endgroup::
