[2025-03-23T08:13:42.645+0000] {local_task_job_runner.py:123} INFO - ::group::Pre task execution logs
[2025-03-23T08:13:42.816+0000] {taskinstance.py:2613} INFO - Dependencies all met for dep_context=non-requeueable deps ti=<TaskInstance: aqi_etl_pipeline.get_aqi_data scheduled__2025-03-11T00:00:00+00:00 [queued]>
[2025-03-23T08:13:42.956+0000] {taskinstance.py:2613} INFO - Dependencies all met for dep_context=requeueable deps ti=<TaskInstance: aqi_etl_pipeline.get_aqi_data scheduled__2025-03-11T00:00:00+00:00 [queued]>
[2025-03-23T08:13:42.956+0000] {taskinstance.py:2866} INFO - Starting attempt 1 of 1
[2025-03-23T08:13:43.139+0000] {taskinstance.py:2889} INFO - Executing <Task(PythonOperator): get_aqi_data> on 2025-03-11 00:00:00+00:00
[2025-03-23T08:13:43.286+0000] {logging_mixin.py:190} WARNING - /home/***/.local/lib/python3.12/site-packages/***/task/task_runner/standard_task_runner.py:70 DeprecationWarning: This process (pid=29944) is multi-threaded, use of fork() may lead to deadlocks in the child.
[2025-03-23T08:13:43.310+0000] {standard_task_runner.py:72} INFO - Started process 30043 to run task
[2025-03-23T08:13:43.320+0000] {standard_task_runner.py:104} INFO - Running: ['***', 'tasks', 'run', 'aqi_etl_pipeline', 'get_aqi_data', 'scheduled__2025-03-11T00:00:00+00:00', '--job-id', '224', '--raw', '--subdir', 'DAGS_FOLDER/api_etl_pipeline.py', '--cfg-path', '/tmp/tmpffe7yvdy']
[2025-03-23T08:13:43.351+0000] {standard_task_runner.py:105} INFO - Job 224: Subtask get_aqi_data
[2025-03-23T08:13:43.871+0000] {task_command.py:467} INFO - Running <TaskInstance: aqi_etl_pipeline.get_aqi_data scheduled__2025-03-11T00:00:00+00:00 [running]> on host ed55a332e3f9
[2025-03-23T08:13:44.986+0000] {taskinstance.py:3132} INFO - Exporting env vars: AIRFLOW_CTX_DAG_OWNER='***' AIRFLOW_CTX_DAG_ID='aqi_etl_pipeline' AIRFLOW_CTX_TASK_ID='get_aqi_data' AIRFLOW_CTX_EXECUTION_DATE='2025-03-11T00:00:00+00:00' AIRFLOW_CTX_TRY_NUMBER='1' AIRFLOW_CTX_DAG_RUN_ID='scheduled__2025-03-11T00:00:00+00:00'
[2025-03-23T08:13:45.032+0000] {logging_mixin.py:190} INFO - Task instance is in running state
[2025-03-23T08:13:45.033+0000] {logging_mixin.py:190} INFO -  Previous state of the Task instance: queued
[2025-03-23T08:13:45.036+0000] {logging_mixin.py:190} INFO - Current task name:get_aqi_data state:running start_date:2025-03-23 08:13:42.833139+00:00
[2025-03-23T08:13:45.039+0000] {logging_mixin.py:190} INFO - Dag name:aqi_etl_pipeline and current dag run status:running
[2025-03-23T08:13:45.044+0000] {taskinstance.py:731} INFO - ::endgroup::
[2025-03-23T08:13:45.990+0000] {logging_mixin.py:190} INFO - https://api.airvisual.com/v2/city?city=Bangkok&state=Bangkok&country=Thailand&key=***
[2025-03-23T08:13:46.006+0000] {logging_mixin.py:190} INFO - {'status': 'success', 'data': {'city': 'Bangkok', 'state': 'Bangkok', 'country': 'Thailand', 'location': {'type': 'Point', 'coordinates': [100.4888394, 13.7292915]}, 'current': {'pollution': {'ts': '2025-03-23T08:00:00.000Z', 'aqius': 156, 'mainus': 'p2', 'aqicn': 84, 'maincn': 'p2'}, 'weather': {'ts': '2025-03-23T08:00:00.000Z', 'tp': 35, 'pr': 1009, 'hu': 38, 'ws': 1.56, 'wd': 190, 'ic': '03d'}}}}
[2025-03-23T08:13:46.036+0000] {python.py:240} INFO - Done. Returned value was: None
[2025-03-23T08:13:46.180+0000] {taskinstance.py:340} INFO - ::group::Post task execution logs
[2025-03-23T08:13:46.185+0000] {taskinstance.py:352} INFO - Marking task as SUCCESS. dag_id=aqi_etl_pipeline, task_id=get_aqi_data, run_id=scheduled__2025-03-11T00:00:00+00:00, execution_date=20250311T000000, start_date=20250323T081342, end_date=20250323T081346
[2025-03-23T08:13:46.463+0000] {logging_mixin.py:190} INFO - Task instance in success state
[2025-03-23T08:13:46.478+0000] {logging_mixin.py:190} INFO -  Previous state of the Task instance: running
[2025-03-23T08:13:46.498+0000] {logging_mixin.py:190} INFO - Dag name:aqi_etl_pipeline queued_at:2025-03-23 08:13:30.619412+00:00
[2025-03-23T08:13:46.498+0000] {logging_mixin.py:190} INFO - Task hostname:ed55a332e3f9 operator:PythonOperator
[2025-03-23T08:13:46.790+0000] {local_task_job_runner.py:266} INFO - Task exited with return code 0
[2025-03-23T08:13:46.834+0000] {local_task_job_runner.py:245} INFO - ::endgroup::
