[2025-03-23T08:13:17.966+0000] {local_task_job_runner.py:123} INFO - ::group::Pre task execution logs
[2025-03-23T08:13:18.165+0000] {taskinstance.py:2613} INFO - Dependencies all met for dep_context=non-requeueable deps ti=<TaskInstance: aqi_etl_pipeline.create_aqi_table scheduled__2025-03-09T00:00:00+00:00 [queued]>
[2025-03-23T08:13:18.311+0000] {taskinstance.py:2613} INFO - Dependencies all met for dep_context=requeueable deps ti=<TaskInstance: aqi_etl_pipeline.create_aqi_table scheduled__2025-03-09T00:00:00+00:00 [queued]>
[2025-03-23T08:13:18.316+0000] {taskinstance.py:2866} INFO - Starting attempt 1 of 1
[2025-03-23T08:13:18.438+0000] {taskinstance.py:2889} INFO - Executing <Task(PythonOperator): create_aqi_table> on 2025-03-09 00:00:00+00:00
[2025-03-23T08:13:18.501+0000] {logging_mixin.py:190} WARNING - /home/***/.local/lib/python3.12/site-packages/***/task/task_runner/standard_task_runner.py:70 DeprecationWarning: This process (pid=29603) is multi-threaded, use of fork() may lead to deadlocks in the child.
[2025-03-23T08:13:18.513+0000] {standard_task_runner.py:72} INFO - Started process 29746 to run task
[2025-03-23T08:13:18.493+0000] {standard_task_runner.py:104} INFO - Running: ['***', 'tasks', 'run', 'aqi_etl_pipeline', 'create_aqi_table', 'scheduled__2025-03-09T00:00:00+00:00', '--job-id', '209', '--raw', '--subdir', 'DAGS_FOLDER/api_etl_pipeline.py', '--cfg-path', '/tmp/tmpg05txup9']
[2025-03-23T08:13:18.515+0000] {standard_task_runner.py:105} INFO - Job 209: Subtask create_aqi_table
[2025-03-23T08:13:18.772+0000] {task_command.py:467} INFO - Running <TaskInstance: aqi_etl_pipeline.create_aqi_table scheduled__2025-03-09T00:00:00+00:00 [running]> on host ed55a332e3f9
[2025-03-23T08:13:19.308+0000] {taskinstance.py:3132} INFO - Exporting env vars: AIRFLOW_CTX_DAG_OWNER='***' AIRFLOW_CTX_DAG_ID='aqi_etl_pipeline' AIRFLOW_CTX_TASK_ID='create_aqi_table' AIRFLOW_CTX_EXECUTION_DATE='2025-03-09T00:00:00+00:00' AIRFLOW_CTX_TRY_NUMBER='1' AIRFLOW_CTX_DAG_RUN_ID='scheduled__2025-03-09T00:00:00+00:00'
[2025-03-23T08:13:19.311+0000] {logging_mixin.py:190} INFO - Task instance is in running state
[2025-03-23T08:13:19.316+0000] {logging_mixin.py:190} INFO -  Previous state of the Task instance: queued
[2025-03-23T08:13:19.317+0000] {logging_mixin.py:190} INFO - Current task name:create_aqi_table state:running start_date:2025-03-23 08:13:18.177237+00:00
[2025-03-23T08:13:19.318+0000] {logging_mixin.py:190} INFO - Dag name:aqi_etl_pipeline and current dag run status:running
[2025-03-23T08:13:19.320+0000] {taskinstance.py:731} INFO - ::endgroup::
[2025-03-23T08:13:19.357+0000] {base.py:84} INFO - Retrieving connection '***_default'
[2025-03-23T08:13:19.384+0000] {python.py:240} INFO - Done. Returned value was: None
[2025-03-23T08:13:19.409+0000] {taskinstance.py:340} INFO - ::group::Post task execution logs
[2025-03-23T08:13:19.417+0000] {taskinstance.py:352} INFO - Marking task as SUCCESS. dag_id=aqi_etl_pipeline, task_id=create_aqi_table, run_id=scheduled__2025-03-09T00:00:00+00:00, execution_date=20250309T000000, start_date=20250323T081318, end_date=20250323T081319
[2025-03-23T08:13:19.465+0000] {logging_mixin.py:190} INFO - Task instance in success state
[2025-03-23T08:13:19.466+0000] {logging_mixin.py:190} INFO -  Previous state of the Task instance: running
[2025-03-23T08:13:19.466+0000] {logging_mixin.py:190} INFO - Dag name:aqi_etl_pipeline queued_at:2025-03-23 08:12:52.862790+00:00
[2025-03-23T08:13:19.470+0000] {logging_mixin.py:190} INFO - Task hostname:ed55a332e3f9 operator:PythonOperator
[2025-03-23T08:13:19.599+0000] {local_task_job_runner.py:266} INFO - Task exited with return code 0
[2025-03-23T08:13:19.744+0000] {taskinstance.py:3895} INFO - 0 downstream tasks scheduled from follow-on schedule check
[2025-03-23T08:13:19.758+0000] {local_task_job_runner.py:245} INFO - ::endgroup::
