[2025-03-30T10:52:18.719+0000] {local_task_job_runner.py:123} INFO - ::group::Pre task execution logs
[2025-03-30T10:52:18.853+0000] {taskinstance.py:2613} INFO - Dependencies all met for dep_context=non-requeueable deps ti=<TaskInstance: aqi_etl_pipeline.get_aqi_data_Samut_Songkhram manual__2025-03-30T10:52:08.827539+00:00 [queued]>
[2025-03-30T10:52:18.933+0000] {taskinstance.py:2613} INFO - Dependencies all met for dep_context=requeueable deps ti=<TaskInstance: aqi_etl_pipeline.get_aqi_data_Samut_Songkhram manual__2025-03-30T10:52:08.827539+00:00 [queued]>
[2025-03-30T10:52:18.934+0000] {taskinstance.py:2866} INFO - Starting attempt 1 of 4
[2025-03-30T10:52:19.065+0000] {taskinstance.py:2889} INFO - Executing <Task(PythonOperator): get_aqi_data_Samut_Songkhram> on 2025-03-30 10:52:08.827539+00:00
[2025-03-30T10:52:19.180+0000] {logging_mixin.py:190} WARNING - /home/***/.local/lib/python3.12/site-packages/***/task/task_runner/standard_task_runner.py:70 DeprecationWarning: This process (pid=60425) is multi-threaded, use of fork() may lead to deadlocks in the child.
[2025-03-30T10:52:19.177+0000] {standard_task_runner.py:104} INFO - Running: ['***', 'tasks', 'run', 'aqi_etl_pipeline', 'get_aqi_data_Samut_Songkhram', 'manual__2025-03-30T10:52:08.827539+00:00', '--job-id', '523', '--raw', '--subdir', 'DAGS_FOLDER/api_etl_pipeline.py', '--cfg-path', '/tmp/tmpdvknzj9p']
[2025-03-30T10:52:19.184+0000] {standard_task_runner.py:105} INFO - Job 523: Subtask get_aqi_data_Samut_Songkhram
[2025-03-30T10:52:19.181+0000] {standard_task_runner.py:72} INFO - Started process 60477 to run task
[2025-03-30T10:52:19.397+0000] {task_command.py:467} INFO - Running <TaskInstance: aqi_etl_pipeline.get_aqi_data_Samut_Songkhram manual__2025-03-30T10:52:08.827539+00:00 [running]> on host 58b9640d9ecf
[2025-03-30T10:52:19.845+0000] {taskinstance.py:3132} INFO - Exporting env vars: AIRFLOW_CTX_DAG_OWNER='***' AIRFLOW_CTX_DAG_ID='aqi_etl_pipeline' AIRFLOW_CTX_TASK_ID='get_aqi_data_Samut_Songkhram' AIRFLOW_CTX_EXECUTION_DATE='2025-03-30T10:52:08.827539+00:00' AIRFLOW_CTX_TRY_NUMBER='1' AIRFLOW_CTX_DAG_RUN_ID='manual__2025-03-30T10:52:08.827539+00:00'
[2025-03-30T10:52:19.855+0000] {logging_mixin.py:190} INFO - Task instance is in running state
[2025-03-30T10:52:19.855+0000] {logging_mixin.py:190} INFO -  Previous state of the Task instance: queued
[2025-03-30T10:52:19.855+0000] {logging_mixin.py:190} INFO - Current task name:get_aqi_data_Samut_Songkhram state:running start_date:2025-03-30 10:52:18.853698+00:00
[2025-03-30T10:52:19.856+0000] {logging_mixin.py:190} INFO - Dag name:aqi_etl_pipeline and current dag run status:running
[2025-03-30T10:52:19.856+0000] {taskinstance.py:731} INFO - ::endgroup::
[2025-03-30T10:52:53.116+0000] {python.py:240} INFO - Done. Returned value was: None
[2025-03-30T10:52:53.136+0000] {taskinstance.py:340} INFO - ::group::Post task execution logs
[2025-03-30T10:52:53.136+0000] {taskinstance.py:352} INFO - Marking task as SUCCESS. dag_id=aqi_etl_pipeline, task_id=get_aqi_data_Samut_Songkhram, run_id=manual__2025-03-30T10:52:08.827539+00:00, execution_date=20250330T105208, start_date=20250330T105218, end_date=20250330T105253
[2025-03-30T10:52:53.152+0000] {logging_mixin.py:190} INFO - Task instance in success state
[2025-03-30T10:52:53.152+0000] {logging_mixin.py:190} INFO -  Previous state of the Task instance: running
[2025-03-30T10:52:53.154+0000] {logging_mixin.py:190} INFO - Dag name:aqi_etl_pipeline queued_at:2025-03-30 10:52:08.834341+00:00
[2025-03-30T10:52:53.154+0000] {logging_mixin.py:190} INFO - Task hostname:58b9640d9ecf operator:PythonOperator
[2025-03-30T10:52:53.188+0000] {local_task_job_runner.py:266} INFO - Task exited with return code 0
[2025-03-30T10:52:53.234+0000] {taskinstance.py:3895} INFO - 1 downstream tasks scheduled from follow-on schedule check
[2025-03-30T10:52:53.238+0000] {local_task_job_runner.py:245} INFO - ::endgroup::
