[2025-03-23T08:13:48.602+0000] {local_task_job_runner.py:123} INFO - ::group::Pre task execution logs
[2025-03-23T08:13:48.783+0000] {taskinstance.py:2613} INFO - Dependencies all met for dep_context=non-requeueable deps ti=<TaskInstance: aqi_etl_pipeline.get_aqi_data scheduled__2025-03-17T00:00:00+00:00 [queued]>
[2025-03-23T08:13:48.924+0000] {taskinstance.py:2613} INFO - Dependencies all met for dep_context=requeueable deps ti=<TaskInstance: aqi_etl_pipeline.get_aqi_data scheduled__2025-03-17T00:00:00+00:00 [queued]>
[2025-03-23T08:13:48.925+0000] {taskinstance.py:2866} INFO - Starting attempt 1 of 1
[2025-03-23T08:13:49.130+0000] {taskinstance.py:2889} INFO - Executing <Task(PythonOperator): get_aqi_data> on 2025-03-17 00:00:00+00:00
[2025-03-23T08:13:49.303+0000] {logging_mixin.py:190} WARNING - /home/***/.local/lib/python3.12/site-packages/***/task/task_runner/standard_task_runner.py:70 DeprecationWarning: This process (pid=29968) is multi-threaded, use of fork() may lead to deadlocks in the child.
[2025-03-23T08:13:49.326+0000] {standard_task_runner.py:72} INFO - Started process 30111 to run task
[2025-03-23T08:13:49.271+0000] {standard_task_runner.py:104} INFO - Running: ['***', 'tasks', 'run', 'aqi_etl_pipeline', 'get_aqi_data', 'scheduled__2025-03-17T00:00:00+00:00', '--job-id', '236', '--raw', '--subdir', 'DAGS_FOLDER/api_etl_pipeline.py', '--cfg-path', '/tmp/tmp6ise7dve']
[2025-03-23T08:13:49.350+0000] {standard_task_runner.py:105} INFO - Job 236: Subtask get_aqi_data
[2025-03-23T08:13:49.801+0000] {task_command.py:467} INFO - Running <TaskInstance: aqi_etl_pipeline.get_aqi_data scheduled__2025-03-17T00:00:00+00:00 [running]> on host ed55a332e3f9
[2025-03-23T08:13:50.556+0000] {taskinstance.py:3132} INFO - Exporting env vars: AIRFLOW_CTX_DAG_OWNER='***' AIRFLOW_CTX_DAG_ID='aqi_etl_pipeline' AIRFLOW_CTX_TASK_ID='get_aqi_data' AIRFLOW_CTX_EXECUTION_DATE='2025-03-17T00:00:00+00:00' AIRFLOW_CTX_TRY_NUMBER='1' AIRFLOW_CTX_DAG_RUN_ID='scheduled__2025-03-17T00:00:00+00:00'
[2025-03-23T08:13:50.557+0000] {logging_mixin.py:190} INFO - Task instance is in running state
[2025-03-23T08:13:50.568+0000] {logging_mixin.py:190} INFO -  Previous state of the Task instance: queued
[2025-03-23T08:13:50.568+0000] {logging_mixin.py:190} INFO - Current task name:get_aqi_data state:running start_date:2025-03-23 08:13:48.806999+00:00
[2025-03-23T08:13:50.568+0000] {logging_mixin.py:190} INFO - Dag name:aqi_etl_pipeline and current dag run status:running
[2025-03-23T08:13:50.569+0000] {taskinstance.py:731} INFO - ::endgroup::
[2025-03-23T08:13:51.583+0000] {logging_mixin.py:190} INFO - https://api.airvisual.com/v2/city?city=Bangkok&state=Bangkok&country=Thailand&key=***
[2025-03-23T08:13:51.594+0000] {logging_mixin.py:190} INFO - {'status': 'fail', 'data': {'message': 'Too Many Requests'}}
[2025-03-23T08:13:51.609+0000] {python.py:240} INFO - Done. Returned value was: None
[2025-03-23T08:13:51.644+0000] {taskinstance.py:340} INFO - ::group::Post task execution logs
[2025-03-23T08:13:51.645+0000] {taskinstance.py:352} INFO - Marking task as SUCCESS. dag_id=aqi_etl_pipeline, task_id=get_aqi_data, run_id=scheduled__2025-03-17T00:00:00+00:00, execution_date=20250317T000000, start_date=20250323T081348, end_date=20250323T081351
[2025-03-23T08:13:51.664+0000] {logging_mixin.py:190} INFO - Task instance in success state
[2025-03-23T08:13:51.669+0000] {logging_mixin.py:190} INFO -  Previous state of the Task instance: running
[2025-03-23T08:13:51.671+0000] {logging_mixin.py:190} INFO - Dag name:aqi_etl_pipeline queued_at:2025-03-23 08:13:33.332480+00:00
[2025-03-23T08:13:51.675+0000] {logging_mixin.py:190} INFO - Task hostname:ed55a332e3f9 operator:PythonOperator
[2025-03-23T08:13:51.895+0000] {local_task_job_runner.py:266} INFO - Task exited with return code 0
[2025-03-23T08:13:51.958+0000] {local_task_job_runner.py:245} INFO - ::endgroup::
