[2025-03-31T06:35:39.982+0000] {local_task_job_runner.py:123} INFO - ::group::Pre task execution logs
[2025-03-31T06:35:40.060+0000] {taskinstance.py:2613} INFO - Dependencies all met for dep_context=non-requeueable deps ti=<TaskInstance: aqi_etl_pipeline.aqi_tasks_group.get_aqi_data_Bangkok manual__2025-03-31T06:28:44.007523+00:00 [queued]>
[2025-03-31T06:35:40.093+0000] {taskinstance.py:2613} INFO - Dependencies all met for dep_context=requeueable deps ti=<TaskInstance: aqi_etl_pipeline.aqi_tasks_group.get_aqi_data_Bangkok manual__2025-03-31T06:28:44.007523+00:00 [queued]>
[2025-03-31T06:35:40.095+0000] {taskinstance.py:2866} INFO - Starting attempt 1 of 4
[2025-03-31T06:35:40.152+0000] {taskinstance.py:2889} INFO - Executing <Task(PythonOperator): aqi_tasks_group.get_aqi_data_Bangkok> on 2025-03-31 06:28:44.007523+00:00
[2025-03-31T06:35:40.212+0000] {standard_task_runner.py:104} INFO - Running: ['***', 'tasks', 'run', 'aqi_etl_pipeline', 'aqi_tasks_group.get_aqi_data_Bangkok', 'manual__2025-03-31T06:28:44.007523+00:00', '--job-id', '873', '--raw', '--subdir', 'DAGS_FOLDER/api_etl_pipeline.py', '--cfg-path', '/tmp/tmpm1pwav70']
[2025-03-31T06:35:40.222+0000] {standard_task_runner.py:105} INFO - Job 873: Subtask aqi_tasks_group.get_aqi_data_Bangkok
[2025-03-31T06:35:40.248+0000] {logging_mixin.py:190} WARNING - /home/***/.local/lib/python3.12/site-packages/***/task/task_runner/standard_task_runner.py:70 DeprecationWarning: This process (pid=5823) is multi-threaded, use of fork() may lead to deadlocks in the child.
[2025-03-31T06:35:40.260+0000] {standard_task_runner.py:72} INFO - Started process 5922 to run task
[2025-03-31T06:35:40.387+0000] {task_command.py:467} INFO - Running <TaskInstance: aqi_etl_pipeline.aqi_tasks_group.get_aqi_data_Bangkok manual__2025-03-31T06:28:44.007523+00:00 [running]> on host daf74ef548f3
[2025-03-31T06:35:40.584+0000] {taskinstance.py:3132} INFO - Exporting env vars: AIRFLOW_CTX_DAG_OWNER='***' AIRFLOW_CTX_DAG_ID='aqi_etl_pipeline' AIRFLOW_CTX_TASK_ID='aqi_tasks_group.get_aqi_data_Bangkok' AIRFLOW_CTX_EXECUTION_DATE='2025-03-31T06:28:44.007523+00:00' AIRFLOW_CTX_TRY_NUMBER='1' AIRFLOW_CTX_DAG_RUN_ID='manual__2025-03-31T06:28:44.007523+00:00'
[2025-03-31T06:35:40.586+0000] {logging_mixin.py:190} INFO - Task instance is in running state
[2025-03-31T06:35:40.587+0000] {logging_mixin.py:190} INFO -  Previous state of the Task instance: queued
[2025-03-31T06:35:40.587+0000] {logging_mixin.py:190} INFO - Current task name:aqi_tasks_group.get_aqi_data_Bangkok state:running start_date:2025-03-31 06:35:40.060688+00:00
[2025-03-31T06:35:40.587+0000] {logging_mixin.py:190} INFO - Dag name:aqi_etl_pipeline and current dag run status:running
[2025-03-31T06:35:40.588+0000] {taskinstance.py:731} INFO - ::endgroup::
[2025-03-31T06:35:40.589+0000] {api_etl_pipeline.py:28} INFO - Fetching AQI data with params: {'city': 'Bangkok', 'state': 'Bangkok', 'country': 'Thailand', 'key': '***'}
[2025-03-31T06:35:40.960+0000] {python.py:240} INFO - Done. Returned value was: None
[2025-03-31T06:35:40.976+0000] {taskinstance.py:340} INFO - ::group::Post task execution logs
[2025-03-31T06:35:40.977+0000] {taskinstance.py:352} INFO - Marking task as SUCCESS. dag_id=aqi_etl_pipeline, task_id=aqi_tasks_group.get_aqi_data_Bangkok, run_id=manual__2025-03-31T06:28:44.007523+00:00, execution_date=20250331T062844, start_date=20250331T063540, end_date=20250331T063540
[2025-03-31T06:35:40.989+0000] {logging_mixin.py:190} INFO - Task instance in success state
[2025-03-31T06:35:40.991+0000] {logging_mixin.py:190} INFO -  Previous state of the Task instance: running
[2025-03-31T06:35:40.992+0000] {logging_mixin.py:190} INFO - Dag name:aqi_etl_pipeline queued_at:2025-03-31 06:28:44.025272+00:00
[2025-03-31T06:35:40.992+0000] {logging_mixin.py:190} INFO - Task hostname:daf74ef548f3 operator:PythonOperator
[2025-03-31T06:35:41.033+0000] {local_task_job_runner.py:266} INFO - Task exited with return code 0
[2025-03-31T06:35:41.097+0000] {taskinstance.py:3895} INFO - 1 downstream tasks scheduled from follow-on schedule check
[2025-03-31T06:35:41.100+0000] {local_task_job_runner.py:245} INFO - ::endgroup::
