[2025-03-23T08:12:48.249+0000] {local_task_job_runner.py:123} INFO - ::group::Pre task execution logs
[2025-03-23T08:12:48.460+0000] {taskinstance.py:2613} INFO - Dependencies all met for dep_context=non-requeueable deps ti=<TaskInstance: aqi_etl_pipeline.get_aqi_data scheduled__2025-03-04T00:00:00+00:00 [queued]>
[2025-03-23T08:12:48.529+0000] {taskinstance.py:2613} INFO - Dependencies all met for dep_context=requeueable deps ti=<TaskInstance: aqi_etl_pipeline.get_aqi_data scheduled__2025-03-04T00:00:00+00:00 [queued]>
[2025-03-23T08:12:48.539+0000] {taskinstance.py:2866} INFO - Starting attempt 1 of 1
[2025-03-23T08:12:49.518+0000] {taskinstance.py:2889} INFO - Executing <Task(PythonOperator): get_aqi_data> on 2025-03-04 00:00:00+00:00
[2025-03-23T08:12:49.829+0000] {standard_task_runner.py:104} INFO - Running: ['***', 'tasks', 'run', 'aqi_etl_pipeline', 'get_aqi_data', 'scheduled__2025-03-04T00:00:00+00:00', '--job-id', '183', '--raw', '--subdir', 'DAGS_FOLDER/api_etl_pipeline.py', '--cfg-path', '/tmp/tmpdat7vs47']
[2025-03-23T08:12:49.851+0000] {standard_task_runner.py:105} INFO - Job 183: Subtask get_aqi_data
[2025-03-23T08:12:49.850+0000] {logging_mixin.py:190} WARNING - /home/***/.local/lib/python3.12/site-packages/***/task/task_runner/standard_task_runner.py:70 DeprecationWarning: This process (pid=29381) is multi-threaded, use of fork() may lead to deadlocks in the child.
[2025-03-23T08:12:49.904+0000] {standard_task_runner.py:72} INFO - Started process 29525 to run task
[2025-03-23T08:12:50.396+0000] {task_command.py:467} INFO - Running <TaskInstance: aqi_etl_pipeline.get_aqi_data scheduled__2025-03-04T00:00:00+00:00 [running]> on host ed55a332e3f9
[2025-03-23T08:12:50.972+0000] {taskinstance.py:3132} INFO - Exporting env vars: AIRFLOW_CTX_DAG_OWNER='***' AIRFLOW_CTX_DAG_ID='aqi_etl_pipeline' AIRFLOW_CTX_TASK_ID='get_aqi_data' AIRFLOW_CTX_EXECUTION_DATE='2025-03-04T00:00:00+00:00' AIRFLOW_CTX_TRY_NUMBER='1' AIRFLOW_CTX_DAG_RUN_ID='scheduled__2025-03-04T00:00:00+00:00'
[2025-03-23T08:12:50.990+0000] {logging_mixin.py:190} INFO - Task instance is in running state
[2025-03-23T08:12:50.995+0000] {logging_mixin.py:190} INFO -  Previous state of the Task instance: queued
[2025-03-23T08:12:50.995+0000] {logging_mixin.py:190} INFO - Current task name:get_aqi_data state:running start_date:2025-03-23 08:12:48.462247+00:00
[2025-03-23T08:12:50.996+0000] {logging_mixin.py:190} INFO - Dag name:aqi_etl_pipeline and current dag run status:running
[2025-03-23T08:12:50.996+0000] {taskinstance.py:731} INFO - ::endgroup::
[2025-03-23T08:12:51.975+0000] {logging_mixin.py:190} INFO - https://api.airvisual.com/v2/city?city=Bangkok&state=Bangkok&country=Thailand&key=***
[2025-03-23T08:12:51.975+0000] {logging_mixin.py:190} INFO - {'status': 'fail', 'data': {'message': 'Too Many Requests'}}
[2025-03-23T08:12:51.990+0000] {python.py:240} INFO - Done. Returned value was: None
[2025-03-23T08:12:52.045+0000] {taskinstance.py:340} INFO - ::group::Post task execution logs
[2025-03-23T08:12:52.049+0000] {taskinstance.py:352} INFO - Marking task as SUCCESS. dag_id=aqi_etl_pipeline, task_id=get_aqi_data, run_id=scheduled__2025-03-04T00:00:00+00:00, execution_date=20250304T000000, start_date=20250323T081248, end_date=20250323T081252
[2025-03-23T08:12:52.575+0000] {logging_mixin.py:190} INFO - Task instance in success state
[2025-03-23T08:12:52.578+0000] {logging_mixin.py:190} INFO -  Previous state of the Task instance: running
[2025-03-23T08:12:52.579+0000] {logging_mixin.py:190} INFO - Dag name:aqi_etl_pipeline queued_at:2025-03-23 08:12:31.770019+00:00
[2025-03-23T08:12:52.586+0000] {logging_mixin.py:190} INFO - Task hostname:ed55a332e3f9 operator:PythonOperator
[2025-03-23T08:12:52.855+0000] {local_task_job_runner.py:266} INFO - Task exited with return code 0
[2025-03-23T08:12:53.099+0000] {taskinstance.py:3895} INFO - 1 downstream tasks scheduled from follow-on schedule check
[2025-03-23T08:12:53.104+0000] {local_task_job_runner.py:245} INFO - ::endgroup::
