[2025-03-30T11:01:13.855+0000] {local_task_job_runner.py:123} INFO - ::group::Pre task execution logs
[2025-03-30T11:01:13.866+0000] {taskinstance.py:2613} INFO - Dependencies all met for dep_context=non-requeueable deps ti=<TaskInstance: aqi_etl_pipeline.create_aqi_table manual__2025-03-30T11:01:10.676303+00:00 [queued]>
[2025-03-30T11:01:13.872+0000] {taskinstance.py:2613} INFO - Dependencies all met for dep_context=requeueable deps ti=<TaskInstance: aqi_etl_pipeline.create_aqi_table manual__2025-03-30T11:01:10.676303+00:00 [queued]>
[2025-03-30T11:01:13.873+0000] {taskinstance.py:2866} INFO - Starting attempt 1 of 4
[2025-03-30T11:01:13.883+0000] {taskinstance.py:2889} INFO - Executing <Task(PythonOperator): create_aqi_table> on 2025-03-30 11:01:10.676303+00:00
[2025-03-30T11:01:13.893+0000] {logging_mixin.py:190} WARNING - /home/***/.local/lib/python3.12/site-packages/***/task/task_runner/standard_task_runner.py:70 DeprecationWarning: This process (pid=65652) is multi-threaded, use of fork() may lead to deadlocks in the child.
[2025-03-30T11:01:13.893+0000] {standard_task_runner.py:104} INFO - Running: ['***', 'tasks', 'run', 'aqi_etl_pipeline', 'create_aqi_table', 'manual__2025-03-30T11:01:10.676303+00:00', '--job-id', '537', '--raw', '--subdir', 'DAGS_FOLDER/api_etl_pipeline.py', '--cfg-path', '/tmp/tmpcmlcsleo']
[2025-03-30T11:01:13.894+0000] {standard_task_runner.py:72} INFO - Started process 65663 to run task
[2025-03-30T11:01:13.894+0000] {standard_task_runner.py:105} INFO - Job 537: Subtask create_aqi_table
[2025-03-30T11:01:13.928+0000] {task_command.py:467} INFO - Running <TaskInstance: aqi_etl_pipeline.create_aqi_table manual__2025-03-30T11:01:10.676303+00:00 [running]> on host 58b9640d9ecf
[2025-03-30T11:01:13.999+0000] {taskinstance.py:3132} INFO - Exporting env vars: AIRFLOW_CTX_DAG_OWNER='***' AIRFLOW_CTX_DAG_ID='aqi_etl_pipeline' AIRFLOW_CTX_TASK_ID='create_aqi_table' AIRFLOW_CTX_EXECUTION_DATE='2025-03-30T11:01:10.676303+00:00' AIRFLOW_CTX_TRY_NUMBER='1' AIRFLOW_CTX_DAG_RUN_ID='manual__2025-03-30T11:01:10.676303+00:00'
[2025-03-30T11:01:14.000+0000] {logging_mixin.py:190} INFO - Task instance is in running state
[2025-03-30T11:01:14.000+0000] {logging_mixin.py:190} INFO -  Previous state of the Task instance: queued
[2025-03-30T11:01:14.004+0000] {logging_mixin.py:190} INFO - Current task name:create_aqi_table state:running start_date:2025-03-30 11:01:13.866690+00:00
[2025-03-30T11:01:14.004+0000] {logging_mixin.py:190} INFO - Dag name:aqi_etl_pipeline and current dag run status:running
[2025-03-30T11:01:14.004+0000] {taskinstance.py:731} INFO - ::endgroup::
[2025-03-30T11:01:14.015+0000] {base.py:84} INFO - Retrieving connection '***_default'
[2025-03-30T11:01:14.026+0000] {python.py:240} INFO - Done. Returned value was: None
[2025-03-30T11:01:14.038+0000] {taskinstance.py:340} INFO - ::group::Post task execution logs
[2025-03-30T11:01:14.038+0000] {taskinstance.py:352} INFO - Marking task as SUCCESS. dag_id=aqi_etl_pipeline, task_id=create_aqi_table, run_id=manual__2025-03-30T11:01:10.676303+00:00, execution_date=20250330T110110, start_date=20250330T110113, end_date=20250330T110114
[2025-03-30T11:01:14.050+0000] {logging_mixin.py:190} INFO - Task instance in success state
[2025-03-30T11:01:14.050+0000] {logging_mixin.py:190} INFO -  Previous state of the Task instance: running
[2025-03-30T11:01:14.050+0000] {logging_mixin.py:190} INFO - Dag name:aqi_etl_pipeline queued_at:2025-03-30 11:01:10.686026+00:00
[2025-03-30T11:01:14.050+0000] {logging_mixin.py:190} INFO - Task hostname:58b9640d9ecf operator:PythonOperator
[2025-03-30T11:01:14.071+0000] {local_task_job_runner.py:266} INFO - Task exited with return code 0
[2025-03-30T11:01:14.107+0000] {taskinstance.py:3895} INFO - 8 downstream tasks scheduled from follow-on schedule check
[2025-03-30T11:01:14.109+0000] {local_task_job_runner.py:245} INFO - ::endgroup::
