[2025-03-31T07:20:21.932+0000] {local_task_job_runner.py:123} INFO - ::group::Pre task execution logs
[2025-03-31T07:20:22.003+0000] {taskinstance.py:2613} INFO - Dependencies all met for dep_context=non-requeueable deps ti=<TaskInstance: aqi_etl_pipeline.aqi_tasks_group.load_aqi_to_postgres_Pathum_Thani manual__2025-03-31T07:19:52.290167+00:00 [queued]>
[2025-03-31T07:20:22.026+0000] {taskinstance.py:2613} INFO - Dependencies all met for dep_context=requeueable deps ti=<TaskInstance: aqi_etl_pipeline.aqi_tasks_group.load_aqi_to_postgres_Pathum_Thani manual__2025-03-31T07:19:52.290167+00:00 [queued]>
[2025-03-31T07:20:22.027+0000] {taskinstance.py:2866} INFO - Starting attempt 1 of 4
[2025-03-31T07:20:22.081+0000] {taskinstance.py:2889} INFO - Executing <Task(PythonOperator): aqi_tasks_group.load_aqi_to_postgres_Pathum_Thani> on 2025-03-31 07:19:52.290167+00:00
[2025-03-31T07:20:22.118+0000] {standard_task_runner.py:104} INFO - Running: ['***', 'tasks', 'run', 'aqi_etl_pipeline', 'aqi_tasks_group.load_aqi_to_postgres_Pathum_Thani', 'manual__2025-03-31T07:19:52.290167+00:00', '--job-id', '938', '--raw', '--subdir', 'DAGS_FOLDER/api_etl_pipeline.py', '--cfg-path', '/tmp/tmpcsrp6vey']
[2025-03-31T07:20:22.125+0000] {standard_task_runner.py:105} INFO - Job 938: Subtask aqi_tasks_group.load_aqi_to_postgres_Pathum_Thani
[2025-03-31T07:20:22.132+0000] {logging_mixin.py:190} WARNING - /home/***/.local/lib/python3.12/site-packages/***/task/task_runner/standard_task_runner.py:70 DeprecationWarning: This process (pid=2012) is multi-threaded, use of fork() may lead to deadlocks in the child.
[2025-03-31T07:20:22.137+0000] {standard_task_runner.py:72} INFO - Started process 2016 to run task
[2025-03-31T07:20:22.234+0000] {task_command.py:467} INFO - Running <TaskInstance: aqi_etl_pipeline.aqi_tasks_group.load_aqi_to_postgres_Pathum_Thani manual__2025-03-31T07:19:52.290167+00:00 [running]> on host 0c0dca5804dc
[2025-03-31T07:20:22.342+0000] {taskinstance.py:3132} INFO - Exporting env vars: AIRFLOW_CTX_DAG_OWNER='***' AIRFLOW_CTX_DAG_ID='aqi_etl_pipeline' AIRFLOW_CTX_TASK_ID='aqi_tasks_group.load_aqi_to_postgres_Pathum_Thani' AIRFLOW_CTX_EXECUTION_DATE='2025-03-31T07:19:52.290167+00:00' AIRFLOW_CTX_TRY_NUMBER='1' AIRFLOW_CTX_DAG_RUN_ID='manual__2025-03-31T07:19:52.290167+00:00'
[2025-03-31T07:20:22.347+0000] {logging_mixin.py:190} INFO - Task instance is in running state
[2025-03-31T07:20:22.348+0000] {logging_mixin.py:190} INFO -  Previous state of the Task instance: queued
[2025-03-31T07:20:22.349+0000] {logging_mixin.py:190} INFO - Current task name:aqi_tasks_group.load_aqi_to_postgres_Pathum_Thani state:running start_date:2025-03-31 07:20:22.004971+00:00
[2025-03-31T07:20:22.350+0000] {logging_mixin.py:190} INFO - Dag name:aqi_etl_pipeline and current dag run status:running
[2025-03-31T07:20:22.350+0000] {taskinstance.py:731} INFO - ::endgroup::
[2025-03-31T07:20:22.363+0000] {base.py:84} INFO - Retrieving connection '***_default'
[2025-03-31T07:20:22.376+0000] {python.py:240} INFO - Done. Returned value was: None
[2025-03-31T07:20:22.388+0000] {taskinstance.py:340} INFO - ::group::Post task execution logs
[2025-03-31T07:20:22.389+0000] {taskinstance.py:352} INFO - Marking task as SUCCESS. dag_id=aqi_etl_pipeline, task_id=aqi_tasks_group.load_aqi_to_***_Pathum_Thani, run_id=manual__2025-03-31T07:19:52.290167+00:00, execution_date=20250331T071952, start_date=20250331T072022, end_date=20250331T072022
[2025-03-31T07:20:22.396+0000] {logging_mixin.py:190} INFO - Task instance in success state
[2025-03-31T07:20:22.396+0000] {logging_mixin.py:190} INFO -  Previous state of the Task instance: running
[2025-03-31T07:20:22.397+0000] {logging_mixin.py:190} INFO - Dag name:aqi_etl_pipeline queued_at:2025-03-31 07:19:52.336551+00:00
[2025-03-31T07:20:22.397+0000] {logging_mixin.py:190} INFO - Task hostname:0c0dca5804dc operator:PythonOperator
[2025-03-31T07:20:22.407+0000] {local_task_job_runner.py:266} INFO - Task exited with return code 0
[2025-03-31T07:20:22.434+0000] {taskinstance.py:3895} INFO - 0 downstream tasks scheduled from follow-on schedule check
[2025-03-31T07:20:22.436+0000] {local_task_job_runner.py:245} INFO - ::endgroup::
