[0m09:00:03.943702 [debug] [MainThread]: Sending event: {'category': 'dbt', 'action': 'invocation', 'label': 'start', 'context': [<snowplow_tracker.self_describing_json.SelfDescribingJson object at 0x7955dd8e8f20>, <snowplow_tracker.self_describing_json.SelfDescribingJson object at 0x7955dd854c20>, <snowplow_tracker.self_describing_json.SelfDescribingJson object at 0x7955dd7f9400>]}


============================== 09:00:03.947992 | 83ec345a-0526-4180-976b-40a517be3338 ==============================
[0m09:00:03.947992 [info ] [MainThread]: Running with dbt=1.9.3
[0m09:00:03.948806 [debug] [MainThread]: running dbt with arguments {'printer_width': '80', 'indirect_selection': 'eager', 'write_json': 'True', 'log_cache_events': 'False', 'partial_parse': 'True', 'cache_selected_only': 'False', 'profiles_dir': '/home/codespace/.dbt', 'debug': 'False', 'warn_error': 'None', 'log_path': 'logs', 'version_check': 'True', 'fail_fast': 'False', 'use_colors': 'True', 'use_experimental_parser': 'False', 'empty': 'None', 'quiet': 'False', 'no_print': 'None', 'log_format': 'default', 'introspect': 'True', 'static_parser': 'True', 'invocation_command': 'dbt init', 'target_path': 'None', 'warn_error_options': 'WarnErrorOptions(include=[], exclude=[])', 'send_anonymous_usage_stats': 'True'}
[0m09:00:03.958760 [warn ] [MainThread]: [ConfigFolderDirectory]: Unable to parse logging event dictionary. Failed to parse dir field: expected string or bytes-like object, got 'PosixPath'.. Dictionary: {'dir': PosixPath('/home/codespace/.dbt')}
[0m09:00:03.959331 [info ] [MainThread]: Creating dbt configuration folder at 
[0m09:02:12.790285 [debug] [MainThread]: Starter project path: /usr/local/python/3.12.1/lib/python3.12/site-packages/dbt/include/starter_project
[0m09:02:12.796128 [info ] [MainThread]: 
Your new dbt project "AQI" was created!

For more information on how to configure the profiles.yml file,
please consult the dbt documentation here:

  https://docs.getdbt.com/docs/configure-your-profile

One more thing:

Need help? Don't hesitate to reach out to us via GitHub issues or on Slack:

  https://community.getdbt.com/

Happy modeling!

[0m09:02:12.796777 [info ] [MainThread]: Setting up your profile.
[0m09:15:38.859181 [debug] [MainThread]: Sending event: {'category': 'dbt', 'action': 'invocation', 'label': 'start', 'context': [<snowplow_tracker.self_describing_json.SelfDescribingJson object at 0x713c73891370>, <snowplow_tracker.self_describing_json.SelfDescribingJson object at 0x713c72d42690>, <snowplow_tracker.self_describing_json.SelfDescribingJson object at 0x713c72d9dc40>]}


============================== 09:15:38.862541 | a39b8fd0-af57-4d45-bca8-acf9667d5285 ==============================
[0m09:15:38.862541 [info ] [MainThread]: Running with dbt=1.9.3
[0m09:15:38.863331 [debug] [MainThread]: running dbt with arguments {'printer_width': '80', 'indirect_selection': 'eager', 'write_json': 'True', 'log_cache_events': 'False', 'partial_parse': 'True', 'cache_selected_only': 'False', 'warn_error': 'None', 'version_check': 'True', 'debug': 'False', 'log_path': 'logs', 'fail_fast': 'False', 'profiles_dir': '/home/codespace/.dbt', 'use_colors': 'True', 'use_experimental_parser': 'False', 'no_print': 'None', 'quiet': 'False', 'empty': 'None', 'log_format': 'default', 'introspect': 'True', 'static_parser': 'True', 'invocation_command': 'dbt init', 'target_path': 'None', 'warn_error_options': 'WarnErrorOptions(include=[], exclude=[])', 'send_anonymous_usage_stats': 'True'}
[0m09:16:05.465177 [debug] [MainThread]: Starter project path: /usr/local/python/3.12.1/lib/python3.12/site-packages/dbt/include/starter_project
[0m09:16:05.470166 [info ] [MainThread]: 
Your new dbt project "weather" was created!

For more information on how to configure the profiles.yml file,
please consult the dbt documentation here:

  https://docs.getdbt.com/docs/configure-your-profile

One more thing:

Need help? Don't hesitate to reach out to us via GitHub issues or on Slack:

  https://community.getdbt.com/

Happy modeling!

[0m09:16:05.470803 [info ] [MainThread]: Setting up your profile.
[0m09:18:45.507695 [info ] [MainThread]: Profile weather written to /home/codespace/.dbt/profiles.yml using target's profile_template.yml and your supplied values. Run 'dbt debug' to validate the connection.
[0m09:18:45.510531 [debug] [MainThread]: Resource report: {"command_name": "init", "command_success": true, "command_wall_clock_time": 186.73328, "process_in_blocks": "152", "process_kernel_time": 0.184033, "process_mem_max_rss": "93588", "process_out_blocks": "88", "process_user_time": 1.601837}
[0m09:18:45.511286 [debug] [MainThread]: Command `dbt init` succeeded at 09:18:45.511144 after 186.73 seconds
[0m09:18:45.511972 [debug] [MainThread]: Sending event: {'category': 'dbt', 'action': 'invocation', 'label': 'end', 'context': [<snowplow_tracker.self_describing_json.SelfDescribingJson object at 0x713c73891370>, <snowplow_tracker.self_describing_json.SelfDescribingJson object at 0x713c726e2f60>, <snowplow_tracker.self_describing_json.SelfDescribingJson object at 0x713c72de4530>]}
[0m09:18:45.512607 [debug] [MainThread]: Flushing usage events
[0m09:18:46.472621 [debug] [MainThread]: An error was encountered while trying to flush usage events
[0m09:24:07.940536 [debug] [MainThread]: Sending event: {'category': 'dbt', 'action': 'invocation', 'label': 'start', 'context': [<snowplow_tracker.self_describing_json.SelfDescribingJson object at 0x71447eb09a90>, <snowplow_tracker.self_describing_json.SelfDescribingJson object at 0x7144805010d0>, <snowplow_tracker.self_describing_json.SelfDescribingJson object at 0x71447ef39ac0>]}


============================== 09:24:07.945690 | e3f9c36f-89f7-4dec-b06d-5417692e54fc ==============================
[0m09:24:07.945690 [info ] [MainThread]: Running with dbt=1.9.3
[0m09:24:07.946958 [debug] [MainThread]: running dbt with arguments {'printer_width': '80', 'indirect_selection': 'eager', 'write_json': 'True', 'log_cache_events': 'False', 'partial_parse': 'True', 'cache_selected_only': 'False', 'profiles_dir': '/home/codespace/.dbt', 'debug': 'False', 'warn_error': 'None', 'log_path': 'logs', 'fail_fast': 'False', 'version_check': 'True', 'use_colors': 'True', 'use_experimental_parser': 'False', 'no_print': 'None', 'quiet': 'False', 'empty': 'None', 'warn_error_options': 'WarnErrorOptions(include=[], exclude=[])', 'invocation_command': 'dbt init', 'introspect': 'True', 'static_parser': 'True', 'target_path': 'None', 'log_format': 'default', 'send_anonymous_usage_stats': 'True'}
[0m09:24:35.949549 [debug] [MainThread]: Starter project path: /usr/local/python/3.12.1/lib/python3.12/site-packages/dbt/include/starter_project
[0m09:24:35.954443 [info ] [MainThread]: 
Your new dbt project "aqi" was created!

For more information on how to configure the profiles.yml file,
please consult the dbt documentation here:

  https://docs.getdbt.com/docs/configure-your-profile

One more thing:

Need help? Don't hesitate to reach out to us via GitHub issues or on Slack:

  https://community.getdbt.com/

Happy modeling!

[0m09:24:35.955188 [info ] [MainThread]: Setting up your profile.
[0m09:25:29.222814 [info ] [MainThread]: Profile aqi written to /home/codespace/.dbt/profiles.yml using target's profile_template.yml and your supplied values. Run 'dbt debug' to validate the connection.
[0m09:25:29.224356 [debug] [MainThread]: Resource report: {"command_name": "init", "command_success": true, "command_wall_clock_time": 81.37108, "process_in_blocks": "0", "process_kernel_time": 0.227278, "process_mem_max_rss": "93668", "process_out_blocks": "80", "process_user_time": 2.056008}
[0m09:25:29.224972 [debug] [MainThread]: Command `dbt init` succeeded at 09:25:29.224837 after 81.37 seconds
[0m09:25:29.225519 [debug] [MainThread]: Sending event: {'category': 'dbt', 'action': 'invocation', 'label': 'end', 'context': [<snowplow_tracker.self_describing_json.SelfDescribingJson object at 0x71447ea0afc0>, <snowplow_tracker.self_describing_json.SelfDescribingJson object at 0x71447e61f740>, <snowplow_tracker.self_describing_json.SelfDescribingJson object at 0x71447e496b10>]}
[0m09:25:29.226085 [debug] [MainThread]: Flushing usage events
[0m09:25:30.191628 [debug] [MainThread]: An error was encountered while trying to flush usage events
