[2025-03-23T08:11:39.705+0000] {local_task_job_runner.py:123} INFO - ::group::Pre task execution logs
[2025-03-23T08:11:39.841+0000] {taskinstance.py:2613} INFO - Dependencies all met for dep_context=non-requeueable deps ti=<TaskInstance: aqi_etl_pipeline.get_aqi_data scheduled__2025-02-11T00:00:00+00:00 [queued]>
[2025-03-23T08:11:39.875+0000] {taskinstance.py:2613} INFO - Dependencies all met for dep_context=requeueable deps ti=<TaskInstance: aqi_etl_pipeline.get_aqi_data scheduled__2025-02-11T00:00:00+00:00 [queued]>
[2025-03-23T08:11:39.875+0000] {taskinstance.py:2866} INFO - Starting attempt 1 of 1
[2025-03-23T08:11:39.930+0000] {taskinstance.py:2889} INFO - Executing <Task(PythonOperator): get_aqi_data> on 2025-02-11 00:00:00+00:00
[2025-03-23T08:11:40.014+0000] {standard_task_runner.py:104} INFO - Running: ['***', 'tasks', 'run', 'aqi_etl_pipeline', 'get_aqi_data', 'scheduled__2025-02-11T00:00:00+00:00', '--job-id', '124', '--raw', '--subdir', 'DAGS_FOLDER/api_etl_pipeline.py', '--cfg-path', '/tmp/tmpv9kcwv00']
[2025-03-23T08:11:40.045+0000] {standard_task_runner.py:105} INFO - Job 124: Subtask get_aqi_data
[2025-03-23T08:11:40.033+0000] {logging_mixin.py:190} WARNING - /home/***/.local/lib/python3.12/site-packages/***/task/task_runner/standard_task_runner.py:70 DeprecationWarning: This process (pid=28818) is multi-threaded, use of fork() may lead to deadlocks in the child.
[2025-03-23T08:11:40.059+0000] {standard_task_runner.py:72} INFO - Started process 28956 to run task
[2025-03-23T08:11:40.574+0000] {task_command.py:467} INFO - Running <TaskInstance: aqi_etl_pipeline.get_aqi_data scheduled__2025-02-11T00:00:00+00:00 [running]> on host ed55a332e3f9
[2025-03-23T08:11:42.044+0000] {taskinstance.py:3132} INFO - Exporting env vars: AIRFLOW_CTX_DAG_OWNER='***' AIRFLOW_CTX_DAG_ID='aqi_etl_pipeline' AIRFLOW_CTX_TASK_ID='get_aqi_data' AIRFLOW_CTX_EXECUTION_DATE='2025-02-11T00:00:00+00:00' AIRFLOW_CTX_TRY_NUMBER='1' AIRFLOW_CTX_DAG_RUN_ID='scheduled__2025-02-11T00:00:00+00:00'
[2025-03-23T08:11:42.053+0000] {logging_mixin.py:190} INFO - Task instance is in running state
[2025-03-23T08:11:42.064+0000] {logging_mixin.py:190} INFO -  Previous state of the Task instance: queued
[2025-03-23T08:11:42.064+0000] {logging_mixin.py:190} INFO - Current task name:get_aqi_data state:running start_date:2025-03-23 08:11:39.848277+00:00
[2025-03-23T08:11:42.065+0000] {logging_mixin.py:190} INFO - Dag name:aqi_etl_pipeline and current dag run status:running
[2025-03-23T08:11:42.066+0000] {taskinstance.py:731} INFO - ::endgroup::
[2025-03-23T08:11:43.222+0000] {logging_mixin.py:190} INFO - https://api.airvisual.com/v2/city?city=Bangkok&state=Bangkok&country=Thailand&key=***
[2025-03-23T08:11:43.255+0000] {logging_mixin.py:190} INFO - {'status': 'fail', 'data': {'message': 'Too Many Requests'}}
[2025-03-23T08:11:43.267+0000] {python.py:240} INFO - Done. Returned value was: None
[2025-03-23T08:11:43.354+0000] {taskinstance.py:340} INFO - ::group::Post task execution logs
[2025-03-23T08:11:43.364+0000] {taskinstance.py:352} INFO - Marking task as SUCCESS. dag_id=aqi_etl_pipeline, task_id=get_aqi_data, run_id=scheduled__2025-02-11T00:00:00+00:00, execution_date=20250211T000000, start_date=20250323T081139, end_date=20250323T081143
[2025-03-23T08:11:43.493+0000] {logging_mixin.py:190} INFO - Task instance in success state
[2025-03-23T08:11:43.497+0000] {logging_mixin.py:190} INFO -  Previous state of the Task instance: running
[2025-03-23T08:11:43.498+0000] {logging_mixin.py:190} INFO - Dag name:aqi_etl_pipeline queued_at:2025-03-23 08:11:14.652978+00:00
[2025-03-23T08:11:43.505+0000] {logging_mixin.py:190} INFO - Task hostname:ed55a332e3f9 operator:PythonOperator
[2025-03-23T08:11:43.722+0000] {local_task_job_runner.py:266} INFO - Task exited with return code 0
[2025-03-23T08:11:43.858+0000] {taskinstance.py:3895} INFO - 1 downstream tasks scheduled from follow-on schedule check
[2025-03-23T08:11:43.864+0000] {local_task_job_runner.py:245} INFO - ::endgroup::
