[2025-03-31T15:30:32.098+0000] {local_task_job_runner.py:123} INFO - ::group::Pre task execution logs
[2025-03-31T15:30:32.135+0000] {taskinstance.py:2613} INFO - Dependencies all met for dep_context=non-requeueable deps ti=<TaskInstance: aqi_etl_pipeline.aqi_tasks_group.get_aqi_data_Bangkok manual__2025-03-31T15:30:25.927070+00:00 [queued]>
[2025-03-31T15:30:32.145+0000] {taskinstance.py:2613} INFO - Dependencies all met for dep_context=requeueable deps ti=<TaskInstance: aqi_etl_pipeline.aqi_tasks_group.get_aqi_data_Bangkok manual__2025-03-31T15:30:25.927070+00:00 [queued]>
[2025-03-31T15:30:32.146+0000] {taskinstance.py:2866} INFO - Starting attempt 1 of 4
[2025-03-31T15:30:32.165+0000] {taskinstance.py:2889} INFO - Executing <Task(PythonOperator): aqi_tasks_group.get_aqi_data_Bangkok> on 2025-03-31 15:30:25.927070+00:00
[2025-03-31T15:30:32.182+0000] {standard_task_runner.py:104} INFO - Running: ['***', 'tasks', 'run', 'aqi_etl_pipeline', 'aqi_tasks_group.get_aqi_data_Bangkok', 'manual__2025-03-31T15:30:25.927070+00:00', '--job-id', '976', '--raw', '--subdir', 'DAGS_FOLDER/api_etl_pipeline.py', '--cfg-path', '/tmp/tmpqt0q6fkr']
[2025-03-31T15:30:32.187+0000] {standard_task_runner.py:105} INFO - Job 976: Subtask aqi_tasks_group.get_aqi_data_Bangkok
[2025-03-31T15:30:32.209+0000] {logging_mixin.py:190} WARNING - /home/***/.local/lib/python3.12/site-packages/***/task/task_runner/standard_task_runner.py:70 DeprecationWarning: This process (pid=93786) is multi-threaded, use of fork() may lead to deadlocks in the child.
[2025-03-31T15:30:32.223+0000] {standard_task_runner.py:72} INFO - Started process 93809 to run task
[2025-03-31T15:30:32.315+0000] {task_command.py:467} INFO - Running <TaskInstance: aqi_etl_pipeline.aqi_tasks_group.get_aqi_data_Bangkok manual__2025-03-31T15:30:25.927070+00:00 [running]> on host 496bef03e8b5
[2025-03-31T15:30:32.513+0000] {taskinstance.py:3132} INFO - Exporting env vars: AIRFLOW_CTX_DAG_OWNER='***' AIRFLOW_CTX_DAG_ID='aqi_etl_pipeline' AIRFLOW_CTX_TASK_ID='aqi_tasks_group.get_aqi_data_Bangkok' AIRFLOW_CTX_EXECUTION_DATE='2025-03-31T15:30:25.927070+00:00' AIRFLOW_CTX_TRY_NUMBER='1' AIRFLOW_CTX_DAG_RUN_ID='manual__2025-03-31T15:30:25.927070+00:00'
[2025-03-31T15:30:32.514+0000] {logging_mixin.py:190} INFO - Task instance is in running state
[2025-03-31T15:30:32.519+0000] {logging_mixin.py:190} INFO -  Previous state of the Task instance: queued
[2025-03-31T15:30:32.520+0000] {logging_mixin.py:190} INFO - Current task name:aqi_tasks_group.get_aqi_data_Bangkok state:running start_date:2025-03-31 15:30:32.136384+00:00
[2025-03-31T15:30:32.520+0000] {logging_mixin.py:190} INFO - Dag name:aqi_etl_pipeline and current dag run status:running
[2025-03-31T15:30:32.520+0000] {taskinstance.py:731} INFO - ::endgroup::
[2025-03-31T15:30:32.522+0000] {api_etl_pipeline.py:28} INFO - Fetching AQI data with params: {'city': 'Bangkok', 'state': 'Bangkok', 'country': 'Thailand', 'key': '***'}
[2025-03-31T15:30:33.133+0000] {python.py:240} INFO - Done. Returned value was: None
[2025-03-31T15:30:33.215+0000] {taskinstance.py:340} INFO - ::group::Post task execution logs
[2025-03-31T15:30:33.219+0000] {taskinstance.py:352} INFO - Marking task as SUCCESS. dag_id=aqi_etl_pipeline, task_id=aqi_tasks_group.get_aqi_data_Bangkok, run_id=manual__2025-03-31T15:30:25.927070+00:00, execution_date=20250331T153025, start_date=20250331T153032, end_date=20250331T153033
[2025-03-31T15:30:33.308+0000] {logging_mixin.py:190} INFO - Task instance in success state
[2025-03-31T15:30:33.310+0000] {logging_mixin.py:190} INFO -  Previous state of the Task instance: running
[2025-03-31T15:30:33.312+0000] {logging_mixin.py:190} INFO - Dag name:aqi_etl_pipeline queued_at:2025-03-31 15:30:25.942465+00:00
[2025-03-31T15:30:33.313+0000] {logging_mixin.py:190} INFO - Task hostname:496bef03e8b5 operator:PythonOperator
[2025-03-31T15:30:33.487+0000] {local_task_job_runner.py:266} INFO - Task exited with return code 0
[2025-03-31T15:30:33.609+0000] {taskinstance.py:3895} INFO - 1 downstream tasks scheduled from follow-on schedule check
[2025-03-31T15:30:33.614+0000] {local_task_job_runner.py:245} INFO - ::endgroup::
