[2025-03-30T07:15:04.631+0000] {local_task_job_runner.py:123} INFO - ::group::Pre task execution logs
[2025-03-30T07:15:04.806+0000] {taskinstance.py:2613} INFO - Dependencies all met for dep_context=non-requeueable deps ti=<TaskInstance: aqi_etl_pipeline.get_aqi_data_Lat_Phrao manual__2025-03-30T07:14:49.734294+00:00 [queued]>
[2025-03-30T07:15:04.980+0000] {taskinstance.py:2613} INFO - Dependencies all met for dep_context=requeueable deps ti=<TaskInstance: aqi_etl_pipeline.get_aqi_data_Lat_Phrao manual__2025-03-30T07:14:49.734294+00:00 [queued]>
[2025-03-30T07:15:04.985+0000] {taskinstance.py:2866} INFO - Starting attempt 1 of 1
[2025-03-30T07:15:05.449+0000] {taskinstance.py:2889} INFO - Executing <Task(PythonOperator): get_aqi_data_Lat_Phrao> on 2025-03-30 07:14:49.734294+00:00
[2025-03-30T07:15:05.620+0000] {standard_task_runner.py:104} INFO - Running: ['***', 'tasks', 'run', 'aqi_etl_pipeline', 'get_aqi_data_Lat_Phrao', 'manual__2025-03-30T07:14:49.734294+00:00', '--job-id', '335', '--raw', '--subdir', 'DAGS_FOLDER/api_etl_pipeline.py', '--cfg-path', '/tmp/tmp8j39jzoc']
[2025-03-30T07:15:05.641+0000] {standard_task_runner.py:105} INFO - Job 335: Subtask get_aqi_data_Lat_Phrao
[2025-03-30T07:15:05.699+0000] {logging_mixin.py:190} WARNING - /home/***/.local/lib/python3.12/site-packages/***/task/task_runner/standard_task_runner.py:70 DeprecationWarning: This process (pid=6512) is multi-threaded, use of fork() may lead to deadlocks in the child.
[2025-03-30T07:15:05.723+0000] {standard_task_runner.py:72} INFO - Started process 6641 to run task
[2025-03-30T07:15:06.153+0000] {task_command.py:467} INFO - Running <TaskInstance: aqi_etl_pipeline.get_aqi_data_Lat_Phrao manual__2025-03-30T07:14:49.734294+00:00 [running]> on host 58b9640d9ecf
[2025-03-30T07:15:07.899+0000] {taskinstance.py:3132} INFO - Exporting env vars: AIRFLOW_CTX_DAG_OWNER='***' AIRFLOW_CTX_DAG_ID='aqi_etl_pipeline' AIRFLOW_CTX_TASK_ID='get_aqi_data_Lat_Phrao' AIRFLOW_CTX_EXECUTION_DATE='2025-03-30T07:14:49.734294+00:00' AIRFLOW_CTX_TRY_NUMBER='1' AIRFLOW_CTX_DAG_RUN_ID='manual__2025-03-30T07:14:49.734294+00:00'
[2025-03-30T07:15:07.916+0000] {logging_mixin.py:190} INFO - Task instance is in running state
[2025-03-30T07:15:07.943+0000] {logging_mixin.py:190} INFO -  Previous state of the Task instance: queued
[2025-03-30T07:15:07.945+0000] {logging_mixin.py:190} INFO - Current task name:get_aqi_data_Lat_Phrao state:running start_date:2025-03-30 07:15:04.823590+00:00
[2025-03-30T07:15:07.947+0000] {logging_mixin.py:190} INFO - Dag name:aqi_etl_pipeline and current dag run status:running
[2025-03-30T07:15:07.950+0000] {taskinstance.py:731} INFO - ::endgroup::
[2025-03-30T07:15:08.633+0000] {logging_mixin.py:190} INFO - API URL: https://api.airvisual.com/v2/city?city=Lat_Phrao&state=Bangkok&country=Thailand&key=***
[2025-03-30T07:15:08.634+0000] {logging_mixin.py:190} INFO - Response Status Code: 400
[2025-03-30T07:15:08.635+0000] {logging_mixin.py:190} INFO - Response Text: {"status":"fail","data":{"message":"city_not_found"}}
[2025-03-30T07:15:08.637+0000] {logging_mixin.py:190} INFO - Parsed JSON: {
  "status": "fail",
  "data": {
    "message": "city_not_found"
  }
}
[2025-03-30T07:15:08.641+0000] {python.py:240} INFO - Done. Returned value was: None
[2025-03-30T07:15:08.670+0000] {taskinstance.py:340} INFO - ::group::Post task execution logs
[2025-03-30T07:15:08.674+0000] {taskinstance.py:352} INFO - Marking task as SUCCESS. dag_id=aqi_etl_pipeline, task_id=get_aqi_data_Lat_Phrao, run_id=manual__2025-03-30T07:14:49.734294+00:00, execution_date=20250330T071449, start_date=20250330T071504, end_date=20250330T071508
[2025-03-30T07:15:08.697+0000] {logging_mixin.py:190} INFO - Task instance in success state
[2025-03-30T07:15:08.698+0000] {logging_mixin.py:190} INFO -  Previous state of the Task instance: running
[2025-03-30T07:15:08.698+0000] {logging_mixin.py:190} INFO - Dag name:aqi_etl_pipeline queued_at:2025-03-30 07:14:49.764896+00:00
[2025-03-30T07:15:08.699+0000] {logging_mixin.py:190} INFO - Task hostname:58b9640d9ecf operator:PythonOperator
[2025-03-30T07:15:08.745+0000] {local_task_job_runner.py:266} INFO - Task exited with return code 0
[2025-03-30T07:15:08.818+0000] {taskinstance.py:3895} INFO - 1 downstream tasks scheduled from follow-on schedule check
[2025-03-30T07:15:08.826+0000] {local_task_job_runner.py:245} INFO - ::endgroup::
