[2025-03-30T11:01:28.617+0000] {local_task_job_runner.py:123} INFO - ::group::Pre task execution logs
[2025-03-30T11:01:28.635+0000] {taskinstance.py:2613} INFO - Dependencies all met for dep_context=non-requeueable deps ti=<TaskInstance: aqi_etl_pipeline.load_aqi_to_postgres_Bangkok manual__2025-03-30T11:01:10.676303+00:00 [queued]>
[2025-03-30T11:01:28.644+0000] {taskinstance.py:2613} INFO - Dependencies all met for dep_context=requeueable deps ti=<TaskInstance: aqi_etl_pipeline.load_aqi_to_postgres_Bangkok manual__2025-03-30T11:01:10.676303+00:00 [queued]>
[2025-03-30T11:01:28.645+0000] {taskinstance.py:2866} INFO - Starting attempt 1 of 4
[2025-03-30T11:01:28.655+0000] {taskinstance.py:2889} INFO - Executing <Task(PythonOperator): load_aqi_to_postgres_Bangkok> on 2025-03-30 11:01:10.676303+00:00
[2025-03-30T11:01:28.666+0000] {logging_mixin.py:190} WARNING - /home/***/.local/lib/python3.12/site-packages/***/task/task_runner/standard_task_runner.py:70 DeprecationWarning: This process (pid=65882) is multi-threaded, use of fork() may lead to deadlocks in the child.
[2025-03-30T11:01:28.666+0000] {standard_task_runner.py:104} INFO - Running: ['***', 'tasks', 'run', 'aqi_etl_pipeline', 'load_aqi_to_postgres_Bangkok', 'manual__2025-03-30T11:01:10.676303+00:00', '--job-id', '547', '--raw', '--subdir', 'DAGS_FOLDER/api_etl_pipeline.py', '--cfg-path', '/tmp/tmpfx0g0zku']
[2025-03-30T11:01:28.667+0000] {standard_task_runner.py:72} INFO - Started process 65888 to run task
[2025-03-30T11:01:28.667+0000] {standard_task_runner.py:105} INFO - Job 547: Subtask load_aqi_to_postgres_Bangkok
[2025-03-30T11:01:28.701+0000] {task_command.py:467} INFO - Running <TaskInstance: aqi_etl_pipeline.load_aqi_to_postgres_Bangkok manual__2025-03-30T11:01:10.676303+00:00 [running]> on host 58b9640d9ecf
[2025-03-30T11:01:28.768+0000] {taskinstance.py:3132} INFO - Exporting env vars: AIRFLOW_CTX_DAG_OWNER='***' AIRFLOW_CTX_DAG_ID='aqi_etl_pipeline' AIRFLOW_CTX_TASK_ID='load_aqi_to_postgres_Bangkok' AIRFLOW_CTX_EXECUTION_DATE='2025-03-30T11:01:10.676303+00:00' AIRFLOW_CTX_TRY_NUMBER='1' AIRFLOW_CTX_DAG_RUN_ID='manual__2025-03-30T11:01:10.676303+00:00'
[2025-03-30T11:01:28.770+0000] {logging_mixin.py:190} INFO - Task instance is in running state
[2025-03-30T11:01:28.770+0000] {logging_mixin.py:190} INFO -  Previous state of the Task instance: queued
[2025-03-30T11:01:28.770+0000] {logging_mixin.py:190} INFO - Current task name:load_aqi_to_postgres_Bangkok state:running start_date:2025-03-30 11:01:28.636170+00:00
[2025-03-30T11:01:28.770+0000] {logging_mixin.py:190} INFO - Dag name:aqi_etl_pipeline and current dag run status:running
[2025-03-30T11:01:28.774+0000] {taskinstance.py:731} INFO - ::endgroup::
[2025-03-30T11:01:28.787+0000] {base.py:84} INFO - Retrieving connection '***_default'
[2025-03-30T11:01:28.797+0000] {python.py:240} INFO - Done. Returned value was: None
[2025-03-30T11:01:28.811+0000] {taskinstance.py:340} INFO - ::group::Post task execution logs
[2025-03-30T11:01:28.811+0000] {taskinstance.py:352} INFO - Marking task as SUCCESS. dag_id=aqi_etl_pipeline, task_id=load_aqi_to_***_Bangkok, run_id=manual__2025-03-30T11:01:10.676303+00:00, execution_date=20250330T110110, start_date=20250330T110128, end_date=20250330T110128
[2025-03-30T11:01:28.820+0000] {logging_mixin.py:190} INFO - Task instance in success state
[2025-03-30T11:01:28.821+0000] {logging_mixin.py:190} INFO -  Previous state of the Task instance: running
[2025-03-30T11:01:28.821+0000] {logging_mixin.py:190} INFO - Dag name:aqi_etl_pipeline queued_at:2025-03-30 11:01:10.686026+00:00
[2025-03-30T11:01:28.821+0000] {logging_mixin.py:190} INFO - Task hostname:58b9640d9ecf operator:PythonOperator
[2025-03-30T11:01:28.844+0000] {local_task_job_runner.py:266} INFO - Task exited with return code 0
[2025-03-30T11:01:28.867+0000] {taskinstance.py:3895} INFO - 0 downstream tasks scheduled from follow-on schedule check
[2025-03-30T11:01:28.868+0000] {local_task_job_runner.py:245} INFO - ::endgroup::
