[2025-03-26T14:31:15.410+0000] {local_task_job_runner.py:123} INFO - ::group::Pre task execution logs
[2025-03-26T14:31:15.486+0000] {taskinstance.py:2613} INFO - Dependencies all met for dep_context=non-requeueable deps ti=<TaskInstance: aqi_etl_pipeline.load_aqi_to_postgres scheduled__2025-03-23T00:00:00+00:00 [queued]>
[2025-03-26T14:31:15.514+0000] {taskinstance.py:2613} INFO - Dependencies all met for dep_context=requeueable deps ti=<TaskInstance: aqi_etl_pipeline.load_aqi_to_postgres scheduled__2025-03-23T00:00:00+00:00 [queued]>
[2025-03-26T14:31:15.515+0000] {taskinstance.py:2866} INFO - Starting attempt 1 of 1
[2025-03-26T14:31:15.572+0000] {taskinstance.py:2889} INFO - Executing <Task(PythonOperator): load_aqi_to_postgres> on 2025-03-23 00:00:00+00:00
[2025-03-26T14:31:15.621+0000] {standard_task_runner.py:104} INFO - Running: ['***', 'tasks', 'run', 'aqi_etl_pipeline', 'load_aqi_to_postgres', 'scheduled__2025-03-23T00:00:00+00:00', '--job-id', '278', '--raw', '--subdir', 'DAGS_FOLDER/api_etl_pipeline.py', '--cfg-path', '/tmp/tmps47hp0nt']
[2025-03-26T14:31:15.630+0000] {standard_task_runner.py:105} INFO - Job 278: Subtask load_aqi_to_postgres
[2025-03-26T14:31:15.647+0000] {logging_mixin.py:190} WARNING - /home/***/.local/lib/python3.12/site-packages/***/task/task_runner/standard_task_runner.py:70 DeprecationWarning: This process (pid=444) is multi-threaded, use of fork() may lead to deadlocks in the child.
[2025-03-26T14:31:15.648+0000] {standard_task_runner.py:72} INFO - Started process 477 to run task
[2025-03-26T14:31:15.729+0000] {task_command.py:467} INFO - Running <TaskInstance: aqi_etl_pipeline.load_aqi_to_postgres scheduled__2025-03-23T00:00:00+00:00 [running]> on host bc76e43d85cd
[2025-03-26T14:31:15.972+0000] {taskinstance.py:3132} INFO - Exporting env vars: AIRFLOW_CTX_DAG_OWNER='***' AIRFLOW_CTX_DAG_ID='aqi_etl_pipeline' AIRFLOW_CTX_TASK_ID='load_aqi_to_postgres' AIRFLOW_CTX_EXECUTION_DATE='2025-03-23T00:00:00+00:00' AIRFLOW_CTX_TRY_NUMBER='1' AIRFLOW_CTX_DAG_RUN_ID='scheduled__2025-03-23T00:00:00+00:00'
[2025-03-26T14:31:15.974+0000] {logging_mixin.py:190} INFO - Task instance is in running state
[2025-03-26T14:31:15.974+0000] {logging_mixin.py:190} INFO -  Previous state of the Task instance: queued
[2025-03-26T14:31:15.983+0000] {logging_mixin.py:190} INFO - Current task name:load_aqi_to_postgres state:running start_date:2025-03-26 14:31:15.489017+00:00
[2025-03-26T14:31:15.983+0000] {logging_mixin.py:190} INFO - Dag name:aqi_etl_pipeline and current dag run status:running
[2025-03-26T14:31:15.984+0000] {taskinstance.py:731} INFO - ::endgroup::
[2025-03-26T14:31:16.018+0000] {base.py:84} INFO - Retrieving connection '***_default'
[2025-03-26T14:31:16.089+0000] {python.py:240} INFO - Done. Returned value was: None
[2025-03-26T14:31:16.115+0000] {taskinstance.py:340} INFO - ::group::Post task execution logs
[2025-03-26T14:31:16.117+0000] {taskinstance.py:352} INFO - Marking task as SUCCESS. dag_id=aqi_etl_pipeline, task_id=load_aqi_to_***, run_id=scheduled__2025-03-23T00:00:00+00:00, execution_date=20250323T000000, start_date=20250326T143115, end_date=20250326T143116
[2025-03-26T14:31:16.143+0000] {logging_mixin.py:190} INFO - Task instance in success state
[2025-03-26T14:31:16.144+0000] {logging_mixin.py:190} INFO -  Previous state of the Task instance: running
[2025-03-26T14:31:16.150+0000] {logging_mixin.py:190} INFO - Dag name:aqi_etl_pipeline queued_at:2025-03-26 14:30:37.404249+00:00
[2025-03-26T14:31:16.150+0000] {logging_mixin.py:190} INFO - Task hostname:bc76e43d85cd operator:PythonOperator
[2025-03-26T14:31:16.206+0000] {local_task_job_runner.py:266} INFO - Task exited with return code 0
[2025-03-26T14:31:16.278+0000] {taskinstance.py:3895} INFO - 0 downstream tasks scheduled from follow-on schedule check
[2025-03-26T14:31:16.301+0000] {local_task_job_runner.py:245} INFO - ::endgroup::
