[2025-03-30T02:06:40.249+0000] {local_task_job_runner.py:123} INFO - ::group::Pre task execution logs
[2025-03-30T02:06:40.433+0000] {taskinstance.py:2613} INFO - Dependencies all met for dep_context=non-requeueable deps ti=<TaskInstance: aqi_etl_pipeline.create_aqi_table scheduled__2025-03-29T00:00:00+00:00 [queued]>
[2025-03-30T02:06:40.499+0000] {taskinstance.py:2613} INFO - Dependencies all met for dep_context=requeueable deps ti=<TaskInstance: aqi_etl_pipeline.create_aqi_table scheduled__2025-03-29T00:00:00+00:00 [queued]>
[2025-03-30T02:06:40.500+0000] {taskinstance.py:2866} INFO - Starting attempt 1 of 1
[2025-03-30T02:06:40.686+0000] {taskinstance.py:2889} INFO - Executing <Task(PythonOperator): create_aqi_table> on 2025-03-29 00:00:00+00:00
[2025-03-30T02:06:40.847+0000] {standard_task_runner.py:104} INFO - Running: ['***', 'tasks', 'run', 'aqi_etl_pipeline', 'create_aqi_table', 'scheduled__2025-03-29T00:00:00+00:00', '--job-id', '314', '--raw', '--subdir', 'DAGS_FOLDER/api_etl_pipeline.py', '--cfg-path', '/tmp/tmpkj8jpb4j']
[2025-03-30T02:06:40.865+0000] {standard_task_runner.py:105} INFO - Job 314: Subtask create_aqi_table
[2025-03-30T02:06:40.892+0000] {logging_mixin.py:190} WARNING - /home/***/.local/lib/python3.12/site-packages/***/task/task_runner/standard_task_runner.py:70 DeprecationWarning: This process (pid=230) is multi-threaded, use of fork() may lead to deadlocks in the child.
[2025-03-30T02:06:40.928+0000] {standard_task_runner.py:72} INFO - Started process 338 to run task
[2025-03-30T02:06:41.532+0000] {task_command.py:467} INFO - Running <TaskInstance: aqi_etl_pipeline.create_aqi_table scheduled__2025-03-29T00:00:00+00:00 [running]> on host 6a74a784bbec
[2025-03-30T02:06:42.735+0000] {taskinstance.py:3132} INFO - Exporting env vars: AIRFLOW_CTX_DAG_OWNER='***' AIRFLOW_CTX_DAG_ID='aqi_etl_pipeline' AIRFLOW_CTX_TASK_ID='create_aqi_table' AIRFLOW_CTX_EXECUTION_DATE='2025-03-29T00:00:00+00:00' AIRFLOW_CTX_TRY_NUMBER='1' AIRFLOW_CTX_DAG_RUN_ID='scheduled__2025-03-29T00:00:00+00:00'
[2025-03-30T02:06:42.739+0000] {logging_mixin.py:190} INFO - Task instance is in running state
[2025-03-30T02:06:42.739+0000] {logging_mixin.py:190} INFO -  Previous state of the Task instance: queued
[2025-03-30T02:06:42.748+0000] {logging_mixin.py:190} INFO - Current task name:create_aqi_table state:running start_date:2025-03-30 02:06:40.433507+00:00
[2025-03-30T02:06:42.749+0000] {logging_mixin.py:190} INFO - Dag name:aqi_etl_pipeline and current dag run status:running
[2025-03-30T02:06:42.749+0000] {taskinstance.py:731} INFO - ::endgroup::
[2025-03-30T02:06:42.814+0000] {base.py:84} INFO - Retrieving connection '***_default'
[2025-03-30T02:06:45.239+0000] {python.py:240} INFO - Done. Returned value was: None
[2025-03-30T02:06:45.309+0000] {taskinstance.py:340} INFO - ::group::Post task execution logs
[2025-03-30T02:06:45.316+0000] {taskinstance.py:352} INFO - Marking task as SUCCESS. dag_id=aqi_etl_pipeline, task_id=create_aqi_table, run_id=scheduled__2025-03-29T00:00:00+00:00, execution_date=20250329T000000, start_date=20250330T020640, end_date=20250330T020645
[2025-03-30T02:06:45.437+0000] {logging_mixin.py:190} INFO - Task instance in success state
[2025-03-30T02:06:45.442+0000] {logging_mixin.py:190} INFO -  Previous state of the Task instance: running
[2025-03-30T02:06:45.444+0000] {logging_mixin.py:190} INFO - Dag name:aqi_etl_pipeline queued_at:2025-03-30 02:06:17.803331+00:00
[2025-03-30T02:06:45.447+0000] {logging_mixin.py:190} INFO - Task hostname:6a74a784bbec operator:PythonOperator
[2025-03-30T02:06:45.600+0000] {local_task_job_runner.py:266} INFO - Task exited with return code 0
[2025-03-30T02:06:45.843+0000] {taskinstance.py:3895} INFO - 0 downstream tasks scheduled from follow-on schedule check
[2025-03-30T02:06:45.886+0000] {local_task_job_runner.py:245} INFO - ::endgroup::
[2025-03-30T02:06:45.974+0000] {standard_task_runner.py:217} INFO - Process not found (most likely exited), stop collecting metrics
