[2025-03-30T11:01:22.568+0000] {local_task_job_runner.py:123} INFO - ::group::Pre task execution logs
[2025-03-30T11:01:22.706+0000] {taskinstance.py:2613} INFO - Dependencies all met for dep_context=non-requeueable deps ti=<TaskInstance: aqi_etl_pipeline.get_aqi_data_Samut_Songkhram manual__2025-03-30T11:01:10.676303+00:00 [queued]>
[2025-03-30T11:01:22.786+0000] {taskinstance.py:2613} INFO - Dependencies all met for dep_context=requeueable deps ti=<TaskInstance: aqi_etl_pipeline.get_aqi_data_Samut_Songkhram manual__2025-03-30T11:01:10.676303+00:00 [queued]>
[2025-03-30T11:01:22.786+0000] {taskinstance.py:2866} INFO - Starting attempt 1 of 4
[2025-03-30T11:01:22.876+0000] {taskinstance.py:2889} INFO - Executing <Task(PythonOperator): get_aqi_data_Samut_Songkhram> on 2025-03-30 11:01:10.676303+00:00
[2025-03-30T11:01:22.986+0000] {logging_mixin.py:190} WARNING - /home/***/.local/lib/python3.12/site-packages/***/task/task_runner/standard_task_runner.py:70 DeprecationWarning: This process (pid=65675) is multi-threaded, use of fork() may lead to deadlocks in the child.
[2025-03-30T11:01:22.987+0000] {standard_task_runner.py:72} INFO - Started process 65746 to run task
[2025-03-30T11:01:22.975+0000] {standard_task_runner.py:104} INFO - Running: ['***', 'tasks', 'run', 'aqi_etl_pipeline', 'get_aqi_data_Samut_Songkhram', 'manual__2025-03-30T11:01:10.676303+00:00', '--job-id', '543', '--raw', '--subdir', 'DAGS_FOLDER/api_etl_pipeline.py', '--cfg-path', '/tmp/tmpnpbfhl2a']
[2025-03-30T11:01:22.994+0000] {standard_task_runner.py:105} INFO - Job 543: Subtask get_aqi_data_Samut_Songkhram
[2025-03-30T11:01:23.210+0000] {task_command.py:467} INFO - Running <TaskInstance: aqi_etl_pipeline.get_aqi_data_Samut_Songkhram manual__2025-03-30T11:01:10.676303+00:00 [running]> on host 58b9640d9ecf
[2025-03-30T11:01:23.864+0000] {taskinstance.py:3132} INFO - Exporting env vars: AIRFLOW_CTX_DAG_OWNER='***' AIRFLOW_CTX_DAG_ID='aqi_etl_pipeline' AIRFLOW_CTX_TASK_ID='get_aqi_data_Samut_Songkhram' AIRFLOW_CTX_EXECUTION_DATE='2025-03-30T11:01:10.676303+00:00' AIRFLOW_CTX_TRY_NUMBER='1' AIRFLOW_CTX_DAG_RUN_ID='manual__2025-03-30T11:01:10.676303+00:00'
[2025-03-30T11:01:23.865+0000] {logging_mixin.py:190} INFO - Task instance is in running state
[2025-03-30T11:01:23.877+0000] {logging_mixin.py:190} INFO -  Previous state of the Task instance: queued
[2025-03-30T11:01:23.877+0000] {logging_mixin.py:190} INFO - Current task name:get_aqi_data_Samut_Songkhram state:running start_date:2025-03-30 11:01:22.706736+00:00
[2025-03-30T11:01:23.878+0000] {logging_mixin.py:190} INFO - Dag name:aqi_etl_pipeline and current dag run status:running
[2025-03-30T11:01:23.878+0000] {taskinstance.py:731} INFO - ::endgroup::
[2025-03-30T11:01:57.034+0000] {python.py:240} INFO - Done. Returned value was: None
[2025-03-30T11:01:57.042+0000] {taskinstance.py:340} INFO - ::group::Post task execution logs
[2025-03-30T11:01:57.042+0000] {taskinstance.py:352} INFO - Marking task as SUCCESS. dag_id=aqi_etl_pipeline, task_id=get_aqi_data_Samut_Songkhram, run_id=manual__2025-03-30T11:01:10.676303+00:00, execution_date=20250330T110110, start_date=20250330T110122, end_date=20250330T110157
[2025-03-30T11:01:57.049+0000] {logging_mixin.py:190} INFO - Task instance in success state
[2025-03-30T11:01:57.050+0000] {logging_mixin.py:190} INFO -  Previous state of the Task instance: running
[2025-03-30T11:01:57.050+0000] {logging_mixin.py:190} INFO - Dag name:aqi_etl_pipeline queued_at:2025-03-30 11:01:10.686026+00:00
[2025-03-30T11:01:57.051+0000] {logging_mixin.py:190} INFO - Task hostname:58b9640d9ecf operator:PythonOperator
[2025-03-30T11:01:57.097+0000] {local_task_job_runner.py:266} INFO - Task exited with return code 0
[2025-03-30T11:01:57.134+0000] {taskinstance.py:3895} INFO - 1 downstream tasks scheduled from follow-on schedule check
[2025-03-30T11:01:57.135+0000] {local_task_job_runner.py:245} INFO - ::endgroup::
