[2025-03-30T10:27:03.764+0000] {local_task_job_runner.py:123} INFO - ::group::Pre task execution logs
[2025-03-30T10:27:04.086+0000] {taskinstance.py:2613} INFO - Dependencies all met for dep_context=non-requeueable deps ti=<TaskInstance: aqi_etl_pipeline.create_aqi_table manual__2025-03-30T10:26:49.729775+00:00 [queued]>
[2025-03-30T10:27:04.269+0000] {taskinstance.py:2613} INFO - Dependencies all met for dep_context=requeueable deps ti=<TaskInstance: aqi_etl_pipeline.create_aqi_table manual__2025-03-30T10:26:49.729775+00:00 [queued]>
[2025-03-30T10:27:04.295+0000] {taskinstance.py:2866} INFO - Starting attempt 1 of 1
[2025-03-30T10:27:04.538+0000] {taskinstance.py:2889} INFO - Executing <Task(PythonOperator): create_aqi_table> on 2025-03-30 10:26:49.729775+00:00
[2025-03-30T10:27:04.668+0000] {logging_mixin.py:190} WARNING - /home/***/.local/lib/python3.12/site-packages/***/task/task_runner/standard_task_runner.py:70 DeprecationWarning: This process (pid=45631) is multi-threaded, use of fork() may lead to deadlocks in the child.
[2025-03-30T10:27:04.691+0000] {standard_task_runner.py:72} INFO - Started process 45678 to run task
[2025-03-30T10:27:04.654+0000] {standard_task_runner.py:104} INFO - Running: ['***', 'tasks', 'run', 'aqi_etl_pipeline', 'create_aqi_table', 'manual__2025-03-30T10:26:49.729775+00:00', '--job-id', '461', '--raw', '--subdir', 'DAGS_FOLDER/api_etl_pipeline.py', '--cfg-path', '/tmp/tmpsrxg4opc']
[2025-03-30T10:27:04.692+0000] {standard_task_runner.py:105} INFO - Job 461: Subtask create_aqi_table
[2025-03-30T10:27:05.191+0000] {task_command.py:467} INFO - Running <TaskInstance: aqi_etl_pipeline.create_aqi_table manual__2025-03-30T10:26:49.729775+00:00 [running]> on host 58b9640d9ecf
[2025-03-30T10:27:06.339+0000] {taskinstance.py:3132} INFO - Exporting env vars: AIRFLOW_CTX_DAG_OWNER='***' AIRFLOW_CTX_DAG_ID='aqi_etl_pipeline' AIRFLOW_CTX_TASK_ID='create_aqi_table' AIRFLOW_CTX_EXECUTION_DATE='2025-03-30T10:26:49.729775+00:00' AIRFLOW_CTX_TRY_NUMBER='1' AIRFLOW_CTX_DAG_RUN_ID='manual__2025-03-30T10:26:49.729775+00:00'
[2025-03-30T10:27:06.346+0000] {logging_mixin.py:190} INFO - Task instance is in running state
[2025-03-30T10:27:06.348+0000] {logging_mixin.py:190} INFO -  Previous state of the Task instance: queued
[2025-03-30T10:27:06.349+0000] {logging_mixin.py:190} INFO - Current task name:create_aqi_table state:running start_date:2025-03-30 10:27:04.086725+00:00
[2025-03-30T10:27:06.349+0000] {logging_mixin.py:190} INFO - Dag name:aqi_etl_pipeline and current dag run status:running
[2025-03-30T10:27:06.363+0000] {taskinstance.py:731} INFO - ::endgroup::
[2025-03-30T10:27:06.405+0000] {base.py:84} INFO - Retrieving connection '***_default'
[2025-03-30T10:27:06.444+0000] {python.py:240} INFO - Done. Returned value was: None
[2025-03-30T10:27:06.518+0000] {taskinstance.py:340} INFO - ::group::Post task execution logs
[2025-03-30T10:27:06.528+0000] {taskinstance.py:352} INFO - Marking task as SUCCESS. dag_id=aqi_etl_pipeline, task_id=create_aqi_table, run_id=manual__2025-03-30T10:26:49.729775+00:00, execution_date=20250330T102649, start_date=20250330T102704, end_date=20250330T102706
[2025-03-30T10:27:06.648+0000] {logging_mixin.py:190} INFO - Task instance in success state
[2025-03-30T10:27:06.651+0000] {logging_mixin.py:190} INFO -  Previous state of the Task instance: running
[2025-03-30T10:27:06.653+0000] {logging_mixin.py:190} INFO - Dag name:aqi_etl_pipeline queued_at:2025-03-30 10:26:49.762892+00:00
[2025-03-30T10:27:06.656+0000] {logging_mixin.py:190} INFO - Task hostname:58b9640d9ecf operator:PythonOperator
[2025-03-30T10:27:06.811+0000] {local_task_job_runner.py:266} INFO - Task exited with return code 0
[2025-03-30T10:27:06.888+0000] {local_task_job_runner.py:245} INFO - ::endgroup::
