[2025-03-31T06:26:19.495+0000] {local_task_job_runner.py:123} INFO - ::group::Pre task execution logs
[2025-03-31T06:26:19.587+0000] {taskinstance.py:2613} INFO - Dependencies all met for dep_context=non-requeueable deps ti=<TaskInstance: aqi_etl_pipeline.aqi_tasks_group.get_aqi_data_Pathum_Thani manual__2025-03-31T06:18:03.719127+00:00 [queued]>
[2025-03-31T06:26:19.618+0000] {taskinstance.py:2613} INFO - Dependencies all met for dep_context=requeueable deps ti=<TaskInstance: aqi_etl_pipeline.aqi_tasks_group.get_aqi_data_Pathum_Thani manual__2025-03-31T06:18:03.719127+00:00 [queued]>
[2025-03-31T06:26:19.618+0000] {taskinstance.py:2866} INFO - Starting attempt 1 of 4
[2025-03-31T06:26:19.648+0000] {taskinstance.py:2889} INFO - Executing <Task(PythonOperator): aqi_tasks_group.get_aqi_data_Pathum_Thani> on 2025-03-31 06:18:03.719127+00:00
[2025-03-31T06:26:19.693+0000] {standard_task_runner.py:104} INFO - Running: ['***', 'tasks', 'run', 'aqi_etl_pipeline', 'aqi_tasks_group.get_aqi_data_Pathum_Thani', 'manual__2025-03-31T06:18:03.719127+00:00', '--job-id', '860', '--raw', '--subdir', 'DAGS_FOLDER/api_etl_pipeline.py', '--cfg-path', '/tmp/tmpo2phidg4']
[2025-03-31T06:26:19.698+0000] {standard_task_runner.py:105} INFO - Job 860: Subtask aqi_tasks_group.get_aqi_data_Pathum_Thani
[2025-03-31T06:26:19.714+0000] {logging_mixin.py:190} WARNING - /home/***/.local/lib/python3.12/site-packages/***/task/task_runner/standard_task_runner.py:70 DeprecationWarning: This process (pid=490) is multi-threaded, use of fork() may lead to deadlocks in the child.
[2025-03-31T06:26:19.716+0000] {standard_task_runner.py:72} INFO - Started process 491 to run task
[2025-03-31T06:26:19.963+0000] {task_command.py:467} INFO - Running <TaskInstance: aqi_etl_pipeline.aqi_tasks_group.get_aqi_data_Pathum_Thani manual__2025-03-31T06:18:03.719127+00:00 [running]> on host daf74ef548f3
[2025-03-31T06:26:20.403+0000] {taskinstance.py:3132} INFO - Exporting env vars: AIRFLOW_CTX_DAG_OWNER='***' AIRFLOW_CTX_DAG_ID='aqi_etl_pipeline' AIRFLOW_CTX_TASK_ID='aqi_tasks_group.get_aqi_data_Pathum_Thani' AIRFLOW_CTX_EXECUTION_DATE='2025-03-31T06:18:03.719127+00:00' AIRFLOW_CTX_TRY_NUMBER='1' AIRFLOW_CTX_DAG_RUN_ID='manual__2025-03-31T06:18:03.719127+00:00'
[2025-03-31T06:26:20.409+0000] {logging_mixin.py:190} INFO - Task instance is in running state
[2025-03-31T06:26:20.410+0000] {logging_mixin.py:190} INFO -  Previous state of the Task instance: queued
[2025-03-31T06:26:20.410+0000] {logging_mixin.py:190} INFO - Current task name:aqi_tasks_group.get_aqi_data_Pathum_Thani state:running start_date:2025-03-31 06:26:19.592874+00:00
[2025-03-31T06:26:20.410+0000] {logging_mixin.py:190} INFO - Dag name:aqi_etl_pipeline and current dag run status:running
[2025-03-31T06:26:20.413+0000] {taskinstance.py:731} INFO - ::endgroup::
[2025-03-31T06:26:20.416+0000] {api_etl_pipeline.py:28} INFO - Fetching AQI data with params: {'city': 'Pathum Thani', 'state': 'Pathum Thani', 'country': 'Thailand', 'key': '***'}
[2025-03-31T06:26:20.830+0000] {python.py:240} INFO - Done. Returned value was: None
[2025-03-31T06:26:20.843+0000] {taskinstance.py:340} INFO - ::group::Post task execution logs
[2025-03-31T06:26:20.844+0000] {taskinstance.py:352} INFO - Marking task as SUCCESS. dag_id=aqi_etl_pipeline, task_id=aqi_tasks_group.get_aqi_data_Pathum_Thani, run_id=manual__2025-03-31T06:18:03.719127+00:00, execution_date=20250331T061803, start_date=20250331T062619, end_date=20250331T062620
[2025-03-31T06:26:20.853+0000] {logging_mixin.py:190} INFO - Task instance in success state
[2025-03-31T06:26:20.856+0000] {logging_mixin.py:190} INFO -  Previous state of the Task instance: running
[2025-03-31T06:26:20.857+0000] {logging_mixin.py:190} INFO - Dag name:aqi_etl_pipeline queued_at:2025-03-31 06:18:03.729922+00:00
[2025-03-31T06:26:20.857+0000] {logging_mixin.py:190} INFO - Task hostname:daf74ef548f3 operator:PythonOperator
[2025-03-31T06:26:20.902+0000] {local_task_job_runner.py:266} INFO - Task exited with return code 0
[2025-03-31T06:26:21.013+0000] {taskinstance.py:3895} INFO - 1 downstream tasks scheduled from follow-on schedule check
[2025-03-31T06:26:21.021+0000] {local_task_job_runner.py:245} INFO - ::endgroup::
