[2025-03-23T08:12:15.414+0000] {local_task_job_runner.py:123} INFO - ::group::Pre task execution logs
[2025-03-23T08:12:15.583+0000] {taskinstance.py:2613} INFO - Dependencies all met for dep_context=non-requeueable deps ti=<TaskInstance: aqi_etl_pipeline.create_aqi_table scheduled__2025-02-20T00:00:00+00:00 [queued]>
[2025-03-23T08:12:15.691+0000] {taskinstance.py:2613} INFO - Dependencies all met for dep_context=requeueable deps ti=<TaskInstance: aqi_etl_pipeline.create_aqi_table scheduled__2025-02-20T00:00:00+00:00 [queued]>
[2025-03-23T08:12:15.694+0000] {taskinstance.py:2866} INFO - Starting attempt 1 of 1
[2025-03-23T08:12:15.867+0000] {taskinstance.py:2889} INFO - Executing <Task(PythonOperator): create_aqi_table> on 2025-02-20 00:00:00+00:00
[2025-03-23T08:12:16.049+0000] {standard_task_runner.py:104} INFO - Running: ['***', 'tasks', 'run', 'aqi_etl_pipeline', 'create_aqi_table', 'scheduled__2025-02-20T00:00:00+00:00', '--job-id', '156', '--raw', '--subdir', 'DAGS_FOLDER/api_etl_pipeline.py', '--cfg-path', '/tmp/tmps1j5fspp']
[2025-03-23T08:12:16.051+0000] {standard_task_runner.py:105} INFO - Job 156: Subtask create_aqi_table
[2025-03-23T08:12:16.062+0000] {logging_mixin.py:190} WARNING - /home/***/.local/lib/python3.12/site-packages/***/task/task_runner/standard_task_runner.py:70 DeprecationWarning: This process (pid=29154) is multi-threaded, use of fork() may lead to deadlocks in the child.
[2025-03-23T08:12:16.077+0000] {standard_task_runner.py:72} INFO - Started process 29192 to run task
[2025-03-23T08:12:16.509+0000] {task_command.py:467} INFO - Running <TaskInstance: aqi_etl_pipeline.create_aqi_table scheduled__2025-02-20T00:00:00+00:00 [running]> on host ed55a332e3f9
[2025-03-23T08:12:17.279+0000] {taskinstance.py:3132} INFO - Exporting env vars: AIRFLOW_CTX_DAG_OWNER='***' AIRFLOW_CTX_DAG_ID='aqi_etl_pipeline' AIRFLOW_CTX_TASK_ID='create_aqi_table' AIRFLOW_CTX_EXECUTION_DATE='2025-02-20T00:00:00+00:00' AIRFLOW_CTX_TRY_NUMBER='1' AIRFLOW_CTX_DAG_RUN_ID='scheduled__2025-02-20T00:00:00+00:00'
[2025-03-23T08:12:17.284+0000] {logging_mixin.py:190} INFO - Task instance is in running state
[2025-03-23T08:12:17.303+0000] {logging_mixin.py:190} INFO -  Previous state of the Task instance: queued
[2025-03-23T08:12:17.303+0000] {logging_mixin.py:190} INFO - Current task name:create_aqi_table state:running start_date:2025-03-23 08:12:15.601872+00:00
[2025-03-23T08:12:17.304+0000] {logging_mixin.py:190} INFO - Dag name:aqi_etl_pipeline and current dag run status:running
[2025-03-23T08:12:17.305+0000] {taskinstance.py:731} INFO - ::endgroup::
[2025-03-23T08:12:17.394+0000] {base.py:84} INFO - Retrieving connection '***_default'
[2025-03-23T08:12:17.455+0000] {python.py:240} INFO - Done. Returned value was: None
[2025-03-23T08:12:17.503+0000] {taskinstance.py:340} INFO - ::group::Post task execution logs
[2025-03-23T08:12:17.508+0000] {taskinstance.py:352} INFO - Marking task as SUCCESS. dag_id=aqi_etl_pipeline, task_id=create_aqi_table, run_id=scheduled__2025-02-20T00:00:00+00:00, execution_date=20250220T000000, start_date=20250323T081215, end_date=20250323T081217
[2025-03-23T08:12:17.566+0000] {logging_mixin.py:190} INFO - Task instance in success state
[2025-03-23T08:12:17.567+0000] {logging_mixin.py:190} INFO -  Previous state of the Task instance: running
[2025-03-23T08:12:17.568+0000] {logging_mixin.py:190} INFO - Dag name:aqi_etl_pipeline queued_at:2025-03-23 08:11:59.851398+00:00
[2025-03-23T08:12:17.569+0000] {logging_mixin.py:190} INFO - Task hostname:ed55a332e3f9 operator:PythonOperator
[2025-03-23T08:12:17.663+0000] {local_task_job_runner.py:266} INFO - Task exited with return code 0
[2025-03-23T08:12:17.713+0000] {local_task_job_runner.py:245} INFO - ::endgroup::
