[2025-03-23T08:25:17.896+0000] {local_task_job_runner.py:123} INFO - ::group::Pre task execution logs
[2025-03-23T08:25:17.909+0000] {taskinstance.py:2613} INFO - Dependencies all met for dep_context=non-requeueable deps ti=<TaskInstance: aqi_etl_pipeline.load_aqi_to_postgres manual__2025-03-23T08:25:11.734149+00:00 [queued]>
[2025-03-23T08:25:17.915+0000] {taskinstance.py:2613} INFO - Dependencies all met for dep_context=requeueable deps ti=<TaskInstance: aqi_etl_pipeline.load_aqi_to_postgres manual__2025-03-23T08:25:11.734149+00:00 [queued]>
[2025-03-23T08:25:17.915+0000] {taskinstance.py:2866} INFO - Starting attempt 1 of 1
[2025-03-23T08:25:17.925+0000] {taskinstance.py:2889} INFO - Executing <Task(PythonOperator): load_aqi_to_postgres> on 2025-03-23 08:25:11.734149+00:00
[2025-03-23T08:25:17.935+0000] {logging_mixin.py:190} WARNING - /home/***/.local/lib/python3.12/site-packages/***/task/task_runner/standard_task_runner.py:70 DeprecationWarning: This process (pid=36749) is multi-threaded, use of fork() may lead to deadlocks in the child.
[2025-03-23T08:25:17.937+0000] {standard_task_runner.py:72} INFO - Started process 36750 to run task
[2025-03-23T08:25:17.935+0000] {standard_task_runner.py:104} INFO - Running: ['***', 'tasks', 'run', 'aqi_etl_pipeline', 'load_aqi_to_postgres', 'manual__2025-03-23T08:25:11.734149+00:00', '--job-id', '262', '--raw', '--subdir', 'DAGS_FOLDER/api_etl_pipeline.py', '--cfg-path', '/tmp/tmp6fayltus']
[2025-03-23T08:25:17.937+0000] {standard_task_runner.py:105} INFO - Job 262: Subtask load_aqi_to_postgres
[2025-03-23T08:25:17.985+0000] {task_command.py:467} INFO - Running <TaskInstance: aqi_etl_pipeline.load_aqi_to_postgres manual__2025-03-23T08:25:11.734149+00:00 [running]> on host ed55a332e3f9
[2025-03-23T08:25:18.087+0000] {taskinstance.py:3132} INFO - Exporting env vars: AIRFLOW_CTX_DAG_OWNER='***' AIRFLOW_CTX_DAG_ID='aqi_etl_pipeline' AIRFLOW_CTX_TASK_ID='load_aqi_to_postgres' AIRFLOW_CTX_EXECUTION_DATE='2025-03-23T08:25:11.734149+00:00' AIRFLOW_CTX_TRY_NUMBER='1' AIRFLOW_CTX_DAG_RUN_ID='manual__2025-03-23T08:25:11.734149+00:00'
[2025-03-23T08:25:18.089+0000] {logging_mixin.py:190} INFO - Task instance is in running state
[2025-03-23T08:25:18.089+0000] {logging_mixin.py:190} INFO -  Previous state of the Task instance: queued
[2025-03-23T08:25:18.090+0000] {logging_mixin.py:190} INFO - Current task name:load_aqi_to_postgres state:running start_date:2025-03-23 08:25:17.909535+00:00
[2025-03-23T08:25:18.090+0000] {logging_mixin.py:190} INFO - Dag name:aqi_etl_pipeline and current dag run status:running
[2025-03-23T08:25:18.091+0000] {taskinstance.py:731} INFO - ::endgroup::
[2025-03-23T08:25:18.097+0000] {base.py:84} INFO - Retrieving connection '***_default'
[2025-03-23T08:25:18.111+0000] {python.py:240} INFO - Done. Returned value was: None
[2025-03-23T08:25:18.120+0000] {taskinstance.py:340} INFO - ::group::Post task execution logs
[2025-03-23T08:25:18.120+0000] {taskinstance.py:352} INFO - Marking task as SUCCESS. dag_id=aqi_etl_pipeline, task_id=load_aqi_to_***, run_id=manual__2025-03-23T08:25:11.734149+00:00, execution_date=20250323T082511, start_date=20250323T082517, end_date=20250323T082518
[2025-03-23T08:25:18.128+0000] {logging_mixin.py:190} INFO - Task instance in success state
[2025-03-23T08:25:18.128+0000] {logging_mixin.py:190} INFO -  Previous state of the Task instance: running
[2025-03-23T08:25:18.128+0000] {logging_mixin.py:190} INFO - Dag name:aqi_etl_pipeline queued_at:2025-03-23 08:25:11.740945+00:00
[2025-03-23T08:25:18.129+0000] {logging_mixin.py:190} INFO - Task hostname:ed55a332e3f9 operator:PythonOperator
[2025-03-23T08:25:18.155+0000] {local_task_job_runner.py:266} INFO - Task exited with return code 0
[2025-03-23T08:25:18.168+0000] {taskinstance.py:3895} INFO - 0 downstream tasks scheduled from follow-on schedule check
[2025-03-23T08:25:18.170+0000] {local_task_job_runner.py:245} INFO - ::endgroup::
