[2025-03-26T14:31:15.597+0000] {local_task_job_runner.py:123} INFO - ::group::Pre task execution logs
[2025-03-26T14:31:15.668+0000] {taskinstance.py:2613} INFO - Dependencies all met for dep_context=non-requeueable deps ti=<TaskInstance: aqi_etl_pipeline.load_aqi_to_postgres scheduled__2025-03-24T00:00:00+00:00 [queued]>
[2025-03-26T14:31:15.698+0000] {taskinstance.py:2613} INFO - Dependencies all met for dep_context=requeueable deps ti=<TaskInstance: aqi_etl_pipeline.load_aqi_to_postgres scheduled__2025-03-24T00:00:00+00:00 [queued]>
[2025-03-26T14:31:15.698+0000] {taskinstance.py:2866} INFO - Starting attempt 1 of 1
[2025-03-26T14:31:15.757+0000] {taskinstance.py:2889} INFO - Executing <Task(PythonOperator): load_aqi_to_postgres> on 2025-03-24 00:00:00+00:00
[2025-03-26T14:31:15.822+0000] {standard_task_runner.py:104} INFO - Running: ['***', 'tasks', 'run', 'aqi_etl_pipeline', 'load_aqi_to_postgres', 'scheduled__2025-03-24T00:00:00+00:00', '--job-id', '279', '--raw', '--subdir', 'DAGS_FOLDER/api_etl_pipeline.py', '--cfg-path', '/tmp/tmpe6e_ku2k']
[2025-03-26T14:31:15.832+0000] {standard_task_runner.py:105} INFO - Job 279: Subtask load_aqi_to_postgres
[2025-03-26T14:31:15.851+0000] {logging_mixin.py:190} WARNING - /home/***/.local/lib/python3.12/site-packages/***/task/task_runner/standard_task_runner.py:70 DeprecationWarning: This process (pid=445) is multi-threaded, use of fork() may lead to deadlocks in the child.
[2025-03-26T14:31:15.852+0000] {standard_task_runner.py:72} INFO - Started process 481 to run task
[2025-03-26T14:31:15.995+0000] {task_command.py:467} INFO - Running <TaskInstance: aqi_etl_pipeline.load_aqi_to_postgres scheduled__2025-03-24T00:00:00+00:00 [running]> on host bc76e43d85cd
[2025-03-26T14:31:16.360+0000] {taskinstance.py:3132} INFO - Exporting env vars: AIRFLOW_CTX_DAG_OWNER='***' AIRFLOW_CTX_DAG_ID='aqi_etl_pipeline' AIRFLOW_CTX_TASK_ID='load_aqi_to_postgres' AIRFLOW_CTX_EXECUTION_DATE='2025-03-24T00:00:00+00:00' AIRFLOW_CTX_TRY_NUMBER='1' AIRFLOW_CTX_DAG_RUN_ID='scheduled__2025-03-24T00:00:00+00:00'
[2025-03-26T14:31:16.364+0000] {logging_mixin.py:190} INFO - Task instance is in running state
[2025-03-26T14:31:16.374+0000] {logging_mixin.py:190} INFO -  Previous state of the Task instance: queued
[2025-03-26T14:31:16.375+0000] {logging_mixin.py:190} INFO - Current task name:load_aqi_to_postgres state:running start_date:2025-03-26 14:31:15.669118+00:00
[2025-03-26T14:31:16.376+0000] {logging_mixin.py:190} INFO - Dag name:aqi_etl_pipeline and current dag run status:running
[2025-03-26T14:31:16.379+0000] {taskinstance.py:731} INFO - ::endgroup::
[2025-03-26T14:31:16.441+0000] {base.py:84} INFO - Retrieving connection '***_default'
[2025-03-26T14:31:16.490+0000] {python.py:240} INFO - Done. Returned value was: None
[2025-03-26T14:31:16.536+0000] {taskinstance.py:340} INFO - ::group::Post task execution logs
[2025-03-26T14:31:16.539+0000] {taskinstance.py:352} INFO - Marking task as SUCCESS. dag_id=aqi_etl_pipeline, task_id=load_aqi_to_***, run_id=scheduled__2025-03-24T00:00:00+00:00, execution_date=20250324T000000, start_date=20250326T143115, end_date=20250326T143116
[2025-03-26T14:31:16.575+0000] {logging_mixin.py:190} INFO - Task instance in success state
[2025-03-26T14:31:16.576+0000] {logging_mixin.py:190} INFO -  Previous state of the Task instance: running
[2025-03-26T14:31:16.576+0000] {logging_mixin.py:190} INFO - Dag name:aqi_etl_pipeline queued_at:2025-03-26 14:30:39.203195+00:00
[2025-03-26T14:31:16.578+0000] {logging_mixin.py:190} INFO - Task hostname:bc76e43d85cd operator:PythonOperator
[2025-03-26T14:31:16.684+0000] {local_task_job_runner.py:266} INFO - Task exited with return code 0
[2025-03-26T14:31:16.737+0000] {taskinstance.py:3895} INFO - 0 downstream tasks scheduled from follow-on schedule check
[2025-03-26T14:31:16.741+0000] {local_task_job_runner.py:245} INFO - ::endgroup::
