[2025-03-31T06:45:26.619+0000] {local_task_job_runner.py:123} INFO - ::group::Pre task execution logs
[2025-03-31T06:45:26.655+0000] {taskinstance.py:2613} INFO - Dependencies all met for dep_context=non-requeueable deps ti=<TaskInstance: aqi_etl_pipeline.aqi_tasks_group.get_aqi_data_Pathum_Thani manual__2025-03-31T06:45:18.564132+00:00 [queued]>
[2025-03-31T06:45:26.665+0000] {taskinstance.py:2613} INFO - Dependencies all met for dep_context=requeueable deps ti=<TaskInstance: aqi_etl_pipeline.aqi_tasks_group.get_aqi_data_Pathum_Thani manual__2025-03-31T06:45:18.564132+00:00 [queued]>
[2025-03-31T06:45:26.665+0000] {taskinstance.py:2866} INFO - Starting attempt 1 of 4
[2025-03-31T06:45:26.684+0000] {taskinstance.py:2889} INFO - Executing <Task(PythonOperator): aqi_tasks_group.get_aqi_data_Pathum_Thani> on 2025-03-31 06:45:18.564132+00:00
[2025-03-31T06:45:26.710+0000] {standard_task_runner.py:104} INFO - Running: ['***', 'tasks', 'run', 'aqi_etl_pipeline', 'aqi_tasks_group.get_aqi_data_Pathum_Thani', 'manual__2025-03-31T06:45:18.564132+00:00', '--job-id', '884', '--raw', '--subdir', 'DAGS_FOLDER/api_etl_pipeline.py', '--cfg-path', '/tmp/tmpzu7fr8nb']
[2025-03-31T06:45:26.713+0000] {standard_task_runner.py:105} INFO - Job 884: Subtask aqi_tasks_group.get_aqi_data_Pathum_Thani
[2025-03-31T06:45:26.725+0000] {logging_mixin.py:190} WARNING - /home/***/.local/lib/python3.12/site-packages/***/task/task_runner/standard_task_runner.py:70 DeprecationWarning: This process (pid=11515) is multi-threaded, use of fork() may lead to deadlocks in the child.
[2025-03-31T06:45:26.728+0000] {standard_task_runner.py:72} INFO - Started process 11576 to run task
[2025-03-31T06:45:26.854+0000] {task_command.py:467} INFO - Running <TaskInstance: aqi_etl_pipeline.aqi_tasks_group.get_aqi_data_Pathum_Thani manual__2025-03-31T06:45:18.564132+00:00 [running]> on host daf74ef548f3
[2025-03-31T06:45:27.188+0000] {taskinstance.py:3132} INFO - Exporting env vars: AIRFLOW_CTX_DAG_OWNER='***' AIRFLOW_CTX_DAG_ID='aqi_etl_pipeline' AIRFLOW_CTX_TASK_ID='aqi_tasks_group.get_aqi_data_Pathum_Thani' AIRFLOW_CTX_EXECUTION_DATE='2025-03-31T06:45:18.564132+00:00' AIRFLOW_CTX_TRY_NUMBER='1' AIRFLOW_CTX_DAG_RUN_ID='manual__2025-03-31T06:45:18.564132+00:00'
[2025-03-31T06:45:27.194+0000] {logging_mixin.py:190} INFO - Task instance is in running state
[2025-03-31T06:45:27.194+0000] {logging_mixin.py:190} INFO -  Previous state of the Task instance: queued
[2025-03-31T06:45:27.195+0000] {logging_mixin.py:190} INFO - Current task name:aqi_tasks_group.get_aqi_data_Pathum_Thani state:running start_date:2025-03-31 06:45:26.655958+00:00
[2025-03-31T06:45:27.195+0000] {logging_mixin.py:190} INFO - Dag name:aqi_etl_pipeline and current dag run status:running
[2025-03-31T06:45:27.195+0000] {taskinstance.py:731} INFO - ::endgroup::
[2025-03-31T06:45:27.196+0000] {api_etl_pipeline.py:28} INFO - Fetching AQI data with params: {'city': 'Pathum Thani', 'state': 'Pathum Thani', 'country': 'Thailand', 'key': '***'}
[2025-03-31T06:45:27.573+0000] {python.py:240} INFO - Done. Returned value was: None
[2025-03-31T06:45:27.596+0000] {taskinstance.py:340} INFO - ::group::Post task execution logs
[2025-03-31T06:45:27.597+0000] {taskinstance.py:352} INFO - Marking task as SUCCESS. dag_id=aqi_etl_pipeline, task_id=aqi_tasks_group.get_aqi_data_Pathum_Thani, run_id=manual__2025-03-31T06:45:18.564132+00:00, execution_date=20250331T064518, start_date=20250331T064526, end_date=20250331T064527
[2025-03-31T06:45:27.649+0000] {logging_mixin.py:190} INFO - Task instance in success state
[2025-03-31T06:45:27.652+0000] {logging_mixin.py:190} INFO -  Previous state of the Task instance: running
[2025-03-31T06:45:27.653+0000] {logging_mixin.py:190} INFO - Dag name:aqi_etl_pipeline queued_at:2025-03-31 06:45:18.584099+00:00
[2025-03-31T06:45:27.653+0000] {logging_mixin.py:190} INFO - Task hostname:daf74ef548f3 operator:PythonOperator
[2025-03-31T06:45:27.693+0000] {local_task_job_runner.py:266} INFO - Task exited with return code 0
[2025-03-31T06:45:27.754+0000] {taskinstance.py:3895} INFO - 1 downstream tasks scheduled from follow-on schedule check
[2025-03-31T06:45:27.763+0000] {local_task_job_runner.py:245} INFO - ::endgroup::
