[2025-03-23T08:25:13.467+0000] {local_task_job_runner.py:123} INFO - ::group::Pre task execution logs
[2025-03-23T08:25:13.484+0000] {taskinstance.py:2613} INFO - Dependencies all met for dep_context=non-requeueable deps ti=<TaskInstance: aqi_etl_pipeline.get_aqi_data manual__2025-03-23T08:25:11.734149+00:00 [queued]>
[2025-03-23T08:25:13.494+0000] {taskinstance.py:2613} INFO - Dependencies all met for dep_context=requeueable deps ti=<TaskInstance: aqi_etl_pipeline.get_aqi_data manual__2025-03-23T08:25:11.734149+00:00 [queued]>
[2025-03-23T08:25:13.494+0000] {taskinstance.py:2866} INFO - Starting attempt 1 of 1
[2025-03-23T08:25:13.511+0000] {taskinstance.py:2889} INFO - Executing <Task(PythonOperator): get_aqi_data> on 2025-03-23 08:25:11.734149+00:00
[2025-03-23T08:25:13.525+0000] {logging_mixin.py:190} WARNING - /home/***/.local/lib/python3.12/site-packages/***/task/task_runner/standard_task_runner.py:70 DeprecationWarning: This process (pid=36730) is multi-threaded, use of fork() may lead to deadlocks in the child.
[2025-03-23T08:25:13.525+0000] {standard_task_runner.py:104} INFO - Running: ['***', 'tasks', 'run', 'aqi_etl_pipeline', 'get_aqi_data', 'manual__2025-03-23T08:25:11.734149+00:00', '--job-id', '260', '--raw', '--subdir', 'DAGS_FOLDER/api_etl_pipeline.py', '--cfg-path', '/tmp/tmpuqi4i67m']
[2025-03-23T08:25:13.527+0000] {standard_task_runner.py:105} INFO - Job 260: Subtask get_aqi_data
[2025-03-23T08:25:13.527+0000] {standard_task_runner.py:72} INFO - Started process 36734 to run task
[2025-03-23T08:25:13.581+0000] {task_command.py:467} INFO - Running <TaskInstance: aqi_etl_pipeline.get_aqi_data manual__2025-03-23T08:25:11.734149+00:00 [running]> on host ed55a332e3f9
[2025-03-23T08:25:13.686+0000] {taskinstance.py:3132} INFO - Exporting env vars: AIRFLOW_CTX_DAG_OWNER='***' AIRFLOW_CTX_DAG_ID='aqi_etl_pipeline' AIRFLOW_CTX_TASK_ID='get_aqi_data' AIRFLOW_CTX_EXECUTION_DATE='2025-03-23T08:25:11.734149+00:00' AIRFLOW_CTX_TRY_NUMBER='1' AIRFLOW_CTX_DAG_RUN_ID='manual__2025-03-23T08:25:11.734149+00:00'
[2025-03-23T08:25:13.689+0000] {logging_mixin.py:190} INFO - Task instance is in running state
[2025-03-23T08:25:13.689+0000] {logging_mixin.py:190} INFO -  Previous state of the Task instance: queued
[2025-03-23T08:25:13.690+0000] {logging_mixin.py:190} INFO - Current task name:get_aqi_data state:running start_date:2025-03-23 08:25:13.485124+00:00
[2025-03-23T08:25:13.690+0000] {logging_mixin.py:190} INFO - Dag name:aqi_etl_pipeline and current dag run status:running
[2025-03-23T08:25:13.691+0000] {taskinstance.py:731} INFO - ::endgroup::
[2025-03-23T08:25:14.059+0000] {logging_mixin.py:190} INFO - API URL: https://api.airvisual.com/v2/city?city=Bangkok&state=Bangkok&country=Thailand&key=***
[2025-03-23T08:25:14.059+0000] {logging_mixin.py:190} INFO - Response Status Code: 200
[2025-03-23T08:25:14.059+0000] {logging_mixin.py:190} INFO - Response Text: {"status":"success","data":{"city":"Bangkok","state":"Bangkok","country":"Thailand","location":{"type":"Point","coordinates":[100.4888394,13.7292915]},"current":{"pollution":{"ts":"2025-03-23T08:00:00.000Z","aqius":155,"mainus":"p2","aqicn":84,"maincn":"p2"},"weather":{"ts":"2025-03-23T08:00:00.000Z","tp":35,"pr":1009,"hu":38,"ws":1.56,"wd":190,"ic":"03d"}}}}
[2025-03-23T08:25:14.060+0000] {logging_mixin.py:190} INFO - Parsed JSON: {
  "status": "success",
  "data": {
    "city": "Bangkok",
    "state": "Bangkok",
    "country": "Thailand",
    "location": {
      "type": "Point",
      "coordinates": [
        100.4888394,
        13.7292915
      ]
    },
    "current": {
      "pollution": {
        "ts": "2025-03-23T08:00:00.000Z",
        "aqius": 155,
        "mainus": "p2",
        "aqicn": 84,
        "maincn": "p2"
      },
      "weather": {
        "ts": "2025-03-23T08:00:00.000Z",
        "tp": 35,
        "pr": 1009,
        "hu": 38,
        "ws": 1.56,
        "wd": 190,
        "ic": "03d"
      }
    }
  }
}
[2025-03-23T08:25:14.061+0000] {python.py:240} INFO - Done. Returned value was: None
[2025-03-23T08:25:14.069+0000] {taskinstance.py:340} INFO - ::group::Post task execution logs
[2025-03-23T08:25:14.069+0000] {taskinstance.py:352} INFO - Marking task as SUCCESS. dag_id=aqi_etl_pipeline, task_id=get_aqi_data, run_id=manual__2025-03-23T08:25:11.734149+00:00, execution_date=20250323T082511, start_date=20250323T082513, end_date=20250323T082514
[2025-03-23T08:25:14.076+0000] {logging_mixin.py:190} INFO - Task instance in success state
[2025-03-23T08:25:14.076+0000] {logging_mixin.py:190} INFO -  Previous state of the Task instance: running
[2025-03-23T08:25:14.077+0000] {logging_mixin.py:190} INFO - Dag name:aqi_etl_pipeline queued_at:2025-03-23 08:25:11.740945+00:00
[2025-03-23T08:25:14.078+0000] {logging_mixin.py:190} INFO - Task hostname:ed55a332e3f9 operator:PythonOperator
[2025-03-23T08:25:14.113+0000] {local_task_job_runner.py:266} INFO - Task exited with return code 0
[2025-03-23T08:25:14.133+0000] {taskinstance.py:3895} INFO - 1 downstream tasks scheduled from follow-on schedule check
[2025-03-23T08:25:14.134+0000] {local_task_job_runner.py:245} INFO - ::endgroup::
