[2025-03-30T10:39:37.303+0000] {local_task_job_runner.py:123} INFO - ::group::Pre task execution logs
[2025-03-30T10:39:37.420+0000] {taskinstance.py:2613} INFO - Dependencies all met for dep_context=non-requeueable deps ti=<TaskInstance: aqi_etl_pipeline.get_aqi_data_Pathum_Thani manual__2025-03-30T10:39:26.348292+00:00 [queued]>
[2025-03-30T10:39:37.505+0000] {taskinstance.py:2613} INFO - Dependencies all met for dep_context=requeueable deps ti=<TaskInstance: aqi_etl_pipeline.get_aqi_data_Pathum_Thani manual__2025-03-30T10:39:26.348292+00:00 [queued]>
[2025-03-30T10:39:37.506+0000] {taskinstance.py:2866} INFO - Starting attempt 1 of 1
[2025-03-30T10:39:37.675+0000] {taskinstance.py:2889} INFO - Executing <Task(PythonOperator): get_aqi_data_Pathum_Thani> on 2025-03-30 10:39:26.348292+00:00
[2025-03-30T10:39:37.774+0000] {standard_task_runner.py:104} INFO - Running: ['***', 'tasks', 'run', 'aqi_etl_pipeline', 'get_aqi_data_Pathum_Thani', 'manual__2025-03-30T10:39:26.348292+00:00', '--job-id', '507', '--raw', '--subdir', 'DAGS_FOLDER/api_etl_pipeline.py', '--cfg-path', '/tmp/tmpactifuit']
[2025-03-30T10:39:37.782+0000] {standard_task_runner.py:105} INFO - Job 507: Subtask get_aqi_data_Pathum_Thani
[2025-03-30T10:39:37.785+0000] {logging_mixin.py:190} WARNING - /home/***/.local/lib/python3.12/site-packages/***/task/task_runner/standard_task_runner.py:70 DeprecationWarning: This process (pid=52982) is multi-threaded, use of fork() may lead to deadlocks in the child.
[2025-03-30T10:39:37.795+0000] {standard_task_runner.py:72} INFO - Started process 53067 to run task
[2025-03-30T10:39:38.059+0000] {task_command.py:467} INFO - Running <TaskInstance: aqi_etl_pipeline.get_aqi_data_Pathum_Thani manual__2025-03-30T10:39:26.348292+00:00 [running]> on host 58b9640d9ecf
[2025-03-30T10:39:38.479+0000] {taskinstance.py:3132} INFO - Exporting env vars: AIRFLOW_CTX_DAG_OWNER='***' AIRFLOW_CTX_DAG_ID='aqi_etl_pipeline' AIRFLOW_CTX_TASK_ID='get_aqi_data_Pathum_Thani' AIRFLOW_CTX_EXECUTION_DATE='2025-03-30T10:39:26.348292+00:00' AIRFLOW_CTX_TRY_NUMBER='1' AIRFLOW_CTX_DAG_RUN_ID='manual__2025-03-30T10:39:26.348292+00:00'
[2025-03-30T10:39:38.482+0000] {logging_mixin.py:190} INFO - Task instance is in running state
[2025-03-30T10:39:38.482+0000] {logging_mixin.py:190} INFO -  Previous state of the Task instance: queued
[2025-03-30T10:39:38.484+0000] {logging_mixin.py:190} INFO - Current task name:get_aqi_data_Pathum_Thani state:running start_date:2025-03-30 10:39:37.427797+00:00
[2025-03-30T10:39:38.484+0000] {logging_mixin.py:190} INFO - Dag name:aqi_etl_pipeline and current dag run status:running
[2025-03-30T10:39:38.485+0000] {taskinstance.py:731} INFO - ::endgroup::
[2025-03-30T10:40:12.017+0000] {logging_mixin.py:190} INFO - ❌ API request failed for city Pathum_Thani. Status code: 429
[2025-03-30T10:40:12.019+0000] {python.py:240} INFO - Done. Returned value was: None
[2025-03-30T10:40:12.028+0000] {taskinstance.py:340} INFO - ::group::Post task execution logs
[2025-03-30T10:40:12.029+0000] {taskinstance.py:352} INFO - Marking task as SUCCESS. dag_id=aqi_etl_pipeline, task_id=get_aqi_data_Pathum_Thani, run_id=manual__2025-03-30T10:39:26.348292+00:00, execution_date=20250330T103926, start_date=20250330T103937, end_date=20250330T104012
[2025-03-30T10:40:12.036+0000] {logging_mixin.py:190} INFO - Task instance in success state
[2025-03-30T10:40:12.036+0000] {logging_mixin.py:190} INFO -  Previous state of the Task instance: running
[2025-03-30T10:40:12.037+0000] {logging_mixin.py:190} INFO - Dag name:aqi_etl_pipeline queued_at:2025-03-30 10:39:26.372196+00:00
[2025-03-30T10:40:12.037+0000] {logging_mixin.py:190} INFO - Task hostname:58b9640d9ecf operator:PythonOperator
[2025-03-30T10:40:12.060+0000] {local_task_job_runner.py:266} INFO - Task exited with return code 0
[2025-03-30T10:40:12.083+0000] {taskinstance.py:3895} INFO - 1 downstream tasks scheduled from follow-on schedule check
[2025-03-30T10:40:12.085+0000] {local_task_job_runner.py:245} INFO - ::endgroup::
