[2025-03-30T12:58:56.195+0000] {local_task_job_runner.py:123} INFO - ::group::Pre task execution logs
[2025-03-30T12:58:56.337+0000] {taskinstance.py:2613} INFO - Dependencies all met for dep_context=non-requeueable deps ti=<TaskInstance: aqi_etl_pipeline.get_aqi_data_Bangkok manual__2025-03-30T12:58:44.664039+00:00 [queued]>
[2025-03-30T12:58:56.405+0000] {taskinstance.py:2613} INFO - Dependencies all met for dep_context=requeueable deps ti=<TaskInstance: aqi_etl_pipeline.get_aqi_data_Bangkok manual__2025-03-30T12:58:44.664039+00:00 [queued]>
[2025-03-30T12:58:56.406+0000] {taskinstance.py:2866} INFO - Starting attempt 1 of 4
[2025-03-30T12:58:56.735+0000] {taskinstance.py:2889} INFO - Executing <Task(PythonOperator): get_aqi_data_Bangkok> on 2025-03-30 12:58:44.664039+00:00
[2025-03-30T12:58:57.020+0000] {standard_task_runner.py:104} INFO - Running: ['***', 'tasks', 'run', 'aqi_etl_pipeline', 'get_aqi_data_Bangkok', 'manual__2025-03-30T12:58:44.664039+00:00', '--job-id', '646', '--raw', '--subdir', 'DAGS_FOLDER/api_etl_pipeline.py', '--cfg-path', '/tmp/tmpgdngpdr_']
[2025-03-30T12:58:57.030+0000] {standard_task_runner.py:105} INFO - Job 646: Subtask get_aqi_data_Bangkok
[2025-03-30T12:58:57.010+0000] {logging_mixin.py:190} WARNING - /home/***/.local/lib/python3.12/site-packages/***/task/task_runner/standard_task_runner.py:70 DeprecationWarning: This process (pid=47468) is multi-threaded, use of fork() may lead to deadlocks in the child.
[2025-03-30T12:58:57.035+0000] {standard_task_runner.py:72} INFO - Started process 47526 to run task
[2025-03-30T12:58:57.403+0000] {task_command.py:467} INFO - Running <TaskInstance: aqi_etl_pipeline.get_aqi_data_Bangkok manual__2025-03-30T12:58:44.664039+00:00 [running]> on host 58b9640d9ecf
[2025-03-30T12:58:58.076+0000] {taskinstance.py:3132} INFO - Exporting env vars: AIRFLOW_CTX_DAG_OWNER='***' AIRFLOW_CTX_DAG_ID='aqi_etl_pipeline' AIRFLOW_CTX_TASK_ID='get_aqi_data_Bangkok' AIRFLOW_CTX_EXECUTION_DATE='2025-03-30T12:58:44.664039+00:00' AIRFLOW_CTX_TRY_NUMBER='1' AIRFLOW_CTX_DAG_RUN_ID='manual__2025-03-30T12:58:44.664039+00:00'
[2025-03-30T12:58:58.078+0000] {logging_mixin.py:190} INFO - Task instance is in running state
[2025-03-30T12:58:58.085+0000] {logging_mixin.py:190} INFO -  Previous state of the Task instance: queued
[2025-03-30T12:58:58.086+0000] {logging_mixin.py:190} INFO - Current task name:get_aqi_data_Bangkok state:running start_date:2025-03-30 12:58:56.340598+00:00
[2025-03-30T12:58:58.086+0000] {logging_mixin.py:190} INFO - Dag name:aqi_etl_pipeline and current dag run status:running
[2025-03-30T12:58:58.088+0000] {taskinstance.py:731} INFO - ::endgroup::
[2025-03-30T12:59:31.446+0000] {python.py:240} INFO - Done. Returned value was: None
[2025-03-30T12:59:31.493+0000] {taskinstance.py:340} INFO - ::group::Post task execution logs
[2025-03-30T12:59:31.499+0000] {taskinstance.py:352} INFO - Marking task as SUCCESS. dag_id=aqi_etl_pipeline, task_id=get_aqi_data_Bangkok, run_id=manual__2025-03-30T12:58:44.664039+00:00, execution_date=20250330T125844, start_date=20250330T125856, end_date=20250330T125931
[2025-03-30T12:59:31.561+0000] {logging_mixin.py:190} INFO - Task instance in success state
[2025-03-30T12:59:31.564+0000] {logging_mixin.py:190} INFO -  Previous state of the Task instance: running
[2025-03-30T12:59:31.564+0000] {logging_mixin.py:190} INFO - Dag name:aqi_etl_pipeline queued_at:2025-03-30 12:58:44.671033+00:00
[2025-03-30T12:59:31.566+0000] {logging_mixin.py:190} INFO - Task hostname:58b9640d9ecf operator:PythonOperator
[2025-03-30T12:59:31.631+0000] {local_task_job_runner.py:266} INFO - Task exited with return code 0
[2025-03-30T12:59:31.681+0000] {local_task_job_runner.py:245} INFO - ::endgroup::
