[2025-03-30T02:06:40.354+0000] {local_task_job_runner.py:123} INFO - ::group::Pre task execution logs
[2025-03-30T02:06:40.506+0000] {taskinstance.py:2613} INFO - Dependencies all met for dep_context=non-requeueable deps ti=<TaskInstance: aqi_etl_pipeline.get_aqi_data scheduled__2025-03-29T00:00:00+00:00 [queued]>
[2025-03-30T02:06:40.643+0000] {taskinstance.py:2613} INFO - Dependencies all met for dep_context=requeueable deps ti=<TaskInstance: aqi_etl_pipeline.get_aqi_data scheduled__2025-03-29T00:00:00+00:00 [queued]>
[2025-03-30T02:06:40.644+0000] {taskinstance.py:2866} INFO - Starting attempt 1 of 1
[2025-03-30T02:06:40.882+0000] {taskinstance.py:2889} INFO - Executing <Task(PythonOperator): get_aqi_data> on 2025-03-29 00:00:00+00:00
[2025-03-30T02:06:41.076+0000] {standard_task_runner.py:104} INFO - Running: ['***', 'tasks', 'run', 'aqi_etl_pipeline', 'get_aqi_data', 'scheduled__2025-03-29T00:00:00+00:00', '--job-id', '313', '--raw', '--subdir', 'DAGS_FOLDER/api_etl_pipeline.py', '--cfg-path', '/tmp/tmp6r_h4z7b']
[2025-03-30T02:06:41.118+0000] {standard_task_runner.py:105} INFO - Job 313: Subtask get_aqi_data
[2025-03-30T02:06:41.225+0000] {logging_mixin.py:190} WARNING - /home/***/.local/lib/python3.12/site-packages/***/task/task_runner/standard_task_runner.py:70 DeprecationWarning: This process (pid=229) is multi-threaded, use of fork() may lead to deadlocks in the child.
[2025-03-30T02:06:41.231+0000] {standard_task_runner.py:72} INFO - Started process 341 to run task
[2025-03-30T02:06:41.734+0000] {task_command.py:467} INFO - Running <TaskInstance: aqi_etl_pipeline.get_aqi_data scheduled__2025-03-29T00:00:00+00:00 [running]> on host 6a74a784bbec
[2025-03-30T02:06:42.839+0000] {taskinstance.py:3132} INFO - Exporting env vars: AIRFLOW_CTX_DAG_OWNER='***' AIRFLOW_CTX_DAG_ID='aqi_etl_pipeline' AIRFLOW_CTX_TASK_ID='get_aqi_data' AIRFLOW_CTX_EXECUTION_DATE='2025-03-29T00:00:00+00:00' AIRFLOW_CTX_TRY_NUMBER='1' AIRFLOW_CTX_DAG_RUN_ID='scheduled__2025-03-29T00:00:00+00:00'
[2025-03-30T02:06:42.847+0000] {logging_mixin.py:190} INFO - Task instance is in running state
[2025-03-30T02:06:42.850+0000] {logging_mixin.py:190} INFO -  Previous state of the Task instance: queued
[2025-03-30T02:06:42.850+0000] {logging_mixin.py:190} INFO - Current task name:get_aqi_data state:running start_date:2025-03-30 02:06:40.513150+00:00
[2025-03-30T02:06:42.851+0000] {logging_mixin.py:190} INFO - Dag name:aqi_etl_pipeline and current dag run status:running
[2025-03-30T02:06:42.851+0000] {taskinstance.py:731} INFO - ::endgroup::
[2025-03-30T02:06:43.423+0000] {logging_mixin.py:190} INFO - API URL: https://api.airvisual.com/v2/city?city=Bangkok&state=Bangkok&country=Thailand&key=***
[2025-03-30T02:06:43.423+0000] {logging_mixin.py:190} INFO - Response Status Code: 200
[2025-03-30T02:06:43.423+0000] {logging_mixin.py:190} INFO - Response Text: {"status":"success","data":{"city":"Bangkok","state":"Bangkok","country":"Thailand","location":{"type":"Point","coordinates":[100.4888394,13.7292915]},"current":{"pollution":{"ts":"2025-03-30T01:00:00.000Z","aqius":106,"mainus":"p2","aqicn":53,"maincn":"p2"},"weather":{"ts":"2025-03-30T02:00:00.000Z","tp":32,"pr":1012,"hu":58,"ws":5.19,"wd":176,"ic":"04d"}}}}
[2025-03-30T02:06:43.424+0000] {logging_mixin.py:190} INFO - Parsed JSON: {
  "status": "success",
  "data": {
    "city": "Bangkok",
    "state": "Bangkok",
    "country": "Thailand",
    "location": {
      "type": "Point",
      "coordinates": [
        100.4888394,
        13.7292915
      ]
    },
    "current": {
      "pollution": {
        "ts": "2025-03-30T01:00:00.000Z",
        "aqius": 106,
        "mainus": "p2",
        "aqicn": 53,
        "maincn": "p2"
      },
      "weather": {
        "ts": "2025-03-30T02:00:00.000Z",
        "tp": 32,
        "pr": 1012,
        "hu": 58,
        "ws": 5.19,
        "wd": 176,
        "ic": "04d"
      }
    }
  }
}
[2025-03-30T02:06:43.498+0000] {python.py:240} INFO - Done. Returned value was: None
[2025-03-30T02:06:43.512+0000] {taskinstance.py:340} INFO - ::group::Post task execution logs
[2025-03-30T02:06:43.512+0000] {taskinstance.py:352} INFO - Marking task as SUCCESS. dag_id=aqi_etl_pipeline, task_id=get_aqi_data, run_id=scheduled__2025-03-29T00:00:00+00:00, execution_date=20250329T000000, start_date=20250330T020640, end_date=20250330T020643
[2025-03-30T02:06:44.000+0000] {logging_mixin.py:190} INFO - Task instance in success state
[2025-03-30T02:06:44.004+0000] {logging_mixin.py:190} INFO -  Previous state of the Task instance: running
[2025-03-30T02:06:44.006+0000] {logging_mixin.py:190} INFO - Dag name:aqi_etl_pipeline queued_at:2025-03-30 02:06:17.803331+00:00
[2025-03-30T02:06:44.011+0000] {logging_mixin.py:190} INFO - Task hostname:6a74a784bbec operator:PythonOperator
[2025-03-30T02:06:44.073+0000] {local_task_job_runner.py:266} INFO - Task exited with return code 0
[2025-03-30T02:06:44.240+0000] {taskinstance.py:3895} INFO - 1 downstream tasks scheduled from follow-on schedule check
[2025-03-30T02:06:44.875+0000] {local_task_job_runner.py:245} INFO - ::endgroup::
