[2025-03-31T07:19:59.971+0000] {local_task_job_runner.py:123} INFO - ::group::Pre task execution logs
[2025-03-31T07:20:00.075+0000] {taskinstance.py:2613} INFO - Dependencies all met for dep_context=non-requeueable deps ti=<TaskInstance: aqi_etl_pipeline.aqi_tasks_group.get_aqi_data_Nakhon_Pathom scheduled__2025-03-30T00:00:00+00:00 [queued]>
[2025-03-31T07:20:00.101+0000] {taskinstance.py:2613} INFO - Dependencies all met for dep_context=requeueable deps ti=<TaskInstance: aqi_etl_pipeline.aqi_tasks_group.get_aqi_data_Nakhon_Pathom scheduled__2025-03-30T00:00:00+00:00 [queued]>
[2025-03-31T07:20:00.101+0000] {taskinstance.py:2866} INFO - Starting attempt 1 of 4
[2025-03-31T07:20:00.140+0000] {taskinstance.py:2889} INFO - Executing <Task(PythonOperator): aqi_tasks_group.get_aqi_data_Nakhon_Pathom> on 2025-03-30 00:00:00+00:00
[2025-03-31T07:20:00.161+0000] {standard_task_runner.py:104} INFO - Running: ['***', 'tasks', 'run', 'aqi_etl_pipeline', 'aqi_tasks_group.get_aqi_data_Nakhon_Pathom', 'scheduled__2025-03-30T00:00:00+00:00', '--job-id', '924', '--raw', '--subdir', 'DAGS_FOLDER/api_etl_pipeline.py', '--cfg-path', '/tmp/tmp40pr15cr']
[2025-03-31T07:20:00.164+0000] {standard_task_runner.py:105} INFO - Job 924: Subtask aqi_tasks_group.get_aqi_data_Nakhon_Pathom
[2025-03-31T07:20:00.171+0000] {logging_mixin.py:190} WARNING - /home/***/.local/lib/python3.12/site-packages/***/task/task_runner/standard_task_runner.py:70 DeprecationWarning: This process (pid=1757) is multi-threaded, use of fork() may lead to deadlocks in the child.
[2025-03-31T07:20:00.175+0000] {standard_task_runner.py:72} INFO - Started process 1779 to run task
[2025-03-31T07:20:00.257+0000] {task_command.py:467} INFO - Running <TaskInstance: aqi_etl_pipeline.aqi_tasks_group.get_aqi_data_Nakhon_Pathom scheduled__2025-03-30T00:00:00+00:00 [running]> on host 0c0dca5804dc
[2025-03-31T07:20:00.349+0000] {taskinstance.py:3132} INFO - Exporting env vars: AIRFLOW_CTX_DAG_OWNER='***' AIRFLOW_CTX_DAG_ID='aqi_etl_pipeline' AIRFLOW_CTX_TASK_ID='aqi_tasks_group.get_aqi_data_Nakhon_Pathom' AIRFLOW_CTX_EXECUTION_DATE='2025-03-30T00:00:00+00:00' AIRFLOW_CTX_TRY_NUMBER='1' AIRFLOW_CTX_DAG_RUN_ID='scheduled__2025-03-30T00:00:00+00:00'
[2025-03-31T07:20:00.350+0000] {logging_mixin.py:190} INFO - Task instance is in running state
[2025-03-31T07:20:00.351+0000] {logging_mixin.py:190} INFO -  Previous state of the Task instance: queued
[2025-03-31T07:20:00.351+0000] {logging_mixin.py:190} INFO - Current task name:aqi_tasks_group.get_aqi_data_Nakhon_Pathom state:running start_date:2025-03-31 07:20:00.077904+00:00
[2025-03-31T07:20:00.352+0000] {logging_mixin.py:190} INFO - Dag name:aqi_etl_pipeline and current dag run status:running
[2025-03-31T07:20:00.352+0000] {taskinstance.py:731} INFO - ::endgroup::
[2025-03-31T07:20:00.353+0000] {api_etl_pipeline.py:28} INFO - Fetching AQI data with params: {'city': 'Nakhon Pathom', 'state': 'Nakhon Pathom', 'country': 'Thailand', 'key': '***'}
[2025-03-31T07:20:00.707+0000] {python.py:240} INFO - Done. Returned value was: None
[2025-03-31T07:20:00.717+0000] {taskinstance.py:340} INFO - ::group::Post task execution logs
[2025-03-31T07:20:00.718+0000] {taskinstance.py:352} INFO - Marking task as SUCCESS. dag_id=aqi_etl_pipeline, task_id=aqi_tasks_group.get_aqi_data_Nakhon_Pathom, run_id=scheduled__2025-03-30T00:00:00+00:00, execution_date=20250330T000000, start_date=20250331T072000, end_date=20250331T072000
[2025-03-31T07:20:00.729+0000] {logging_mixin.py:190} INFO - Task instance in success state
[2025-03-31T07:20:00.729+0000] {logging_mixin.py:190} INFO -  Previous state of the Task instance: running
[2025-03-31T07:20:00.730+0000] {logging_mixin.py:190} INFO - Dag name:aqi_etl_pipeline queued_at:2025-03-31 07:19:53.335868+00:00
[2025-03-31T07:20:00.730+0000] {logging_mixin.py:190} INFO - Task hostname:0c0dca5804dc operator:PythonOperator
[2025-03-31T07:20:00.766+0000] {local_task_job_runner.py:266} INFO - Task exited with return code 0
[2025-03-31T07:20:00.890+0000] {taskinstance.py:3895} INFO - 0 downstream tasks scheduled from follow-on schedule check
[2025-03-31T07:20:00.914+0000] {local_task_job_runner.py:245} INFO - ::endgroup::
