[2025-03-30T10:27:13.727+0000] {local_task_job_runner.py:123} INFO - ::group::Pre task execution logs
[2025-03-30T10:27:13.849+0000] {taskinstance.py:2613} INFO - Dependencies all met for dep_context=non-requeueable deps ti=<TaskInstance: aqi_etl_pipeline.get_aqi_data_Samut_Songkhram manual__2025-03-30T10:26:49.729775+00:00 [queued]>
[2025-03-30T10:27:13.931+0000] {taskinstance.py:2613} INFO - Dependencies all met for dep_context=requeueable deps ti=<TaskInstance: aqi_etl_pipeline.get_aqi_data_Samut_Songkhram manual__2025-03-30T10:26:49.729775+00:00 [queued]>
[2025-03-30T10:27:13.932+0000] {taskinstance.py:2866} INFO - Starting attempt 1 of 1
[2025-03-30T10:27:14.060+0000] {taskinstance.py:2889} INFO - Executing <Task(PythonOperator): get_aqi_data_Samut_Songkhram> on 2025-03-30 10:26:49.729775+00:00
[2025-03-30T10:27:14.178+0000] {logging_mixin.py:190} WARNING - /home/***/.local/lib/python3.12/site-packages/***/task/task_runner/standard_task_runner.py:70 DeprecationWarning: This process (pid=45706) is multi-threaded, use of fork() may lead to deadlocks in the child.
[2025-03-30T10:27:14.189+0000] {standard_task_runner.py:72} INFO - Started process 45774 to run task
[2025-03-30T10:27:14.171+0000] {standard_task_runner.py:104} INFO - Running: ['***', 'tasks', 'run', 'aqi_etl_pipeline', 'get_aqi_data_Samut_Songkhram', 'manual__2025-03-30T10:26:49.729775+00:00', '--job-id', '474', '--raw', '--subdir', 'DAGS_FOLDER/api_etl_pipeline.py', '--cfg-path', '/tmp/tmpxkfo98hy']
[2025-03-30T10:27:14.193+0000] {standard_task_runner.py:105} INFO - Job 474: Subtask get_aqi_data_Samut_Songkhram
[2025-03-30T10:27:14.484+0000] {task_command.py:467} INFO - Running <TaskInstance: aqi_etl_pipeline.get_aqi_data_Samut_Songkhram manual__2025-03-30T10:26:49.729775+00:00 [running]> on host 58b9640d9ecf
[2025-03-30T10:27:15.358+0000] {taskinstance.py:3132} INFO - Exporting env vars: AIRFLOW_CTX_DAG_OWNER='***' AIRFLOW_CTX_DAG_ID='aqi_etl_pipeline' AIRFLOW_CTX_TASK_ID='get_aqi_data_Samut_Songkhram' AIRFLOW_CTX_EXECUTION_DATE='2025-03-30T10:26:49.729775+00:00' AIRFLOW_CTX_TRY_NUMBER='1' AIRFLOW_CTX_DAG_RUN_ID='manual__2025-03-30T10:26:49.729775+00:00'
[2025-03-30T10:27:15.364+0000] {logging_mixin.py:190} INFO - Task instance is in running state
[2025-03-30T10:27:15.364+0000] {logging_mixin.py:190} INFO -  Previous state of the Task instance: queued
[2025-03-30T10:27:15.381+0000] {logging_mixin.py:190} INFO - Current task name:get_aqi_data_Samut_Songkhram state:running start_date:2025-03-30 10:27:13.850334+00:00
[2025-03-30T10:27:15.381+0000] {logging_mixin.py:190} INFO - Dag name:aqi_etl_pipeline and current dag run status:running
[2025-03-30T10:27:15.382+0000] {taskinstance.py:731} INFO - ::endgroup::
[2025-03-30T10:27:16.368+0000] {logging_mixin.py:190} INFO - API URL: https://api.airvisual.com/v2/city?city=Samut+Songkhram&state=Bangkok&country=Thailand&key=***
[2025-03-30T10:27:16.374+0000] {logging_mixin.py:190} INFO - Response Status Code: 400
[2025-03-30T10:27:16.375+0000] {logging_mixin.py:190} INFO - Response Text: {"status":"fail","data":{"message":"city_not_found"}}
[2025-03-30T10:27:16.379+0000] {logging_mixin.py:190} INFO - Parsed JSON: {
  "status": "fail",
  "data": {
    "message": "city_not_found"
  }
}
[2025-03-30T10:27:16.380+0000] {logging_mixin.py:190} INFO - ❌ City Samut_Songkhram not found in AirVisual API data.
[2025-03-30T10:27:16.387+0000] {python.py:240} INFO - Done. Returned value was: None
[2025-03-30T10:27:16.443+0000] {taskinstance.py:340} INFO - ::group::Post task execution logs
[2025-03-30T10:27:16.453+0000] {taskinstance.py:352} INFO - Marking task as SUCCESS. dag_id=aqi_etl_pipeline, task_id=get_aqi_data_Samut_Songkhram, run_id=manual__2025-03-30T10:26:49.729775+00:00, execution_date=20250330T102649, start_date=20250330T102713, end_date=20250330T102716
[2025-03-30T10:27:16.572+0000] {logging_mixin.py:190} INFO - Task instance in success state
[2025-03-30T10:27:16.572+0000] {logging_mixin.py:190} INFO -  Previous state of the Task instance: running
[2025-03-30T10:27:16.596+0000] {logging_mixin.py:190} INFO - Dag name:aqi_etl_pipeline queued_at:2025-03-30 10:26:49.762892+00:00
[2025-03-30T10:27:16.597+0000] {logging_mixin.py:190} INFO - Task hostname:58b9640d9ecf operator:PythonOperator
[2025-03-30T10:27:16.724+0000] {local_task_job_runner.py:266} INFO - Task exited with return code 0
[2025-03-30T10:27:16.800+0000] {taskinstance.py:3895} INFO - 0 downstream tasks scheduled from follow-on schedule check
[2025-03-30T10:27:16.820+0000] {local_task_job_runner.py:245} INFO - ::endgroup::
