[2025-03-23T08:11:19.450+0000] {local_task_job_runner.py:123} INFO - ::group::Pre task execution logs
[2025-03-23T08:11:19.830+0000] {taskinstance.py:2613} INFO - Dependencies all met for dep_context=non-requeueable deps ti=<TaskInstance: aqi_etl_pipeline.create_aqi_table scheduled__2025-02-02T00:00:00+00:00 [queued]>
[2025-03-23T08:11:19.948+0000] {taskinstance.py:2613} INFO - Dependencies all met for dep_context=requeueable deps ti=<TaskInstance: aqi_etl_pipeline.create_aqi_table scheduled__2025-02-02T00:00:00+00:00 [queued]>
[2025-03-23T08:11:19.948+0000] {taskinstance.py:2866} INFO - Starting attempt 1 of 1
[2025-03-23T08:11:20.501+0000] {taskinstance.py:2889} INFO - Executing <Task(PythonOperator): create_aqi_table> on 2025-02-02 00:00:00+00:00
[2025-03-23T08:11:20.659+0000] {standard_task_runner.py:104} INFO - Running: ['***', 'tasks', 'run', 'aqi_etl_pipeline', 'create_aqi_table', 'scheduled__2025-02-02T00:00:00+00:00', '--job-id', '106', '--raw', '--subdir', 'DAGS_FOLDER/api_etl_pipeline.py', '--cfg-path', '/tmp/tmpv3b7f9mx']
[2025-03-23T08:11:20.673+0000] {standard_task_runner.py:105} INFO - Job 106: Subtask create_aqi_table
[2025-03-23T08:11:20.706+0000] {logging_mixin.py:190} WARNING - /home/***/.local/lib/python3.12/site-packages/***/task/task_runner/standard_task_runner.py:70 DeprecationWarning: This process (pid=28720) is multi-threaded, use of fork() may lead to deadlocks in the child.
[2025-03-23T08:11:20.736+0000] {standard_task_runner.py:72} INFO - Started process 28774 to run task
[2025-03-23T08:11:21.169+0000] {task_command.py:467} INFO - Running <TaskInstance: aqi_etl_pipeline.create_aqi_table scheduled__2025-02-02T00:00:00+00:00 [running]> on host ed55a332e3f9
[2025-03-23T08:11:22.355+0000] {taskinstance.py:3132} INFO - Exporting env vars: AIRFLOW_CTX_DAG_OWNER='***' AIRFLOW_CTX_DAG_ID='aqi_etl_pipeline' AIRFLOW_CTX_TASK_ID='create_aqi_table' AIRFLOW_CTX_EXECUTION_DATE='2025-02-02T00:00:00+00:00' AIRFLOW_CTX_TRY_NUMBER='1' AIRFLOW_CTX_DAG_RUN_ID='scheduled__2025-02-02T00:00:00+00:00'
[2025-03-23T08:11:22.360+0000] {logging_mixin.py:190} INFO - Task instance is in running state
[2025-03-23T08:11:22.409+0000] {logging_mixin.py:190} INFO -  Previous state of the Task instance: queued
[2025-03-23T08:11:22.409+0000] {logging_mixin.py:190} INFO - Current task name:create_aqi_table state:running start_date:2025-03-23 08:11:19.831253+00:00
[2025-03-23T08:11:22.414+0000] {logging_mixin.py:190} INFO - Dag name:aqi_etl_pipeline and current dag run status:running
[2025-03-23T08:11:22.431+0000] {taskinstance.py:731} INFO - ::endgroup::
[2025-03-23T08:11:22.550+0000] {base.py:84} INFO - Retrieving connection '***_default'
[2025-03-23T08:11:22.635+0000] {python.py:240} INFO - Done. Returned value was: None
[2025-03-23T08:11:22.687+0000] {taskinstance.py:340} INFO - ::group::Post task execution logs
[2025-03-23T08:11:22.692+0000] {taskinstance.py:352} INFO - Marking task as SUCCESS. dag_id=aqi_etl_pipeline, task_id=create_aqi_table, run_id=scheduled__2025-02-02T00:00:00+00:00, execution_date=20250202T000000, start_date=20250323T081119, end_date=20250323T081122
[2025-03-23T08:11:22.798+0000] {logging_mixin.py:190} INFO - Task instance in success state
[2025-03-23T08:11:22.798+0000] {logging_mixin.py:190} INFO -  Previous state of the Task instance: running
[2025-03-23T08:11:22.799+0000] {logging_mixin.py:190} INFO - Dag name:aqi_etl_pipeline queued_at:2025-03-23 08:11:07.515288+00:00
[2025-03-23T08:11:22.800+0000] {logging_mixin.py:190} INFO - Task hostname:ed55a332e3f9 operator:PythonOperator
[2025-03-23T08:11:22.964+0000] {local_task_job_runner.py:266} INFO - Task exited with return code 0
[2025-03-23T08:11:23.259+0000] {taskinstance.py:3895} INFO - 0 downstream tasks scheduled from follow-on schedule check
[2025-03-23T08:11:23.270+0000] {local_task_job_runner.py:245} INFO - ::endgroup::
