[2025-03-30T12:21:10.054+0000] {local_task_job_runner.py:123} INFO - ::group::Pre task execution logs
[2025-03-30T12:21:10.253+0000] {taskinstance.py:2613} INFO - Dependencies all met for dep_context=non-requeueable deps ti=<TaskInstance: aqi_etl_pipeline.get_aqi_data_Ayutthaya manual__2025-03-30T12:20:58.350966+00:00 [queued]>
[2025-03-30T12:21:10.356+0000] {taskinstance.py:2613} INFO - Dependencies all met for dep_context=requeueable deps ti=<TaskInstance: aqi_etl_pipeline.get_aqi_data_Ayutthaya manual__2025-03-30T12:20:58.350966+00:00 [queued]>
[2025-03-30T12:21:10.362+0000] {taskinstance.py:2866} INFO - Starting attempt 1 of 4
[2025-03-30T12:21:10.477+0000] {taskinstance.py:2889} INFO - Executing <Task(PythonOperator): get_aqi_data_Ayutthaya> on 2025-03-30 12:20:58.350966+00:00
[2025-03-30T12:21:10.582+0000] {standard_task_runner.py:104} INFO - Running: ['***', 'tasks', 'run', 'aqi_etl_pipeline', 'get_aqi_data_Ayutthaya', 'manual__2025-03-30T12:20:58.350966+00:00', '--job-id', '593', '--raw', '--subdir', 'DAGS_FOLDER/api_etl_pipeline.py', '--cfg-path', '/tmp/tmpcwmh29pi']
[2025-03-30T12:21:10.590+0000] {standard_task_runner.py:105} INFO - Job 593: Subtask get_aqi_data_Ayutthaya
[2025-03-30T12:21:10.618+0000] {logging_mixin.py:190} WARNING - /home/***/.local/lib/python3.12/site-packages/***/task/task_runner/standard_task_runner.py:70 DeprecationWarning: This process (pid=25448) is multi-threaded, use of fork() may lead to deadlocks in the child.
[2025-03-30T12:21:10.642+0000] {standard_task_runner.py:72} INFO - Started process 25546 to run task
[2025-03-30T12:21:10.960+0000] {task_command.py:467} INFO - Running <TaskInstance: aqi_etl_pipeline.get_aqi_data_Ayutthaya manual__2025-03-30T12:20:58.350966+00:00 [running]> on host 58b9640d9ecf
[2025-03-30T12:21:11.602+0000] {taskinstance.py:3132} INFO - Exporting env vars: AIRFLOW_CTX_DAG_OWNER='***' AIRFLOW_CTX_DAG_ID='aqi_etl_pipeline' AIRFLOW_CTX_TASK_ID='get_aqi_data_Ayutthaya' AIRFLOW_CTX_EXECUTION_DATE='2025-03-30T12:20:58.350966+00:00' AIRFLOW_CTX_TRY_NUMBER='1' AIRFLOW_CTX_DAG_RUN_ID='manual__2025-03-30T12:20:58.350966+00:00'
[2025-03-30T12:21:11.604+0000] {logging_mixin.py:190} INFO - Task instance is in running state
[2025-03-30T12:21:11.640+0000] {logging_mixin.py:190} INFO -  Previous state of the Task instance: queued
[2025-03-30T12:21:11.642+0000] {logging_mixin.py:190} INFO - Current task name:get_aqi_data_Ayutthaya state:running start_date:2025-03-30 12:21:10.255569+00:00
[2025-03-30T12:21:11.643+0000] {logging_mixin.py:190} INFO - Dag name:aqi_etl_pipeline and current dag run status:running
[2025-03-30T12:21:11.666+0000] {taskinstance.py:731} INFO - ::endgroup::
[2025-03-30T12:21:44.785+0000] {python.py:240} INFO - Done. Returned value was: None
[2025-03-30T12:21:44.870+0000] {taskinstance.py:340} INFO - ::group::Post task execution logs
[2025-03-30T12:21:44.883+0000] {taskinstance.py:352} INFO - Marking task as SUCCESS. dag_id=aqi_etl_pipeline, task_id=get_aqi_data_Ayutthaya, run_id=manual__2025-03-30T12:20:58.350966+00:00, execution_date=20250330T122058, start_date=20250330T122110, end_date=20250330T122144
[2025-03-30T12:21:44.923+0000] {logging_mixin.py:190} INFO - Task instance in success state
[2025-03-30T12:21:44.924+0000] {logging_mixin.py:190} INFO -  Previous state of the Task instance: running
[2025-03-30T12:21:44.924+0000] {logging_mixin.py:190} INFO - Dag name:aqi_etl_pipeline queued_at:2025-03-30 12:20:58.371761+00:00
[2025-03-30T12:21:44.926+0000] {logging_mixin.py:190} INFO - Task hostname:58b9640d9ecf operator:PythonOperator
[2025-03-30T12:21:45.010+0000] {local_task_job_runner.py:266} INFO - Task exited with return code 0
[2025-03-30T12:21:45.064+0000] {taskinstance.py:3895} INFO - 0 downstream tasks scheduled from follow-on schedule check
[2025-03-30T12:21:45.072+0000] {local_task_job_runner.py:245} INFO - ::endgroup::
