[2025-03-30T11:01:22.711+0000] {local_task_job_runner.py:123} INFO - ::group::Pre task execution logs
[2025-03-30T11:01:22.831+0000] {taskinstance.py:2613} INFO - Dependencies all met for dep_context=non-requeueable deps ti=<TaskInstance: aqi_etl_pipeline.get_aqi_data_Samut_Prakan manual__2025-03-30T11:01:10.676303+00:00 [queued]>
[2025-03-30T11:01:22.900+0000] {taskinstance.py:2613} INFO - Dependencies all met for dep_context=requeueable deps ti=<TaskInstance: aqi_etl_pipeline.get_aqi_data_Samut_Prakan manual__2025-03-30T11:01:10.676303+00:00 [queued]>
[2025-03-30T11:01:22.900+0000] {taskinstance.py:2866} INFO - Starting attempt 1 of 4
[2025-03-30T11:01:23.012+0000] {taskinstance.py:2889} INFO - Executing <Task(PythonOperator): get_aqi_data_Samut_Prakan> on 2025-03-30 11:01:10.676303+00:00
[2025-03-30T11:01:23.139+0000] {logging_mixin.py:190} WARNING - /home/***/.local/lib/python3.12/site-packages/***/task/task_runner/standard_task_runner.py:70 DeprecationWarning: This process (pid=65670) is multi-threaded, use of fork() may lead to deadlocks in the child.
[2025-03-30T11:01:23.140+0000] {standard_task_runner.py:72} INFO - Started process 65751 to run task
[2025-03-30T11:01:23.130+0000] {standard_task_runner.py:104} INFO - Running: ['***', 'tasks', 'run', 'aqi_etl_pipeline', 'get_aqi_data_Samut_Prakan', 'manual__2025-03-30T11:01:10.676303+00:00', '--job-id', '544', '--raw', '--subdir', 'DAGS_FOLDER/api_etl_pipeline.py', '--cfg-path', '/tmp/tmpazc0z1vp']
[2025-03-30T11:01:23.147+0000] {standard_task_runner.py:105} INFO - Job 544: Subtask get_aqi_data_Samut_Prakan
[2025-03-30T11:01:23.312+0000] {task_command.py:467} INFO - Running <TaskInstance: aqi_etl_pipeline.get_aqi_data_Samut_Prakan manual__2025-03-30T11:01:10.676303+00:00 [running]> on host 58b9640d9ecf
[2025-03-30T11:01:23.819+0000] {taskinstance.py:3132} INFO - Exporting env vars: AIRFLOW_CTX_DAG_OWNER='***' AIRFLOW_CTX_DAG_ID='aqi_etl_pipeline' AIRFLOW_CTX_TASK_ID='get_aqi_data_Samut_Prakan' AIRFLOW_CTX_EXECUTION_DATE='2025-03-30T11:01:10.676303+00:00' AIRFLOW_CTX_TRY_NUMBER='1' AIRFLOW_CTX_DAG_RUN_ID='manual__2025-03-30T11:01:10.676303+00:00'
[2025-03-30T11:01:23.820+0000] {logging_mixin.py:190} INFO - Task instance is in running state
[2025-03-30T11:01:23.824+0000] {logging_mixin.py:190} INFO -  Previous state of the Task instance: queued
[2025-03-30T11:01:23.824+0000] {logging_mixin.py:190} INFO - Current task name:get_aqi_data_Samut_Prakan state:running start_date:2025-03-30 11:01:22.839027+00:00
[2025-03-30T11:01:23.824+0000] {logging_mixin.py:190} INFO - Dag name:aqi_etl_pipeline and current dag run status:running
[2025-03-30T11:01:23.827+0000] {taskinstance.py:731} INFO - ::endgroup::
[2025-03-30T11:01:57.096+0000] {python.py:240} INFO - Done. Returned value was: None
[2025-03-30T11:01:57.107+0000] {taskinstance.py:340} INFO - ::group::Post task execution logs
[2025-03-30T11:01:57.107+0000] {taskinstance.py:352} INFO - Marking task as SUCCESS. dag_id=aqi_etl_pipeline, task_id=get_aqi_data_Samut_Prakan, run_id=manual__2025-03-30T11:01:10.676303+00:00, execution_date=20250330T110110, start_date=20250330T110122, end_date=20250330T110157
[2025-03-30T11:01:57.117+0000] {logging_mixin.py:190} INFO - Task instance in success state
[2025-03-30T11:01:57.118+0000] {logging_mixin.py:190} INFO -  Previous state of the Task instance: running
[2025-03-30T11:01:57.118+0000] {logging_mixin.py:190} INFO - Dag name:aqi_etl_pipeline queued_at:2025-03-30 11:01:10.686026+00:00
[2025-03-30T11:01:57.118+0000] {logging_mixin.py:190} INFO - Task hostname:58b9640d9ecf operator:PythonOperator
[2025-03-30T11:01:57.139+0000] {local_task_job_runner.py:266} INFO - Task exited with return code 0
[2025-03-30T11:01:57.190+0000] {taskinstance.py:3895} INFO - 1 downstream tasks scheduled from follow-on schedule check
[2025-03-30T11:01:57.191+0000] {local_task_job_runner.py:245} INFO - ::endgroup::
