[2025-03-23T08:11:23.858+0000] {local_task_job_runner.py:123} INFO - ::group::Pre task execution logs
[2025-03-23T08:11:23.985+0000] {taskinstance.py:2613} INFO - Dependencies all met for dep_context=non-requeueable deps ti=<TaskInstance: aqi_etl_pipeline.create_aqi_table scheduled__2025-02-06T00:00:00+00:00 [queued]>
[2025-03-23T08:11:24.059+0000] {taskinstance.py:2613} INFO - Dependencies all met for dep_context=requeueable deps ti=<TaskInstance: aqi_etl_pipeline.create_aqi_table scheduled__2025-02-06T00:00:00+00:00 [queued]>
[2025-03-23T08:11:24.060+0000] {taskinstance.py:2866} INFO - Starting attempt 1 of 1
[2025-03-23T08:11:24.236+0000] {taskinstance.py:2889} INFO - Executing <Task(PythonOperator): create_aqi_table> on 2025-02-06 00:00:00+00:00
[2025-03-23T08:11:24.343+0000] {standard_task_runner.py:104} INFO - Running: ['***', 'tasks', 'run', 'aqi_etl_pipeline', 'create_aqi_table', 'scheduled__2025-02-06T00:00:00+00:00', '--job-id', '111', '--raw', '--subdir', 'DAGS_FOLDER/api_etl_pipeline.py', '--cfg-path', '/tmp/tmpejj8s6p5']
[2025-03-23T08:11:24.356+0000] {standard_task_runner.py:105} INFO - Job 111: Subtask create_aqi_table
[2025-03-23T08:11:24.385+0000] {logging_mixin.py:190} WARNING - /home/***/.local/lib/python3.12/site-packages/***/task/task_runner/standard_task_runner.py:70 DeprecationWarning: This process (pid=28732) is multi-threaded, use of fork() may lead to deadlocks in the child.
[2025-03-23T08:11:24.398+0000] {standard_task_runner.py:72} INFO - Started process 28809 to run task
[2025-03-23T08:11:24.798+0000] {task_command.py:467} INFO - Running <TaskInstance: aqi_etl_pipeline.create_aqi_table scheduled__2025-02-06T00:00:00+00:00 [running]> on host ed55a332e3f9
[2025-03-23T08:11:26.209+0000] {taskinstance.py:3132} INFO - Exporting env vars: AIRFLOW_CTX_DAG_OWNER='***' AIRFLOW_CTX_DAG_ID='aqi_etl_pipeline' AIRFLOW_CTX_TASK_ID='create_aqi_table' AIRFLOW_CTX_EXECUTION_DATE='2025-02-06T00:00:00+00:00' AIRFLOW_CTX_TRY_NUMBER='1' AIRFLOW_CTX_DAG_RUN_ID='scheduled__2025-02-06T00:00:00+00:00'
[2025-03-23T08:11:26.215+0000] {logging_mixin.py:190} INFO - Task instance is in running state
[2025-03-23T08:11:26.229+0000] {logging_mixin.py:190} INFO -  Previous state of the Task instance: queued
[2025-03-23T08:11:26.230+0000] {logging_mixin.py:190} INFO - Current task name:create_aqi_table state:running start_date:2025-03-23 08:11:23.997185+00:00
[2025-03-23T08:11:26.230+0000] {logging_mixin.py:190} INFO - Dag name:aqi_etl_pipeline and current dag run status:running
[2025-03-23T08:11:26.234+0000] {taskinstance.py:731} INFO - ::endgroup::
[2025-03-23T08:11:26.331+0000] {base.py:84} INFO - Retrieving connection '***_default'
[2025-03-23T08:11:26.391+0000] {python.py:240} INFO - Done. Returned value was: None
[2025-03-23T08:11:26.448+0000] {taskinstance.py:340} INFO - ::group::Post task execution logs
[2025-03-23T08:11:26.454+0000] {taskinstance.py:352} INFO - Marking task as SUCCESS. dag_id=aqi_etl_pipeline, task_id=create_aqi_table, run_id=scheduled__2025-02-06T00:00:00+00:00, execution_date=20250206T000000, start_date=20250323T081123, end_date=20250323T081126
[2025-03-23T08:11:26.516+0000] {logging_mixin.py:190} INFO - Task instance in success state
[2025-03-23T08:11:26.517+0000] {logging_mixin.py:190} INFO -  Previous state of the Task instance: running
[2025-03-23T08:11:26.517+0000] {logging_mixin.py:190} INFO - Dag name:aqi_etl_pipeline queued_at:2025-03-23 08:11:08.585172+00:00
[2025-03-23T08:11:26.518+0000] {logging_mixin.py:190} INFO - Task hostname:ed55a332e3f9 operator:PythonOperator
[2025-03-23T08:11:26.684+0000] {local_task_job_runner.py:266} INFO - Task exited with return code 0
[2025-03-23T08:11:26.770+0000] {local_task_job_runner.py:245} INFO - ::endgroup::
