[2025-03-31T06:35:34.976+0000] {local_task_job_runner.py:123} INFO - ::group::Pre task execution logs
[2025-03-31T06:35:35.010+0000] {taskinstance.py:2613} INFO - Dependencies all met for dep_context=non-requeueable deps ti=<TaskInstance: aqi_etl_pipeline.create_aqi_table manual__2025-03-31T06:28:44.007523+00:00 [queued]>
[2025-03-31T06:35:35.029+0000] {taskinstance.py:2613} INFO - Dependencies all met for dep_context=requeueable deps ti=<TaskInstance: aqi_etl_pipeline.create_aqi_table manual__2025-03-31T06:28:44.007523+00:00 [queued]>
[2025-03-31T06:35:35.029+0000] {taskinstance.py:2866} INFO - Starting attempt 1 of 4
[2025-03-31T06:35:35.059+0000] {taskinstance.py:2889} INFO - Executing <Task(PythonOperator): create_aqi_table> on 2025-03-31 06:28:44.007523+00:00
[2025-03-31T06:35:35.084+0000] {standard_task_runner.py:104} INFO - Running: ['***', 'tasks', 'run', 'aqi_etl_pipeline', 'create_aqi_table', 'manual__2025-03-31T06:28:44.007523+00:00', '--job-id', '870', '--raw', '--subdir', 'DAGS_FOLDER/api_etl_pipeline.py', '--cfg-path', '/tmp/tmphexr073c']
[2025-03-31T06:35:35.088+0000] {standard_task_runner.py:105} INFO - Job 870: Subtask create_aqi_table
[2025-03-31T06:35:35.095+0000] {logging_mixin.py:190} WARNING - /home/***/.local/lib/python3.12/site-packages/***/task/task_runner/standard_task_runner.py:70 DeprecationWarning: This process (pid=5791) is multi-threaded, use of fork() may lead to deadlocks in the child.
[2025-03-31T06:35:35.097+0000] {standard_task_runner.py:72} INFO - Started process 5798 to run task
[2025-03-31T06:35:35.178+0000] {task_command.py:467} INFO - Running <TaskInstance: aqi_etl_pipeline.create_aqi_table manual__2025-03-31T06:28:44.007523+00:00 [running]> on host daf74ef548f3
[2025-03-31T06:35:35.344+0000] {taskinstance.py:3132} INFO - Exporting env vars: AIRFLOW_CTX_DAG_OWNER='***' AIRFLOW_CTX_DAG_ID='aqi_etl_pipeline' AIRFLOW_CTX_TASK_ID='create_aqi_table' AIRFLOW_CTX_EXECUTION_DATE='2025-03-31T06:28:44.007523+00:00' AIRFLOW_CTX_TRY_NUMBER='1' AIRFLOW_CTX_DAG_RUN_ID='manual__2025-03-31T06:28:44.007523+00:00'
[2025-03-31T06:35:35.349+0000] {logging_mixin.py:190} INFO - Task instance is in running state
[2025-03-31T06:35:35.349+0000] {logging_mixin.py:190} INFO -  Previous state of the Task instance: queued
[2025-03-31T06:35:35.350+0000] {logging_mixin.py:190} INFO - Current task name:create_aqi_table state:running start_date:2025-03-31 06:35:35.010708+00:00
[2025-03-31T06:35:35.350+0000] {logging_mixin.py:190} INFO - Dag name:aqi_etl_pipeline and current dag run status:running
[2025-03-31T06:35:35.351+0000] {taskinstance.py:731} INFO - ::endgroup::
[2025-03-31T06:35:35.367+0000] {base.py:84} INFO - Retrieving connection '***_default'
[2025-03-31T06:35:35.383+0000] {python.py:240} INFO - Done. Returned value was: None
[2025-03-31T06:35:35.396+0000] {taskinstance.py:340} INFO - ::group::Post task execution logs
[2025-03-31T06:35:35.396+0000] {taskinstance.py:352} INFO - Marking task as SUCCESS. dag_id=aqi_etl_pipeline, task_id=create_aqi_table, run_id=manual__2025-03-31T06:28:44.007523+00:00, execution_date=20250331T062844, start_date=20250331T063535, end_date=20250331T063535
[2025-03-31T06:35:35.409+0000] {logging_mixin.py:190} INFO - Task instance in success state
[2025-03-31T06:35:35.412+0000] {logging_mixin.py:190} INFO -  Previous state of the Task instance: running
[2025-03-31T06:35:35.413+0000] {logging_mixin.py:190} INFO - Dag name:aqi_etl_pipeline queued_at:2025-03-31 06:28:44.025272+00:00
[2025-03-31T06:35:35.414+0000] {logging_mixin.py:190} INFO - Task hostname:daf74ef548f3 operator:PythonOperator
[2025-03-31T06:35:35.479+0000] {local_task_job_runner.py:266} INFO - Task exited with return code 0
[2025-03-31T06:35:35.524+0000] {taskinstance.py:3895} INFO - 3 downstream tasks scheduled from follow-on schedule check
[2025-03-31T06:35:35.526+0000] {local_task_job_runner.py:245} INFO - ::endgroup::
