[2025-03-23T08:13:12.031+0000] {local_task_job_runner.py:123} INFO - ::group::Pre task execution logs
[2025-03-23T08:13:12.280+0000] {taskinstance.py:2613} INFO - Dependencies all met for dep_context=non-requeueable deps ti=<TaskInstance: aqi_etl_pipeline.get_aqi_data scheduled__2025-03-09T00:00:00+00:00 [queued]>
[2025-03-23T08:13:12.320+0000] {taskinstance.py:2613} INFO - Dependencies all met for dep_context=requeueable deps ti=<TaskInstance: aqi_etl_pipeline.get_aqi_data scheduled__2025-03-09T00:00:00+00:00 [queued]>
[2025-03-23T08:13:12.329+0000] {taskinstance.py:2866} INFO - Starting attempt 1 of 1
[2025-03-23T08:13:12.368+0000] {taskinstance.py:2889} INFO - Executing <Task(PythonOperator): get_aqi_data> on 2025-03-09 00:00:00+00:00
[2025-03-23T08:13:12.424+0000] {standard_task_runner.py:104} INFO - Running: ['***', 'tasks', 'run', 'aqi_etl_pipeline', 'get_aqi_data', 'scheduled__2025-03-09T00:00:00+00:00', '--job-id', '201', '--raw', '--subdir', 'DAGS_FOLDER/api_etl_pipeline.py', '--cfg-path', '/tmp/tmpazpdv_3f']
[2025-03-23T08:13:12.468+0000] {standard_task_runner.py:105} INFO - Job 201: Subtask get_aqi_data
[2025-03-23T08:13:12.439+0000] {logging_mixin.py:190} WARNING - /home/***/.local/lib/python3.12/site-packages/***/task/task_runner/standard_task_runner.py:70 DeprecationWarning: This process (pid=29549) is multi-threaded, use of fork() may lead to deadlocks in the child.
[2025-03-23T08:13:12.496+0000] {standard_task_runner.py:72} INFO - Started process 29686 to run task
[2025-03-23T08:13:13.154+0000] {task_command.py:467} INFO - Running <TaskInstance: aqi_etl_pipeline.get_aqi_data scheduled__2025-03-09T00:00:00+00:00 [running]> on host ed55a332e3f9
[2025-03-23T08:13:14.458+0000] {taskinstance.py:3132} INFO - Exporting env vars: AIRFLOW_CTX_DAG_OWNER='***' AIRFLOW_CTX_DAG_ID='aqi_etl_pipeline' AIRFLOW_CTX_TASK_ID='get_aqi_data' AIRFLOW_CTX_EXECUTION_DATE='2025-03-09T00:00:00+00:00' AIRFLOW_CTX_TRY_NUMBER='1' AIRFLOW_CTX_DAG_RUN_ID='scheduled__2025-03-09T00:00:00+00:00'
[2025-03-23T08:13:14.459+0000] {logging_mixin.py:190} INFO - Task instance is in running state
[2025-03-23T08:13:14.459+0000] {logging_mixin.py:190} INFO -  Previous state of the Task instance: queued
[2025-03-23T08:13:14.490+0000] {logging_mixin.py:190} INFO - Current task name:get_aqi_data state:running start_date:2025-03-23 08:13:12.281148+00:00
[2025-03-23T08:13:14.490+0000] {logging_mixin.py:190} INFO - Dag name:aqi_etl_pipeline and current dag run status:running
[2025-03-23T08:13:14.491+0000] {taskinstance.py:731} INFO - ::endgroup::
[2025-03-23T08:13:15.463+0000] {logging_mixin.py:190} INFO - https://api.airvisual.com/v2/city?city=Bangkok&state=Bangkok&country=Thailand&key=***
[2025-03-23T08:13:15.463+0000] {logging_mixin.py:190} INFO - {'status': 'fail', 'data': {'message': 'Too Many Requests'}}
[2025-03-23T08:13:15.472+0000] {python.py:240} INFO - Done. Returned value was: None
[2025-03-23T08:13:15.534+0000] {taskinstance.py:340} INFO - ::group::Post task execution logs
[2025-03-23T08:13:15.542+0000] {taskinstance.py:352} INFO - Marking task as SUCCESS. dag_id=aqi_etl_pipeline, task_id=get_aqi_data, run_id=scheduled__2025-03-09T00:00:00+00:00, execution_date=20250309T000000, start_date=20250323T081312, end_date=20250323T081315
[2025-03-23T08:13:15.597+0000] {logging_mixin.py:190} INFO - Task instance in success state
[2025-03-23T08:13:15.598+0000] {logging_mixin.py:190} INFO -  Previous state of the Task instance: running
[2025-03-23T08:13:15.600+0000] {logging_mixin.py:190} INFO - Dag name:aqi_etl_pipeline queued_at:2025-03-23 08:12:52.862790+00:00
[2025-03-23T08:13:15.600+0000] {logging_mixin.py:190} INFO - Task hostname:ed55a332e3f9 operator:PythonOperator
[2025-03-23T08:13:15.652+0000] {local_task_job_runner.py:266} INFO - Task exited with return code 0
[2025-03-23T08:13:15.676+0000] {local_task_job_runner.py:245} INFO - ::endgroup::
