[2025-03-23T08:13:50.763+0000] {local_task_job_runner.py:123} INFO - ::group::Pre task execution logs
[2025-03-23T08:13:50.854+0000] {taskinstance.py:2613} INFO - Dependencies all met for dep_context=non-requeueable deps ti=<TaskInstance: aqi_etl_pipeline.get_aqi_data scheduled__2025-03-18T00:00:00+00:00 [queued]>
[2025-03-23T08:13:50.891+0000] {taskinstance.py:2613} INFO - Dependencies all met for dep_context=requeueable deps ti=<TaskInstance: aqi_etl_pipeline.get_aqi_data scheduled__2025-03-18T00:00:00+00:00 [queued]>
[2025-03-23T08:13:50.893+0000] {taskinstance.py:2866} INFO - Starting attempt 1 of 1
[2025-03-23T08:13:51.539+0000] {taskinstance.py:2889} INFO - Executing <Task(PythonOperator): get_aqi_data> on 2025-03-18 00:00:00+00:00
[2025-03-23T08:13:51.679+0000] {logging_mixin.py:190} WARNING - /home/***/.local/lib/python3.12/site-packages/***/task/task_runner/standard_task_runner.py:70 DeprecationWarning: This process (pid=29983) is multi-threaded, use of fork() may lead to deadlocks in the child.
[2025-03-23T08:13:51.689+0000] {standard_task_runner.py:72} INFO - Started process 30133 to run task
[2025-03-23T08:13:51.681+0000] {standard_task_runner.py:104} INFO - Running: ['***', 'tasks', 'run', 'aqi_etl_pipeline', 'get_aqi_data', 'scheduled__2025-03-18T00:00:00+00:00', '--job-id', '237', '--raw', '--subdir', 'DAGS_FOLDER/api_etl_pipeline.py', '--cfg-path', '/tmp/tmpwzo2igu1']
[2025-03-23T08:13:51.700+0000] {standard_task_runner.py:105} INFO - Job 237: Subtask get_aqi_data
[2025-03-23T08:13:52.311+0000] {task_command.py:467} INFO - Running <TaskInstance: aqi_etl_pipeline.get_aqi_data scheduled__2025-03-18T00:00:00+00:00 [running]> on host ed55a332e3f9
[2025-03-23T08:13:52.909+0000] {taskinstance.py:3132} INFO - Exporting env vars: AIRFLOW_CTX_DAG_OWNER='***' AIRFLOW_CTX_DAG_ID='aqi_etl_pipeline' AIRFLOW_CTX_TASK_ID='get_aqi_data' AIRFLOW_CTX_EXECUTION_DATE='2025-03-18T00:00:00+00:00' AIRFLOW_CTX_TRY_NUMBER='1' AIRFLOW_CTX_DAG_RUN_ID='scheduled__2025-03-18T00:00:00+00:00'
[2025-03-23T08:13:52.912+0000] {logging_mixin.py:190} INFO - Task instance is in running state
[2025-03-23T08:13:52.922+0000] {logging_mixin.py:190} INFO -  Previous state of the Task instance: queued
[2025-03-23T08:13:52.922+0000] {logging_mixin.py:190} INFO - Current task name:get_aqi_data state:running start_date:2025-03-23 08:13:50.859666+00:00
[2025-03-23T08:13:52.923+0000] {logging_mixin.py:190} INFO - Dag name:aqi_etl_pipeline and current dag run status:running
[2025-03-23T08:13:52.923+0000] {taskinstance.py:731} INFO - ::endgroup::
[2025-03-23T08:13:53.713+0000] {logging_mixin.py:190} INFO - https://api.airvisual.com/v2/city?city=Bangkok&state=Bangkok&country=Thailand&key=***
[2025-03-23T08:13:53.730+0000] {logging_mixin.py:190} INFO - {'status': 'fail', 'data': {'message': 'Too Many Requests'}}
[2025-03-23T08:13:53.744+0000] {python.py:240} INFO - Done. Returned value was: None
[2025-03-23T08:13:53.824+0000] {taskinstance.py:340} INFO - ::group::Post task execution logs
[2025-03-23T08:13:53.831+0000] {taskinstance.py:352} INFO - Marking task as SUCCESS. dag_id=aqi_etl_pipeline, task_id=get_aqi_data, run_id=scheduled__2025-03-18T00:00:00+00:00, execution_date=20250318T000000, start_date=20250323T081350, end_date=20250323T081353
[2025-03-23T08:13:53.934+0000] {logging_mixin.py:190} INFO - Task instance in success state
[2025-03-23T08:13:53.935+0000] {logging_mixin.py:190} INFO -  Previous state of the Task instance: running
[2025-03-23T08:13:53.938+0000] {logging_mixin.py:190} INFO - Dag name:aqi_etl_pipeline queued_at:2025-03-23 08:13:33.938256+00:00
[2025-03-23T08:13:53.948+0000] {logging_mixin.py:190} INFO - Task hostname:ed55a332e3f9 operator:PythonOperator
[2025-03-23T08:13:54.047+0000] {local_task_job_runner.py:266} INFO - Task exited with return code 0
[2025-03-23T08:13:54.240+0000] {taskinstance.py:3895} INFO - 1 downstream tasks scheduled from follow-on schedule check
[2025-03-23T08:13:54.244+0000] {local_task_job_runner.py:245} INFO - ::endgroup::
