[2025-03-23T11:00:06.427+0000] {local_task_job_runner.py:123} INFO - ::group::Pre task execution logs
[2025-03-23T11:00:06.473+0000] {taskinstance.py:2613} INFO - Dependencies all met for dep_context=non-requeueable deps ti=<TaskInstance: aqi_etl_pipeline.get_aqi_data manual__2025-03-23T11:00:03.218295+00:00 [queued]>
[2025-03-23T11:00:06.491+0000] {taskinstance.py:2613} INFO - Dependencies all met for dep_context=requeueable deps ti=<TaskInstance: aqi_etl_pipeline.get_aqi_data manual__2025-03-23T11:00:03.218295+00:00 [queued]>
[2025-03-23T11:00:06.492+0000] {taskinstance.py:2866} INFO - Starting attempt 1 of 1
[2025-03-23T11:00:06.535+0000] {taskinstance.py:2889} INFO - Executing <Task(PythonOperator): get_aqi_data> on 2025-03-23 11:00:03.218295+00:00
[2025-03-23T11:00:06.566+0000] {standard_task_runner.py:104} INFO - Running: ['***', 'tasks', 'run', 'aqi_etl_pipeline', 'get_aqi_data', 'manual__2025-03-23T11:00:03.218295+00:00', '--job-id', '264', '--raw', '--subdir', 'DAGS_FOLDER/api_etl_pipeline.py', '--cfg-path', '/tmp/tmp5lxwcwmx']
[2025-03-23T11:00:06.576+0000] {standard_task_runner.py:105} INFO - Job 264: Subtask get_aqi_data
[2025-03-23T11:00:06.578+0000] {logging_mixin.py:190} WARNING - /home/***/.local/lib/python3.12/site-packages/***/task/task_runner/standard_task_runner.py:70 DeprecationWarning: This process (pid=785) is multi-threaded, use of fork() may lead to deadlocks in the child.
[2025-03-23T11:00:06.581+0000] {standard_task_runner.py:72} INFO - Started process 830 to run task
[2025-03-23T11:00:06.666+0000] {task_command.py:467} INFO - Running <TaskInstance: aqi_etl_pipeline.get_aqi_data manual__2025-03-23T11:00:03.218295+00:00 [running]> on host bc24ef9e914a
[2025-03-23T11:00:06.858+0000] {taskinstance.py:3132} INFO - Exporting env vars: AIRFLOW_CTX_DAG_OWNER='***' AIRFLOW_CTX_DAG_ID='aqi_etl_pipeline' AIRFLOW_CTX_TASK_ID='get_aqi_data' AIRFLOW_CTX_EXECUTION_DATE='2025-03-23T11:00:03.218295+00:00' AIRFLOW_CTX_TRY_NUMBER='1' AIRFLOW_CTX_DAG_RUN_ID='manual__2025-03-23T11:00:03.218295+00:00'
[2025-03-23T11:00:06.862+0000] {logging_mixin.py:190} INFO - Task instance is in running state
[2025-03-23T11:00:06.863+0000] {logging_mixin.py:190} INFO -  Previous state of the Task instance: queued
[2025-03-23T11:00:06.865+0000] {logging_mixin.py:190} INFO - Current task name:get_aqi_data state:running start_date:2025-03-23 11:00:06.476479+00:00
[2025-03-23T11:00:06.865+0000] {logging_mixin.py:190} INFO - Dag name:aqi_etl_pipeline and current dag run status:running
[2025-03-23T11:00:06.866+0000] {taskinstance.py:731} INFO - ::endgroup::
[2025-03-23T11:00:07.362+0000] {logging_mixin.py:190} INFO - API URL: https://api.airvisual.com/v2/city?city=Bangkok&state=Bangkok&country=Thailand&key=***
[2025-03-23T11:00:07.364+0000] {logging_mixin.py:190} INFO - Response Status Code: 200
[2025-03-23T11:00:07.364+0000] {logging_mixin.py:190} INFO - Response Text: {"status":"success","data":{"city":"Bangkok","state":"Bangkok","country":"Thailand","location":{"type":"Point","coordinates":[100.4888394,13.7292915]},"current":{"pollution":{"ts":"2025-03-23T10:00:00.000Z","aqius":156,"mainus":"p2","aqicn":84,"maincn":"p2"},"weather":{"ts":"2025-03-23T10:00:00.000Z","tp":36,"pr":1008,"hu":38,"ws":1.98,"wd":229,"ic":"02d"}}}}
[2025-03-23T11:00:07.365+0000] {logging_mixin.py:190} INFO - Parsed JSON: {
  "status": "success",
  "data": {
    "city": "Bangkok",
    "state": "Bangkok",
    "country": "Thailand",
    "location": {
      "type": "Point",
      "coordinates": [
        100.4888394,
        13.7292915
      ]
    },
    "current": {
      "pollution": {
        "ts": "2025-03-23T10:00:00.000Z",
        "aqius": 156,
        "mainus": "p2",
        "aqicn": 84,
        "maincn": "p2"
      },
      "weather": {
        "ts": "2025-03-23T10:00:00.000Z",
        "tp": 36,
        "pr": 1008,
        "hu": 38,
        "ws": 1.98,
        "wd": 229,
        "ic": "02d"
      }
    }
  }
}
[2025-03-23T11:00:07.369+0000] {python.py:240} INFO - Done. Returned value was: None
[2025-03-23T11:00:07.390+0000] {taskinstance.py:340} INFO - ::group::Post task execution logs
[2025-03-23T11:00:07.392+0000] {taskinstance.py:352} INFO - Marking task as SUCCESS. dag_id=aqi_etl_pipeline, task_id=get_aqi_data, run_id=manual__2025-03-23T11:00:03.218295+00:00, execution_date=20250323T110003, start_date=20250323T110006, end_date=20250323T110007
[2025-03-23T11:00:07.408+0000] {logging_mixin.py:190} INFO - Task instance in success state
[2025-03-23T11:00:07.408+0000] {logging_mixin.py:190} INFO -  Previous state of the Task instance: running
[2025-03-23T11:00:07.408+0000] {logging_mixin.py:190} INFO - Dag name:aqi_etl_pipeline queued_at:2025-03-23 11:00:03.229744+00:00
[2025-03-23T11:00:07.409+0000] {logging_mixin.py:190} INFO - Task hostname:bc24ef9e914a operator:PythonOperator
[2025-03-23T11:00:07.446+0000] {local_task_job_runner.py:266} INFO - Task exited with return code 0
[2025-03-23T11:00:07.497+0000] {taskinstance.py:3895} INFO - 1 downstream tasks scheduled from follow-on schedule check
[2025-03-23T11:00:07.500+0000] {local_task_job_runner.py:245} INFO - ::endgroup::
