[2025-03-31T03:22:08.136+0000] {local_task_job_runner.py:123} INFO - ::group::Pre task execution logs
[2025-03-31T03:22:08.195+0000] {taskinstance.py:2613} INFO - Dependencies all met for dep_context=non-requeueable deps ti=<TaskInstance: aqi_etl_pipeline.aqi_tasks_group.load_aqi_to_postgres_Bangkok manual__2025-03-31T03:15:29.253189+00:00 [queued]>
[2025-03-31T03:22:08.244+0000] {taskinstance.py:2613} INFO - Dependencies all met for dep_context=requeueable deps ti=<TaskInstance: aqi_etl_pipeline.aqi_tasks_group.load_aqi_to_postgres_Bangkok manual__2025-03-31T03:15:29.253189+00:00 [queued]>
[2025-03-31T03:22:08.245+0000] {taskinstance.py:2866} INFO - Starting attempt 1 of 4
[2025-03-31T03:22:08.287+0000] {taskinstance.py:2889} INFO - Executing <Task(PythonOperator): aqi_tasks_group.load_aqi_to_postgres_Bangkok> on 2025-03-31 03:15:29.253189+00:00
[2025-03-31T03:22:08.325+0000] {standard_task_runner.py:104} INFO - Running: ['***', 'tasks', 'run', 'aqi_etl_pipeline', 'aqi_tasks_group.load_aqi_to_postgres_Bangkok', 'manual__2025-03-31T03:15:29.253189+00:00', '--job-id', '774', '--raw', '--subdir', 'DAGS_FOLDER/api_etl_pipeline.py', '--cfg-path', '/tmp/tmpb4mazo6k']
[2025-03-31T03:22:08.339+0000] {standard_task_runner.py:105} INFO - Job 774: Subtask aqi_tasks_group.load_aqi_to_postgres_Bangkok
[2025-03-31T03:22:08.352+0000] {logging_mixin.py:190} WARNING - /home/***/.local/lib/python3.12/site-packages/***/task/task_runner/standard_task_runner.py:70 DeprecationWarning: This process (pid=417) is multi-threaded, use of fork() may lead to deadlocks in the child.
[2025-03-31T03:22:08.357+0000] {standard_task_runner.py:72} INFO - Started process 476 to run task
[2025-03-31T03:22:08.470+0000] {task_command.py:467} INFO - Running <TaskInstance: aqi_etl_pipeline.aqi_tasks_group.load_aqi_to_postgres_Bangkok manual__2025-03-31T03:15:29.253189+00:00 [running]> on host 51caa80cc31e
[2025-03-31T03:22:08.732+0000] {taskinstance.py:3132} INFO - Exporting env vars: AIRFLOW_CTX_DAG_OWNER='***' AIRFLOW_CTX_DAG_ID='aqi_etl_pipeline' AIRFLOW_CTX_TASK_ID='aqi_tasks_group.load_aqi_to_postgres_Bangkok' AIRFLOW_CTX_EXECUTION_DATE='2025-03-31T03:15:29.253189+00:00' AIRFLOW_CTX_TRY_NUMBER='1' AIRFLOW_CTX_DAG_RUN_ID='manual__2025-03-31T03:15:29.253189+00:00'
[2025-03-31T03:22:08.735+0000] {logging_mixin.py:190} INFO - Task instance is in running state
[2025-03-31T03:22:08.738+0000] {logging_mixin.py:190} INFO -  Previous state of the Task instance: queued
[2025-03-31T03:22:08.741+0000] {logging_mixin.py:190} INFO - Current task name:aqi_tasks_group.load_aqi_to_postgres_Bangkok state:running start_date:2025-03-31 03:22:08.199143+00:00
[2025-03-31T03:22:08.741+0000] {logging_mixin.py:190} INFO - Dag name:aqi_etl_pipeline and current dag run status:running
[2025-03-31T03:22:08.743+0000] {taskinstance.py:731} INFO - ::endgroup::
[2025-03-31T03:22:08.759+0000] {base.py:84} INFO - Retrieving connection '***_default'
[2025-03-31T03:22:08.837+0000] {python.py:240} INFO - Done. Returned value was: None
[2025-03-31T03:22:08.895+0000] {taskinstance.py:340} INFO - ::group::Post task execution logs
[2025-03-31T03:22:08.895+0000] {taskinstance.py:352} INFO - Marking task as SUCCESS. dag_id=aqi_etl_pipeline, task_id=aqi_tasks_group.load_aqi_to_***_Bangkok, run_id=manual__2025-03-31T03:15:29.253189+00:00, execution_date=20250331T031529, start_date=20250331T032208, end_date=20250331T032208
[2025-03-31T03:22:08.944+0000] {logging_mixin.py:190} INFO - Task instance in success state
[2025-03-31T03:22:08.946+0000] {logging_mixin.py:190} INFO -  Previous state of the Task instance: running
[2025-03-31T03:22:08.946+0000] {logging_mixin.py:190} INFO - Dag name:aqi_etl_pipeline queued_at:2025-03-31 03:15:29.264995+00:00
[2025-03-31T03:22:08.947+0000] {logging_mixin.py:190} INFO - Task hostname:51caa80cc31e operator:PythonOperator
[2025-03-31T03:22:09.021+0000] {local_task_job_runner.py:266} INFO - Task exited with return code 0
[2025-03-31T03:22:09.111+0000] {taskinstance.py:3895} INFO - 0 downstream tasks scheduled from follow-on schedule check
[2025-03-31T03:22:09.141+0000] {local_task_job_runner.py:245} INFO - ::endgroup::
